[0.116s] DEBUG:colcon:Command line arguments: ['/usr/bin/colcon', 'build', '--packages-select', 'racer_bringup', 'car_control']
[0.116s] DEBUG:colcon:Parsed command line arguments: Namespace(log_base=None, log_level=None, verb_name='build', build_base='build', install_base='install', merge_install=False, symlink_install=False, test_result_base=None, continue_on_error=False, executor='parallel', parallel_workers=12, event_handlers=None, ignore_user_meta=False, metas=['./colcon.meta'], base_paths=['.'], packages_ignore=None, packages_ignore_regex=None, paths=None, packages_up_to=None, packages_up_to_regex=None, packages_above=None, packages_above_and_dependencies=None, packages_above_depth=None, packages_select_by_dep=None, packages_skip_by_dep=None, packages_skip_up_to=None, packages_select_build_failed=False, packages_skip_build_finished=False, packages_select_test_failures=False, packages_skip_test_passed=False, packages_select=['racer_bringup', 'car_control'], packages_skip=None, packages_select_regex=None, packages_skip_regex=None, packages_start=None, packages_end=None, allow_overriding=[], cmake_args=None, cmake_target=None, cmake_target_skip_unavailable=False, cmake_clean_cache=False, cmake_clean_first=False, cmake_force_configure=False, ament_cmake_args=None, catkin_cmake_args=None, catkin_skip_building_tests=False, verb_parser=<colcon_defaults.argument_parser.defaults.DefaultArgumentsDecorator object at 0x782e69af8e80>, verb_extension=<colcon_core.verb.build.BuildVerb object at 0x782e69c56350>, main=<bound method BuildVerb.main of <colcon_core.verb.build.BuildVerb object at 0x782e69c56350>>)
[0.251s] Level 1:colcon.colcon_core.package_discovery:discover_packages(colcon_meta) check parameters
[0.252s] Level 1:colcon.colcon_core.package_discovery:discover_packages(recursive) check parameters
[0.252s] Level 1:colcon.colcon_core.package_discovery:discover_packages(ignore) check parameters
[0.252s] Level 1:colcon.colcon_core.package_discovery:discover_packages(path) check parameters
[0.252s] Level 1:colcon.colcon_core.package_discovery:discover_packages(colcon_meta) discover
[0.252s] Level 1:colcon.colcon_core.package_discovery:discover_packages(recursive) discover
[0.252s] INFO:colcon.colcon_core.package_discovery:Crawling recursively for packages in '/home/erk/f1tenth-t3/ros2_ws'
[0.252s] Level 1:colcon.colcon_core.package_identification:_identify(.) by extensions ['ignore', 'ignore_ament_install']
[0.252s] Level 1:colcon.colcon_core.package_identification:_identify(.) by extension 'ignore'
[0.252s] Level 1:colcon.colcon_core.package_identification:_identify(.) by extension 'ignore_ament_install'
[0.252s] Level 1:colcon.colcon_core.package_identification:_identify(.) by extensions ['colcon_pkg']
[0.252s] Level 1:colcon.colcon_core.package_identification:_identify(.) by extension 'colcon_pkg'
[0.252s] Level 1:colcon.colcon_core.package_identification:_identify(.) by extensions ['colcon_meta']
[0.252s] Level 1:colcon.colcon_core.package_identification:_identify(.) by extension 'colcon_meta'
[0.252s] Level 1:colcon.colcon_core.package_identification:_identify(.) by extensions ['ros']
[0.252s] Level 1:colcon.colcon_core.package_identification:_identify(.) by extension 'ros'
[0.262s] Level 1:colcon.colcon_core.package_identification:_identify(.) by extensions ['cmake', 'python']
[0.262s] Level 1:colcon.colcon_core.package_identification:_identify(.) by extension 'cmake'
[0.262s] Level 1:colcon.colcon_core.package_identification:_identify(.) by extension 'python'
[0.262s] Level 1:colcon.colcon_core.package_identification:_identify(.) by extensions ['python_setup_py']
[0.262s] Level 1:colcon.colcon_core.package_identification:_identify(.) by extension 'python_setup_py'
[0.262s] Level 1:colcon.colcon_core.package_identification:_identify(build) by extensions ['ignore', 'ignore_ament_install']
[0.262s] Level 1:colcon.colcon_core.package_identification:_identify(build) by extension 'ignore'
[0.262s] Level 1:colcon.colcon_core.package_identification:_identify(build) ignored
[0.262s] Level 1:colcon.colcon_core.package_identification:_identify(install) by extensions ['ignore', 'ignore_ament_install']
[0.262s] Level 1:colcon.colcon_core.package_identification:_identify(install) by extension 'ignore'
[0.262s] Level 1:colcon.colcon_core.package_identification:_identify(install) ignored
[0.262s] Level 1:colcon.colcon_core.package_identification:_identify(log) by extensions ['ignore', 'ignore_ament_install']
[0.262s] Level 1:colcon.colcon_core.package_identification:_identify(log) by extension 'ignore'
[0.263s] Level 1:colcon.colcon_core.package_identification:_identify(log) ignored
[0.263s] Level 1:colcon.colcon_core.package_identification:_identify(src) by extensions ['ignore', 'ignore_ament_install']
[0.263s] Level 1:colcon.colcon_core.package_identification:_identify(src) by extension 'ignore'
[0.263s] Level 1:colcon.colcon_core.package_identification:_identify(src) by extension 'ignore_ament_install'
[0.263s] Level 1:colcon.colcon_core.package_identification:_identify(src) by extensions ['colcon_pkg']
[0.263s] Level 1:colcon.colcon_core.package_identification:_identify(src) by extension 'colcon_pkg'
[0.263s] Level 1:colcon.colcon_core.package_identification:_identify(src) by extensions ['colcon_meta']
[0.263s] Level 1:colcon.colcon_core.package_identification:_identify(src) by extension 'colcon_meta'
[0.263s] Level 1:colcon.colcon_core.package_identification:_identify(src) by extensions ['ros']
[0.263s] Level 1:colcon.colcon_core.package_identification:_identify(src) by extension 'ros'
[0.263s] Level 1:colcon.colcon_core.package_identification:_identify(src) by extensions ['cmake', 'python']
[0.263s] Level 1:colcon.colcon_core.package_identification:_identify(src) by extension 'cmake'
[0.263s] Level 1:colcon.colcon_core.package_identification:_identify(src) by extension 'python'
[0.264s] Level 1:colcon.colcon_core.package_identification:_identify(src) by extensions ['python_setup_py']
[0.264s] Level 1:colcon.colcon_core.package_identification:_identify(src) by extension 'python_setup_py'
[0.264s] Level 1:colcon.colcon_core.package_identification:_identify(src/car_control) by extensions ['ignore', 'ignore_ament_install']
[0.264s] Level 1:colcon.colcon_core.package_identification:_identify(src/car_control) by extension 'ignore'
[0.264s] Level 1:colcon.colcon_core.package_identification:_identify(src/car_control) by extension 'ignore_ament_install'
[0.264s] Level 1:colcon.colcon_core.package_identification:_identify(src/car_control) by extensions ['colcon_pkg']
[0.264s] Level 1:colcon.colcon_core.package_identification:_identify(src/car_control) by extension 'colcon_pkg'
[0.264s] Level 1:colcon.colcon_core.package_identification:_identify(src/car_control) by extensions ['colcon_meta']
[0.264s] Level 1:colcon.colcon_core.package_identification:_identify(src/car_control) by extension 'colcon_meta'
[0.264s] Level 1:colcon.colcon_core.package_identification:_identify(src/car_control) by extensions ['ros']
[0.264s] Level 1:colcon.colcon_core.package_identification:_identify(src/car_control) by extension 'ros'
[0.266s] DEBUG:colcon.colcon_core.package_identification:Package 'src/car_control' with type 'ros.catkin' and name 'car_control'
[0.266s] Level 1:colcon.colcon_core.package_identification:_identify(src/drive_msgs) by extensions ['ignore', 'ignore_ament_install']
[0.267s] Level 1:colcon.colcon_core.package_identification:_identify(src/drive_msgs) by extension 'ignore'
[0.267s] Level 1:colcon.colcon_core.package_identification:_identify(src/drive_msgs) by extension 'ignore_ament_install'
[0.267s] Level 1:colcon.colcon_core.package_identification:_identify(src/drive_msgs) by extensions ['colcon_pkg']
[0.267s] Level 1:colcon.colcon_core.package_identification:_identify(src/drive_msgs) by extension 'colcon_pkg'
[0.267s] Level 1:colcon.colcon_core.package_identification:_identify(src/drive_msgs) by extensions ['colcon_meta']
[0.267s] Level 1:colcon.colcon_core.package_identification:_identify(src/drive_msgs) by extension 'colcon_meta'
[0.267s] Level 1:colcon.colcon_core.package_identification:_identify(src/drive_msgs) by extensions ['ros']
[0.267s] Level 1:colcon.colcon_core.package_identification:_identify(src/drive_msgs) by extension 'ros'
[0.267s] DEBUG:colcon.colcon_core.package_identification:Package 'src/drive_msgs' with type 'ros.catkin' and name 'drive_msgs'
[0.267s] Level 1:colcon.colcon_core.package_identification:_identify(src/racer_bringup) by extensions ['ignore', 'ignore_ament_install']
[0.267s] Level 1:colcon.colcon_core.package_identification:_identify(src/racer_bringup) by extension 'ignore'
[0.268s] Level 1:colcon.colcon_core.package_identification:_identify(src/racer_bringup) by extension 'ignore_ament_install'
[0.268s] Level 1:colcon.colcon_core.package_identification:_identify(src/racer_bringup) by extensions ['colcon_pkg']
[0.268s] Level 1:colcon.colcon_core.package_identification:_identify(src/racer_bringup) by extension 'colcon_pkg'
[0.268s] Level 1:colcon.colcon_core.package_identification:_identify(src/racer_bringup) by extensions ['colcon_meta']
[0.268s] Level 1:colcon.colcon_core.package_identification:_identify(src/racer_bringup) by extension 'colcon_meta'
[0.268s] Level 1:colcon.colcon_core.package_identification:_identify(src/racer_bringup) by extensions ['ros']
[0.268s] Level 1:colcon.colcon_core.package_identification:_identify(src/racer_bringup) by extension 'ros'
[0.268s] DEBUG:colcon.colcon_core.package_identification:Package 'src/racer_bringup' with type 'ros.ament_python' and name 'racer_bringup'
[0.268s] Level 1:colcon.colcon_core.package_identification:_identify(src/wallfollowing2) by extensions ['ignore', 'ignore_ament_install']
[0.268s] Level 1:colcon.colcon_core.package_identification:_identify(src/wallfollowing2) by extension 'ignore'
[0.268s] Level 1:colcon.colcon_core.package_identification:_identify(src/wallfollowing2) by extension 'ignore_ament_install'
[0.268s] Level 1:colcon.colcon_core.package_identification:_identify(src/wallfollowing2) by extensions ['colcon_pkg']
[0.268s] Level 1:colcon.colcon_core.package_identification:_identify(src/wallfollowing2) by extension 'colcon_pkg'
[0.268s] Level 1:colcon.colcon_core.package_identification:_identify(src/wallfollowing2) by extensions ['colcon_meta']
[0.268s] Level 1:colcon.colcon_core.package_identification:_identify(src/wallfollowing2) by extension 'colcon_meta'
[0.269s] Level 1:colcon.colcon_core.package_identification:_identify(src/wallfollowing2) by extensions ['ros']
[0.269s] Level 1:colcon.colcon_core.package_identification:_identify(src/wallfollowing2) by extension 'ros'
[0.269s] DEBUG:colcon.colcon_core.package_identification:Package 'src/wallfollowing2' with type 'ros.ament_python' and name 'wallfollowing2'
[0.269s] Level 1:colcon.colcon_core.package_discovery:discover_packages(recursive) using defaults
[0.269s] Level 1:colcon.colcon_core.package_discovery:discover_packages(ignore) discover
[0.269s] Level 1:colcon.colcon_core.package_discovery:discover_packages(ignore) using defaults
[0.269s] Level 1:colcon.colcon_core.package_discovery:discover_packages(path) discover
[0.269s] Level 1:colcon.colcon_core.package_discovery:discover_packages(path) using defaults
[0.294s] INFO:colcon.colcon_core.package_selection:Skipping not selected package 'drive_msgs' in 'src/drive_msgs'
[0.294s] INFO:colcon.colcon_core.package_selection:Skipping not selected package 'wallfollowing2' in 'src/wallfollowing2'
[0.294s] Level 1:colcon.colcon_core.package_discovery:discover_packages(prefix_path) check parameters
[0.294s] Level 1:colcon.colcon_core.package_discovery:discover_packages(prefix_path) discover
[0.297s] DEBUG:colcon.colcon_installed_package_information.package_discovery:Found 4 installed packages in /home/erk/f1tenth-t3/ros2_ws/install
[0.298s] DEBUG:colcon.colcon_installed_package_information.package_discovery:Found 290 installed packages in /opt/ros/humble
[0.299s] Level 1:colcon.colcon_core.package_discovery:discover_packages(prefix_path) using defaults
[0.334s] Level 5:colcon.colcon_core.verb:set package 'car_control' build argument 'cmake_args' from command line to 'None'
[0.334s] Level 5:colcon.colcon_core.verb:set package 'car_control' build argument 'cmake_target' from command line to 'None'
[0.334s] Level 5:colcon.colcon_core.verb:set package 'car_control' build argument 'cmake_target_skip_unavailable' from command line to 'False'
[0.334s] Level 5:colcon.colcon_core.verb:set package 'car_control' build argument 'cmake_clean_cache' from command line to 'False'
[0.334s] Level 5:colcon.colcon_core.verb:set package 'car_control' build argument 'cmake_clean_first' from command line to 'False'
[0.334s] Level 5:colcon.colcon_core.verb:set package 'car_control' build argument 'cmake_force_configure' from command line to 'False'
[0.334s] Level 5:colcon.colcon_core.verb:set package 'car_control' build argument 'ament_cmake_args' from command line to 'None'
[0.334s] Level 5:colcon.colcon_core.verb:set package 'car_control' build argument 'catkin_cmake_args' from command line to 'None'
[0.334s] Level 5:colcon.colcon_core.verb:set package 'car_control' build argument 'catkin_skip_building_tests' from command line to 'False'
[0.334s] DEBUG:colcon.colcon_core.verb:Building package 'car_control' with the following arguments: {'ament_cmake_args': None, 'build_base': '/home/erk/f1tenth-t3/ros2_ws/build/car_control', 'catkin_cmake_args': None, 'catkin_skip_building_tests': False, 'cmake_args': None, 'cmake_clean_cache': False, 'cmake_clean_first': False, 'cmake_force_configure': False, 'cmake_target': None, 'cmake_target_skip_unavailable': False, 'install_base': '/home/erk/f1tenth-t3/ros2_ws/install/car_control', 'merge_install': False, 'path': '/home/erk/f1tenth-t3/ros2_ws/src/car_control', 'symlink_install': False, 'test_result_base': None}
[0.335s] Level 5:colcon.colcon_core.verb:set package 'racer_bringup' build argument 'cmake_args' from command line to 'None'
[0.335s] Level 5:colcon.colcon_core.verb:set package 'racer_bringup' build argument 'cmake_target' from command line to 'None'
[0.335s] Level 5:colcon.colcon_core.verb:set package 'racer_bringup' build argument 'cmake_target_skip_unavailable' from command line to 'False'
[0.335s] Level 5:colcon.colcon_core.verb:set package 'racer_bringup' build argument 'cmake_clean_cache' from command line to 'False'
[0.335s] Level 5:colcon.colcon_core.verb:set package 'racer_bringup' build argument 'cmake_clean_first' from command line to 'False'
[0.335s] Level 5:colcon.colcon_core.verb:set package 'racer_bringup' build argument 'cmake_force_configure' from command line to 'False'
[0.335s] Level 5:colcon.colcon_core.verb:set package 'racer_bringup' build argument 'ament_cmake_args' from command line to 'None'
[0.335s] Level 5:colcon.colcon_core.verb:set package 'racer_bringup' build argument 'catkin_cmake_args' from command line to 'None'
[0.335s] Level 5:colcon.colcon_core.verb:set package 'racer_bringup' build argument 'catkin_skip_building_tests' from command line to 'False'
[0.335s] DEBUG:colcon.colcon_core.verb:Building package 'racer_bringup' with the following arguments: {'ament_cmake_args': None, 'build_base': '/home/erk/f1tenth-t3/ros2_ws/build/racer_bringup', 'catkin_cmake_args': None, 'catkin_skip_building_tests': False, 'cmake_args': None, 'cmake_clean_cache': False, 'cmake_clean_first': False, 'cmake_force_configure': False, 'cmake_target': None, 'cmake_target_skip_unavailable': False, 'install_base': '/home/erk/f1tenth-t3/ros2_ws/install/racer_bringup', 'merge_install': False, 'path': '/home/erk/f1tenth-t3/ros2_ws/src/racer_bringup', 'symlink_install': False, 'test_result_base': None}
[0.335s] INFO:colcon.colcon_core.executor:Executing jobs using 'parallel' executor
[0.336s] DEBUG:colcon.colcon_parallel_executor.executor.parallel:run_until_complete
[0.336s] INFO:colcon.colcon_ros.task.catkin.build:Building ROS package in '/home/erk/f1tenth-t3/ros2_ws/src/car_control' with build type 'catkin'
[0.336s] INFO:colcon.colcon_cmake.task.cmake.build:Building CMake package in '/home/erk/f1tenth-t3/ros2_ws/src/car_control'
[0.338s] INFO:colcon.colcon_core.plugin_system:Skipping extension 'colcon_core.shell.bat': Not used on non-Windows systems
[0.338s] INFO:colcon.colcon_core.shell:Skip shell extension 'powershell' for command environment: Not usable outside of PowerShell
[0.338s] DEBUG:colcon.colcon_core.shell:Skip shell extension 'dsv' for command environment
[0.346s] DEBUG:colcon.colcon_core.event_handler.log_command:Invoking command in '/home/erk/f1tenth-t3/ros2_ws/build/car_control': CMAKE_PREFIX_PATH=/home/erk/f1tenth-t3/ros2_ws/install/drive_msgs:/home/erk/f1tenth-t3/ros2_ws/install/car_control PKG_CONFIG_PATH=/home/erk/f1tenth-t3/ros2_ws/install/drive_msgs/lib/x86_64-linux-gnu/pkgconfig:/home/erk/f1tenth-t3/ros2_ws/install/drive_msgs/lib/pkgconfig:/home/erk/f1tenth-t3/ros2_ws/install/car_control/lib/x86_64-linux-gnu/pkgconfig:/home/erk/f1tenth-t3/ros2_ws/install/car_control/lib/pkgconfig PYTHONPATH=/home/erk/f1tenth-t3/ros2_ws/install/drive_msgs/local/lib/python3.10/dist-packages:/home/erk/f1tenth-t3/ros2_ws/install/racer_bringup/lib/python3.10/site-packages:/home/erk/f1tenth-t3/ros2_ws/install/wallfollowing2/lib/python3.10/site-packages:/opt/ros/humble/lib/python3.10/site-packages:/opt/ros/humble/local/lib/python3.10/dist-packages ROS_PACKAGE_PATH=/home/erk/f1tenth-t3/ros2_ws/install/drive_msgs/share:/home/erk/f1tenth-t3/ros2_ws/install/car_control/share /usr/bin/cmake --build /home/erk/f1tenth-t3/ros2_ws/build/car_control -- -j12 -l12
[0.395s] DEBUG:colcon.colcon_core.event_handler.log_command:Invoked command in '/home/erk/f1tenth-t3/ros2_ws/build/car_control' returned '0': CMAKE_PREFIX_PATH=/home/erk/f1tenth-t3/ros2_ws/install/drive_msgs:/home/erk/f1tenth-t3/ros2_ws/install/car_control PKG_CONFIG_PATH=/home/erk/f1tenth-t3/ros2_ws/install/drive_msgs/lib/x86_64-linux-gnu/pkgconfig:/home/erk/f1tenth-t3/ros2_ws/install/drive_msgs/lib/pkgconfig:/home/erk/f1tenth-t3/ros2_ws/install/car_control/lib/x86_64-linux-gnu/pkgconfig:/home/erk/f1tenth-t3/ros2_ws/install/car_control/lib/pkgconfig PYTHONPATH=/home/erk/f1tenth-t3/ros2_ws/install/drive_msgs/local/lib/python3.10/dist-packages:/home/erk/f1tenth-t3/ros2_ws/install/racer_bringup/lib/python3.10/site-packages:/home/erk/f1tenth-t3/ros2_ws/install/wallfollowing2/lib/python3.10/site-packages:/opt/ros/humble/lib/python3.10/site-packages:/opt/ros/humble/local/lib/python3.10/dist-packages ROS_PACKAGE_PATH=/home/erk/f1tenth-t3/ros2_ws/install/drive_msgs/share:/home/erk/f1tenth-t3/ros2_ws/install/car_control/share /usr/bin/cmake --build /home/erk/f1tenth-t3/ros2_ws/build/car_control -- -j12 -l12
[0.402s] DEBUG:colcon.colcon_core.event_handler.log_command:Invoking command in '/home/erk/f1tenth-t3/ros2_ws/build/car_control': CMAKE_PREFIX_PATH=/home/erk/f1tenth-t3/ros2_ws/install/drive_msgs:/home/erk/f1tenth-t3/ros2_ws/install/car_control PKG_CONFIG_PATH=/home/erk/f1tenth-t3/ros2_ws/install/drive_msgs/lib/x86_64-linux-gnu/pkgconfig:/home/erk/f1tenth-t3/ros2_ws/install/drive_msgs/lib/pkgconfig:/home/erk/f1tenth-t3/ros2_ws/install/car_control/lib/x86_64-linux-gnu/pkgconfig:/home/erk/f1tenth-t3/ros2_ws/install/car_control/lib/pkgconfig PYTHONPATH=/home/erk/f1tenth-t3/ros2_ws/install/drive_msgs/local/lib/python3.10/dist-packages:/home/erk/f1tenth-t3/ros2_ws/install/racer_bringup/lib/python3.10/site-packages:/home/erk/f1tenth-t3/ros2_ws/install/wallfollowing2/lib/python3.10/site-packages:/opt/ros/humble/lib/python3.10/site-packages:/opt/ros/humble/local/lib/python3.10/dist-packages ROS_PACKAGE_PATH=/home/erk/f1tenth-t3/ros2_ws/install/drive_msgs/share:/home/erk/f1tenth-t3/ros2_ws/install/car_control/share /usr/bin/cmake --install /home/erk/f1tenth-t3/ros2_ws/build/car_control
[30.349s] DEBUG:colcon.colcon_core.event_handler.log_command:Invoked command in '/home/erk/f1tenth-t3/ros2_ws/build/car_control' returned '0': CMAKE_PREFIX_PATH=/home/erk/f1tenth-t3/ros2_ws/install/drive_msgs:/home/erk/f1tenth-t3/ros2_ws/install/car_control PKG_CONFIG_PATH=/home/erk/f1tenth-t3/ros2_ws/install/drive_msgs/lib/x86_64-linux-gnu/pkgconfig:/home/erk/f1tenth-t3/ros2_ws/install/drive_msgs/lib/pkgconfig:/home/erk/f1tenth-t3/ros2_ws/install/car_control/lib/x86_64-linux-gnu/pkgconfig:/home/erk/f1tenth-t3/ros2_ws/install/car_control/lib/pkgconfig PYTHONPATH=/home/erk/f1tenth-t3/ros2_ws/install/drive_msgs/local/lib/python3.10/dist-packages:/home/erk/f1tenth-t3/ros2_ws/install/racer_bringup/lib/python3.10/site-packages:/home/erk/f1tenth-t3/ros2_ws/install/wallfollowing2/lib/python3.10/site-packages:/opt/ros/humble/lib/python3.10/site-packages:/opt/ros/humble/local/lib/python3.10/dist-packages ROS_PACKAGE_PATH=/home/erk/f1tenth-t3/ros2_ws/install/drive_msgs/share:/home/erk/f1tenth-t3/ros2_ws/install/car_control/share /usr/bin/cmake --install /home/erk/f1tenth-t3/ros2_ws/build/car_control
[30.350s] Level 1:colcon.colcon_core.shell:create_environment_hook('car_control', 'ros_package_path')
[30.350s] INFO:colcon.colcon_core.shell:Creating environment hook '/home/erk/f1tenth-t3/ros2_ws/install/car_control/share/car_control/hook/ros_package_path.ps1'
[30.351s] INFO:colcon.colcon_core.shell:Creating environment descriptor '/home/erk/f1tenth-t3/ros2_ws/install/car_control/share/car_control/hook/ros_package_path.dsv'
[30.351s] INFO:colcon.colcon_core.shell:Creating environment hook '/home/erk/f1tenth-t3/ros2_ws/install/car_control/share/car_control/hook/ros_package_path.sh'
[30.352s] Level 1:colcon.colcon_core.shell:create_environment_hook('car_control', 'pkg_config_path')
[30.352s] INFO:colcon.colcon_core.shell:Creating environment hook '/home/erk/f1tenth-t3/ros2_ws/install/car_control/share/car_control/hook/pkg_config_path.ps1'
[30.352s] INFO:colcon.colcon_core.shell:Creating environment descriptor '/home/erk/f1tenth-t3/ros2_ws/install/car_control/share/car_control/hook/pkg_config_path.dsv'
[30.352s] INFO:colcon.colcon_core.shell:Creating environment hook '/home/erk/f1tenth-t3/ros2_ws/install/car_control/share/car_control/hook/pkg_config_path.sh'
[30.365s] Level 1:colcon.colcon_core.shell:create_environment_hook('car_control', 'pkg_config_path_multiarch')
[30.365s] INFO:colcon.colcon_core.shell:Creating environment hook '/home/erk/f1tenth-t3/ros2_ws/install/car_control/share/car_control/hook/pkg_config_path_multiarch.ps1'
[30.366s] INFO:colcon.colcon_core.shell:Creating environment descriptor '/home/erk/f1tenth-t3/ros2_ws/install/car_control/share/car_control/hook/pkg_config_path_multiarch.dsv'
[30.366s] INFO:colcon.colcon_core.shell:Creating environment hook '/home/erk/f1tenth-t3/ros2_ws/install/car_control/share/car_control/hook/pkg_config_path_multiarch.sh'
[30.367s] Level 1:colcon.colcon_core.environment:create_environment_scripts_only(car_control)
[30.369s] Level 1:colcon.colcon_core.environment:checking '/home/erk/f1tenth-t3/ros2_ws/install/car_control' for CMake module files
[30.370s] Level 1:colcon.colcon_core.environment:checking '/home/erk/f1tenth-t3/ros2_ws/install/car_control' for CMake config files
[30.370s] Level 1:colcon.colcon_core.shell:create_environment_hook('car_control', 'cmake_prefix_path')
[30.370s] INFO:colcon.colcon_core.shell:Creating environment hook '/home/erk/f1tenth-t3/ros2_ws/install/car_control/share/car_control/hook/cmake_prefix_path.ps1'
[30.370s] INFO:colcon.colcon_core.shell:Creating environment descriptor '/home/erk/f1tenth-t3/ros2_ws/install/car_control/share/car_control/hook/cmake_prefix_path.dsv'
[30.370s] INFO:colcon.colcon_core.shell:Creating environment hook '/home/erk/f1tenth-t3/ros2_ws/install/car_control/share/car_control/hook/cmake_prefix_path.sh'
[30.371s] Level 1:colcon.colcon_core.environment:checking '/home/erk/f1tenth-t3/ros2_ws/install/car_control/lib'
[30.371s] Level 1:colcon.colcon_core.environment:checking '/home/erk/f1tenth-t3/ros2_ws/install/car_control/bin'
[30.371s] Level 1:colcon.colcon_core.environment:checking '/home/erk/f1tenth-t3/ros2_ws/install/car_control/lib/pkgconfig/car_control.pc'
[30.371s] Level 1:colcon.colcon_core.environment:checking '/home/erk/f1tenth-t3/ros2_ws/install/car_control/lib/python3.10/site-packages'
[30.371s] Level 1:colcon.colcon_core.environment:checking '/home/erk/f1tenth-t3/ros2_ws/install/car_control/bin'
[30.372s] INFO:colcon.colcon_core.shell:Creating package script '/home/erk/f1tenth-t3/ros2_ws/install/car_control/share/car_control/package.ps1'
[30.372s] INFO:colcon.colcon_core.shell:Creating package descriptor '/home/erk/f1tenth-t3/ros2_ws/install/car_control/share/car_control/package.dsv'
[30.373s] INFO:colcon.colcon_core.shell:Creating package script '/home/erk/f1tenth-t3/ros2_ws/install/car_control/share/car_control/package.sh'
[30.373s] INFO:colcon.colcon_core.shell:Creating package script '/home/erk/f1tenth-t3/ros2_ws/install/car_control/share/car_control/package.bash'
[30.374s] INFO:colcon.colcon_core.shell:Creating package script '/home/erk/f1tenth-t3/ros2_ws/install/car_control/share/car_control/package.zsh'
[30.374s] Level 1:colcon.colcon_core.environment:create_file_with_runtime_dependencies(/home/erk/f1tenth-t3/ros2_ws/install/car_control/share/colcon-core/packages/car_control)
[30.375s] INFO:colcon.colcon_ros.task.ament_python.build:Building ROS package in '/home/erk/f1tenth-t3/ros2_ws/src/racer_bringup' with build type 'ament_python'
[30.375s] Level 1:colcon.colcon_core.shell:create_environment_hook('racer_bringup', 'ament_prefix_path')
[30.375s] INFO:colcon.colcon_core.shell:Creating environment hook '/home/erk/f1tenth-t3/ros2_ws/install/racer_bringup/share/racer_bringup/hook/ament_prefix_path.ps1'
[30.376s] INFO:colcon.colcon_core.shell:Creating environment descriptor '/home/erk/f1tenth-t3/ros2_ws/install/racer_bringup/share/racer_bringup/hook/ament_prefix_path.dsv'
[30.376s] INFO:colcon.colcon_core.shell:Creating environment hook '/home/erk/f1tenth-t3/ros2_ws/install/racer_bringup/share/racer_bringup/hook/ament_prefix_path.sh'
[30.377s] INFO:colcon.colcon_core.shell:Skip shell extension 'powershell' for command environment: Not usable outside of PowerShell
[30.377s] DEBUG:colcon.colcon_core.shell:Skip shell extension 'dsv' for command environment
[30.573s] INFO:colcon.colcon_core.task.python.build:Building Python package in '/home/erk/f1tenth-t3/ros2_ws/src/racer_bringup'
[30.574s] INFO:colcon.colcon_core.shell:Skip shell extension 'powershell' for command environment: Not usable outside of PowerShell
[30.574s] DEBUG:colcon.colcon_core.shell:Skip shell extension 'dsv' for command environment
[30.828s] DEBUG:colcon.colcon_core.event_handler.log_command:Invoking command in '/home/erk/f1tenth-t3/ros2_ws/src/racer_bringup': AMENT_PREFIX_PATH=/home/erk/f1tenth-t3/ros2_ws/install/wallfollowing2:/home/erk/f1tenth-t3/ros2_ws/install/racer_bringup:/opt/ros/humble PYTHONPATH=/home/erk/f1tenth-t3/ros2_ws/build/racer_bringup/prefix_override:/usr/lib/python3/dist-packages/colcon_core/task/python/colcon_distutils_commands:/home/erk/f1tenth-t3/ros2_ws/install/racer_bringup/lib/python3.10/site-packages:/home/erk/f1tenth-t3/ros2_ws/install/wallfollowing2/lib/python3.10/site-packages:/home/erk/f1tenth-t3/ros2_ws/install/drive_msgs/local/lib/python3.10/dist-packages:/home/erk/f1tenth-t3/ros2_ws/install/racer_bringup/lib/python3.10/site-packages:/opt/ros/humble/lib/python3.10/site-packages:/opt/ros/humble/local/lib/python3.10/dist-packages /usr/bin/python3 -W ignore:setup.py install is deprecated -W ignore:easy_install command is deprecated setup.py egg_info --egg-base ../../build/racer_bringup build --build-base /home/erk/f1tenth-t3/ros2_ws/build/racer_bringup/build install --record /home/erk/f1tenth-t3/ros2_ws/build/racer_bringup/install.log --single-version-externally-managed install_data
[31.050s] Level 1:colcon.colcon_core.environment:checking '/home/erk/f1tenth-t3/ros2_ws/install/racer_bringup' for CMake module files
[31.051s] DEBUG:colcon.colcon_core.event_handler.log_command:Invoked command in '/home/erk/f1tenth-t3/ros2_ws/src/racer_bringup' returned '0': AMENT_PREFIX_PATH=/home/erk/f1tenth-t3/ros2_ws/install/wallfollowing2:/home/erk/f1tenth-t3/ros2_ws/install/racer_bringup:/opt/ros/humble PYTHONPATH=/home/erk/f1tenth-t3/ros2_ws/build/racer_bringup/prefix_override:/usr/lib/python3/dist-packages/colcon_core/task/python/colcon_distutils_commands:/home/erk/f1tenth-t3/ros2_ws/install/racer_bringup/lib/python3.10/site-packages:/home/erk/f1tenth-t3/ros2_ws/install/wallfollowing2/lib/python3.10/site-packages:/home/erk/f1tenth-t3/ros2_ws/install/drive_msgs/local/lib/python3.10/dist-packages:/home/erk/f1tenth-t3/ros2_ws/install/racer_bringup/lib/python3.10/site-packages:/opt/ros/humble/lib/python3.10/site-packages:/opt/ros/humble/local/lib/python3.10/dist-packages /usr/bin/python3 -W ignore:setup.py install is deprecated -W ignore:easy_install command is deprecated setup.py egg_info --egg-base ../../build/racer_bringup build --build-base /home/erk/f1tenth-t3/ros2_ws/build/racer_bringup/build install --record /home/erk/f1tenth-t3/ros2_ws/build/racer_bringup/install.log --single-version-externally-managed install_data
[31.051s] Level 1:colcon.colcon_core.environment:checking '/home/erk/f1tenth-t3/ros2_ws/install/racer_bringup' for CMake config files
[31.052s] Level 1:colcon.colcon_core.environment:checking '/home/erk/f1tenth-t3/ros2_ws/install/racer_bringup/lib'
[31.052s] Level 1:colcon.colcon_core.environment:checking '/home/erk/f1tenth-t3/ros2_ws/install/racer_bringup/bin'
[31.052s] Level 1:colcon.colcon_core.environment:checking '/home/erk/f1tenth-t3/ros2_ws/install/racer_bringup/lib/pkgconfig/racer_bringup.pc'
[31.052s] Level 1:colcon.colcon_core.environment:checking '/home/erk/f1tenth-t3/ros2_ws/install/racer_bringup/lib/python3.10/site-packages'
[31.052s] Level 1:colcon.colcon_core.shell:create_environment_hook('racer_bringup', 'pythonpath')
[31.052s] INFO:colcon.colcon_core.shell:Creating environment hook '/home/erk/f1tenth-t3/ros2_ws/install/racer_bringup/share/racer_bringup/hook/pythonpath.ps1'
[31.053s] INFO:colcon.colcon_core.shell:Creating environment descriptor '/home/erk/f1tenth-t3/ros2_ws/install/racer_bringup/share/racer_bringup/hook/pythonpath.dsv'
[31.053s] INFO:colcon.colcon_core.shell:Creating environment hook '/home/erk/f1tenth-t3/ros2_ws/install/racer_bringup/share/racer_bringup/hook/pythonpath.sh'
[31.054s] Level 1:colcon.colcon_core.environment:checking '/home/erk/f1tenth-t3/ros2_ws/install/racer_bringup/bin'
[31.054s] Level 1:colcon.colcon_core.environment:create_environment_scripts_only(racer_bringup)
[31.054s] INFO:colcon.colcon_core.shell:Creating package script '/home/erk/f1tenth-t3/ros2_ws/install/racer_bringup/share/racer_bringup/package.ps1'
[31.054s] INFO:colcon.colcon_core.shell:Creating package descriptor '/home/erk/f1tenth-t3/ros2_ws/install/racer_bringup/share/racer_bringup/package.dsv'
[31.055s] INFO:colcon.colcon_core.shell:Creating package script '/home/erk/f1tenth-t3/ros2_ws/install/racer_bringup/share/racer_bringup/package.sh'
[31.055s] INFO:colcon.colcon_core.shell:Creating package script '/home/erk/f1tenth-t3/ros2_ws/install/racer_bringup/share/racer_bringup/package.bash'
[31.055s] INFO:colcon.colcon_core.shell:Creating package script '/home/erk/f1tenth-t3/ros2_ws/install/racer_bringup/share/racer_bringup/package.zsh'
[31.055s] Level 1:colcon.colcon_core.environment:create_file_with_runtime_dependencies(/home/erk/f1tenth-t3/ros2_ws/install/racer_bringup/share/colcon-core/packages/racer_bringup)
[31.056s] DEBUG:colcon.colcon_parallel_executor.executor.parallel:closing loop
[31.056s] DEBUG:colcon.colcon_parallel_executor.executor.parallel:loop closed
[31.056s] DEBUG:colcon.colcon_parallel_executor.executor.parallel:run_until_complete finished with '0'
[31.056s] DEBUG:colcon.colcon_core.event_reactor:joining thread
[31.060s] INFO:colcon.colcon_core.plugin_system:Skipping extension 'colcon_notification.desktop_notification.terminal_notifier': Not used on non-Darwin systems
[31.060s] INFO:colcon.colcon_core.plugin_system:Skipping extension 'colcon_notification.desktop_notification.win32': Not used on non-Windows systems
[31.060s] INFO:colcon.colcon_notification.desktop_notification:Sending desktop notification using 'notify2'
[31.060s] DEBUG:colcon.colcon_notification.desktop_notification.notify2:Failed to initialize notify2: org.freedesktop.DBus.Error.AccessDenied: Failed to connect to socket /run/user/1000/bus: Operation not permitted
[31.060s] DEBUG:colcon.colcon_core.event_reactor:joined thread
[31.060s] INFO:colcon.colcon_core.shell:Creating prefix script '/home/erk/f1tenth-t3/ros2_ws/install/local_setup.ps1'
[31.061s] INFO:colcon.colcon_core.shell:Creating prefix util module '/home/erk/f1tenth-t3/ros2_ws/install/_local_setup_util_ps1.py'
[31.062s] INFO:colcon.colcon_core.shell:Creating prefix chain script '/home/erk/f1tenth-t3/ros2_ws/install/setup.ps1'
[31.063s] INFO:colcon.colcon_core.shell:Creating prefix script '/home/erk/f1tenth-t3/ros2_ws/install/local_setup.sh'
[31.063s] INFO:colcon.colcon_core.shell:Creating prefix util module '/home/erk/f1tenth-t3/ros2_ws/install/_local_setup_util_sh.py'
[31.064s] INFO:colcon.colcon_core.shell:Creating prefix chain script '/home/erk/f1tenth-t3/ros2_ws/install/setup.sh'
[31.065s] INFO:colcon.colcon_core.shell:Creating prefix script '/home/erk/f1tenth-t3/ros2_ws/install/local_setup.bash'
[31.065s] INFO:colcon.colcon_core.shell:Creating prefix chain script '/home/erk/f1tenth-t3/ros2_ws/install/setup.bash'
[31.066s] INFO:colcon.colcon_core.shell:Creating prefix script '/home/erk/f1tenth-t3/ros2_ws/install/local_setup.zsh'
[31.066s] INFO:colcon.colcon_core.shell:Creating prefix chain script '/home/erk/f1tenth-t3/ros2_ws/install/setup.zsh'
