-- Found ament_cmake: 1.3.12 (/opt/ros/humble/share/ament_cmake/cmake)
-- Found rclcpp: 16.0.17 (/opt/ros/humble/share/rclcpp/cmake)
-- Found rosidl_generator_c: 3.1.8 (/opt/ros/humble/share/rosidl_generator_c/cmake)
-- Found rosidl_adapter: 3.1.8 (/opt/ros/humble/share/rosidl_adapter/cmake)
-- Found rosidl_generator_cpp: 3.1.8 (/opt/ros/humble/share/rosidl_generator_cpp/cmake)
-- Using all available rosidl_typesupport_c: rosidl_typesupport_fastrtps_c;rosidl_typesupport_introspection_c
-- Using all available rosidl_typesupport_cpp: rosidl_typesupport_fastrtps_cpp;rosidl_typesupport_introspection_cpp
-- Found rmw_implementation_cmake: 6.1.2 (/opt/ros/humble/share/rmw_implementation_cmake/cmake)
-- Found rmw_fastrtps_cpp: 6.2.9 (/opt/ros/humble/share/rmw_fastrtps_cpp/cmake)
-- Using RMW implementation 'rmw_fastrtps_cpp' as default
-- Found geometry_msgs: 4.9.0 (/opt/ros/humble/share/geometry_msgs/cmake)
-- Found drive_msgs: 0.1.0 (/home/erk/f1tenth-t3/ros2_ws/install/drive_msgs/share/drive_msgs/cmake)
-- Configuring done
-- Generating done
-- Build files have been written to: /home/erk/f1tenth-t3/ros2_ws/build/car_control
Consolidate compiler generated dependencies of target car_controller
Consolidate compiler generated dependencies of target drive_parameters_multiplexer
[ 20%] Building CXX object CMakeFiles/car_controller.dir/src/car_controller.cpp.o
[ 40%] Building CXX object CMakeFiles/drive_parameters_multiplexer.dir/src/drive_parameters_source.cpp.o
[ 60%] Building CXX object CMakeFiles/drive_parameters_multiplexer.dir/src/drive_parameters_multiplexer.cpp.o
[ 80%] Linking CXX executable drive_parameters_multiplexer
[ 80%] Built target drive_parameters_multiplexer
[100%] Linking CXX executable car_controller
[100%] Built target car_controller
-- Install configuration: ""
-- Installing: /home/erk/f1tenth-t3/ros2_ws/install/car_control/lib/car_control/drive_parameters_multiplexer
-- Set runtime path of "/home/erk/f1tenth-t3/ros2_ws/install/car_control/lib/car_control/drive_parameters_multiplexer" to ""
-- Installing: /home/erk/f1tenth-t3/ros2_ws/install/car_control/lib/car_control/car_controller
-- Set runtime path of "/home/erk/f1tenth-t3/ros2_ws/install/car_control/lib/car_control/car_controller" to ""
-- Up-to-date: /home/erk/f1tenth-t3/ros2_ws/install/car_control/include/
-- Up-to-date: /home/erk/f1tenth-t3/ros2_ws/install/car_control/include//car_control
-- Up-to-date: /home/erk/f1tenth-t3/ros2_ws/install/car_control/include//car_control/car_config.hpp
-- Up-to-date: /home/erk/f1tenth-t3/ros2_ws/install/car_control/include//car_control/drive_mode.hpp
-- Up-to-date: /home/erk/f1tenth-t3/ros2_ws/install/car_control/include//car_control/drive_parameters_source.hpp
-- Up-to-date: /home/erk/f1tenth-t3/ros2_ws/install/car_control/include//car_control/car_controller.hpp
-- Up-to-date: /home/erk/f1tenth-t3/ros2_ws/install/car_control/include//car_control/drive_parameters_multiplexer.hpp
-- Up-to-date: /home/erk/f1tenth-t3/ros2_ws/install/car_control/share/ament_index/resource_index/package_run_dependencies/car_control
-- Installing: /home/erk/f1tenth-t3/ros2_ws/install/car_control/share/ament_index/resource_index/parent_prefix_path/car_control
-- Installing: /home/erk/f1tenth-t3/ros2_ws/install/car_control/share/car_control/environment/ament_prefix_path.sh
-- Installing: /home/erk/f1tenth-t3/ros2_ws/install/car_control/share/car_control/environment/ament_prefix_path.dsv
-- Installing: /home/erk/f1tenth-t3/ros2_ws/install/car_control/share/car_control/environment/path.sh
-- Installing: /home/erk/f1tenth-t3/ros2_ws/install/car_control/share/car_control/environment/path.dsv
-- Up-to-date: /home/erk/f1tenth-t3/ros2_ws/install/car_control/share/car_control/local_setup.bash
-- Up-to-date: /home/erk/f1tenth-t3/ros2_ws/install/car_control/share/car_control/local_setup.sh
-- Up-to-date: /home/erk/f1tenth-t3/ros2_ws/install/car_control/share/car_control/local_setup.zsh
-- Installing: /home/erk/f1tenth-t3/ros2_ws/install/car_control/share/car_control/local_setup.dsv
-- Installing: /home/erk/f1tenth-t3/ros2_ws/install/car_control/share/car_control/package.dsv
-- Up-to-date: /home/erk/f1tenth-t3/ros2_ws/install/car_control/share/ament_index/resource_index/packages/car_control
-- Up-to-date: /home/erk/f1tenth-t3/ros2_ws/install/car_control/share/car_control/cmake/car_controlConfig.cmake
-- Up-to-date: /home/erk/f1tenth-t3/ros2_ws/install/car_control/share/car_control/cmake/car_controlConfig-version.cmake
-- Up-to-date: /home/erk/f1tenth-t3/ros2_ws/install/car_control/share/car_control/package.xml
