[0.104s] DEBUG:colcon:Command line arguments: ['/usr/bin/colcon', 'build', '--packages-select', 'drive_msgs', 'wallfollowing2', 'car_control', 'racer_bringup']
[0.104s] DEBUG:colcon:Parsed command line arguments: Namespace(log_base=None, log_level=None, verb_name='build', build_base='build', install_base='install', merge_install=False, symlink_install=False, test_result_base=None, continue_on_error=False, executor='parallel', parallel_workers=12, event_handlers=None, ignore_user_meta=False, metas=['./colcon.meta'], base_paths=['.'], packages_ignore=None, packages_ignore_regex=None, paths=None, packages_up_to=None, packages_up_to_regex=None, packages_above=None, packages_above_and_dependencies=None, packages_above_depth=None, packages_select_by_dep=None, packages_skip_by_dep=None, packages_skip_up_to=None, packages_select_build_failed=False, packages_skip_build_finished=False, packages_select_test_failures=False, packages_skip_test_passed=False, packages_select=['drive_msgs', 'wallfollowing2', 'car_control', 'racer_bringup'], packages_skip=None, packages_select_regex=None, packages_skip_regex=None, packages_start=None, packages_end=None, allow_overriding=[], cmake_args=None, cmake_target=None, cmake_target_skip_unavailable=False, cmake_clean_cache=False, cmake_clean_first=False, cmake_force_configure=False, ament_cmake_args=None, catkin_cmake_args=None, catkin_skip_building_tests=False, verb_parser=<colcon_defaults.argument_parser.defaults.DefaultArgumentsDecorator object at 0x71e44c52fd00>, verb_extension=<colcon_core.verb.build.BuildVerb object at 0x71e44c66d0f0>, main=<bound method BuildVerb.main of <colcon_core.verb.build.BuildVerb object at 0x71e44c66d0f0>>)
[0.265s] Level 1:colcon.colcon_core.package_discovery:discover_packages(colcon_meta) check parameters
[0.265s] Level 1:colcon.colcon_core.package_discovery:discover_packages(recursive) check parameters
[0.265s] Level 1:colcon.colcon_core.package_discovery:discover_packages(ignore) check parameters
[0.265s] Level 1:colcon.colcon_core.package_discovery:discover_packages(path) check parameters
[0.265s] Level 1:colcon.colcon_core.package_discovery:discover_packages(colcon_meta) discover
[0.265s] Level 1:colcon.colcon_core.package_discovery:discover_packages(recursive) discover
[0.265s] INFO:colcon.colcon_core.package_discovery:Crawling recursively for packages in '/home/erk/f1tenth-t3/ros2_ws'
[0.265s] Level 1:colcon.colcon_core.package_identification:_identify(.) by extensions ['ignore', 'ignore_ament_install']
[0.265s] Level 1:colcon.colcon_core.package_identification:_identify(.) by extension 'ignore'
[0.265s] Level 1:colcon.colcon_core.package_identification:_identify(.) by extension 'ignore_ament_install'
[0.265s] Level 1:colcon.colcon_core.package_identification:_identify(.) by extensions ['colcon_pkg']
[0.265s] Level 1:colcon.colcon_core.package_identification:_identify(.) by extension 'colcon_pkg'
[0.265s] Level 1:colcon.colcon_core.package_identification:_identify(.) by extensions ['colcon_meta']
[0.265s] Level 1:colcon.colcon_core.package_identification:_identify(.) by extension 'colcon_meta'
[0.265s] Level 1:colcon.colcon_core.package_identification:_identify(.) by extensions ['ros']
[0.265s] Level 1:colcon.colcon_core.package_identification:_identify(.) by extension 'ros'
[0.273s] Level 1:colcon.colcon_core.package_identification:_identify(.) by extensions ['cmake', 'python']
[0.273s] Level 1:colcon.colcon_core.package_identification:_identify(.) by extension 'cmake'
[0.273s] Level 1:colcon.colcon_core.package_identification:_identify(.) by extension 'python'
[0.274s] Level 1:colcon.colcon_core.package_identification:_identify(.) by extensions ['python_setup_py']
[0.274s] Level 1:colcon.colcon_core.package_identification:_identify(.) by extension 'python_setup_py'
[0.274s] Level 1:colcon.colcon_core.package_identification:_identify(build) by extensions ['ignore', 'ignore_ament_install']
[0.274s] Level 1:colcon.colcon_core.package_identification:_identify(build) by extension 'ignore'
[0.274s] Level 1:colcon.colcon_core.package_identification:_identify(build) ignored
[0.274s] Level 1:colcon.colcon_core.package_identification:_identify(install) by extensions ['ignore', 'ignore_ament_install']
[0.274s] Level 1:colcon.colcon_core.package_identification:_identify(install) by extension 'ignore'
[0.274s] Level 1:colcon.colcon_core.package_identification:_identify(install) ignored
[0.274s] Level 1:colcon.colcon_core.package_identification:_identify(log) by extensions ['ignore', 'ignore_ament_install']
[0.274s] Level 1:colcon.colcon_core.package_identification:_identify(log) by extension 'ignore'
[0.274s] Level 1:colcon.colcon_core.package_identification:_identify(log) ignored
[0.274s] Level 1:colcon.colcon_core.package_identification:_identify(src) by extensions ['ignore', 'ignore_ament_install']
[0.274s] Level 1:colcon.colcon_core.package_identification:_identify(src) by extension 'ignore'
[0.274s] Level 1:colcon.colcon_core.package_identification:_identify(src) by extension 'ignore_ament_install'
[0.274s] Level 1:colcon.colcon_core.package_identification:_identify(src) by extensions ['colcon_pkg']
[0.274s] Level 1:colcon.colcon_core.package_identification:_identify(src) by extension 'colcon_pkg'
[0.274s] Level 1:colcon.colcon_core.package_identification:_identify(src) by extensions ['colcon_meta']
[0.274s] Level 1:colcon.colcon_core.package_identification:_identify(src) by extension 'colcon_meta'
[0.274s] Level 1:colcon.colcon_core.package_identification:_identify(src) by extensions ['ros']
[0.274s] Level 1:colcon.colcon_core.package_identification:_identify(src) by extension 'ros'
[0.274s] Level 1:colcon.colcon_core.package_identification:_identify(src) by extensions ['cmake', 'python']
[0.275s] Level 1:colcon.colcon_core.package_identification:_identify(src) by extension 'cmake'
[0.275s] Level 1:colcon.colcon_core.package_identification:_identify(src) by extension 'python'
[0.275s] Level 1:colcon.colcon_core.package_identification:_identify(src) by extensions ['python_setup_py']
[0.275s] Level 1:colcon.colcon_core.package_identification:_identify(src) by extension 'python_setup_py'
[0.275s] Level 1:colcon.colcon_core.package_identification:_identify(src/car_control) by extensions ['ignore', 'ignore_ament_install']
[0.275s] Level 1:colcon.colcon_core.package_identification:_identify(src/car_control) by extension 'ignore'
[0.275s] Level 1:colcon.colcon_core.package_identification:_identify(src/car_control) by extension 'ignore_ament_install'
[0.275s] Level 1:colcon.colcon_core.package_identification:_identify(src/car_control) by extensions ['colcon_pkg']
[0.275s] Level 1:colcon.colcon_core.package_identification:_identify(src/car_control) by extension 'colcon_pkg'
[0.275s] Level 1:colcon.colcon_core.package_identification:_identify(src/car_control) by extensions ['colcon_meta']
[0.275s] Level 1:colcon.colcon_core.package_identification:_identify(src/car_control) by extension 'colcon_meta'
[0.275s] Level 1:colcon.colcon_core.package_identification:_identify(src/car_control) by extensions ['ros']
[0.275s] Level 1:colcon.colcon_core.package_identification:_identify(src/car_control) by extension 'ros'
[0.277s] DEBUG:colcon.colcon_core.package_identification:Package 'src/car_control' with type 'ros.catkin' and name 'car_control'
[0.277s] Level 1:colcon.colcon_core.package_identification:_identify(src/drive_msgs) by extensions ['ignore', 'ignore_ament_install']
[0.277s] Level 1:colcon.colcon_core.package_identification:_identify(src/drive_msgs) by extension 'ignore'
[0.277s] Level 1:colcon.colcon_core.package_identification:_identify(src/drive_msgs) by extension 'ignore_ament_install'
[0.277s] Level 1:colcon.colcon_core.package_identification:_identify(src/drive_msgs) by extensions ['colcon_pkg']
[0.277s] Level 1:colcon.colcon_core.package_identification:_identify(src/drive_msgs) by extension 'colcon_pkg'
[0.277s] Level 1:colcon.colcon_core.package_identification:_identify(src/drive_msgs) by extensions ['colcon_meta']
[0.277s] Level 1:colcon.colcon_core.package_identification:_identify(src/drive_msgs) by extension 'colcon_meta'
[0.277s] Level 1:colcon.colcon_core.package_identification:_identify(src/drive_msgs) by extensions ['ros']
[0.277s] Level 1:colcon.colcon_core.package_identification:_identify(src/drive_msgs) by extension 'ros'
[0.278s] DEBUG:colcon.colcon_core.package_identification:Package 'src/drive_msgs' with type 'ros.catkin' and name 'drive_msgs'
[0.278s] Level 1:colcon.colcon_core.package_identification:_identify(src/racer_bringup) by extensions ['ignore', 'ignore_ament_install']
[0.278s] Level 1:colcon.colcon_core.package_identification:_identify(src/racer_bringup) by extension 'ignore'
[0.278s] Level 1:colcon.colcon_core.package_identification:_identify(src/racer_bringup) by extension 'ignore_ament_install'
[0.278s] Level 1:colcon.colcon_core.package_identification:_identify(src/racer_bringup) by extensions ['colcon_pkg']
[0.278s] Level 1:colcon.colcon_core.package_identification:_identify(src/racer_bringup) by extension 'colcon_pkg'
[0.278s] Level 1:colcon.colcon_core.package_identification:_identify(src/racer_bringup) by extensions ['colcon_meta']
[0.278s] Level 1:colcon.colcon_core.package_identification:_identify(src/racer_bringup) by extension 'colcon_meta'
[0.278s] Level 1:colcon.colcon_core.package_identification:_identify(src/racer_bringup) by extensions ['ros']
[0.278s] Level 1:colcon.colcon_core.package_identification:_identify(src/racer_bringup) by extension 'ros'
[0.279s] DEBUG:colcon.colcon_core.package_identification:Package 'src/racer_bringup' with type 'ros.catkin' and name 'racer_bringup'
[0.279s] Level 1:colcon.colcon_core.package_identification:_identify(src/wallfollowing2) by extensions ['ignore', 'ignore_ament_install']
[0.279s] Level 1:colcon.colcon_core.package_identification:_identify(src/wallfollowing2) by extension 'ignore'
[0.279s] Level 1:colcon.colcon_core.package_identification:_identify(src/wallfollowing2) by extension 'ignore_ament_install'
[0.279s] Level 1:colcon.colcon_core.package_identification:_identify(src/wallfollowing2) by extensions ['colcon_pkg']
[0.279s] Level 1:colcon.colcon_core.package_identification:_identify(src/wallfollowing2) by extension 'colcon_pkg'
[0.279s] Level 1:colcon.colcon_core.package_identification:_identify(src/wallfollowing2) by extensions ['colcon_meta']
[0.279s] Level 1:colcon.colcon_core.package_identification:_identify(src/wallfollowing2) by extension 'colcon_meta'
[0.279s] Level 1:colcon.colcon_core.package_identification:_identify(src/wallfollowing2) by extensions ['ros']
[0.279s] Level 1:colcon.colcon_core.package_identification:_identify(src/wallfollowing2) by extension 'ros'
[0.280s] DEBUG:colcon.colcon_core.package_identification:Package 'src/wallfollowing2' with type 'ros.catkin' and name 'wallfollowing2'
[0.280s] Level 1:colcon.colcon_core.package_discovery:discover_packages(recursive) using defaults
[0.280s] Level 1:colcon.colcon_core.package_discovery:discover_packages(ignore) discover
[0.280s] Level 1:colcon.colcon_core.package_discovery:discover_packages(ignore) using defaults
[0.280s] Level 1:colcon.colcon_core.package_discovery:discover_packages(path) discover
[0.280s] Level 1:colcon.colcon_core.package_discovery:discover_packages(path) using defaults
[0.296s] Level 1:colcon.colcon_core.package_discovery:discover_packages(prefix_path) check parameters
[0.296s] Level 1:colcon.colcon_core.package_discovery:discover_packages(prefix_path) discover
[0.298s] DEBUG:colcon.colcon_installed_package_information.package_discovery:Found 290 installed packages in /opt/ros/humble
[0.305s] Level 1:colcon.colcon_core.package_discovery:discover_packages(prefix_path) using defaults
[0.335s] Level 5:colcon.colcon_core.verb:set package 'drive_msgs' build argument 'cmake_args' from command line to 'None'
[0.335s] Level 5:colcon.colcon_core.verb:set package 'drive_msgs' build argument 'cmake_target' from command line to 'None'
[0.335s] Level 5:colcon.colcon_core.verb:set package 'drive_msgs' build argument 'cmake_target_skip_unavailable' from command line to 'False'
[0.335s] Level 5:colcon.colcon_core.verb:set package 'drive_msgs' build argument 'cmake_clean_cache' from command line to 'False'
[0.335s] Level 5:colcon.colcon_core.verb:set package 'drive_msgs' build argument 'cmake_clean_first' from command line to 'False'
[0.335s] Level 5:colcon.colcon_core.verb:set package 'drive_msgs' build argument 'cmake_force_configure' from command line to 'False'
[0.335s] Level 5:colcon.colcon_core.verb:set package 'drive_msgs' build argument 'ament_cmake_args' from command line to 'None'
[0.335s] Level 5:colcon.colcon_core.verb:set package 'drive_msgs' build argument 'catkin_cmake_args' from command line to 'None'
[0.335s] Level 5:colcon.colcon_core.verb:set package 'drive_msgs' build argument 'catkin_skip_building_tests' from command line to 'False'
[0.335s] DEBUG:colcon.colcon_core.verb:Building package 'drive_msgs' with the following arguments: {'ament_cmake_args': None, 'build_base': '/home/erk/f1tenth-t3/ros2_ws/build/drive_msgs', 'catkin_cmake_args': None, 'catkin_skip_building_tests': False, 'cmake_args': None, 'cmake_clean_cache': False, 'cmake_clean_first': False, 'cmake_force_configure': False, 'cmake_target': None, 'cmake_target_skip_unavailable': False, 'install_base': '/home/erk/f1tenth-t3/ros2_ws/install/drive_msgs', 'merge_install': False, 'path': '/home/erk/f1tenth-t3/ros2_ws/src/drive_msgs', 'symlink_install': False, 'test_result_base': None}
[0.336s] Level 5:colcon.colcon_core.verb:set package 'car_control' build argument 'cmake_args' from command line to 'None'
[0.336s] Level 5:colcon.colcon_core.verb:set package 'car_control' build argument 'cmake_target' from command line to 'None'
[0.336s] Level 5:colcon.colcon_core.verb:set package 'car_control' build argument 'cmake_target_skip_unavailable' from command line to 'False'
[0.336s] Level 5:colcon.colcon_core.verb:set package 'car_control' build argument 'cmake_clean_cache' from command line to 'False'
[0.336s] Level 5:colcon.colcon_core.verb:set package 'car_control' build argument 'cmake_clean_first' from command line to 'False'
[0.336s] Level 5:colcon.colcon_core.verb:set package 'car_control' build argument 'cmake_force_configure' from command line to 'False'
[0.336s] Level 5:colcon.colcon_core.verb:set package 'car_control' build argument 'ament_cmake_args' from command line to 'None'
[0.336s] Level 5:colcon.colcon_core.verb:set package 'car_control' build argument 'catkin_cmake_args' from command line to 'None'
[0.336s] Level 5:colcon.colcon_core.verb:set package 'car_control' build argument 'catkin_skip_building_tests' from command line to 'False'
[0.336s] DEBUG:colcon.colcon_core.verb:Building package 'car_control' with the following arguments: {'ament_cmake_args': None, 'build_base': '/home/erk/f1tenth-t3/ros2_ws/build/car_control', 'catkin_cmake_args': None, 'catkin_skip_building_tests': False, 'cmake_args': None, 'cmake_clean_cache': False, 'cmake_clean_first': False, 'cmake_force_configure': False, 'cmake_target': None, 'cmake_target_skip_unavailable': False, 'install_base': '/home/erk/f1tenth-t3/ros2_ws/install/car_control', 'merge_install': False, 'path': '/home/erk/f1tenth-t3/ros2_ws/src/car_control', 'symlink_install': False, 'test_result_base': None}
[0.336s] Level 5:colcon.colcon_core.verb:set package 'wallfollowing2' build argument 'cmake_args' from command line to 'None'
[0.336s] Level 5:colcon.colcon_core.verb:set package 'wallfollowing2' build argument 'cmake_target' from command line to 'None'
[0.336s] Level 5:colcon.colcon_core.verb:set package 'wallfollowing2' build argument 'cmake_target_skip_unavailable' from command line to 'False'
[0.336s] Level 5:colcon.colcon_core.verb:set package 'wallfollowing2' build argument 'cmake_clean_cache' from command line to 'False'
[0.336s] Level 5:colcon.colcon_core.verb:set package 'wallfollowing2' build argument 'cmake_clean_first' from command line to 'False'
[0.336s] Level 5:colcon.colcon_core.verb:set package 'wallfollowing2' build argument 'cmake_force_configure' from command line to 'False'
[0.336s] Level 5:colcon.colcon_core.verb:set package 'wallfollowing2' build argument 'ament_cmake_args' from command line to 'None'
[0.336s] Level 5:colcon.colcon_core.verb:set package 'wallfollowing2' build argument 'catkin_cmake_args' from command line to 'None'
[0.336s] Level 5:colcon.colcon_core.verb:set package 'wallfollowing2' build argument 'catkin_skip_building_tests' from command line to 'False'
[0.336s] DEBUG:colcon.colcon_core.verb:Building package 'wallfollowing2' with the following arguments: {'ament_cmake_args': None, 'build_base': '/home/erk/f1tenth-t3/ros2_ws/build/wallfollowing2', 'catkin_cmake_args': None, 'catkin_skip_building_tests': False, 'cmake_args': None, 'cmake_clean_cache': False, 'cmake_clean_first': False, 'cmake_force_configure': False, 'cmake_target': None, 'cmake_target_skip_unavailable': False, 'install_base': '/home/erk/f1tenth-t3/ros2_ws/install/wallfollowing2', 'merge_install': False, 'path': '/home/erk/f1tenth-t3/ros2_ws/src/wallfollowing2', 'symlink_install': False, 'test_result_base': None}
[0.336s] Level 5:colcon.colcon_core.verb:set package 'racer_bringup' build argument 'cmake_args' from command line to 'None'
[0.336s] Level 5:colcon.colcon_core.verb:set package 'racer_bringup' build argument 'cmake_target' from command line to 'None'
[0.337s] Level 5:colcon.colcon_core.verb:set package 'racer_bringup' build argument 'cmake_target_skip_unavailable' from command line to 'False'
[0.337s] Level 5:colcon.colcon_core.verb:set package 'racer_bringup' build argument 'cmake_clean_cache' from command line to 'False'
[0.337s] Level 5:colcon.colcon_core.verb:set package 'racer_bringup' build argument 'cmake_clean_first' from command line to 'False'
[0.337s] Level 5:colcon.colcon_core.verb:set package 'racer_bringup' build argument 'cmake_force_configure' from command line to 'False'
[0.337s] Level 5:colcon.colcon_core.verb:set package 'racer_bringup' build argument 'ament_cmake_args' from command line to 'None'
[0.337s] Level 5:colcon.colcon_core.verb:set package 'racer_bringup' build argument 'catkin_cmake_args' from command line to 'None'
[0.337s] Level 5:colcon.colcon_core.verb:set package 'racer_bringup' build argument 'catkin_skip_building_tests' from command line to 'False'
[0.337s] DEBUG:colcon.colcon_core.verb:Building package 'racer_bringup' with the following arguments: {'ament_cmake_args': None, 'build_base': '/home/erk/f1tenth-t3/ros2_ws/build/racer_bringup', 'catkin_cmake_args': None, 'catkin_skip_building_tests': False, 'cmake_args': None, 'cmake_clean_cache': False, 'cmake_clean_first': False, 'cmake_force_configure': False, 'cmake_target': None, 'cmake_target_skip_unavailable': False, 'install_base': '/home/erk/f1tenth-t3/ros2_ws/install/racer_bringup', 'merge_install': False, 'path': '/home/erk/f1tenth-t3/ros2_ws/src/racer_bringup', 'symlink_install': False, 'test_result_base': None}
[0.337s] INFO:colcon.colcon_core.executor:Executing jobs using 'parallel' executor
[0.337s] DEBUG:colcon.colcon_parallel_executor.executor.parallel:run_until_complete
[0.337s] INFO:colcon.colcon_ros.task.catkin.build:Building ROS package in '/home/erk/f1tenth-t3/ros2_ws/src/drive_msgs' with build type 'catkin'
[0.338s] INFO:colcon.colcon_cmake.task.cmake.build:Building CMake package in '/home/erk/f1tenth-t3/ros2_ws/src/drive_msgs'
[0.340s] INFO:colcon.colcon_core.plugin_system:Skipping extension 'colcon_core.shell.bat': Not used on non-Windows systems
[0.340s] INFO:colcon.colcon_core.shell:Skip shell extension 'powershell' for command environment: Not usable outside of PowerShell
[0.340s] DEBUG:colcon.colcon_core.shell:Skip shell extension 'dsv' for command environment
[0.346s] DEBUG:colcon.colcon_core.event_handler.log_command:Invoking command in '/home/erk/f1tenth-t3/ros2_ws/build/drive_msgs': /usr/bin/cmake /home/erk/f1tenth-t3/ros2_ws/src/drive_msgs -DCATKIN_INSTALL_INTO_PREFIX_ROOT=0 -DCMAKE_INSTALL_PREFIX=/home/erk/f1tenth-t3/ros2_ws/install/drive_msgs
[1.423s] DEBUG:colcon.colcon_core.event_handler.log_command:Invoked command in '/home/erk/f1tenth-t3/ros2_ws/build/drive_msgs' returned '0': /usr/bin/cmake /home/erk/f1tenth-t3/ros2_ws/src/drive_msgs -DCATKIN_INSTALL_INTO_PREFIX_ROOT=0 -DCMAKE_INSTALL_PREFIX=/home/erk/f1tenth-t3/ros2_ws/install/drive_msgs
[1.425s] DEBUG:colcon.colcon_core.event_handler.log_command:Invoking command in '/home/erk/f1tenth-t3/ros2_ws/build/drive_msgs': /usr/bin/cmake --build /home/erk/f1tenth-t3/ros2_ws/build/drive_msgs -- -j12 -l12
[2.677s] DEBUG:colcon.colcon_core.event_handler.log_command:Invoked command in '/home/erk/f1tenth-t3/ros2_ws/build/drive_msgs' returned '0': /usr/bin/cmake --build /home/erk/f1tenth-t3/ros2_ws/build/drive_msgs -- -j12 -l12
[2.684s] DEBUG:colcon.colcon_core.event_handler.log_command:Invoking command in '/home/erk/f1tenth-t3/ros2_ws/build/drive_msgs': /usr/bin/cmake --install /home/erk/f1tenth-t3/ros2_ws/build/drive_msgs
[2.730s] DEBUG:colcon.colcon_core.event_handler.log_command:Invoked command in '/home/erk/f1tenth-t3/ros2_ws/build/drive_msgs' returned '0': /usr/bin/cmake --install /home/erk/f1tenth-t3/ros2_ws/build/drive_msgs
[2.731s] Level 1:colcon.colcon_core.shell:create_environment_hook('drive_msgs', 'ros_package_path')
[2.731s] INFO:colcon.colcon_core.shell:Creating environment hook '/home/erk/f1tenth-t3/ros2_ws/install/drive_msgs/share/drive_msgs/hook/ros_package_path.ps1'
[2.731s] INFO:colcon.colcon_core.shell:Creating environment descriptor '/home/erk/f1tenth-t3/ros2_ws/install/drive_msgs/share/drive_msgs/hook/ros_package_path.dsv'
[2.732s] INFO:colcon.colcon_core.shell:Creating environment hook '/home/erk/f1tenth-t3/ros2_ws/install/drive_msgs/share/drive_msgs/hook/ros_package_path.sh'
[2.732s] Level 1:colcon.colcon_ros.task.catkin:checking '/home/erk/f1tenth-t3/ros2_ws/install/drive_msgs/local/lib/python3.10/dist-packages'
[2.732s] Level 1:colcon.colcon_core.shell:create_environment_hook('drive_msgs', 'catkin_pythonpath')
[2.732s] INFO:colcon.colcon_core.shell:Creating environment hook '/home/erk/f1tenth-t3/ros2_ws/install/drive_msgs/share/drive_msgs/hook/catkin_pythonpath.ps1'
[2.733s] INFO:colcon.colcon_core.shell:Creating environment descriptor '/home/erk/f1tenth-t3/ros2_ws/install/drive_msgs/share/drive_msgs/hook/catkin_pythonpath.dsv'
[2.733s] INFO:colcon.colcon_core.shell:Creating environment hook '/home/erk/f1tenth-t3/ros2_ws/install/drive_msgs/share/drive_msgs/hook/catkin_pythonpath.sh'
[2.733s] Level 1:colcon.colcon_core.shell:create_environment_hook('drive_msgs', 'pkg_config_path')
[2.733s] INFO:colcon.colcon_core.shell:Creating environment hook '/home/erk/f1tenth-t3/ros2_ws/install/drive_msgs/share/drive_msgs/hook/pkg_config_path.ps1'
[2.733s] INFO:colcon.colcon_core.shell:Creating environment descriptor '/home/erk/f1tenth-t3/ros2_ws/install/drive_msgs/share/drive_msgs/hook/pkg_config_path.dsv'
[2.734s] INFO:colcon.colcon_core.shell:Creating environment hook '/home/erk/f1tenth-t3/ros2_ws/install/drive_msgs/share/drive_msgs/hook/pkg_config_path.sh'
[2.735s] Level 1:colcon.colcon_core.shell:create_environment_hook('drive_msgs', 'pkg_config_path_multiarch')
[2.735s] INFO:colcon.colcon_core.shell:Creating environment hook '/home/erk/f1tenth-t3/ros2_ws/install/drive_msgs/share/drive_msgs/hook/pkg_config_path_multiarch.ps1'
[2.735s] INFO:colcon.colcon_core.shell:Creating environment descriptor '/home/erk/f1tenth-t3/ros2_ws/install/drive_msgs/share/drive_msgs/hook/pkg_config_path_multiarch.dsv'
[2.735s] INFO:colcon.colcon_core.shell:Creating environment hook '/home/erk/f1tenth-t3/ros2_ws/install/drive_msgs/share/drive_msgs/hook/pkg_config_path_multiarch.sh'
[2.736s] Level 1:colcon.colcon_core.environment:create_environment_scripts_only(drive_msgs)
[2.739s] Level 1:colcon.colcon_core.environment:checking '/home/erk/f1tenth-t3/ros2_ws/install/drive_msgs' for CMake module files
[2.739s] Level 1:colcon.colcon_core.environment:checking '/home/erk/f1tenth-t3/ros2_ws/install/drive_msgs' for CMake config files
[2.739s] Level 1:colcon.colcon_core.shell:create_environment_hook('drive_msgs', 'cmake_prefix_path')
[2.739s] INFO:colcon.colcon_core.shell:Creating environment hook '/home/erk/f1tenth-t3/ros2_ws/install/drive_msgs/share/drive_msgs/hook/cmake_prefix_path.ps1'
[2.740s] INFO:colcon.colcon_core.shell:Creating environment descriptor '/home/erk/f1tenth-t3/ros2_ws/install/drive_msgs/share/drive_msgs/hook/cmake_prefix_path.dsv'
[2.740s] INFO:colcon.colcon_core.shell:Creating environment hook '/home/erk/f1tenth-t3/ros2_ws/install/drive_msgs/share/drive_msgs/hook/cmake_prefix_path.sh'
[2.740s] Level 1:colcon.colcon_core.environment:checking '/home/erk/f1tenth-t3/ros2_ws/install/drive_msgs/lib'
[2.740s] Level 1:colcon.colcon_core.shell:create_environment_hook('drive_msgs', 'ld_library_path_lib')
[2.741s] INFO:colcon.colcon_core.shell:Creating environment hook '/home/erk/f1tenth-t3/ros2_ws/install/drive_msgs/share/drive_msgs/hook/ld_library_path_lib.ps1'
[2.741s] INFO:colcon.colcon_core.shell:Creating environment descriptor '/home/erk/f1tenth-t3/ros2_ws/install/drive_msgs/share/drive_msgs/hook/ld_library_path_lib.dsv'
[2.741s] INFO:colcon.colcon_core.shell:Creating environment hook '/home/erk/f1tenth-t3/ros2_ws/install/drive_msgs/share/drive_msgs/hook/ld_library_path_lib.sh'
[2.741s] Level 1:colcon.colcon_core.environment:checking '/home/erk/f1tenth-t3/ros2_ws/install/drive_msgs/bin'
[2.741s] Level 1:colcon.colcon_core.environment:checking '/home/erk/f1tenth-t3/ros2_ws/install/drive_msgs/lib/pkgconfig/drive_msgs.pc'
[2.742s] Level 1:colcon.colcon_core.environment:checking '/home/erk/f1tenth-t3/ros2_ws/install/drive_msgs/lib/python3.10/site-packages'
[2.742s] Level 1:colcon.colcon_core.environment:checking '/home/erk/f1tenth-t3/ros2_ws/install/drive_msgs/bin'
[2.742s] INFO:colcon.colcon_core.shell:Creating package script '/home/erk/f1tenth-t3/ros2_ws/install/drive_msgs/share/drive_msgs/package.ps1'
[2.743s] INFO:colcon.colcon_core.shell:Creating package descriptor '/home/erk/f1tenth-t3/ros2_ws/install/drive_msgs/share/drive_msgs/package.dsv'
[2.743s] INFO:colcon.colcon_core.shell:Creating package script '/home/erk/f1tenth-t3/ros2_ws/install/drive_msgs/share/drive_msgs/package.sh'
[2.744s] INFO:colcon.colcon_core.shell:Creating package script '/home/erk/f1tenth-t3/ros2_ws/install/drive_msgs/share/drive_msgs/package.bash'
[2.745s] INFO:colcon.colcon_core.shell:Creating package script '/home/erk/f1tenth-t3/ros2_ws/install/drive_msgs/share/drive_msgs/package.zsh'
[2.745s] Level 1:colcon.colcon_core.environment:create_file_with_runtime_dependencies(/home/erk/f1tenth-t3/ros2_ws/install/drive_msgs/share/colcon-core/packages/drive_msgs)
[2.745s] INFO:colcon.colcon_ros.task.catkin.build:Building ROS package in '/home/erk/f1tenth-t3/ros2_ws/src/car_control' with build type 'catkin'
[2.746s] INFO:colcon.colcon_cmake.task.cmake.build:Building CMake package in '/home/erk/f1tenth-t3/ros2_ws/src/car_control'
[2.746s] INFO:colcon.colcon_core.shell:Skip shell extension 'powershell' for command environment: Not usable outside of PowerShell
[2.746s] DEBUG:colcon.colcon_core.shell:Skip shell extension 'dsv' for command environment
[2.748s] INFO:colcon.colcon_ros.task.catkin.build:Building ROS package in '/home/erk/f1tenth-t3/ros2_ws/src/wallfollowing2' with build type 'catkin'
[2.748s] INFO:colcon.colcon_cmake.task.cmake.build:Building CMake package in '/home/erk/f1tenth-t3/ros2_ws/src/wallfollowing2'
[2.748s] INFO:colcon.colcon_core.shell:Skip shell extension 'powershell' for command environment: Not usable outside of PowerShell
[2.748s] DEBUG:colcon.colcon_core.shell:Skip shell extension 'dsv' for command environment
[2.752s] DEBUG:colcon.colcon_core.event_handler.log_command:Invoking command in '/home/erk/f1tenth-t3/ros2_ws/build/car_control': CMAKE_PREFIX_PATH=/home/erk/f1tenth-t3/ros2_ws/install/drive_msgs LD_LIBRARY_PATH=/home/erk/f1tenth-t3/ros2_ws/install/drive_msgs/lib:${LD_LIBRARY_PATH} PKG_CONFIG_PATH=/home/erk/f1tenth-t3/ros2_ws/install/drive_msgs/lib/x86_64-linux-gnu/pkgconfig:/home/erk/f1tenth-t3/ros2_ws/install/drive_msgs/lib/pkgconfig PYTHONPATH=/home/erk/f1tenth-t3/ros2_ws/install/drive_msgs/local/lib/python3.10/dist-packages:${PYTHONPATH} ROS_PACKAGE_PATH=/home/erk/f1tenth-t3/ros2_ws/install/drive_msgs/share /usr/bin/cmake /home/erk/f1tenth-t3/ros2_ws/src/car_control -DCATKIN_INSTALL_INTO_PREFIX_ROOT=0 -DCMAKE_INSTALL_PREFIX=/home/erk/f1tenth-t3/ros2_ws/install/car_control
[2.754s] DEBUG:colcon.colcon_core.event_handler.log_command:Invoking command in '/home/erk/f1tenth-t3/ros2_ws/build/wallfollowing2': CMAKE_PREFIX_PATH=/home/erk/f1tenth-t3/ros2_ws/install/drive_msgs LD_LIBRARY_PATH=/home/erk/f1tenth-t3/ros2_ws/install/drive_msgs/lib:${LD_LIBRARY_PATH} PKG_CONFIG_PATH=/home/erk/f1tenth-t3/ros2_ws/install/drive_msgs/lib/x86_64-linux-gnu/pkgconfig:/home/erk/f1tenth-t3/ros2_ws/install/drive_msgs/lib/pkgconfig PYTHONPATH=/home/erk/f1tenth-t3/ros2_ws/install/drive_msgs/local/lib/python3.10/dist-packages:${PYTHONPATH} ROS_PACKAGE_PATH=/home/erk/f1tenth-t3/ros2_ws/install/drive_msgs/share /usr/bin/cmake /home/erk/f1tenth-t3/ros2_ws/src/wallfollowing2 -DCATKIN_INSTALL_INTO_PREFIX_ROOT=0 -DCMAKE_INSTALL_PREFIX=/home/erk/f1tenth-t3/ros2_ws/install/wallfollowing2
[2.759s] Level 1:colcon.colcon_core.environment:create_environment_scripts_only(wallfollowing2)
[2.759s] DEBUG:colcon.colcon_core.event_handler.log_command:Invoked command in '/home/erk/f1tenth-t3/ros2_ws/build/wallfollowing2' returned '1': CMAKE_PREFIX_PATH=/home/erk/f1tenth-t3/ros2_ws/install/drive_msgs LD_LIBRARY_PATH=/home/erk/f1tenth-t3/ros2_ws/install/drive_msgs/lib:${LD_LIBRARY_PATH} PKG_CONFIG_PATH=/home/erk/f1tenth-t3/ros2_ws/install/drive_msgs/lib/x86_64-linux-gnu/pkgconfig:/home/erk/f1tenth-t3/ros2_ws/install/drive_msgs/lib/pkgconfig PYTHONPATH=/home/erk/f1tenth-t3/ros2_ws/install/drive_msgs/local/lib/python3.10/dist-packages:${PYTHONPATH} ROS_PACKAGE_PATH=/home/erk/f1tenth-t3/ros2_ws/install/drive_msgs/share /usr/bin/cmake /home/erk/f1tenth-t3/ros2_ws/src/wallfollowing2 -DCATKIN_INSTALL_INTO_PREFIX_ROOT=0 -DCMAKE_INSTALL_PREFIX=/home/erk/f1tenth-t3/ros2_ws/install/wallfollowing2
[2.760s] Level 1:colcon.colcon_core.environment:checking '/home/erk/f1tenth-t3/ros2_ws/install/wallfollowing2' for CMake module files
[2.760s] Level 1:colcon.colcon_core.environment:checking '/home/erk/f1tenth-t3/ros2_ws/install/wallfollowing2' for CMake config files
[2.760s] Level 1:colcon.colcon_core.environment:checking '/home/erk/f1tenth-t3/ros2_ws/install/wallfollowing2/bin'
[2.760s] Level 1:colcon.colcon_core.environment:checking '/home/erk/f1tenth-t3/ros2_ws/install/wallfollowing2/lib/pkgconfig/wallfollowing2.pc'
[2.760s] Level 1:colcon.colcon_core.environment:checking '/home/erk/f1tenth-t3/ros2_ws/install/wallfollowing2/lib/python3.10/site-packages'
[2.761s] Level 1:colcon.colcon_core.environment:checking '/home/erk/f1tenth-t3/ros2_ws/install/wallfollowing2/bin'
[2.761s] INFO:colcon.colcon_core.shell:Creating package script '/home/erk/f1tenth-t3/ros2_ws/install/wallfollowing2/share/wallfollowing2/package.ps1'
[2.762s] INFO:colcon.colcon_core.shell:Creating package descriptor '/home/erk/f1tenth-t3/ros2_ws/install/wallfollowing2/share/wallfollowing2/package.dsv'
[2.762s] INFO:colcon.colcon_core.shell:Creating package script '/home/erk/f1tenth-t3/ros2_ws/install/wallfollowing2/share/wallfollowing2/package.sh'
[2.762s] INFO:colcon.colcon_core.shell:Creating package script '/home/erk/f1tenth-t3/ros2_ws/install/wallfollowing2/share/wallfollowing2/package.bash'
[2.762s] INFO:colcon.colcon_core.shell:Creating package script '/home/erk/f1tenth-t3/ros2_ws/install/wallfollowing2/share/wallfollowing2/package.zsh'
[2.763s] Level 1:colcon.colcon_core.environment:create_file_with_runtime_dependencies(/home/erk/f1tenth-t3/ros2_ws/install/wallfollowing2/share/colcon-core/packages/wallfollowing2)
[3.610s] DEBUG:colcon.colcon_parallel_executor.executor.parallel:closing loop
[3.610s] DEBUG:colcon.colcon_parallel_executor.executor.parallel:loop closed
[3.611s] DEBUG:colcon.colcon_parallel_executor.executor.parallel:run_until_complete finished with '1'
[3.611s] DEBUG:colcon.colcon_core.event_reactor:joining thread
[3.633s] INFO:colcon.colcon_core.plugin_system:Skipping extension 'colcon_notification.desktop_notification.terminal_notifier': Not used on non-Darwin systems
[3.633s] INFO:colcon.colcon_core.plugin_system:Skipping extension 'colcon_notification.desktop_notification.win32': Not used on non-Windows systems
[3.633s] INFO:colcon.colcon_notification.desktop_notification:Sending desktop notification using 'notify2'
[3.671s] DEBUG:colcon.colcon_core.event_reactor:joined thread
[3.671s] INFO:colcon.colcon_core.shell:Creating prefix script '/home/erk/f1tenth-t3/ros2_ws/install/local_setup.ps1'
[3.672s] INFO:colcon.colcon_core.shell:Creating prefix util module '/home/erk/f1tenth-t3/ros2_ws/install/_local_setup_util_ps1.py'
[3.674s] INFO:colcon.colcon_core.shell:Creating prefix chain script '/home/erk/f1tenth-t3/ros2_ws/install/setup.ps1'
[3.676s] INFO:colcon.colcon_core.shell:Creating prefix script '/home/erk/f1tenth-t3/ros2_ws/install/local_setup.sh'
[3.676s] INFO:colcon.colcon_core.shell:Creating prefix util module '/home/erk/f1tenth-t3/ros2_ws/install/_local_setup_util_sh.py'
[3.677s] INFO:colcon.colcon_core.shell:Creating prefix chain script '/home/erk/f1tenth-t3/ros2_ws/install/setup.sh'
[3.678s] INFO:colcon.colcon_core.shell:Creating prefix script '/home/erk/f1tenth-t3/ros2_ws/install/local_setup.bash'
[3.679s] INFO:colcon.colcon_core.shell:Creating prefix chain script '/home/erk/f1tenth-t3/ros2_ws/install/setup.bash'
[3.680s] INFO:colcon.colcon_core.shell:Creating prefix script '/home/erk/f1tenth-t3/ros2_ws/install/local_setup.zsh'
[3.681s] INFO:colcon.colcon_core.shell:Creating prefix chain script '/home/erk/f1tenth-t3/ros2_ws/install/setup.zsh'
