[1.525s] Invoking command in '/home/f1tt3/f1tenth-t3/ros2_ws/src/racer_bringup': AMENT_PREFIX_PATH=/home/f1tt3/f1tenth-t3/ros2_ws/install/wallfollowing2:${AMENT_PREFIX_PATH} CMAKE_PREFIX_PATH=/home/f1tt3/f1tenth-t3/ros2_ws/install/car_control:/home/f1tt3/f1tenth-t3/ros2_ws/install/drive_msgs LD_LIBRARY_PATH=/home/f1tt3/f1tenth-t3/ros2_ws/install/drive_msgs/lib:${LD_LIBRARY_PATH} PKG_CONFIG_PATH=/home/f1tt3/f1tenth-t3/ros2_ws/install/car_control/lib/aarch64-linux-gnu/pkgconfig:/home/f1tt3/f1tenth-t3/ros2_ws/install/car_control/lib/pkgconfig:/home/f1tt3/f1tenth-t3/ros2_ws/install/drive_msgs/lib/aarch64-linux-gnu/pkgconfig:/home/f1tt3/f1tenth-t3/ros2_ws/install/drive_msgs/lib/pkgconfig PYTHONPATH=/home/f1tt3/f1tenth-t3/ros2_ws/build/racer_bringup/prefix_override:/usr/lib/python3/dist-packages/colcon_core/task/python/colcon_distutils_commands:/home/f1tt3/f1tenth-t3/ros2_ws/install/racer_bringup/lib/python3.10/site-packages:/home/f1tt3/f1tenth-t3/ros2_ws/install/wallfollowing2/lib/python3.10/site-packages:/home/f1tt3/f1tenth-t3/ros2_ws/install/drive_msgs/local/lib/python3.10/dist-packages:${PYTHONPATH} ROS_PACKAGE_PATH=/home/f1tt3/f1tenth-t3/ros2_ws/install/car_control/share:/home/f1tt3/f1tenth-t3/ros2_ws/install/drive_msgs/share /usr/bin/python3 -W ignore:setup.py install is deprecated -W ignore:easy_install command is deprecated setup.py egg_info --egg-base ../../build/racer_bringup build --build-base /home/f1tt3/f1tenth-t3/ros2_ws/build/racer_bringup/build install --record /home/f1tt3/f1tenth-t3/ros2_ws/build/racer_bringup/install.log --single-version-externally-managed install_data
[2.018s] running egg_info
[2.024s] creating ../../build/racer_bringup/racer_bringup.egg-info
[2.026s] writing ../../build/racer_bringup/racer_bringup.egg-info/PKG-INFO
[2.027s] writing dependency_links to ../../build/racer_bringup/racer_bringup.egg-info/dependency_links.txt
[2.028s] writing requirements to ../../build/racer_bringup/racer_bringup.egg-info/requires.txt
[2.029s] writing top-level names to ../../build/racer_bringup/racer_bringup.egg-info/top_level.txt
[2.032s] writing manifest file '../../build/racer_bringup/racer_bringup.egg-info/SOURCES.txt'
[2.034s] reading manifest file '../../build/racer_bringup/racer_bringup.egg-info/SOURCES.txt'
[2.040s] writing manifest file '../../build/racer_bringup/racer_bringup.egg-info/SOURCES.txt'
[2.040s] running build
[2.040s] running install
[2.046s] running install_data
[2.046s] creating /home/f1tt3/f1tenth-t3/ros2_ws/install/racer_bringup/share/ament_index
[2.046s] creating /home/f1tt3/f1tenth-t3/ros2_ws/install/racer_bringup/share/ament_index/resource_index
[2.046s] creating /home/f1tt3/f1tenth-t3/ros2_ws/install/racer_bringup/share/ament_index/resource_index/packages
[2.046s] copying resource/racer_bringup -> /home/f1tt3/f1tenth-t3/ros2_ws/install/racer_bringup/share/ament_index/resource_index/packages
[2.049s] copying package.xml -> /home/f1tt3/f1tenth-t3/ros2_ws/install/racer_bringup/share/racer_bringup
[2.050s] creating /home/f1tt3/f1tenth-t3/ros2_ws/install/racer_bringup/share/racer_bringup/launch
[2.050s] copying launch/fortress_sim.launch.py -> /home/f1tt3/f1tenth-t3/ros2_ws/install/racer_bringup/share/racer_bringup/launch
[2.050s] copying launch/fortress_teleop_rviz.launch.py -> /home/f1tt3/f1tenth-t3/ros2_ws/install/racer_bringup/share/racer_bringup/launch
[2.050s] copying launch/fortress_scan_stop_test.launch.py -> /home/f1tt3/f1tenth-t3/ros2_ws/install/racer_bringup/share/racer_bringup/launch
[2.050s] copying launch/fortress_wallfollowing.launch.py -> /home/f1tt3/f1tenth-t3/ros2_ws/install/racer_bringup/share/racer_bringup/launch
[2.050s] copying launch/fortress_follow_the_gap.launch.py -> /home/f1tt3/f1tenth-t3/ros2_ws/install/racer_bringup/share/racer_bringup/launch
[2.051s] creating /home/f1tt3/f1tenth-t3/ros2_ws/install/racer_bringup/share/racer_bringup/config
[2.051s] copying config/rviz2_lidar.rviz -> /home/f1tt3/f1tenth-t3/ros2_ws/install/racer_bringup/share/racer_bringup/config
[2.051s] running install_egg_info
[2.059s] Copying ../../build/racer_bringup/racer_bringup.egg-info to /home/f1tt3/f1tenth-t3/ros2_ws/install/racer_bringup/lib/python3.10/site-packages/racer_bringup-0.1.0-py3.10.egg-info
[2.061s] running install_scripts
[2.103s] writing list of installed files to '/home/f1tt3/f1tenth-t3/ros2_ws/build/racer_bringup/install.log'
[2.188s] Invoked command in '/home/f1tt3/f1tenth-t3/ros2_ws/src/racer_bringup' returned '0': AMENT_PREFIX_PATH=/home/f1tt3/f1tenth-t3/ros2_ws/install/wallfollowing2:${AMENT_PREFIX_PATH} CMAKE_PREFIX_PATH=/home/f1tt3/f1tenth-t3/ros2_ws/install/car_control:/home/f1tt3/f1tenth-t3/ros2_ws/install/drive_msgs LD_LIBRARY_PATH=/home/f1tt3/f1tenth-t3/ros2_ws/install/drive_msgs/lib:${LD_LIBRARY_PATH} PKG_CONFIG_PATH=/home/f1tt3/f1tenth-t3/ros2_ws/install/car_control/lib/aarch64-linux-gnu/pkgconfig:/home/f1tt3/f1tenth-t3/ros2_ws/install/car_control/lib/pkgconfig:/home/f1tt3/f1tenth-t3/ros2_ws/install/drive_msgs/lib/aarch64-linux-gnu/pkgconfig:/home/f1tt3/f1tenth-t3/ros2_ws/install/drive_msgs/lib/pkgconfig PYTHONPATH=/home/f1tt3/f1tenth-t3/ros2_ws/build/racer_bringup/prefix_override:/usr/lib/python3/dist-packages/colcon_core/task/python/colcon_distutils_commands:/home/f1tt3/f1tenth-t3/ros2_ws/install/racer_bringup/lib/python3.10/site-packages:/home/f1tt3/f1tenth-t3/ros2_ws/install/wallfollowing2/lib/python3.10/site-packages:/home/f1tt3/f1tenth-t3/ros2_ws/install/drive_msgs/local/lib/python3.10/dist-packages:${PYTHONPATH} ROS_PACKAGE_PATH=/home/f1tt3/f1tenth-t3/ros2_ws/install/car_control/share:/home/f1tt3/f1tenth-t3/ros2_ws/install/drive_msgs/share /usr/bin/python3 -W ignore:setup.py install is deprecated -W ignore:easy_install command is deprecated setup.py egg_info --egg-base ../../build/racer_bringup build --build-base /home/f1tt3/f1tenth-t3/ros2_ws/build/racer_bringup/build install --record /home/f1tt3/f1tenth-t3/ros2_ws/build/racer_bringup/install.log --single-version-externally-managed install_data
