[0.000000] (-) TimerEvent: {}
[0.000277] (-) JobUnselected: {'identifier': 'car_control'}
[0.000351] (-) JobUnselected: {'identifier': 'drive_msgs'}
[0.000367] (wallfollowing2) JobQueued: {'identifier': 'wallfollowing2', 'dependencies': OrderedDict([('drive_msgs', '/home/erk/f1tenth-t3/ros2_ws/install/drive_msgs')])}
[0.000384] (racer_bringup) JobQueued: {'identifier': 'racer_bringup', 'dependencies': OrderedDict([('drive_msgs', '/home/erk/f1tenth-t3/ros2_ws/install/drive_msgs'), ('car_control', '/home/erk/f1tenth-t3/ros2_ws/install/car_control'), ('wallfollowing2', '/home/erk/f1tenth-t3/ros2_ws/install/wallfollowing2')])}
[0.000400] (wallfollowing2) JobStarted: {'identifier': 'wallfollowing2'}
[0.099803] (-) TimerEvent: {}
[0.199966] (-) TimerEvent: {}
[0.300137] (-) TimerEvent: {}
[0.400333] (-) TimerEvent: {}
[0.425477] (wallfollowing2) Command: {'cmd': ['/usr/bin/python3', '-W', 'ignore:setup.py install is deprecated', '-W', 'ignore:easy_install command is deprecated', 'setup.py', 'egg_info', '--egg-base', '../../build/wallfollowing2', 'build', '--build-base', '/home/erk/f1tenth-t3/ros2_ws/build/wallfollowing2/build', 'install', '--record', '/home/erk/f1tenth-t3/ros2_ws/build/wallfollowing2/install.log', '--single-version-externally-managed', 'install_data'], 'cwd': '/home/erk/f1tenth-t3/ros2_ws/src/wallfollowing2', 'env': {'USER': 'erk', 'XDG_SESSION_TYPE': 'wayland', 'ROS_PACKAGE_PATH': '/home/erk/f1tenth-t3/ros2_ws/install/drive_msgs/share:/home/erk/f1tenth-t3/ros2_ws/install/car_control/share', 'SHLVL': '1', 'LD_LIBRARY_PATH': '/home/erk/f1tenth-t3/ros2_ws/install/drive_msgs/lib:/opt/ros/humble/opt/rviz_ogre_vendor/lib:/opt/ros/humble/lib/x86_64-linux-gnu:/opt/ros/humble/lib', 'OLDPWD': '/home/erk/f1tenth-t3/ros2_ws', 'HOME': '/home/erk', 'DESKTOP_SESSION': 'ubuntu', 'GTK_MODULES': 'gail:atk-bridge', 'GNOME_SHELL_SESSION_MODE': 'ubuntu', 'ROS_PYTHON_VERSION': '3', 'SYSTEMD_EXEC_PID': '1877', 'DBUS_SESSION_BUS_ADDRESS': 'unix:path=/run/user/1000/bus', 'COLORTERM': 'truecolor', 'WAYLAND_DISPLAY': 'wayland-0', 'ROS_DISTRO': 'humble', 'COLCON_PREFIX_PATH': '/home/erk/f1tenth-t3/ros2_ws/install', 'LOGNAME': 'erk', '_': '/usr/bin/colcon', 'XDG_SESSION_CLASS': 'user', 'ROS_VERSION': '2', 'PKG_CONFIG_PATH': '/home/erk/f1tenth-t3/ros2_ws/install/drive_msgs/lib/x86_64-linux-gnu/pkgconfig:/home/erk/f1tenth-t3/ros2_ws/install/drive_msgs/lib/pkgconfig:/home/erk/f1tenth-t3/ros2_ws/install/car_control/lib/x86_64-linux-gnu/pkgconfig:/home/erk/f1tenth-t3/ros2_ws/install/car_control/lib/pkgconfig', 'USERNAME': 'erk', 'TERM': 'xterm-256color', 'GNOME_DESKTOP_SESSION_ID': 'this-is-deprecated', 'ROS_LOCALHOST_ONLY': '0', 'PATH': '/opt/ros/humble/bin:/usr/local/sbin:/usr/local/bin:/usr/sbin:/usr/bin:/sbin:/bin:/usr/games:/usr/local/games:/snap/bin:/snap/bin', 'SESSION_MANAGER': 'local/erk-MS-7B48:@/tmp/.ICE-unix/1847,unix/erk-MS-7B48:/tmp/.ICE-unix/1847', 'GNOME_TERMINAL_SCREEN': '/org/gnome/Terminal/screen/e15f12d4_8f0f_4813_94ca_5a30dc189167', 'XDG_MENU_PREFIX': 'gnome-', 'GNOME_SETUP_DISPLAY': ':1', 'XDG_RUNTIME_DIR': '/run/user/1000', 'DISPLAY': ':0', 'LANG': 'en_US.UTF-8', 'XDG_CURRENT_DESKTOP': 'ubuntu:GNOME', 'XDG_SESSION_DESKTOP': 'ubuntu', 'GNOME_TERMINAL_SERVICE': ':1.978', 'XMODIFIERS': '@im=ibus', 'XAUTHORITY': '/run/user/1000/.mutter-Xwaylandauth.2252J3', 'SSH_AUTH_SOCK': '/run/user/1000/keyring/ssh', 'SSH_AGENT_LAUNCHER': 'gnome-keyring', 'AMENT_PREFIX_PATH': '/home/erk/f1tenth-t3/ros2_ws/install/racer_bringup:/home/erk/f1tenth-t3/ros2_ws/install/wallfollowing2:/opt/ros/humble', 'SHELL': '/usr/bin/zsh', 'QT_ACCESSIBILITY': '1', 'GDMSESSION': 'ubuntu', 'QT_IM_MODULE': 'ibus', 'PWD': '/home/erk/f1tenth-t3/ros2_ws/build/wallfollowing2', 'XDG_DATA_DIRS': '/usr/local/share/:/usr/share/:/var/lib/snapd/desktop', 'PYTHONPATH': '/home/erk/f1tenth-t3/ros2_ws/build/wallfollowing2/prefix_override:/usr/lib/python3/dist-packages/colcon_core/task/python/colcon_distutils_commands:/home/erk/f1tenth-t3/ros2_ws/install/wallfollowing2/lib/python3.10/site-packages:/home/erk/f1tenth-t3/ros2_ws/install/drive_msgs/local/lib/python3.10/dist-packages:/home/erk/f1tenth-t3/ros2_ws/install/racer_bringup/lib/python3.10/site-packages:/home/erk/f1tenth-t3/ros2_ws/install/wallfollowing2/lib/python3.10/site-packages:/opt/ros/humble/lib/python3.10/site-packages:/opt/ros/humble/local/lib/python3.10/dist-packages', 'COLCON': '1', 'VTE_VERSION': '6800', 'CMAKE_PREFIX_PATH': '/home/erk/f1tenth-t3/ros2_ws/install/drive_msgs:/home/erk/f1tenth-t3/ros2_ws/install/car_control'}, 'shell': False}
[0.500427] (-) TimerEvent: {}
[0.600618] (wallfollowing2) StdoutLine: {'line': b'running egg_info\n'}
[0.600739] (-) TimerEvent: {}
[0.601113] (wallfollowing2) StdoutLine: {'line': b'writing ../../build/wallfollowing2/wallfollowing2.egg-info/PKG-INFO\n'}
[0.601248] (wallfollowing2) StdoutLine: {'line': b'writing dependency_links to ../../build/wallfollowing2/wallfollowing2.egg-info/dependency_links.txt\n'}
[0.601362] (wallfollowing2) StdoutLine: {'line': b'writing entry points to ../../build/wallfollowing2/wallfollowing2.egg-info/entry_points.txt\n'}
[0.601479] (wallfollowing2) StdoutLine: {'line': b'writing requirements to ../../build/wallfollowing2/wallfollowing2.egg-info/requires.txt\n'}
[0.601545] (wallfollowing2) StdoutLine: {'line': b'writing top-level names to ../../build/wallfollowing2/wallfollowing2.egg-info/top_level.txt\n'}
[0.602556] (wallfollowing2) StdoutLine: {'line': b"reading manifest file '../../build/wallfollowing2/wallfollowing2.egg-info/SOURCES.txt'\n"}
[0.603173] (wallfollowing2) StdoutLine: {'line': b"writing manifest file '../../build/wallfollowing2/wallfollowing2.egg-info/SOURCES.txt'\n"}
[0.603287] (wallfollowing2) StdoutLine: {'line': b'running build\n'}
[0.603335] (wallfollowing2) StdoutLine: {'line': b'running build_py\n'}
[0.603591] (wallfollowing2) StdoutLine: {'line': b'running install\n'}
[0.603765] (wallfollowing2) StdoutLine: {'line': b'running install_lib\n'}
[0.604650] (wallfollowing2) StdoutLine: {'line': b'running install_data\n'}
[0.604730] (wallfollowing2) StdoutLine: {'line': b'running install_egg_info\n'}
[0.606303] (wallfollowing2) StdoutLine: {'line': b"removing '/home/erk/f1tenth-t3/ros2_ws/install/wallfollowing2/lib/python3.10/site-packages/wallfollowing2-0.1.0-py3.10.egg-info' (and everything under it)\n"}
[0.606521] (wallfollowing2) StdoutLine: {'line': b'Copying ../../build/wallfollowing2/wallfollowing2.egg-info to /home/erk/f1tenth-t3/ros2_ws/install/wallfollowing2/lib/python3.10/site-packages/wallfollowing2-0.1.0-py3.10.egg-info\n'}
[0.607124] (wallfollowing2) StdoutLine: {'line': b'running install_scripts\n'}
[0.621045] (wallfollowing2) StdoutLine: {'line': b'Installing scan_stop_reverse_test_node script to /home/erk/f1tenth-t3/ros2_ws/install/wallfollowing2/lib/wallfollowing2\n'}
[0.621197] (wallfollowing2) StdoutLine: {'line': b'Installing wallbalancing_node script to /home/erk/f1tenth-t3/ros2_ws/install/wallfollowing2/lib/wallfollowing2\n'}
[0.621320] (wallfollowing2) StdoutLine: {'line': b'Installing wallfollowing_node script to /home/erk/f1tenth-t3/ros2_ws/install/wallfollowing2/lib/wallfollowing2\n'}
[0.621469] (wallfollowing2) StdoutLine: {'line': b"writing list of installed files to '/home/erk/f1tenth-t3/ros2_ws/build/wallfollowing2/install.log'\n"}
[0.635752] (wallfollowing2) CommandEnded: {'returncode': 0}
[0.642774] (wallfollowing2) JobEnded: {'identifier': 'wallfollowing2', 'rc': 0}
[0.643565] (racer_bringup) JobStarted: {'identifier': 'racer_bringup'}
[0.700813] (-) TimerEvent: {}
[0.800994] (-) TimerEvent: {}
[0.901161] (-) TimerEvent: {}
[1.001356] (-) TimerEvent: {}
[1.069388] (racer_bringup) Command: {'cmd': ['/usr/bin/python3', '-W', 'ignore:setup.py install is deprecated', '-W', 'ignore:easy_install command is deprecated', 'setup.py', 'egg_info', '--egg-base', '../../build/racer_bringup', 'build', '--build-base', '/home/erk/f1tenth-t3/ros2_ws/build/racer_bringup/build', 'install', '--record', '/home/erk/f1tenth-t3/ros2_ws/build/racer_bringup/install.log', '--single-version-externally-managed', 'install_data'], 'cwd': '/home/erk/f1tenth-t3/ros2_ws/src/racer_bringup', 'env': {'USER': 'erk', 'XDG_SESSION_TYPE': 'wayland', 'ROS_PACKAGE_PATH': '/home/erk/f1tenth-t3/ros2_ws/install/car_control/share:/home/erk/f1tenth-t3/ros2_ws/install/drive_msgs/share', 'SHLVL': '1', 'LD_LIBRARY_PATH': '/home/erk/f1tenth-t3/ros2_ws/install/drive_msgs/lib:/opt/ros/humble/opt/rviz_ogre_vendor/lib:/opt/ros/humble/lib/x86_64-linux-gnu:/opt/ros/humble/lib', 'OLDPWD': '/home/erk/f1tenth-t3/ros2_ws', 'HOME': '/home/erk', 'DESKTOP_SESSION': 'ubuntu', 'GTK_MODULES': 'gail:atk-bridge', 'GNOME_SHELL_SESSION_MODE': 'ubuntu', 'ROS_PYTHON_VERSION': '3', 'SYSTEMD_EXEC_PID': '1877', 'DBUS_SESSION_BUS_ADDRESS': 'unix:path=/run/user/1000/bus', 'COLORTERM': 'truecolor', 'WAYLAND_DISPLAY': 'wayland-0', 'ROS_DISTRO': 'humble', 'COLCON_PREFIX_PATH': '/home/erk/f1tenth-t3/ros2_ws/install', 'LOGNAME': 'erk', '_': '/usr/bin/colcon', 'XDG_SESSION_CLASS': 'user', 'ROS_VERSION': '2', 'PKG_CONFIG_PATH': '/home/erk/f1tenth-t3/ros2_ws/install/car_control/lib/x86_64-linux-gnu/pkgconfig:/home/erk/f1tenth-t3/ros2_ws/install/car_control/lib/pkgconfig:/home/erk/f1tenth-t3/ros2_ws/install/drive_msgs/lib/x86_64-linux-gnu/pkgconfig:/home/erk/f1tenth-t3/ros2_ws/install/drive_msgs/lib/pkgconfig', 'USERNAME': 'erk', 'TERM': 'xterm-256color', 'GNOME_DESKTOP_SESSION_ID': 'this-is-deprecated', 'ROS_LOCALHOST_ONLY': '0', 'PATH': '/opt/ros/humble/bin:/usr/local/sbin:/usr/local/bin:/usr/sbin:/usr/bin:/sbin:/bin:/usr/games:/usr/local/games:/snap/bin:/snap/bin', 'SESSION_MANAGER': 'local/erk-MS-7B48:@/tmp/.ICE-unix/1847,unix/erk-MS-7B48:/tmp/.ICE-unix/1847', 'GNOME_TERMINAL_SCREEN': '/org/gnome/Terminal/screen/e15f12d4_8f0f_4813_94ca_5a30dc189167', 'XDG_MENU_PREFIX': 'gnome-', 'GNOME_SETUP_DISPLAY': ':1', 'XDG_RUNTIME_DIR': '/run/user/1000', 'DISPLAY': ':0', 'LANG': 'en_US.UTF-8', 'XDG_CURRENT_DESKTOP': 'ubuntu:GNOME', 'XDG_SESSION_DESKTOP': 'ubuntu', 'GNOME_TERMINAL_SERVICE': ':1.978', 'XMODIFIERS': '@im=ibus', 'XAUTHORITY': '/run/user/1000/.mutter-Xwaylandauth.2252J3', 'SSH_AUTH_SOCK': '/run/user/1000/keyring/ssh', 'SSH_AGENT_LAUNCHER': 'gnome-keyring', 'AMENT_PREFIX_PATH': '/home/erk/f1tenth-t3/ros2_ws/install/wallfollowing2:/home/erk/f1tenth-t3/ros2_ws/install/racer_bringup:/opt/ros/humble', 'SHELL': '/usr/bin/zsh', 'QT_ACCESSIBILITY': '1', 'GDMSESSION': 'ubuntu', 'QT_IM_MODULE': 'ibus', 'PWD': '/home/erk/f1tenth-t3/ros2_ws/build/racer_bringup', 'XDG_DATA_DIRS': '/usr/local/share/:/usr/share/:/var/lib/snapd/desktop', 'PYTHONPATH': '/home/erk/f1tenth-t3/ros2_ws/build/racer_bringup/prefix_override:/usr/lib/python3/dist-packages/colcon_core/task/python/colcon_distutils_commands:/home/erk/f1tenth-t3/ros2_ws/install/racer_bringup/lib/python3.10/site-packages:/home/erk/f1tenth-t3/ros2_ws/install/wallfollowing2/lib/python3.10/site-packages:/home/erk/f1tenth-t3/ros2_ws/install/drive_msgs/local/lib/python3.10/dist-packages:/home/erk/f1tenth-t3/ros2_ws/install/racer_bringup/lib/python3.10/site-packages:/opt/ros/humble/lib/python3.10/site-packages:/opt/ros/humble/local/lib/python3.10/dist-packages', 'COLCON': '1', 'VTE_VERSION': '6800', 'CMAKE_PREFIX_PATH': '/home/erk/f1tenth-t3/ros2_ws/install/car_control:/home/erk/f1tenth-t3/ros2_ws/install/drive_msgs'}, 'shell': False}
[1.101445] (-) TimerEvent: {}
[1.201627] (-) TimerEvent: {}
[1.242255] (racer_bringup) StdoutLine: {'line': b'running egg_info\n'}
[1.242778] (racer_bringup) StdoutLine: {'line': b'writing ../../build/racer_bringup/racer_bringup.egg-info/PKG-INFO\n'}
[1.242937] (racer_bringup) StdoutLine: {'line': b'writing dependency_links to ../../build/racer_bringup/racer_bringup.egg-info/dependency_links.txt\n'}
[1.243059] (racer_bringup) StdoutLine: {'line': b'writing requirements to ../../build/racer_bringup/racer_bringup.egg-info/requires.txt\n'}
[1.243178] (racer_bringup) StdoutLine: {'line': b'writing top-level names to ../../build/racer_bringup/racer_bringup.egg-info/top_level.txt\n'}
[1.243559] (racer_bringup) StdoutLine: {'line': b"reading manifest file '../../build/racer_bringup/racer_bringup.egg-info/SOURCES.txt'\n"}
[1.244146] (racer_bringup) StdoutLine: {'line': b"writing manifest file '../../build/racer_bringup/racer_bringup.egg-info/SOURCES.txt'\n"}
[1.244256] (racer_bringup) StdoutLine: {'line': b'running build\n'}
[1.244303] (racer_bringup) StdoutLine: {'line': b'running install\n'}
[1.244419] (racer_bringup) StdoutLine: {'line': b'running install_data\n'}
[1.244605] (racer_bringup) StdoutLine: {'line': b'running install_egg_info\n'}
[1.246587] (racer_bringup) StdoutLine: {'line': b"removing '/home/erk/f1tenth-t3/ros2_ws/install/racer_bringup/lib/python3.10/site-packages/racer_bringup-0.1.0-py3.10.egg-info' (and everything under it)\n"}
[1.246754] (racer_bringup) StdoutLine: {'line': b'Copying ../../build/racer_bringup/racer_bringup.egg-info to /home/erk/f1tenth-t3/ros2_ws/install/racer_bringup/lib/python3.10/site-packages/racer_bringup-0.1.0-py3.10.egg-info\n'}
[1.247273] (racer_bringup) StdoutLine: {'line': b'running install_scripts\n'}
[1.261022] (racer_bringup) StdoutLine: {'line': b"writing list of installed files to '/home/erk/f1tenth-t3/ros2_ws/build/racer_bringup/install.log'\n"}
[1.274613] (racer_bringup) CommandEnded: {'returncode': 0}
[1.278726] (racer_bringup) JobEnded: {'identifier': 'racer_bringup', 'rc': 0}
[1.279167] (-) EventReactorShutdown: {}
