[0.000000] (-) TimerEvent: {}
[0.000092] (drive_msgs) JobQueued: {'identifier': 'drive_msgs', 'dependencies': OrderedDict()}
[0.000176] (car_control) JobQueued: {'identifier': 'car_control', 'dependencies': OrderedDict([('drive_msgs', '/home/erk/f1tenth-t3/ros2_ws/install/drive_msgs')])}
[0.000194] (wallfollowing2) JobQueued: {'identifier': 'wallfollowing2', 'dependencies': OrderedDict([('drive_msgs', '/home/erk/f1tenth-t3/ros2_ws/install/drive_msgs')])}
[0.000208] (racer_bringup) JobQueued: {'identifier': 'racer_bringup', 'dependencies': OrderedDict([('drive_msgs', '/home/erk/f1tenth-t3/ros2_ws/install/drive_msgs'), ('car_control', '/home/erk/f1tenth-t3/ros2_ws/install/car_control'), ('wallfollowing2', '/home/erk/f1tenth-t3/ros2_ws/install/wallfollowing2')])}
[0.000224] (drive_msgs) JobStarted: {'identifier': 'drive_msgs'}
[0.004585] (drive_msgs) JobProgress: {'identifier': 'drive_msgs', 'progress': 'cmake'}
[0.004944] (drive_msgs) JobProgress: {'identifier': 'drive_msgs', 'progress': 'build'}
[0.005439] (drive_msgs) Command: {'cmd': ['/usr/bin/cmake', '--build', '/home/erk/f1tenth-t3/ros2_ws/build/drive_msgs', '--', '-j12', '-l12'], 'cwd': '/home/erk/f1tenth-t3/ros2_ws/build/drive_msgs', 'env': OrderedDict([('USER', 'erk'), ('XDG_SESSION_TYPE', 'wayland'), ('SHLVL', '1'), ('LD_LIBRARY_PATH', '/opt/ros/humble/opt/rviz_ogre_vendor/lib:/opt/ros/humble/lib/x86_64-linux-gnu:/opt/ros/humble/lib'), ('OLDPWD', '/home/erk'), ('HOME', '/home/erk'), ('DESKTOP_SESSION', 'ubuntu'), ('GTK_MODULES', 'gail:atk-bridge'), ('GNOME_SHELL_SESSION_MODE', 'ubuntu'), ('ROS_PYTHON_VERSION', '3'), ('SYSTEMD_EXEC_PID', '1877'), ('DBUS_SESSION_BUS_ADDRESS', 'unix:path=/run/user/1000/bus'), ('COLORTERM', 'truecolor'), ('WAYLAND_DISPLAY', 'wayland-0'), ('ROS_DISTRO', 'humble'), ('LOGNAME', 'erk'), ('_', '/usr/bin/colcon'), ('XDG_SESSION_CLASS', 'user'), ('ROS_VERSION', '2'), ('USERNAME', 'erk'), ('TERM', 'xterm-256color'), ('GNOME_DESKTOP_SESSION_ID', 'this-is-deprecated'), ('ROS_LOCALHOST_ONLY', '0'), ('PATH', '/opt/ros/humble/bin:/usr/local/sbin:/usr/local/bin:/usr/sbin:/usr/bin:/sbin:/bin:/usr/games:/usr/local/games:/snap/bin:/snap/bin'), ('SESSION_MANAGER', 'local/erk-MS-7B48:@/tmp/.ICE-unix/1847,unix/erk-MS-7B48:/tmp/.ICE-unix/1847'), ('GNOME_TERMINAL_SCREEN', '/org/gnome/Terminal/screen/49e440ce_cd5b_4187_bfb5_9a9e8f7267af'), ('XDG_MENU_PREFIX', 'gnome-'), ('GNOME_SETUP_DISPLAY', ':1'), ('XDG_RUNTIME_DIR', '/run/user/1000'), ('DISPLAY', ':0'), ('LANG', 'en_US.UTF-8'), ('XDG_CURRENT_DESKTOP', 'ubuntu:GNOME'), ('XDG_SESSION_DESKTOP', 'ubuntu'), ('GNOME_TERMINAL_SERVICE', ':1.207'), ('XMODIFIERS', '@im=ibus'), ('XAUTHORITY', '/run/user/1000/.mutter-Xwaylandauth.2252J3'), ('SSH_AUTH_SOCK', '/run/user/1000/keyring/ssh'), ('SSH_AGENT_LAUNCHER', 'gnome-keyring'), ('AMENT_PREFIX_PATH', '/opt/ros/humble'), ('SHELL', '/usr/bin/zsh'), ('QT_ACCESSIBILITY', '1'), ('GDMSESSION', 'ubuntu'), ('QT_IM_MODULE', 'ibus'), ('PWD', '/home/erk/f1tenth-t3/ros2_ws/build/drive_msgs'), ('XDG_DATA_DIRS', '/usr/local/share/:/usr/share/:/var/lib/snapd/desktop'), ('PYTHONPATH', '/opt/ros/humble/lib/python3.10/site-packages:/opt/ros/humble/local/lib/python3.10/dist-packages'), ('COLCON', '1'), ('VTE_VERSION', '6800')]), 'shell': False}
[0.038341] (drive_msgs) StdoutLine: {'line': b'[  3%] Built target drive_msgs__cpp\n'}
[0.038519] (drive_msgs) StdoutLine: {'line': b'[ 12%] Built target drive_msgs__rosidl_generator_c\n'}
[0.044621] (drive_msgs) StdoutLine: {'line': b'[ 12%] Built target ament_cmake_python_copy_drive_msgs\n'}
[0.052642] (drive_msgs) StdoutLine: {'line': b'[ 22%] Built target drive_msgs__rosidl_typesupport_cpp\n'}
[0.053222] (drive_msgs) StdoutLine: {'line': b'[ 32%] Built target drive_msgs__rosidl_typesupport_introspection_cpp\n'}
[0.055076] (drive_msgs) StdoutLine: {'line': b'[ 41%] Built target drive_msgs__rosidl_typesupport_fastrtps_cpp\n'}
[0.059553] (drive_msgs) StdoutLine: {'line': b'[ 51%] Built target drive_msgs__rosidl_typesupport_c\n'}
[0.060841] (drive_msgs) StdoutLine: {'line': b'[ 70%] Built target drive_msgs__rosidl_typesupport_fastrtps_c\n'}
[0.060920] (drive_msgs) StdoutLine: {'line': b'[ 70%] Built target drive_msgs__rosidl_typesupport_introspection_c\n'}
[0.074068] (drive_msgs) StdoutLine: {'line': b'[ 70%] Built target drive_msgs\n'}
[0.087341] (drive_msgs) StdoutLine: {'line': b'[ 74%] Built target drive_msgs__py\n'}
[0.099627] (-) TimerEvent: {}
[0.101808] (drive_msgs) StdoutLine: {'line': b'[ 80%] Built target drive_msgs__rosidl_generator_py\n'}
[0.116538] (drive_msgs) StdoutLine: {'line': b'[100%] Built target drive_msgs__rosidl_typesupport_c__pyext\n'}
[0.116664] (drive_msgs) StdoutLine: {'line': b'[100%] Built target drive_msgs__rosidl_typesupport_introspection_c__pyext\n'}
[0.116778] (drive_msgs) StdoutLine: {'line': b'[100%] Built target drive_msgs__rosidl_typesupport_fastrtps_c__pyext\n'}
[0.199703] (-) TimerEvent: {}
[0.216173] (drive_msgs) StdoutLine: {'line': b'running egg_info\n'}
[0.216593] (drive_msgs) StdoutLine: {'line': b'writing drive_msgs.egg-info/PKG-INFO\n'}
[0.216730] (drive_msgs) StdoutLine: {'line': b'writing dependency_links to drive_msgs.egg-info/dependency_links.txt\n'}
[0.216845] (drive_msgs) StdoutLine: {'line': b'writing top-level names to drive_msgs.egg-info/top_level.txt\n'}
[0.218164] (drive_msgs) StdoutLine: {'line': b"reading manifest file 'drive_msgs.egg-info/SOURCES.txt'\n"}
[0.218535] (drive_msgs) StdoutLine: {'line': b"writing manifest file 'drive_msgs.egg-info/SOURCES.txt'\n"}
[0.235028] (drive_msgs) StdoutLine: {'line': b'[100%] Built target ament_cmake_python_build_drive_msgs_egg\n'}
[0.242730] (drive_msgs) CommandEnded: {'returncode': 0}
[0.243282] (drive_msgs) JobProgress: {'identifier': 'drive_msgs', 'progress': 'install'}
[0.249880] (drive_msgs) Command: {'cmd': ['/usr/bin/cmake', '--install', '/home/erk/f1tenth-t3/ros2_ws/build/drive_msgs'], 'cwd': '/home/erk/f1tenth-t3/ros2_ws/build/drive_msgs', 'env': OrderedDict([('USER', 'erk'), ('XDG_SESSION_TYPE', 'wayland'), ('SHLVL', '1'), ('LD_LIBRARY_PATH', '/opt/ros/humble/opt/rviz_ogre_vendor/lib:/opt/ros/humble/lib/x86_64-linux-gnu:/opt/ros/humble/lib'), ('OLDPWD', '/home/erk'), ('HOME', '/home/erk'), ('DESKTOP_SESSION', 'ubuntu'), ('GTK_MODULES', 'gail:atk-bridge'), ('GNOME_SHELL_SESSION_MODE', 'ubuntu'), ('ROS_PYTHON_VERSION', '3'), ('SYSTEMD_EXEC_PID', '1877'), ('DBUS_SESSION_BUS_ADDRESS', 'unix:path=/run/user/1000/bus'), ('COLORTERM', 'truecolor'), ('WAYLAND_DISPLAY', 'wayland-0'), ('ROS_DISTRO', 'humble'), ('LOGNAME', 'erk'), ('_', '/usr/bin/colcon'), ('XDG_SESSION_CLASS', 'user'), ('ROS_VERSION', '2'), ('USERNAME', 'erk'), ('TERM', 'xterm-256color'), ('GNOME_DESKTOP_SESSION_ID', 'this-is-deprecated'), ('ROS_LOCALHOST_ONLY', '0'), ('PATH', '/opt/ros/humble/bin:/usr/local/sbin:/usr/local/bin:/usr/sbin:/usr/bin:/sbin:/bin:/usr/games:/usr/local/games:/snap/bin:/snap/bin'), ('SESSION_MANAGER', 'local/erk-MS-7B48:@/tmp/.ICE-unix/1847,unix/erk-MS-7B48:/tmp/.ICE-unix/1847'), ('GNOME_TERMINAL_SCREEN', '/org/gnome/Terminal/screen/49e440ce_cd5b_4187_bfb5_9a9e8f7267af'), ('XDG_MENU_PREFIX', 'gnome-'), ('GNOME_SETUP_DISPLAY', ':1'), ('XDG_RUNTIME_DIR', '/run/user/1000'), ('DISPLAY', ':0'), ('LANG', 'en_US.UTF-8'), ('XDG_CURRENT_DESKTOP', 'ubuntu:GNOME'), ('XDG_SESSION_DESKTOP', 'ubuntu'), ('GNOME_TERMINAL_SERVICE', ':1.207'), ('XMODIFIERS', '@im=ibus'), ('XAUTHORITY', '/run/user/1000/.mutter-Xwaylandauth.2252J3'), ('SSH_AUTH_SOCK', '/run/user/1000/keyring/ssh'), ('SSH_AGENT_LAUNCHER', 'gnome-keyring'), ('AMENT_PREFIX_PATH', '/opt/ros/humble'), ('SHELL', '/usr/bin/zsh'), ('QT_ACCESSIBILITY', '1'), ('GDMSESSION', 'ubuntu'), ('QT_IM_MODULE', 'ibus'), ('PWD', '/home/erk/f1tenth-t3/ros2_ws/build/drive_msgs'), ('XDG_DATA_DIRS', '/usr/local/share/:/usr/share/:/var/lib/snapd/desktop'), ('PYTHONPATH', '/opt/ros/humble/lib/python3.10/site-packages:/opt/ros/humble/local/lib/python3.10/dist-packages'), ('COLCON', '1'), ('VTE_VERSION', '6800')]), 'shell': False}
[0.256207] (drive_msgs) StdoutLine: {'line': b'-- Install configuration: ""\n'}
[0.256372] (drive_msgs) StdoutLine: {'line': b'-- Up-to-date: /home/erk/f1tenth-t3/ros2_ws/install/drive_msgs/share/ament_index/resource_index/rosidl_interfaces/drive_msgs\n'}
[0.256463] (drive_msgs) StdoutLine: {'line': b'-- Up-to-date: /home/erk/f1tenth-t3/ros2_ws/install/drive_msgs/include/drive_msgs/drive_msgs\n'}
[0.256540] (drive_msgs) StdoutLine: {'line': b'-- Up-to-date: /home/erk/f1tenth-t3/ros2_ws/install/drive_msgs/include/drive_msgs/drive_msgs/msg\n'}
[0.256674] (drive_msgs) StdoutLine: {'line': b'-- Up-to-date: /home/erk/f1tenth-t3/ros2_ws/install/drive_msgs/include/drive_msgs/drive_msgs/msg/drive_param.h\n'}
[0.256732] (drive_msgs) StdoutLine: {'line': b'-- Up-to-date: /home/erk/f1tenth-t3/ros2_ws/install/drive_msgs/include/drive_msgs/drive_msgs/msg/rosidl_generator_c__visibility_control.h\n'}
[0.256781] (drive_msgs) StdoutLine: {'line': b'-- Up-to-date: /home/erk/f1tenth-t3/ros2_ws/install/drive_msgs/include/drive_msgs/drive_msgs/msg/detail\n'}
[0.256843] (drive_msgs) StdoutLine: {'line': b'-- Up-to-date: /home/erk/f1tenth-t3/ros2_ws/install/drive_msgs/include/drive_msgs/drive_msgs/msg/detail/drive_param__struct.h\n'}
[0.256885] (drive_msgs) StdoutLine: {'line': b'-- Up-to-date: /home/erk/f1tenth-t3/ros2_ws/install/drive_msgs/include/drive_msgs/drive_msgs/msg/detail/drive_param__functions.h\n'}
[0.256926] (drive_msgs) StdoutLine: {'line': b'-- Up-to-date: /home/erk/f1tenth-t3/ros2_ws/install/drive_msgs/include/drive_msgs/drive_msgs/msg/detail/drive_param__type_support.h\n'}
[0.256967] (drive_msgs) StdoutLine: {'line': b'-- Up-to-date: /home/erk/f1tenth-t3/ros2_ws/install/drive_msgs/include/drive_msgs/drive_msgs/msg/detail/drive_param__functions.c\n'}
[0.257012] (drive_msgs) StdoutLine: {'line': b'-- Up-to-date: /home/erk/f1tenth-t3/ros2_ws/install/drive_msgs/share/drive_msgs/environment/library_path.sh\n'}
[0.257056] (drive_msgs) StdoutLine: {'line': b'-- Up-to-date: /home/erk/f1tenth-t3/ros2_ws/install/drive_msgs/share/drive_msgs/environment/library_path.dsv\n'}
[0.257100] (drive_msgs) StdoutLine: {'line': b'-- Up-to-date: /home/erk/f1tenth-t3/ros2_ws/install/drive_msgs/lib/libdrive_msgs__rosidl_generator_c.so\n'}
[0.257190] (drive_msgs) StdoutLine: {'line': b'-- Up-to-date: /home/erk/f1tenth-t3/ros2_ws/install/drive_msgs/include/drive_msgs/drive_msgs\n'}
[0.257253] (drive_msgs) StdoutLine: {'line': b'-- Up-to-date: /home/erk/f1tenth-t3/ros2_ws/install/drive_msgs/include/drive_msgs/drive_msgs/msg\n'}
[0.257298] (drive_msgs) StdoutLine: {'line': b'-- Up-to-date: /home/erk/f1tenth-t3/ros2_ws/install/drive_msgs/include/drive_msgs/drive_msgs/msg/rosidl_typesupport_fastrtps_c__visibility_control.h\n'}
[0.257347] (drive_msgs) StdoutLine: {'line': b'-- Up-to-date: /home/erk/f1tenth-t3/ros2_ws/install/drive_msgs/include/drive_msgs/drive_msgs/msg/detail\n'}
[0.257393] (drive_msgs) StdoutLine: {'line': b'-- Up-to-date: /home/erk/f1tenth-t3/ros2_ws/install/drive_msgs/include/drive_msgs/drive_msgs/msg/detail/drive_param__rosidl_typesupport_fastrtps_c.h\n'}
[0.257448] (drive_msgs) StdoutLine: {'line': b'-- Up-to-date: /home/erk/f1tenth-t3/ros2_ws/install/drive_msgs/lib/libdrive_msgs__rosidl_typesupport_fastrtps_c.so\n'}
[0.257516] (drive_msgs) StdoutLine: {'line': b'-- Up-to-date: /home/erk/f1tenth-t3/ros2_ws/install/drive_msgs/include/drive_msgs/drive_msgs\n'}
[0.257594] (drive_msgs) StdoutLine: {'line': b'-- Up-to-date: /home/erk/f1tenth-t3/ros2_ws/install/drive_msgs/include/drive_msgs/drive_msgs/msg\n'}
[0.257700] (drive_msgs) StdoutLine: {'line': b'-- Up-to-date: /home/erk/f1tenth-t3/ros2_ws/install/drive_msgs/include/drive_msgs/drive_msgs/msg/rosidl_typesupport_introspection_c__visibility_control.h\n'}
[0.257745] (drive_msgs) StdoutLine: {'line': b'-- Up-to-date: /home/erk/f1tenth-t3/ros2_ws/install/drive_msgs/include/drive_msgs/drive_msgs/msg/detail\n'}
[0.257788] (drive_msgs) StdoutLine: {'line': b'-- Up-to-date: /home/erk/f1tenth-t3/ros2_ws/install/drive_msgs/include/drive_msgs/drive_msgs/msg/detail/drive_param__type_support.c\n'}
[0.257829] (drive_msgs) StdoutLine: {'line': b'-- Up-to-date: /home/erk/f1tenth-t3/ros2_ws/install/drive_msgs/include/drive_msgs/drive_msgs/msg/detail/drive_param__rosidl_typesupport_introspection_c.h\n'}
[0.257889] (drive_msgs) StdoutLine: {'line': b'-- Up-to-date: /home/erk/f1tenth-t3/ros2_ws/install/drive_msgs/lib/libdrive_msgs__rosidl_typesupport_introspection_c.so\n'}
[0.258172] (drive_msgs) StdoutLine: {'line': b'-- Up-to-date: /home/erk/f1tenth-t3/ros2_ws/install/drive_msgs/lib/libdrive_msgs__rosidl_typesupport_c.so\n'}
[0.258366] (drive_msgs) StdoutLine: {'line': b'-- Up-to-date: /home/erk/f1tenth-t3/ros2_ws/install/drive_msgs/include/drive_msgs/drive_msgs\n'}
[0.258453] (drive_msgs) StdoutLine: {'line': b'-- Up-to-date: /home/erk/f1tenth-t3/ros2_ws/install/drive_msgs/include/drive_msgs/drive_msgs/msg\n'}
[0.258538] (drive_msgs) StdoutLine: {'line': b'-- Up-to-date: /home/erk/f1tenth-t3/ros2_ws/install/drive_msgs/include/drive_msgs/drive_msgs/msg/detail\n'}
[0.258592] (drive_msgs) StdoutLine: {'line': b'-- Up-to-date: /home/erk/f1tenth-t3/ros2_ws/install/drive_msgs/include/drive_msgs/drive_msgs/msg/detail/drive_param__type_support.hpp\n'}
[0.258660] (drive_msgs) StdoutLine: {'line': b'-- Up-to-date: /home/erk/f1tenth-t3/ros2_ws/install/drive_msgs/include/drive_msgs/drive_msgs/msg/detail/drive_param__builder.hpp\n'}
[0.258706] (drive_msgs) StdoutLine: {'line': b'-- Up-to-date: /home/erk/f1tenth-t3/ros2_ws/install/drive_msgs/include/drive_msgs/drive_msgs/msg/detail/drive_param__traits.hpp\n'}
[0.258751] (drive_msgs) StdoutLine: {'line': b'-- Up-to-date: /home/erk/f1tenth-t3/ros2_ws/install/drive_msgs/include/drive_msgs/drive_msgs/msg/detail/drive_param__struct.hpp\n'}
[0.258795] (drive_msgs) StdoutLine: {'line': b'-- Up-to-date: /home/erk/f1tenth-t3/ros2_ws/install/drive_msgs/include/drive_msgs/drive_msgs/msg/drive_param.hpp\n'}
[0.258840] (drive_msgs) StdoutLine: {'line': b'-- Up-to-date: /home/erk/f1tenth-t3/ros2_ws/install/drive_msgs/include/drive_msgs/drive_msgs/msg/rosidl_generator_cpp__visibility_control.hpp\n'}
[0.258904] (drive_msgs) StdoutLine: {'line': b'-- Up-to-date: /home/erk/f1tenth-t3/ros2_ws/install/drive_msgs/include/drive_msgs/drive_msgs\n'}
[0.258946] (drive_msgs) StdoutLine: {'line': b'-- Up-to-date: /home/erk/f1tenth-t3/ros2_ws/install/drive_msgs/include/drive_msgs/drive_msgs/msg\n'}
[0.258990] (drive_msgs) StdoutLine: {'line': b'-- Up-to-date: /home/erk/f1tenth-t3/ros2_ws/install/drive_msgs/include/drive_msgs/drive_msgs/msg/detail\n'}
[0.259034] (drive_msgs) StdoutLine: {'line': b'-- Up-to-date: /home/erk/f1tenth-t3/ros2_ws/install/drive_msgs/include/drive_msgs/drive_msgs/msg/detail/dds_fastrtps\n'}
[0.259086] (drive_msgs) StdoutLine: {'line': b'-- Up-to-date: /home/erk/f1tenth-t3/ros2_ws/install/drive_msgs/include/drive_msgs/drive_msgs/msg/detail/drive_param__rosidl_typesupport_fastrtps_cpp.hpp\n'}
[0.259127] (drive_msgs) StdoutLine: {'line': b'-- Up-to-date: /home/erk/f1tenth-t3/ros2_ws/install/drive_msgs/include/drive_msgs/drive_msgs/msg/rosidl_typesupport_fastrtps_cpp__visibility_control.h\n'}
[0.259169] (drive_msgs) StdoutLine: {'line': b'-- Up-to-date: /home/erk/f1tenth-t3/ros2_ws/install/drive_msgs/lib/libdrive_msgs__rosidl_typesupport_fastrtps_cpp.so\n'}
[0.259227] (drive_msgs) StdoutLine: {'line': b'-- Up-to-date: /home/erk/f1tenth-t3/ros2_ws/install/drive_msgs/include/drive_msgs/drive_msgs\n'}
[0.259287] (drive_msgs) StdoutLine: {'line': b'-- Up-to-date: /home/erk/f1tenth-t3/ros2_ws/install/drive_msgs/include/drive_msgs/drive_msgs/msg\n'}
[0.259334] (drive_msgs) StdoutLine: {'line': b'-- Up-to-date: /home/erk/f1tenth-t3/ros2_ws/install/drive_msgs/include/drive_msgs/drive_msgs/msg/detail\n'}
[0.259395] (drive_msgs) StdoutLine: {'line': b'-- Up-to-date: /home/erk/f1tenth-t3/ros2_ws/install/drive_msgs/include/drive_msgs/drive_msgs/msg/detail/drive_param__type_support.cpp\n'}
[0.259438] (drive_msgs) StdoutLine: {'line': b'-- Up-to-date: /home/erk/f1tenth-t3/ros2_ws/install/drive_msgs/include/drive_msgs/drive_msgs/msg/detail/drive_param__rosidl_typesupport_introspection_cpp.hpp\n'}
[0.259488] (drive_msgs) StdoutLine: {'line': b'-- Up-to-date: /home/erk/f1tenth-t3/ros2_ws/install/drive_msgs/lib/libdrive_msgs__rosidl_typesupport_introspection_cpp.so\n'}
[0.259799] (drive_msgs) StdoutLine: {'line': b'-- Up-to-date: /home/erk/f1tenth-t3/ros2_ws/install/drive_msgs/lib/libdrive_msgs__rosidl_typesupport_cpp.so\n'}
[0.260009] (drive_msgs) StdoutLine: {'line': b'-- Up-to-date: /home/erk/f1tenth-t3/ros2_ws/install/drive_msgs/share/drive_msgs/environment/pythonpath.sh\n'}
[0.260084] (drive_msgs) StdoutLine: {'line': b'-- Up-to-date: /home/erk/f1tenth-t3/ros2_ws/install/drive_msgs/share/drive_msgs/environment/pythonpath.dsv\n'}
[0.260162] (drive_msgs) StdoutLine: {'line': b'-- Up-to-date: /home/erk/f1tenth-t3/ros2_ws/install/drive_msgs/local/lib/python3.10/dist-packages/drive_msgs-0.1.0-py3.10.egg-info\n'}
[0.260207] (drive_msgs) StdoutLine: {'line': b'-- Installing: /home/erk/f1tenth-t3/ros2_ws/install/drive_msgs/local/lib/python3.10/dist-packages/drive_msgs-0.1.0-py3.10.egg-info/PKG-INFO\n'}
[0.260314] (drive_msgs) StdoutLine: {'line': b'-- Installing: /home/erk/f1tenth-t3/ros2_ws/install/drive_msgs/local/lib/python3.10/dist-packages/drive_msgs-0.1.0-py3.10.egg-info/SOURCES.txt\n'}
[0.260437] (drive_msgs) StdoutLine: {'line': b'-- Installing: /home/erk/f1tenth-t3/ros2_ws/install/drive_msgs/local/lib/python3.10/dist-packages/drive_msgs-0.1.0-py3.10.egg-info/top_level.txt\n'}
[0.260527] (drive_msgs) StdoutLine: {'line': b'-- Installing: /home/erk/f1tenth-t3/ros2_ws/install/drive_msgs/local/lib/python3.10/dist-packages/drive_msgs-0.1.0-py3.10.egg-info/dependency_links.txt\n'}
[0.260698] (drive_msgs) StdoutLine: {'line': b'-- Up-to-date: /home/erk/f1tenth-t3/ros2_ws/install/drive_msgs/local/lib/python3.10/dist-packages/drive_msgs\n'}
[0.260769] (drive_msgs) StdoutLine: {'line': b'-- Up-to-date: /home/erk/f1tenth-t3/ros2_ws/install/drive_msgs/local/lib/python3.10/dist-packages/drive_msgs/__init__.py\n'}
[0.260841] (drive_msgs) StdoutLine: {'line': b'-- Up-to-date: /home/erk/f1tenth-t3/ros2_ws/install/drive_msgs/local/lib/python3.10/dist-packages/drive_msgs/_drive_msgs_s.ep.rosidl_typesupport_introspection_c.c\n'}
[0.260885] (drive_msgs) StdoutLine: {'line': b'-- Up-to-date: /home/erk/f1tenth-t3/ros2_ws/install/drive_msgs/local/lib/python3.10/dist-packages/drive_msgs/drive_msgs_s__rosidl_typesupport_c.cpython-310-x86_64-linux-gnu.so\n'}
[0.260930] (drive_msgs) StdoutLine: {'line': b'-- Up-to-date: /home/erk/f1tenth-t3/ros2_ws/install/drive_msgs/local/lib/python3.10/dist-packages/drive_msgs/drive_msgs_s__rosidl_typesupport_fastrtps_c.cpython-310-x86_64-linux-gnu.so\n'}
[0.260974] (drive_msgs) StdoutLine: {'line': b'-- Up-to-date: /home/erk/f1tenth-t3/ros2_ws/install/drive_msgs/local/lib/python3.10/dist-packages/drive_msgs/msg\n'}
[0.261035] (drive_msgs) StdoutLine: {'line': b'-- Up-to-date: /home/erk/f1tenth-t3/ros2_ws/install/drive_msgs/local/lib/python3.10/dist-packages/drive_msgs/msg/__init__.py\n'}
[0.261100] (drive_msgs) StdoutLine: {'line': b'-- Up-to-date: /home/erk/f1tenth-t3/ros2_ws/install/drive_msgs/local/lib/python3.10/dist-packages/drive_msgs/msg/_drive_param.py\n'}
[0.261140] (drive_msgs) StdoutLine: {'line': b'-- Up-to-date: /home/erk/f1tenth-t3/ros2_ws/install/drive_msgs/local/lib/python3.10/dist-packages/drive_msgs/msg/_drive_param_s.c\n'}
[0.261180] (drive_msgs) StdoutLine: {'line': b'-- Up-to-date: /home/erk/f1tenth-t3/ros2_ws/install/drive_msgs/local/lib/python3.10/dist-packages/drive_msgs/_drive_msgs_s.ep.rosidl_typesupport_c.c\n'}
[0.261220] (drive_msgs) StdoutLine: {'line': b'-- Up-to-date: /home/erk/f1tenth-t3/ros2_ws/install/drive_msgs/local/lib/python3.10/dist-packages/drive_msgs/drive_msgs_s__rosidl_typesupport_introspection_c.cpython-310-x86_64-linux-gnu.so\n'}
[0.261260] (drive_msgs) StdoutLine: {'line': b'-- Up-to-date: /home/erk/f1tenth-t3/ros2_ws/install/drive_msgs/local/lib/python3.10/dist-packages/drive_msgs/libdrive_msgs__rosidl_generator_py.so\n'}
[0.261299] (drive_msgs) StdoutLine: {'line': b'-- Up-to-date: /home/erk/f1tenth-t3/ros2_ws/install/drive_msgs/local/lib/python3.10/dist-packages/drive_msgs/_drive_msgs_s.ep.rosidl_typesupport_fastrtps_c.c\n'}
[0.282135] (drive_msgs) StdoutLine: {'line': b"Listing '/home/erk/f1tenth-t3/ros2_ws/install/drive_msgs/local/lib/python3.10/dist-packages/drive_msgs'...\n"}
[0.282229] (drive_msgs) StdoutLine: {'line': b"Listing '/home/erk/f1tenth-t3/ros2_ws/install/drive_msgs/local/lib/python3.10/dist-packages/drive_msgs/msg'...\n"}
[0.284857] (drive_msgs) StdoutLine: {'line': b'-- Up-to-date: /home/erk/f1tenth-t3/ros2_ws/install/drive_msgs/local/lib/python3.10/dist-packages/drive_msgs/drive_msgs_s__rosidl_typesupport_fastrtps_c.cpython-310-x86_64-linux-gnu.so\n'}
[0.285150] (drive_msgs) StdoutLine: {'line': b'-- Up-to-date: /home/erk/f1tenth-t3/ros2_ws/install/drive_msgs/local/lib/python3.10/dist-packages/drive_msgs/drive_msgs_s__rosidl_typesupport_introspection_c.cpython-310-x86_64-linux-gnu.so\n'}
[0.285471] (drive_msgs) StdoutLine: {'line': b'-- Up-to-date: /home/erk/f1tenth-t3/ros2_ws/install/drive_msgs/local/lib/python3.10/dist-packages/drive_msgs/drive_msgs_s__rosidl_typesupport_c.cpython-310-x86_64-linux-gnu.so\n'}
[0.285751] (drive_msgs) StdoutLine: {'line': b'-- Up-to-date: /home/erk/f1tenth-t3/ros2_ws/install/drive_msgs/lib/libdrive_msgs__rosidl_generator_py.so\n'}
[0.285948] (drive_msgs) StdoutLine: {'line': b'-- Up-to-date: /home/erk/f1tenth-t3/ros2_ws/install/drive_msgs/share/drive_msgs/msg/DriveParam.idl\n'}
[0.286081] (drive_msgs) StdoutLine: {'line': b'-- Up-to-date: /home/erk/f1tenth-t3/ros2_ws/install/drive_msgs/share/drive_msgs/msg/DriveParam.msg\n'}
[0.286202] (drive_msgs) StdoutLine: {'line': b'-- Up-to-date: /home/erk/f1tenth-t3/ros2_ws/install/drive_msgs/share/ament_index/resource_index/package_run_dependencies/drive_msgs\n'}
[0.286325] (drive_msgs) StdoutLine: {'line': b'-- Up-to-date: /home/erk/f1tenth-t3/ros2_ws/install/drive_msgs/share/ament_index/resource_index/parent_prefix_path/drive_msgs\n'}
[0.286446] (drive_msgs) StdoutLine: {'line': b'-- Up-to-date: /home/erk/f1tenth-t3/ros2_ws/install/drive_msgs/share/drive_msgs/environment/ament_prefix_path.sh\n'}
[0.286565] (drive_msgs) StdoutLine: {'line': b'-- Up-to-date: /home/erk/f1tenth-t3/ros2_ws/install/drive_msgs/share/drive_msgs/environment/ament_prefix_path.dsv\n'}
[0.286690] (drive_msgs) StdoutLine: {'line': b'-- Up-to-date: /home/erk/f1tenth-t3/ros2_ws/install/drive_msgs/share/drive_msgs/environment/path.sh\n'}
[0.286801] (drive_msgs) StdoutLine: {'line': b'-- Up-to-date: /home/erk/f1tenth-t3/ros2_ws/install/drive_msgs/share/drive_msgs/environment/path.dsv\n'}
[0.286906] (drive_msgs) StdoutLine: {'line': b'-- Up-to-date: /home/erk/f1tenth-t3/ros2_ws/install/drive_msgs/share/drive_msgs/local_setup.bash\n'}
[0.287011] (drive_msgs) StdoutLine: {'line': b'-- Up-to-date: /home/erk/f1tenth-t3/ros2_ws/install/drive_msgs/share/drive_msgs/local_setup.sh\n'}
[0.287126] (drive_msgs) StdoutLine: {'line': b'-- Up-to-date: /home/erk/f1tenth-t3/ros2_ws/install/drive_msgs/share/drive_msgs/local_setup.zsh\n'}
[0.287230] (drive_msgs) StdoutLine: {'line': b'-- Up-to-date: /home/erk/f1tenth-t3/ros2_ws/install/drive_msgs/share/drive_msgs/local_setup.dsv\n'}
[0.287332] (drive_msgs) StdoutLine: {'line': b'-- Installing: /home/erk/f1tenth-t3/ros2_ws/install/drive_msgs/share/drive_msgs/package.dsv\n'}
[0.287446] (drive_msgs) StdoutLine: {'line': b'-- Up-to-date: /home/erk/f1tenth-t3/ros2_ws/install/drive_msgs/share/ament_index/resource_index/packages/drive_msgs\n'}
[0.287549] (drive_msgs) StdoutLine: {'line': b'-- Up-to-date: /home/erk/f1tenth-t3/ros2_ws/install/drive_msgs/share/drive_msgs/cmake/export_drive_msgs__rosidl_generator_cExport.cmake\n'}
[0.287676] (drive_msgs) StdoutLine: {'line': b'-- Up-to-date: /home/erk/f1tenth-t3/ros2_ws/install/drive_msgs/share/drive_msgs/cmake/export_drive_msgs__rosidl_generator_cExport-noconfig.cmake\n'}
[0.287781] (drive_msgs) StdoutLine: {'line': b'-- Up-to-date: /home/erk/f1tenth-t3/ros2_ws/install/drive_msgs/share/drive_msgs/cmake/export_drive_msgs__rosidl_typesupport_fastrtps_cExport.cmake\n'}
[0.287894] (drive_msgs) StdoutLine: {'line': b'-- Up-to-date: /home/erk/f1tenth-t3/ros2_ws/install/drive_msgs/share/drive_msgs/cmake/export_drive_msgs__rosidl_typesupport_fastrtps_cExport-noconfig.cmake\n'}
[0.288001] (drive_msgs) StdoutLine: {'line': b'-- Up-to-date: /home/erk/f1tenth-t3/ros2_ws/install/drive_msgs/share/drive_msgs/cmake/drive_msgs__rosidl_typesupport_introspection_cExport.cmake\n'}
[0.288100] (drive_msgs) StdoutLine: {'line': b'-- Up-to-date: /home/erk/f1tenth-t3/ros2_ws/install/drive_msgs/share/drive_msgs/cmake/drive_msgs__rosidl_typesupport_introspection_cExport-noconfig.cmake\n'}
[0.288217] (drive_msgs) StdoutLine: {'line': b'-- Up-to-date: /home/erk/f1tenth-t3/ros2_ws/install/drive_msgs/share/drive_msgs/cmake/drive_msgs__rosidl_typesupport_cExport.cmake\n'}
[0.288338] (drive_msgs) StdoutLine: {'line': b'-- Up-to-date: /home/erk/f1tenth-t3/ros2_ws/install/drive_msgs/share/drive_msgs/cmake/drive_msgs__rosidl_typesupport_cExport-noconfig.cmake\n'}
[0.288454] (drive_msgs) StdoutLine: {'line': b'-- Up-to-date: /home/erk/f1tenth-t3/ros2_ws/install/drive_msgs/share/drive_msgs/cmake/export_drive_msgs__rosidl_generator_cppExport.cmake\n'}
[0.288579] (drive_msgs) StdoutLine: {'line': b'-- Up-to-date: /home/erk/f1tenth-t3/ros2_ws/install/drive_msgs/share/drive_msgs/cmake/export_drive_msgs__rosidl_typesupport_fastrtps_cppExport.cmake\n'}
[0.288681] (drive_msgs) StdoutLine: {'line': b'-- Up-to-date: /home/erk/f1tenth-t3/ros2_ws/install/drive_msgs/share/drive_msgs/cmake/export_drive_msgs__rosidl_typesupport_fastrtps_cppExport-noconfig.cmake\n'}
[0.288731] (drive_msgs) StdoutLine: {'line': b'-- Up-to-date: /home/erk/f1tenth-t3/ros2_ws/install/drive_msgs/share/drive_msgs/cmake/drive_msgs__rosidl_typesupport_introspection_cppExport.cmake\n'}
[0.288777] (drive_msgs) StdoutLine: {'line': b'-- Up-to-date: /home/erk/f1tenth-t3/ros2_ws/install/drive_msgs/share/drive_msgs/cmake/drive_msgs__rosidl_typesupport_introspection_cppExport-noconfig.cmake\n'}
[0.288823] (drive_msgs) StdoutLine: {'line': b'-- Up-to-date: /home/erk/f1tenth-t3/ros2_ws/install/drive_msgs/share/drive_msgs/cmake/drive_msgs__rosidl_typesupport_cppExport.cmake\n'}
[0.288868] (drive_msgs) StdoutLine: {'line': b'-- Up-to-date: /home/erk/f1tenth-t3/ros2_ws/install/drive_msgs/share/drive_msgs/cmake/drive_msgs__rosidl_typesupport_cppExport-noconfig.cmake\n'}
[0.288914] (drive_msgs) StdoutLine: {'line': b'-- Up-to-date: /home/erk/f1tenth-t3/ros2_ws/install/drive_msgs/share/drive_msgs/cmake/export_drive_msgs__rosidl_generator_pyExport.cmake\n'}
[0.288959] (drive_msgs) StdoutLine: {'line': b'-- Up-to-date: /home/erk/f1tenth-t3/ros2_ws/install/drive_msgs/share/drive_msgs/cmake/export_drive_msgs__rosidl_generator_pyExport-noconfig.cmake\n'}
[0.289020] (drive_msgs) StdoutLine: {'line': b'-- Up-to-date: /home/erk/f1tenth-t3/ros2_ws/install/drive_msgs/share/drive_msgs/cmake/rosidl_cmake-extras.cmake\n'}
[0.289062] (drive_msgs) StdoutLine: {'line': b'-- Up-to-date: /home/erk/f1tenth-t3/ros2_ws/install/drive_msgs/share/drive_msgs/cmake/ament_cmake_export_include_directories-extras.cmake\n'}
[0.289103] (drive_msgs) StdoutLine: {'line': b'-- Up-to-date: /home/erk/f1tenth-t3/ros2_ws/install/drive_msgs/share/drive_msgs/cmake/ament_cmake_export_libraries-extras.cmake\n'}
[0.289143] (drive_msgs) StdoutLine: {'line': b'-- Up-to-date: /home/erk/f1tenth-t3/ros2_ws/install/drive_msgs/share/drive_msgs/cmake/ament_cmake_export_targets-extras.cmake\n'}
[0.289184] (drive_msgs) StdoutLine: {'line': b'-- Up-to-date: /home/erk/f1tenth-t3/ros2_ws/install/drive_msgs/share/drive_msgs/cmake/rosidl_cmake_export_typesupport_targets-extras.cmake\n'}
[0.289232] (drive_msgs) StdoutLine: {'line': b'-- Up-to-date: /home/erk/f1tenth-t3/ros2_ws/install/drive_msgs/share/drive_msgs/cmake/ament_cmake_export_dependencies-extras.cmake\n'}
[0.289279] (drive_msgs) StdoutLine: {'line': b'-- Up-to-date: /home/erk/f1tenth-t3/ros2_ws/install/drive_msgs/share/drive_msgs/cmake/rosidl_cmake_export_typesupport_libraries-extras.cmake\n'}
[0.289324] (drive_msgs) StdoutLine: {'line': b'-- Up-to-date: /home/erk/f1tenth-t3/ros2_ws/install/drive_msgs/share/drive_msgs/cmake/drive_msgsConfig.cmake\n'}
[0.289369] (drive_msgs) StdoutLine: {'line': b'-- Up-to-date: /home/erk/f1tenth-t3/ros2_ws/install/drive_msgs/share/drive_msgs/cmake/drive_msgsConfig-version.cmake\n'}
[0.289413] (drive_msgs) StdoutLine: {'line': b'-- Up-to-date: /home/erk/f1tenth-t3/ros2_ws/install/drive_msgs/share/drive_msgs/package.xml\n'}
[0.290197] (drive_msgs) CommandEnded: {'returncode': 0}
[0.299825] (-) TimerEvent: {}
[0.304178] (drive_msgs) JobEnded: {'identifier': 'drive_msgs', 'rc': 0}
[0.304595] (car_control) JobStarted: {'identifier': 'car_control'}
[0.306325] (wallfollowing2) JobStarted: {'identifier': 'wallfollowing2'}
[0.309323] (car_control) JobProgress: {'identifier': 'car_control', 'progress': 'cmake'}
[0.309726] (car_control) JobProgress: {'identifier': 'car_control', 'progress': 'build'}
[0.310239] (car_control) Command: {'cmd': ['/usr/bin/cmake', '--build', '/home/erk/f1tenth-t3/ros2_ws/build/car_control', '--', '-j12', '-l12'], 'cwd': '/home/erk/f1tenth-t3/ros2_ws/build/car_control', 'env': OrderedDict([('USER', 'erk'), ('XDG_SESSION_TYPE', 'wayland'), ('ROS_PACKAGE_PATH', '/home/erk/f1tenth-t3/ros2_ws/install/drive_msgs/share'), ('SHLVL', '1'), ('LD_LIBRARY_PATH', '/home/erk/f1tenth-t3/ros2_ws/install/drive_msgs/lib:/opt/ros/humble/opt/rviz_ogre_vendor/lib:/opt/ros/humble/lib/x86_64-linux-gnu:/opt/ros/humble/lib'), ('OLDPWD', '/home/erk'), ('HOME', '/home/erk'), ('DESKTOP_SESSION', 'ubuntu'), ('GTK_MODULES', 'gail:atk-bridge'), ('GNOME_SHELL_SESSION_MODE', 'ubuntu'), ('ROS_PYTHON_VERSION', '3'), ('SYSTEMD_EXEC_PID', '1877'), ('DBUS_SESSION_BUS_ADDRESS', 'unix:path=/run/user/1000/bus'), ('COLORTERM', 'truecolor'), ('WAYLAND_DISPLAY', 'wayland-0'), ('ROS_DISTRO', 'humble'), ('LOGNAME', 'erk'), ('_', '/usr/bin/colcon'), ('XDG_SESSION_CLASS', 'user'), ('ROS_VERSION', '2'), ('PKG_CONFIG_PATH', '/home/erk/f1tenth-t3/ros2_ws/install/drive_msgs/lib/x86_64-linux-gnu/pkgconfig:/home/erk/f1tenth-t3/ros2_ws/install/drive_msgs/lib/pkgconfig'), ('USERNAME', 'erk'), ('TERM', 'xterm-256color'), ('GNOME_DESKTOP_SESSION_ID', 'this-is-deprecated'), ('ROS_LOCALHOST_ONLY', '0'), ('PATH', '/opt/ros/humble/bin:/usr/local/sbin:/usr/local/bin:/usr/sbin:/usr/bin:/sbin:/bin:/usr/games:/usr/local/games:/snap/bin:/snap/bin'), ('SESSION_MANAGER', 'local/erk-MS-7B48:@/tmp/.ICE-unix/1847,unix/erk-MS-7B48:/tmp/.ICE-unix/1847'), ('GNOME_TERMINAL_SCREEN', '/org/gnome/Terminal/screen/49e440ce_cd5b_4187_bfb5_9a9e8f7267af'), ('XDG_MENU_PREFIX', 'gnome-'), ('GNOME_SETUP_DISPLAY', ':1'), ('XDG_RUNTIME_DIR', '/run/user/1000'), ('DISPLAY', ':0'), ('LANG', 'en_US.UTF-8'), ('XDG_CURRENT_DESKTOP', 'ubuntu:GNOME'), ('XDG_SESSION_DESKTOP', 'ubuntu'), ('GNOME_TERMINAL_SERVICE', ':1.207'), ('XMODIFIERS', '@im=ibus'), ('XAUTHORITY', '/run/user/1000/.mutter-Xwaylandauth.2252J3'), ('SSH_AUTH_SOCK', '/run/user/1000/keyring/ssh'), ('SSH_AGENT_LAUNCHER', 'gnome-keyring'), ('AMENT_PREFIX_PATH', '/opt/ros/humble'), ('SHELL', '/usr/bin/zsh'), ('QT_ACCESSIBILITY', '1'), ('GDMSESSION', 'ubuntu'), ('QT_IM_MODULE', 'ibus'), ('PWD', '/home/erk/f1tenth-t3/ros2_ws/build/car_control'), ('XDG_DATA_DIRS', '/usr/local/share/:/usr/share/:/var/lib/snapd/desktop'), ('PYTHONPATH', '/home/erk/f1tenth-t3/ros2_ws/install/drive_msgs/local/lib/python3.10/dist-packages:/opt/ros/humble/lib/python3.10/site-packages:/opt/ros/humble/local/lib/python3.10/dist-packages'), ('COLCON', '1'), ('VTE_VERSION', '6800'), ('CMAKE_PREFIX_PATH', '/home/erk/f1tenth-t3/ros2_ws/install/drive_msgs')]), 'shell': False}
[0.348634] (car_control) StdoutLine: {'line': b'[ 80%] Built target car_controller\n'}
[0.348791] (car_control) StdoutLine: {'line': b'[100%] Built target drive_parameters_multiplexer\n'}
[0.399921] (-) TimerEvent: {}
[0.488951] (car_control) CommandEnded: {'returncode': 0}
[0.489553] (car_control) JobProgress: {'identifier': 'car_control', 'progress': 'install'}
[0.490053] (car_control) Command: {'cmd': ['/usr/bin/cmake', '--install', '/home/erk/f1tenth-t3/ros2_ws/build/car_control'], 'cwd': '/home/erk/f1tenth-t3/ros2_ws/build/car_control', 'env': OrderedDict([('USER', 'erk'), ('XDG_SESSION_TYPE', 'wayland'), ('ROS_PACKAGE_PATH', '/home/erk/f1tenth-t3/ros2_ws/install/drive_msgs/share'), ('SHLVL', '1'), ('LD_LIBRARY_PATH', '/home/erk/f1tenth-t3/ros2_ws/install/drive_msgs/lib:/opt/ros/humble/opt/rviz_ogre_vendor/lib:/opt/ros/humble/lib/x86_64-linux-gnu:/opt/ros/humble/lib'), ('OLDPWD', '/home/erk'), ('HOME', '/home/erk'), ('DESKTOP_SESSION', 'ubuntu'), ('GTK_MODULES', 'gail:atk-bridge'), ('GNOME_SHELL_SESSION_MODE', 'ubuntu'), ('ROS_PYTHON_VERSION', '3'), ('SYSTEMD_EXEC_PID', '1877'), ('DBUS_SESSION_BUS_ADDRESS', 'unix:path=/run/user/1000/bus'), ('COLORTERM', 'truecolor'), ('WAYLAND_DISPLAY', 'wayland-0'), ('ROS_DISTRO', 'humble'), ('LOGNAME', 'erk'), ('_', '/usr/bin/colcon'), ('XDG_SESSION_CLASS', 'user'), ('ROS_VERSION', '2'), ('PKG_CONFIG_PATH', '/home/erk/f1tenth-t3/ros2_ws/install/drive_msgs/lib/x86_64-linux-gnu/pkgconfig:/home/erk/f1tenth-t3/ros2_ws/install/drive_msgs/lib/pkgconfig'), ('USERNAME', 'erk'), ('TERM', 'xterm-256color'), ('GNOME_DESKTOP_SESSION_ID', 'this-is-deprecated'), ('ROS_LOCALHOST_ONLY', '0'), ('PATH', '/opt/ros/humble/bin:/usr/local/sbin:/usr/local/bin:/usr/sbin:/usr/bin:/sbin:/bin:/usr/games:/usr/local/games:/snap/bin:/snap/bin'), ('SESSION_MANAGER', 'local/erk-MS-7B48:@/tmp/.ICE-unix/1847,unix/erk-MS-7B48:/tmp/.ICE-unix/1847'), ('GNOME_TERMINAL_SCREEN', '/org/gnome/Terminal/screen/49e440ce_cd5b_4187_bfb5_9a9e8f7267af'), ('XDG_MENU_PREFIX', 'gnome-'), ('GNOME_SETUP_DISPLAY', ':1'), ('XDG_RUNTIME_DIR', '/run/user/1000'), ('DISPLAY', ':0'), ('LANG', 'en_US.UTF-8'), ('XDG_CURRENT_DESKTOP', 'ubuntu:GNOME'), ('XDG_SESSION_DESKTOP', 'ubuntu'), ('GNOME_TERMINAL_SERVICE', ':1.207'), ('XMODIFIERS', '@im=ibus'), ('XAUTHORITY', '/run/user/1000/.mutter-Xwaylandauth.2252J3'), ('SSH_AUTH_SOCK', '/run/user/1000/keyring/ssh'), ('SSH_AGENT_LAUNCHER', 'gnome-keyring'), ('AMENT_PREFIX_PATH', '/opt/ros/humble'), ('SHELL', '/usr/bin/zsh'), ('QT_ACCESSIBILITY', '1'), ('GDMSESSION', 'ubuntu'), ('QT_IM_MODULE', 'ibus'), ('PWD', '/home/erk/f1tenth-t3/ros2_ws/build/car_control'), ('XDG_DATA_DIRS', '/usr/local/share/:/usr/share/:/var/lib/snapd/desktop'), ('PYTHONPATH', '/home/erk/f1tenth-t3/ros2_ws/install/drive_msgs/local/lib/python3.10/dist-packages:/opt/ros/humble/lib/python3.10/site-packages:/opt/ros/humble/local/lib/python3.10/dist-packages'), ('COLCON', '1'), ('VTE_VERSION', '6800'), ('CMAKE_PREFIX_PATH', '/home/erk/f1tenth-t3/ros2_ws/install/drive_msgs')]), 'shell': False}
[0.495091] (car_control) StdoutLine: {'line': b'-- Install configuration: ""\n'}
[0.495257] (car_control) StdoutLine: {'line': b'-- Up-to-date: /home/erk/f1tenth-t3/ros2_ws/install/car_control/lib/car_control/drive_parameters_multiplexer\n'}
[0.495530] (car_control) StdoutLine: {'line': b'-- Up-to-date: /home/erk/f1tenth-t3/ros2_ws/install/car_control/lib/car_control/car_controller\n'}
[0.495706] (car_control) StdoutLine: {'line': b'-- Up-to-date: /home/erk/f1tenth-t3/ros2_ws/install/car_control/include/\n'}
[0.495789] (car_control) StdoutLine: {'line': b'-- Up-to-date: /home/erk/f1tenth-t3/ros2_ws/install/car_control/include//car_control\n'}
[0.495893] (car_control) StdoutLine: {'line': b'-- Up-to-date: /home/erk/f1tenth-t3/ros2_ws/install/car_control/include//car_control/car_config.hpp\n'}
[0.496020] (car_control) StdoutLine: {'line': b'-- Up-to-date: /home/erk/f1tenth-t3/ros2_ws/install/car_control/include//car_control/drive_mode.hpp\n'}
[0.496120] (car_control) StdoutLine: {'line': b'-- Up-to-date: /home/erk/f1tenth-t3/ros2_ws/install/car_control/include//car_control/drive_parameters_source.hpp\n'}
[0.496188] (car_control) StdoutLine: {'line': b'-- Up-to-date: /home/erk/f1tenth-t3/ros2_ws/install/car_control/include//car_control/car_controller.hpp\n'}
[0.496275] (car_control) StdoutLine: {'line': b'-- Up-to-date: /home/erk/f1tenth-t3/ros2_ws/install/car_control/include//car_control/drive_parameters_multiplexer.hpp\n'}
[0.496366] (car_control) StdoutLine: {'line': b'-- Up-to-date: /home/erk/f1tenth-t3/ros2_ws/install/car_control/share/ament_index/resource_index/package_run_dependencies/car_control\n'}
[0.496434] (car_control) StdoutLine: {'line': b'-- Up-to-date: /home/erk/f1tenth-t3/ros2_ws/install/car_control/share/ament_index/resource_index/parent_prefix_path/car_control\n'}
[0.496501] (car_control) StdoutLine: {'line': b'-- Up-to-date: /home/erk/f1tenth-t3/ros2_ws/install/car_control/share/car_control/environment/ament_prefix_path.sh\n'}
[0.496575] (car_control) StdoutLine: {'line': b'-- Up-to-date: /home/erk/f1tenth-t3/ros2_ws/install/car_control/share/car_control/environment/ament_prefix_path.dsv\n'}
[0.496698] (car_control) StdoutLine: {'line': b'-- Up-to-date: /home/erk/f1tenth-t3/ros2_ws/install/car_control/share/car_control/environment/path.sh\n'}
[0.496752] (car_control) StdoutLine: {'line': b'-- Up-to-date: /home/erk/f1tenth-t3/ros2_ws/install/car_control/share/car_control/environment/path.dsv\n'}
[0.496795] (car_control) StdoutLine: {'line': b'-- Up-to-date: /home/erk/f1tenth-t3/ros2_ws/install/car_control/share/car_control/local_setup.bash\n'}
[0.496837] (car_control) StdoutLine: {'line': b'-- Up-to-date: /home/erk/f1tenth-t3/ros2_ws/install/car_control/share/car_control/local_setup.sh\n'}
[0.496877] (car_control) StdoutLine: {'line': b'-- Up-to-date: /home/erk/f1tenth-t3/ros2_ws/install/car_control/share/car_control/local_setup.zsh\n'}
[0.496924] (car_control) StdoutLine: {'line': b'-- Up-to-date: /home/erk/f1tenth-t3/ros2_ws/install/car_control/share/car_control/local_setup.dsv\n'}
[0.496964] (car_control) StdoutLine: {'line': b'-- Installing: /home/erk/f1tenth-t3/ros2_ws/install/car_control/share/car_control/package.dsv\n'}
[0.497004] (car_control) StdoutLine: {'line': b'-- Up-to-date: /home/erk/f1tenth-t3/ros2_ws/install/car_control/share/ament_index/resource_index/packages/car_control\n'}
[0.497043] (car_control) StdoutLine: {'line': b'-- Up-to-date: /home/erk/f1tenth-t3/ros2_ws/install/car_control/share/car_control/cmake/car_controlConfig.cmake\n'}
[0.497086] (car_control) StdoutLine: {'line': b'-- Up-to-date: /home/erk/f1tenth-t3/ros2_ws/install/car_control/share/car_control/cmake/car_controlConfig-version.cmake\n'}
[0.497129] (car_control) StdoutLine: {'line': b'-- Up-to-date: /home/erk/f1tenth-t3/ros2_ws/install/car_control/share/car_control/package.xml\n'}
[0.497527] (car_control) CommandEnded: {'returncode': 0}
[0.500215] (-) TimerEvent: {}
[0.505341] (car_control) JobEnded: {'identifier': 'car_control', 'rc': 0}
[0.600312] (-) TimerEvent: {}
[0.700502] (-) TimerEvent: {}
[0.716562] (wallfollowing2) Command: {'cmd': ['/usr/bin/python3', '-W', 'ignore:setup.py install is deprecated', '-W', 'ignore:easy_install command is deprecated', 'setup.py', 'egg_info', '--egg-base', '../../build/wallfollowing2', 'build', '--build-base', '/home/erk/f1tenth-t3/ros2_ws/build/wallfollowing2/build', 'install', '--record', '/home/erk/f1tenth-t3/ros2_ws/build/wallfollowing2/install.log', '--single-version-externally-managed', 'install_data'], 'cwd': '/home/erk/f1tenth-t3/ros2_ws/src/wallfollowing2', 'env': {'USER': 'erk', 'XDG_SESSION_TYPE': 'wayland', 'ROS_PACKAGE_PATH': '/home/erk/f1tenth-t3/ros2_ws/install/drive_msgs/share', 'SHLVL': '1', 'LD_LIBRARY_PATH': '/home/erk/f1tenth-t3/ros2_ws/install/drive_msgs/lib:/opt/ros/humble/opt/rviz_ogre_vendor/lib:/opt/ros/humble/lib/x86_64-linux-gnu:/opt/ros/humble/lib', 'OLDPWD': '/home/erk', 'HOME': '/home/erk', 'DESKTOP_SESSION': 'ubuntu', 'GTK_MODULES': 'gail:atk-bridge', 'GNOME_SHELL_SESSION_MODE': 'ubuntu', 'ROS_PYTHON_VERSION': '3', 'SYSTEMD_EXEC_PID': '1877', 'DBUS_SESSION_BUS_ADDRESS': 'unix:path=/run/user/1000/bus', 'COLORTERM': 'truecolor', 'WAYLAND_DISPLAY': 'wayland-0', 'ROS_DISTRO': 'humble', 'LOGNAME': 'erk', '_': '/usr/bin/colcon', 'XDG_SESSION_CLASS': 'user', 'ROS_VERSION': '2', 'PKG_CONFIG_PATH': '/home/erk/f1tenth-t3/ros2_ws/install/drive_msgs/lib/x86_64-linux-gnu/pkgconfig:/home/erk/f1tenth-t3/ros2_ws/install/drive_msgs/lib/pkgconfig', 'USERNAME': 'erk', 'TERM': 'xterm-256color', 'GNOME_DESKTOP_SESSION_ID': 'this-is-deprecated', 'ROS_LOCALHOST_ONLY': '0', 'PATH': '/opt/ros/humble/bin:/usr/local/sbin:/usr/local/bin:/usr/sbin:/usr/bin:/sbin:/bin:/usr/games:/usr/local/games:/snap/bin:/snap/bin', 'SESSION_MANAGER': 'local/erk-MS-7B48:@/tmp/.ICE-unix/1847,unix/erk-MS-7B48:/tmp/.ICE-unix/1847', 'GNOME_TERMINAL_SCREEN': '/org/gnome/Terminal/screen/49e440ce_cd5b_4187_bfb5_9a9e8f7267af', 'XDG_MENU_PREFIX': 'gnome-', 'GNOME_SETUP_DISPLAY': ':1', 'XDG_RUNTIME_DIR': '/run/user/1000', 'DISPLAY': ':0', 'LANG': 'en_US.UTF-8', 'XDG_CURRENT_DESKTOP': 'ubuntu:GNOME', 'XDG_SESSION_DESKTOP': 'ubuntu', 'GNOME_TERMINAL_SERVICE': ':1.207', 'XMODIFIERS': '@im=ibus', 'XAUTHORITY': '/run/user/1000/.mutter-Xwaylandauth.2252J3', 'SSH_AUTH_SOCK': '/run/user/1000/keyring/ssh', 'SSH_AGENT_LAUNCHER': 'gnome-keyring', 'AMENT_PREFIX_PATH': '/opt/ros/humble', 'SHELL': '/usr/bin/zsh', 'QT_ACCESSIBILITY': '1', 'GDMSESSION': 'ubuntu', 'QT_IM_MODULE': 'ibus', 'PWD': '/home/erk/f1tenth-t3/ros2_ws/build/wallfollowing2', 'XDG_DATA_DIRS': '/usr/local/share/:/usr/share/:/var/lib/snapd/desktop', 'PYTHONPATH': '/home/erk/f1tenth-t3/ros2_ws/build/wallfollowing2/prefix_override:/usr/lib/python3/dist-packages/colcon_core/task/python/colcon_distutils_commands:/home/erk/f1tenth-t3/ros2_ws/install/wallfollowing2/lib/python3.10/site-packages:/home/erk/f1tenth-t3/ros2_ws/install/drive_msgs/local/lib/python3.10/dist-packages:/opt/ros/humble/lib/python3.10/site-packages:/opt/ros/humble/local/lib/python3.10/dist-packages', 'COLCON': '1', 'VTE_VERSION': '6800', 'CMAKE_PREFIX_PATH': '/home/erk/f1tenth-t3/ros2_ws/install/drive_msgs'}, 'shell': False}
[0.800601] (-) TimerEvent: {}
[0.884310] (wallfollowing2) StdoutLine: {'line': b'running egg_info\n'}
[0.884891] (wallfollowing2) StdoutLine: {'line': b'writing ../../build/wallfollowing2/wallfollowing2.egg-info/PKG-INFO\n'}
[0.885024] (wallfollowing2) StdoutLine: {'line': b'writing dependency_links to ../../build/wallfollowing2/wallfollowing2.egg-info/dependency_links.txt\n'}
[0.885137] (wallfollowing2) StdoutLine: {'line': b'writing entry points to ../../build/wallfollowing2/wallfollowing2.egg-info/entry_points.txt\n'}
[0.885271] (wallfollowing2) StdoutLine: {'line': b'writing requirements to ../../build/wallfollowing2/wallfollowing2.egg-info/requires.txt\n'}
[0.885337] (wallfollowing2) StdoutLine: {'line': b'writing top-level names to ../../build/wallfollowing2/wallfollowing2.egg-info/top_level.txt\n'}
[0.886281] (wallfollowing2) StdoutLine: {'line': b"reading manifest file '../../build/wallfollowing2/wallfollowing2.egg-info/SOURCES.txt'\n"}
[0.886872] (wallfollowing2) StdoutLine: {'line': b"writing manifest file '../../build/wallfollowing2/wallfollowing2.egg-info/SOURCES.txt'\n"}
[0.886988] (wallfollowing2) StdoutLine: {'line': b'running build\n'}
[0.887036] (wallfollowing2) StdoutLine: {'line': b'running build_py\n'}
[0.887211] (wallfollowing2) StdoutLine: {'line': b'running install\n'}
[0.887399] (wallfollowing2) StdoutLine: {'line': b'running install_lib\n'}
[0.888177] (wallfollowing2) StdoutLine: {'line': b'running install_data\n'}
[0.888268] (wallfollowing2) StdoutLine: {'line': b'running install_egg_info\n'}
[0.889386] (wallfollowing2) StdoutLine: {'line': b"removing '/home/erk/f1tenth-t3/ros2_ws/install/wallfollowing2/lib/python3.10/site-packages/wallfollowing2-0.1.0-py3.10.egg-info' (and everything under it)\n"}
[0.889574] (wallfollowing2) StdoutLine: {'line': b'Copying ../../build/wallfollowing2/wallfollowing2.egg-info to /home/erk/f1tenth-t3/ros2_ws/install/wallfollowing2/lib/python3.10/site-packages/wallfollowing2-0.1.0-py3.10.egg-info\n'}
[0.890182] (wallfollowing2) StdoutLine: {'line': b'running install_scripts\n'}
[0.900625] (-) TimerEvent: {}
[0.904045] (wallfollowing2) StdoutLine: {'line': b'Installing wallfollowing_node script to /home/erk/f1tenth-t3/ros2_ws/install/wallfollowing2/lib/wallfollowing2\n'}
[0.904286] (wallfollowing2) StdoutLine: {'line': b"writing list of installed files to '/home/erk/f1tenth-t3/ros2_ws/build/wallfollowing2/install.log'\n"}
[0.917524] (wallfollowing2) CommandEnded: {'returncode': 0}
[0.922205] (wallfollowing2) JobEnded: {'identifier': 'wallfollowing2', 'rc': 0}
[0.922957] (racer_bringup) JobStarted: {'identifier': 'racer_bringup'}
[1.000723] (-) TimerEvent: {}
[1.100915] (-) TimerEvent: {}
[1.201109] (-) TimerEvent: {}
[1.301296] (-) TimerEvent: {}
[1.332631] (racer_bringup) Command: {'cmd': ['/usr/bin/python3', '-W', 'ignore:setup.py install is deprecated', '-W', 'ignore:easy_install command is deprecated', 'setup.py', 'egg_info', '--egg-base', '../../build/racer_bringup', 'build', '--build-base', '/home/erk/f1tenth-t3/ros2_ws/build/racer_bringup/build', 'install', '--record', '/home/erk/f1tenth-t3/ros2_ws/build/racer_bringup/install.log', '--single-version-externally-managed', 'install_data'], 'cwd': '/home/erk/f1tenth-t3/ros2_ws/src/racer_bringup', 'env': {'USER': 'erk', 'XDG_SESSION_TYPE': 'wayland', 'ROS_PACKAGE_PATH': '/home/erk/f1tenth-t3/ros2_ws/install/car_control/share:/home/erk/f1tenth-t3/ros2_ws/install/drive_msgs/share', 'SHLVL': '1', 'LD_LIBRARY_PATH': '/home/erk/f1tenth-t3/ros2_ws/install/drive_msgs/lib:/opt/ros/humble/opt/rviz_ogre_vendor/lib:/opt/ros/humble/lib/x86_64-linux-gnu:/opt/ros/humble/lib', 'OLDPWD': '/home/erk', 'HOME': '/home/erk', 'DESKTOP_SESSION': 'ubuntu', 'GTK_MODULES': 'gail:atk-bridge', 'GNOME_SHELL_SESSION_MODE': 'ubuntu', 'ROS_PYTHON_VERSION': '3', 'SYSTEMD_EXEC_PID': '1877', 'DBUS_SESSION_BUS_ADDRESS': 'unix:path=/run/user/1000/bus', 'COLORTERM': 'truecolor', 'WAYLAND_DISPLAY': 'wayland-0', 'ROS_DISTRO': 'humble', 'LOGNAME': 'erk', '_': '/usr/bin/colcon', 'XDG_SESSION_CLASS': 'user', 'ROS_VERSION': '2', 'PKG_CONFIG_PATH': '/home/erk/f1tenth-t3/ros2_ws/install/car_control/lib/x86_64-linux-gnu/pkgconfig:/home/erk/f1tenth-t3/ros2_ws/install/car_control/lib/pkgconfig:/home/erk/f1tenth-t3/ros2_ws/install/drive_msgs/lib/x86_64-linux-gnu/pkgconfig:/home/erk/f1tenth-t3/ros2_ws/install/drive_msgs/lib/pkgconfig', 'USERNAME': 'erk', 'TERM': 'xterm-256color', 'GNOME_DESKTOP_SESSION_ID': 'this-is-deprecated', 'ROS_LOCALHOST_ONLY': '0', 'PATH': '/opt/ros/humble/bin:/usr/local/sbin:/usr/local/bin:/usr/sbin:/usr/bin:/sbin:/bin:/usr/games:/usr/local/games:/snap/bin:/snap/bin', 'SESSION_MANAGER': 'local/erk-MS-7B48:@/tmp/.ICE-unix/1847,unix/erk-MS-7B48:/tmp/.ICE-unix/1847', 'GNOME_TERMINAL_SCREEN': '/org/gnome/Terminal/screen/49e440ce_cd5b_4187_bfb5_9a9e8f7267af', 'XDG_MENU_PREFIX': 'gnome-', 'GNOME_SETUP_DISPLAY': ':1', 'XDG_RUNTIME_DIR': '/run/user/1000', 'DISPLAY': ':0', 'LANG': 'en_US.UTF-8', 'XDG_CURRENT_DESKTOP': 'ubuntu:GNOME', 'XDG_SESSION_DESKTOP': 'ubuntu', 'GNOME_TERMINAL_SERVICE': ':1.207', 'XMODIFIERS': '@im=ibus', 'XAUTHORITY': '/run/user/1000/.mutter-Xwaylandauth.2252J3', 'SSH_AUTH_SOCK': '/run/user/1000/keyring/ssh', 'SSH_AGENT_LAUNCHER': 'gnome-keyring', 'AMENT_PREFIX_PATH': '/home/erk/f1tenth-t3/ros2_ws/install/wallfollowing2:/opt/ros/humble', 'SHELL': '/usr/bin/zsh', 'QT_ACCESSIBILITY': '1', 'GDMSESSION': 'ubuntu', 'QT_IM_MODULE': 'ibus', 'PWD': '/home/erk/f1tenth-t3/ros2_ws/build/racer_bringup', 'XDG_DATA_DIRS': '/usr/local/share/:/usr/share/:/var/lib/snapd/desktop', 'PYTHONPATH': '/home/erk/f1tenth-t3/ros2_ws/build/racer_bringup/prefix_override:/usr/lib/python3/dist-packages/colcon_core/task/python/colcon_distutils_commands:/home/erk/f1tenth-t3/ros2_ws/install/racer_bringup/lib/python3.10/site-packages:/home/erk/f1tenth-t3/ros2_ws/install/wallfollowing2/lib/python3.10/site-packages:/home/erk/f1tenth-t3/ros2_ws/install/drive_msgs/local/lib/python3.10/dist-packages:/opt/ros/humble/lib/python3.10/site-packages:/opt/ros/humble/local/lib/python3.10/dist-packages', 'COLCON': '1', 'VTE_VERSION': '6800', 'CMAKE_PREFIX_PATH': '/home/erk/f1tenth-t3/ros2_ws/install/car_control:/home/erk/f1tenth-t3/ros2_ws/install/drive_msgs'}, 'shell': False}
[1.401390] (-) TimerEvent: {}
[1.497018] (racer_bringup) StdoutLine: {'line': b'running egg_info\n'}
[1.497431] (racer_bringup) StdoutLine: {'line': b'writing ../../build/racer_bringup/racer_bringup.egg-info/PKG-INFO\n'}
[1.497536] (racer_bringup) StdoutLine: {'line': b'writing dependency_links to ../../build/racer_bringup/racer_bringup.egg-info/dependency_links.txt\n'}
[1.497655] (racer_bringup) StdoutLine: {'line': b'writing requirements to ../../build/racer_bringup/racer_bringup.egg-info/requires.txt\n'}
[1.497771] (racer_bringup) StdoutLine: {'line': b'writing top-level names to ../../build/racer_bringup/racer_bringup.egg-info/top_level.txt\n'}
[1.498168] (racer_bringup) StdoutLine: {'line': b"reading manifest file '../../build/racer_bringup/racer_bringup.egg-info/SOURCES.txt'\n"}
[1.498700] (racer_bringup) StdoutLine: {'line': b"writing manifest file '../../build/racer_bringup/racer_bringup.egg-info/SOURCES.txt'\n"}
[1.498825] (racer_bringup) StdoutLine: {'line': b'running build\n'}
[1.498876] (racer_bringup) StdoutLine: {'line': b'running install\n'}
[1.498956] (racer_bringup) StdoutLine: {'line': b'running install_data\n'}
[1.499018] (racer_bringup) StdoutLine: {'line': b'copying launch/fortress_sim.launch.py -> /home/erk/f1tenth-t3/ros2_ws/install/racer_bringup/share/racer_bringup/launch\n'}
[1.499097] (racer_bringup) StdoutLine: {'line': b'running install_egg_info\n'}
[1.500911] (racer_bringup) StdoutLine: {'line': b"removing '/home/erk/f1tenth-t3/ros2_ws/install/racer_bringup/lib/python3.10/site-packages/racer_bringup-0.1.0-py3.10.egg-info' (and everything under it)\n"}
[1.501104] (racer_bringup) StdoutLine: {'line': b'Copying ../../build/racer_bringup/racer_bringup.egg-info to /home/erk/f1tenth-t3/ros2_ws/install/racer_bringup/lib/python3.10/site-packages/racer_bringup-0.1.0-py3.10.egg-info\n'}
[1.501460] (-) TimerEvent: {}
[1.501581] (racer_bringup) StdoutLine: {'line': b'running install_scripts\n'}
[1.514870] (racer_bringup) StdoutLine: {'line': b"writing list of installed files to '/home/erk/f1tenth-t3/ros2_ws/build/racer_bringup/install.log'\n"}
[1.528439] (racer_bringup) CommandEnded: {'returncode': 0}
[1.532523] (racer_bringup) JobEnded: {'identifier': 'racer_bringup', 'rc': 0}
[1.533036] (-) EventReactorShutdown: {}
