[0.437s] Invoking command in '/home/erk/f1tenth-t3/ros2_ws/src/wallfollowing2': CMAKE_PREFIX_PATH=/home/erk/f1tenth-t3/ros2_ws/install/drive_msgs:/home/erk/f1tenth-t3/ros2_ws/install/car_control PKG_CONFIG_PATH=/home/erk/f1tenth-t3/ros2_ws/install/drive_msgs/lib/x86_64-linux-gnu/pkgconfig:/home/erk/f1tenth-t3/ros2_ws/install/drive_msgs/lib/pkgconfig:/home/erk/f1tenth-t3/ros2_ws/install/car_control/lib/x86_64-linux-gnu/pkgconfig:/home/erk/f1tenth-t3/ros2_ws/install/car_control/lib/pkgconfig PYTHONPATH=/home/erk/f1tenth-t3/ros2_ws/build/wallfollowing2/prefix_override:/usr/lib/python3/dist-packages/colcon_core/task/python/colcon_distutils_commands:/home/erk/f1tenth-t3/ros2_ws/install/wallfollowing2/lib/python3.10/site-packages:/home/erk/f1tenth-t3/ros2_ws/install/drive_msgs/local/lib/python3.10/dist-packages:/home/erk/f1tenth-t3/ros2_ws/install/racer_bringup/lib/python3.10/site-packages:/home/erk/f1tenth-t3/ros2_ws/install/wallfollowing2/lib/python3.10/site-packages:/opt/ros/humble/lib/python3.10/site-packages:/opt/ros/humble/local/lib/python3.10/dist-packages ROS_PACKAGE_PATH=/home/erk/f1tenth-t3/ros2_ws/install/drive_msgs/share:/home/erk/f1tenth-t3/ros2_ws/install/car_control/share /usr/bin/python3 -W ignore:setup.py install is deprecated -W ignore:easy_install command is deprecated setup.py egg_info --egg-base ../../build/wallfollowing2 build --build-base /home/erk/f1tenth-t3/ros2_ws/build/wallfollowing2/build install --record /home/erk/f1tenth-t3/ros2_ws/build/wallfollowing2/install.log --single-version-externally-managed install_data
[0.612s] running egg_info
[0.612s] writing ../../build/wallfollowing2/wallfollowing2.egg-info/PKG-INFO
[0.613s] writing dependency_links to ../../build/wallfollowing2/wallfollowing2.egg-info/dependency_links.txt
[0.613s] writing entry points to ../../build/wallfollowing2/wallfollowing2.egg-info/entry_points.txt
[0.613s] writing requirements to ../../build/wallfollowing2/wallfollowing2.egg-info/requires.txt
[0.613s] writing top-level names to ../../build/wallfollowing2/wallfollowing2.egg-info/top_level.txt
[0.614s] reading manifest file '../../build/wallfollowing2/wallfollowing2.egg-info/SOURCES.txt'
[0.614s] writing manifest file '../../build/wallfollowing2/wallfollowing2.egg-info/SOURCES.txt'
[0.615s] running build
[0.615s] running build_py
[0.615s] copying wallfollowing2/wallfollowing_node.py -> /home/erk/f1tenth-t3/ros2_ws/build/wallfollowing2/build/lib/wallfollowing2
[0.615s] copying wallfollowing2/wallbalancing_node.py -> /home/erk/f1tenth-t3/ros2_ws/build/wallfollowing2/build/lib/wallfollowing2
[0.615s] running install
[0.615s] running install_lib
[0.616s] copying /home/erk/f1tenth-t3/ros2_ws/build/wallfollowing2/build/lib/wallfollowing2/wallfollowing_node.py -> /home/erk/f1tenth-t3/ros2_ws/install/wallfollowing2/lib/python3.10/site-packages/wallfollowing2
[0.616s] copying /home/erk/f1tenth-t3/ros2_ws/build/wallfollowing2/build/lib/wallfollowing2/wallbalancing_node.py -> /home/erk/f1tenth-t3/ros2_ws/install/wallfollowing2/lib/python3.10/site-packages/wallfollowing2
[0.616s] byte-compiling /home/erk/f1tenth-t3/ros2_ws/install/wallfollowing2/lib/python3.10/site-packages/wallfollowing2/wallfollowing_node.py to wallfollowing_node.cpython-310.pyc
[0.618s] byte-compiling /home/erk/f1tenth-t3/ros2_ws/install/wallfollowing2/lib/python3.10/site-packages/wallfollowing2/wallbalancing_node.py to wallbalancing_node.cpython-310.pyc
[0.619s] running install_data
[0.620s] running install_egg_info
[0.621s] removing '/home/erk/f1tenth-t3/ros2_ws/install/wallfollowing2/lib/python3.10/site-packages/wallfollowing2-0.1.0-py3.10.egg-info' (and everything under it)
[0.621s] Copying ../../build/wallfollowing2/wallfollowing2.egg-info to /home/erk/f1tenth-t3/ros2_ws/install/wallfollowing2/lib/python3.10/site-packages/wallfollowing2-0.1.0-py3.10.egg-info
[0.621s] running install_scripts
[0.635s] Installing scan_stop_reverse_test_node script to /home/erk/f1tenth-t3/ros2_ws/install/wallfollowing2/lib/wallfollowing2
[0.635s] Installing wallbalancing_node script to /home/erk/f1tenth-t3/ros2_ws/install/wallfollowing2/lib/wallfollowing2
[0.635s] Installing wallfollowing_node script to /home/erk/f1tenth-t3/ros2_ws/install/wallfollowing2/lib/wallfollowing2
[0.635s] writing list of installed files to '/home/erk/f1tenth-t3/ros2_ws/build/wallfollowing2/install.log'
[0.650s] Invoked command in '/home/erk/f1tenth-t3/ros2_ws/src/wallfollowing2' returned '0': CMAKE_PREFIX_PATH=/home/erk/f1tenth-t3/ros2_ws/install/drive_msgs:/home/erk/f1tenth-t3/ros2_ws/install/car_control PKG_CONFIG_PATH=/home/erk/f1tenth-t3/ros2_ws/install/drive_msgs/lib/x86_64-linux-gnu/pkgconfig:/home/erk/f1tenth-t3/ros2_ws/install/drive_msgs/lib/pkgconfig:/home/erk/f1tenth-t3/ros2_ws/install/car_control/lib/x86_64-linux-gnu/pkgconfig:/home/erk/f1tenth-t3/ros2_ws/install/car_control/lib/pkgconfig PYTHONPATH=/home/erk/f1tenth-t3/ros2_ws/build/wallfollowing2/prefix_override:/usr/lib/python3/dist-packages/colcon_core/task/python/colcon_distutils_commands:/home/erk/f1tenth-t3/ros2_ws/install/wallfollowing2/lib/python3.10/site-packages:/home/erk/f1tenth-t3/ros2_ws/install/drive_msgs/local/lib/python3.10/dist-packages:/home/erk/f1tenth-t3/ros2_ws/install/racer_bringup/lib/python3.10/site-packages:/home/erk/f1tenth-t3/ros2_ws/install/wallfollowing2/lib/python3.10/site-packages:/opt/ros/humble/lib/python3.10/site-packages:/opt/ros/humble/local/lib/python3.10/dist-packages ROS_PACKAGE_PATH=/home/erk/f1tenth-t3/ros2_ws/install/drive_msgs/share:/home/erk/f1tenth-t3/ros2_ws/install/car_control/share /usr/bin/python3 -W ignore:setup.py install is deprecated -W ignore:easy_install command is deprecated setup.py egg_info --egg-base ../../build/wallfollowing2 build --build-base /home/erk/f1tenth-t3/ros2_ws/build/wallfollowing2/build install --record /home/erk/f1tenth-t3/ros2_ws/build/wallfollowing2/install.log --single-version-externally-managed install_data
