[0.009s] Invoking command in '/home/erk/f1tenth-t3/ros2_ws/build/car_control': CMAKE_PREFIX_PATH=/home/erk/f1tenth-t3/ros2_ws/install/drive_msgs LD_LIBRARY_PATH=/home/erk/f1tenth-t3/ros2_ws/install/drive_msgs/lib:${LD_LIBRARY_PATH} PKG_CONFIG_PATH=/home/erk/f1tenth-t3/ros2_ws/install/drive_msgs/lib/x86_64-linux-gnu/pkgconfig:/home/erk/f1tenth-t3/ros2_ws/install/drive_msgs/lib/pkgconfig PYTHONPATH=/home/erk/f1tenth-t3/ros2_ws/install/drive_msgs/local/lib/python3.10/dist-packages:${PYTHONPATH} ROS_PACKAGE_PATH=/home/erk/f1tenth-t3/ros2_ws/install/drive_msgs/share /usr/bin/cmake --build /home/erk/f1tenth-t3/ros2_ws/build/car_control -- -j12 -l12
[0.035s] [35m[1mConsolidate compiler generated dependencies of target car_controller[0m
[0.036s] [35m[1mConsolidate compiler generated dependencies of target drive_parameters_multiplexer[0m
[0.048s] [ 20%] [32mBuilding CXX object CMakeFiles/car_controller.dir/src/car_controller.cpp.o[0m
[0.049s] [ 80%] Built target drive_parameters_multiplexer
[9.651s] [100%] [32m[1mLinking CXX executable car_controller[0m
[10.114s] [100%] Built target car_controller
[10.122s] Invoked command in '/home/erk/f1tenth-t3/ros2_ws/build/car_control' returned '0': CMAKE_PREFIX_PATH=/home/erk/f1tenth-t3/ros2_ws/install/drive_msgs LD_LIBRARY_PATH=/home/erk/f1tenth-t3/ros2_ws/install/drive_msgs/lib:${LD_LIBRARY_PATH} PKG_CONFIG_PATH=/home/erk/f1tenth-t3/ros2_ws/install/drive_msgs/lib/x86_64-linux-gnu/pkgconfig:/home/erk/f1tenth-t3/ros2_ws/install/drive_msgs/lib/pkgconfig PYTHONPATH=/home/erk/f1tenth-t3/ros2_ws/install/drive_msgs/local/lib/python3.10/dist-packages:${PYTHONPATH} ROS_PACKAGE_PATH=/home/erk/f1tenth-t3/ros2_ws/install/drive_msgs/share /usr/bin/cmake --build /home/erk/f1tenth-t3/ros2_ws/build/car_control -- -j12 -l12
[10.128s] Invoking command in '/home/erk/f1tenth-t3/ros2_ws/build/car_control': CMAKE_PREFIX_PATH=/home/erk/f1tenth-t3/ros2_ws/install/drive_msgs LD_LIBRARY_PATH=/home/erk/f1tenth-t3/ros2_ws/install/drive_msgs/lib:${LD_LIBRARY_PATH} PKG_CONFIG_PATH=/home/erk/f1tenth-t3/ros2_ws/install/drive_msgs/lib/x86_64-linux-gnu/pkgconfig:/home/erk/f1tenth-t3/ros2_ws/install/drive_msgs/lib/pkgconfig PYTHONPATH=/home/erk/f1tenth-t3/ros2_ws/install/drive_msgs/local/lib/python3.10/dist-packages:${PYTHONPATH} ROS_PACKAGE_PATH=/home/erk/f1tenth-t3/ros2_ws/install/drive_msgs/share /usr/bin/cmake --install /home/erk/f1tenth-t3/ros2_ws/build/car_control
[10.134s] -- Install configuration: ""
[10.134s] -- Installing: /home/erk/f1tenth-t3/ros2_ws/install/car_control/lib/car_control/drive_parameters_multiplexer
[10.138s] -- Set runtime path of "/home/erk/f1tenth-t3/ros2_ws/install/car_control/lib/car_control/drive_parameters_multiplexer" to ""
[10.138s] -- Installing: /home/erk/f1tenth-t3/ros2_ws/install/car_control/lib/car_control/car_controller
[10.142s] -- Set runtime path of "/home/erk/f1tenth-t3/ros2_ws/install/car_control/lib/car_control/car_controller" to ""
[10.142s] -- Installing: /home/erk/f1tenth-t3/ros2_ws/install/car_control/include/
[10.142s] -- Installing: /home/erk/f1tenth-t3/ros2_ws/install/car_control/include//car_control
[10.143s] -- Installing: /home/erk/f1tenth-t3/ros2_ws/install/car_control/include//car_control/car_config.hpp
[10.143s] -- Installing: /home/erk/f1tenth-t3/ros2_ws/install/car_control/include//car_control/drive_mode.hpp
[10.143s] -- Installing: /home/erk/f1tenth-t3/ros2_ws/install/car_control/include//car_control/drive_parameters_source.hpp
[10.143s] -- Installing: /home/erk/f1tenth-t3/ros2_ws/install/car_control/include//car_control/car_controller.hpp
[10.143s] -- Installing: /home/erk/f1tenth-t3/ros2_ws/install/car_control/include//car_control/drive_parameters_multiplexer.hpp
[10.143s] -- Installing: /home/erk/f1tenth-t3/ros2_ws/install/car_control/share/ament_index/resource_index/package_run_dependencies/car_control
[10.143s] -- Installing: /home/erk/f1tenth-t3/ros2_ws/install/car_control/share/ament_index/resource_index/parent_prefix_path/car_control
[10.143s] -- Installing: /home/erk/f1tenth-t3/ros2_ws/install/car_control/share/car_control/environment/ament_prefix_path.sh
[10.143s] -- Installing: /home/erk/f1tenth-t3/ros2_ws/install/car_control/share/car_control/environment/ament_prefix_path.dsv
[10.143s] -- Installing: /home/erk/f1tenth-t3/ros2_ws/install/car_control/share/car_control/environment/path.sh
[10.143s] -- Installing: /home/erk/f1tenth-t3/ros2_ws/install/car_control/share/car_control/environment/path.dsv
[10.144s] -- Installing: /home/erk/f1tenth-t3/ros2_ws/install/car_control/share/car_control/local_setup.bash
[10.144s] -- Installing: /home/erk/f1tenth-t3/ros2_ws/install/car_control/share/car_control/local_setup.sh
[10.144s] -- Installing: /home/erk/f1tenth-t3/ros2_ws/install/car_control/share/car_control/local_setup.zsh
[10.144s] -- Installing: /home/erk/f1tenth-t3/ros2_ws/install/car_control/share/car_control/local_setup.dsv
[10.144s] -- Installing: /home/erk/f1tenth-t3/ros2_ws/install/car_control/share/car_control/package.dsv
[10.144s] -- Installing: /home/erk/f1tenth-t3/ros2_ws/install/car_control/share/ament_index/resource_index/packages/car_control
[10.144s] -- Installing: /home/erk/f1tenth-t3/ros2_ws/install/car_control/share/car_control/cmake/car_controlConfig.cmake
[10.144s] -- Installing: /home/erk/f1tenth-t3/ros2_ws/install/car_control/share/car_control/cmake/car_controlConfig-version.cmake
[10.144s] -- Installing: /home/erk/f1tenth-t3/ros2_ws/install/car_control/share/car_control/package.xml
[10.146s] Invoked command in '/home/erk/f1tenth-t3/ros2_ws/build/car_control' returned '0': CMAKE_PREFIX_PATH=/home/erk/f1tenth-t3/ros2_ws/install/drive_msgs LD_LIBRARY_PATH=/home/erk/f1tenth-t3/ros2_ws/install/drive_msgs/lib:${LD_LIBRARY_PATH} PKG_CONFIG_PATH=/home/erk/f1tenth-t3/ros2_ws/install/drive_msgs/lib/x86_64-linux-gnu/pkgconfig:/home/erk/f1tenth-t3/ros2_ws/install/drive_msgs/lib/pkgconfig PYTHONPATH=/home/erk/f1tenth-t3/ros2_ws/install/drive_msgs/local/lib/python3.10/dist-packages:${PYTHONPATH} ROS_PACKAGE_PATH=/home/erk/f1tenth-t3/ros2_ws/install/drive_msgs/share /usr/bin/cmake --install /home/erk/f1tenth-t3/ros2_ws/build/car_control
