running egg_info
creating ../../build/wallfollowing2/wallfollowing2.egg-info
writing ../../build/wallfollowing2/wallfollowing2.egg-info/PKG-INFO
writing dependency_links to ../../build/wallfollowing2/wallfollowing2.egg-info/dependency_links.txt
writing entry points to ../../build/wallfollowing2/wallfollowing2.egg-info/entry_points.txt
writing requirements to ../../build/wallfollowing2/wallfollowing2.egg-info/requires.txt
writing top-level names to ../../build/wallfollowing2/wallfollowing2.egg-info/top_level.txt
writing manifest file '../../build/wallfollowing2/wallfollowing2.egg-info/SOURCES.txt'
reading manifest file '../../build/wallfollowing2/wallfollowing2.egg-info/SOURCES.txt'
writing manifest file '../../build/wallfollowing2/wallfollowing2.egg-info/SOURCES.txt'
running build
running build_py
creating /home/erk/f1tenth-t3/ros2_ws/build/wallfollowing2/build
creating /home/erk/f1tenth-t3/ros2_ws/build/wallfollowing2/build/lib
creating /home/erk/f1tenth-t3/ros2_ws/build/wallfollowing2/build/lib/wallfollowing2
copying wallfollowing2/__init__.py -> /home/erk/f1tenth-t3/ros2_ws/build/wallfollowing2/build/lib/wallfollowing2
copying wallfollowing2/circle.py -> /home/erk/f1tenth-t3/ros2_ws/build/wallfollowing2/build/lib/wallfollowing2
copying wallfollowing2/wallfollowing_node.py -> /home/erk/f1tenth-t3/ros2_ws/build/wallfollowing2/build/lib/wallfollowing2
copying wallfollowing2/rviz_geometry.py -> /home/erk/f1tenth-t3/ros2_ws/build/wallfollowing2/build/lib/wallfollowing2
running install
running install_lib
creating /home/erk/f1tenth-t3/ros2_ws/install/wallfollowing2/lib/python3.10/site-packages/wallfollowing2
copying /home/erk/f1tenth-t3/ros2_ws/build/wallfollowing2/build/lib/wallfollowing2/__init__.py -> /home/erk/f1tenth-t3/ros2_ws/install/wallfollowing2/lib/python3.10/site-packages/wallfollowing2
copying /home/erk/f1tenth-t3/ros2_ws/build/wallfollowing2/build/lib/wallfollowing2/circle.py -> /home/erk/f1tenth-t3/ros2_ws/install/wallfollowing2/lib/python3.10/site-packages/wallfollowing2
copying /home/erk/f1tenth-t3/ros2_ws/build/wallfollowing2/build/lib/wallfollowing2/wallfollowing_node.py -> /home/erk/f1tenth-t3/ros2_ws/install/wallfollowing2/lib/python3.10/site-packages/wallfollowing2
copying /home/erk/f1tenth-t3/ros2_ws/build/wallfollowing2/build/lib/wallfollowing2/rviz_geometry.py -> /home/erk/f1tenth-t3/ros2_ws/install/wallfollowing2/lib/python3.10/site-packages/wallfollowing2
byte-compiling /home/erk/f1tenth-t3/ros2_ws/install/wallfollowing2/lib/python3.10/site-packages/wallfollowing2/__init__.py to __init__.cpython-310.pyc
byte-compiling /home/erk/f1tenth-t3/ros2_ws/install/wallfollowing2/lib/python3.10/site-packages/wallfollowing2/circle.py to circle.cpython-310.pyc
byte-compiling /home/erk/f1tenth-t3/ros2_ws/install/wallfollowing2/lib/python3.10/site-packages/wallfollowing2/wallfollowing_node.py to wallfollowing_node.cpython-310.pyc
byte-compiling /home/erk/f1tenth-t3/ros2_ws/install/wallfollowing2/lib/python3.10/site-packages/wallfollowing2/rviz_geometry.py to rviz_geometry.cpython-310.pyc
running install_data
creating /home/erk/f1tenth-t3/ros2_ws/install/wallfollowing2/share/ament_index
creating /home/erk/f1tenth-t3/ros2_ws/install/wallfollowing2/share/ament_index/resource_index
creating /home/erk/f1tenth-t3/ros2_ws/install/wallfollowing2/share/ament_index/resource_index/packages
copying resource/wallfollowing2 -> /home/erk/f1tenth-t3/ros2_ws/install/wallfollowing2/share/ament_index/resource_index/packages
copying package.xml -> /home/erk/f1tenth-t3/ros2_ws/install/wallfollowing2/share/wallfollowing2
running install_egg_info
Copying ../../build/wallfollowing2/wallfollowing2.egg-info to /home/erk/f1tenth-t3/ros2_ws/install/wallfollowing2/lib/python3.10/site-packages/wallfollowing2-0.1.0-py3.10.egg-info
running install_scripts
Installing wallfollowing_node script to /home/erk/f1tenth-t3/ros2_ws/install/wallfollowing2/lib/wallfollowing2
writing list of installed files to '/home/erk/f1tenth-t3/ros2_ws/build/wallfollowing2/install.log'
