[0.026s] Invoking command in '/home/f1tt3/f1tenth-t3/ros2_ws/build/drive_msgs': /usr/bin/cmake --build /home/f1tt3/f1tenth-t3/ros2_ws/build/drive_msgs -- -j6 -l6
[0.189s] [  3%] Built target drive_msgs__cpp
[0.202s] [ 12%] Built target drive_msgs__rosidl_generator_c
[0.219s] [ 12%] Built target ament_cmake_python_copy_drive_msgs
[0.242s] [ 35%] Built target drive_msgs__rosidl_typesupport_introspection_c
[0.243s] [ 41%] Built target drive_msgs__rosidl_typesupport_cpp
[0.244s] [ 51%] Built target drive_msgs__rosidl_typesupport_introspection_cpp
[0.244s] [ 51%] Built target drive_msgs__rosidl_typesupport_fastrtps_cpp
[0.250s] [ 61%] Built target drive_msgs__rosidl_typesupport_fastrtps_c
[0.266s] [ 70%] Built target drive_msgs__rosidl_typesupport_c
[0.305s] [ 70%] Built target drive_msgs
[0.349s] [ 74%] Built target drive_msgs__py
[0.395s] [ 80%] Built target drive_msgs__rosidl_generator_py
[0.436s] [ 93%] Built target drive_msgs__rosidl_typesupport_introspection_c__pyext
[0.436s] [ 93%] Built target drive_msgs__rosidl_typesupport_fastrtps_c__pyext
[0.440s] [100%] Built target drive_msgs__rosidl_typesupport_c__pyext
[0.714s] running egg_info
[0.715s] writing drive_msgs.egg-info/PKG-INFO
[0.715s] writing dependency_links to drive_msgs.egg-info/dependency_links.txt
[0.716s] writing top-level names to drive_msgs.egg-info/top_level.txt
[0.722s] reading manifest file 'drive_msgs.egg-info/SOURCES.txt'
[0.723s] writing manifest file 'drive_msgs.egg-info/SOURCES.txt'
[0.792s] [100%] Built target ament_cmake_python_build_drive_msgs_egg
[0.820s] Invoked command in '/home/f1tt3/f1tenth-t3/ros2_ws/build/drive_msgs' returned '0': /usr/bin/cmake --build /home/f1tt3/f1tenth-t3/ros2_ws/build/drive_msgs -- -j6 -l6
[0.849s] Invoking command in '/home/f1tt3/f1tenth-t3/ros2_ws/build/drive_msgs': /usr/bin/cmake --install /home/f1tt3/f1tenth-t3/ros2_ws/build/drive_msgs
[0.871s] -- Install configuration: ""
[0.872s] -- Up-to-date: /home/f1tt3/f1tenth-t3/ros2_ws/install/drive_msgs/share/ament_index/resource_index/rosidl_interfaces/drive_msgs
[0.872s] -- Up-to-date: /home/f1tt3/f1tenth-t3/ros2_ws/install/drive_msgs/include/drive_msgs/drive_msgs
[0.872s] -- Up-to-date: /home/f1tt3/f1tenth-t3/ros2_ws/install/drive_msgs/include/drive_msgs/drive_msgs/msg
[0.873s] -- Up-to-date: /home/f1tt3/f1tenth-t3/ros2_ws/install/drive_msgs/include/drive_msgs/drive_msgs/msg/rosidl_generator_c__visibility_control.h
[0.873s] -- Up-to-date: /home/f1tt3/f1tenth-t3/ros2_ws/install/drive_msgs/include/drive_msgs/drive_msgs/msg/drive_param.h
[0.873s] -- Up-to-date: /home/f1tt3/f1tenth-t3/ros2_ws/install/drive_msgs/include/drive_msgs/drive_msgs/msg/detail
[0.873s] -- Up-to-date: /home/f1tt3/f1tenth-t3/ros2_ws/install/drive_msgs/include/drive_msgs/drive_msgs/msg/detail/drive_param__struct.h
[0.874s] -- Up-to-date: /home/f1tt3/f1tenth-t3/ros2_ws/install/drive_msgs/include/drive_msgs/drive_msgs/msg/detail/drive_param__functions.c
[0.874s] -- Up-to-date: /home/f1tt3/f1tenth-t3/ros2_ws/install/drive_msgs/include/drive_msgs/drive_msgs/msg/detail/drive_param__functions.h
[0.874s] -- Up-to-date: /home/f1tt3/f1tenth-t3/ros2_ws/install/drive_msgs/include/drive_msgs/drive_msgs/msg/detail/drive_param__type_support.h
[0.874s] -- Up-to-date: /home/f1tt3/f1tenth-t3/ros2_ws/install/drive_msgs/share/drive_msgs/environment/library_path.sh
[0.875s] -- Up-to-date: /home/f1tt3/f1tenth-t3/ros2_ws/install/drive_msgs/share/drive_msgs/environment/library_path.dsv
[0.875s] -- Up-to-date: /home/f1tt3/f1tenth-t3/ros2_ws/install/drive_msgs/lib/libdrive_msgs__rosidl_generator_c.so
[0.876s] -- Up-to-date: /home/f1tt3/f1tenth-t3/ros2_ws/install/drive_msgs/include/drive_msgs/drive_msgs
[0.876s] -- Up-to-date: /home/f1tt3/f1tenth-t3/ros2_ws/install/drive_msgs/include/drive_msgs/drive_msgs/msg
[0.876s] -- Up-to-date: /home/f1tt3/f1tenth-t3/ros2_ws/install/drive_msgs/include/drive_msgs/drive_msgs/msg/rosidl_typesupport_fastrtps_c__visibility_control.h
[0.876s] -- Up-to-date: /home/f1tt3/f1tenth-t3/ros2_ws/install/drive_msgs/include/drive_msgs/drive_msgs/msg/detail
[0.877s] -- Up-to-date: /home/f1tt3/f1tenth-t3/ros2_ws/install/drive_msgs/include/drive_msgs/drive_msgs/msg/detail/drive_param__rosidl_typesupport_fastrtps_c.h
[0.877s] -- Up-to-date: /home/f1tt3/f1tenth-t3/ros2_ws/install/drive_msgs/lib/libdrive_msgs__rosidl_typesupport_fastrtps_c.so
[0.877s] -- Up-to-date: /home/f1tt3/f1tenth-t3/ros2_ws/install/drive_msgs/include/drive_msgs/drive_msgs
[0.877s] -- Up-to-date: /home/f1tt3/f1tenth-t3/ros2_ws/install/drive_msgs/include/drive_msgs/drive_msgs/msg
[0.878s] -- Up-to-date: /home/f1tt3/f1tenth-t3/ros2_ws/install/drive_msgs/include/drive_msgs/drive_msgs/msg/rosidl_typesupport_introspection_c__visibility_control.h
[0.878s] -- Up-to-date: /home/f1tt3/f1tenth-t3/ros2_ws/install/drive_msgs/include/drive_msgs/drive_msgs/msg/detail
[0.878s] -- Up-to-date: /home/f1tt3/f1tenth-t3/ros2_ws/install/drive_msgs/include/drive_msgs/drive_msgs/msg/detail/drive_param__rosidl_typesupport_introspection_c.h
[0.878s] -- Up-to-date: /home/f1tt3/f1tenth-t3/ros2_ws/install/drive_msgs/include/drive_msgs/drive_msgs/msg/detail/drive_param__type_support.c
[0.879s] -- Up-to-date: /home/f1tt3/f1tenth-t3/ros2_ws/install/drive_msgs/lib/libdrive_msgs__rosidl_typesupport_introspection_c.so
[0.879s] -- Up-to-date: /home/f1tt3/f1tenth-t3/ros2_ws/install/drive_msgs/lib/libdrive_msgs__rosidl_typesupport_c.so
[0.880s] -- Up-to-date: /home/f1tt3/f1tenth-t3/ros2_ws/install/drive_msgs/include/drive_msgs/drive_msgs
[0.880s] -- Up-to-date: /home/f1tt3/f1tenth-t3/ros2_ws/install/drive_msgs/include/drive_msgs/drive_msgs/msg
[0.880s] -- Up-to-date: /home/f1tt3/f1tenth-t3/ros2_ws/install/drive_msgs/include/drive_msgs/drive_msgs/msg/rosidl_generator_cpp__visibility_control.hpp
[0.880s] -- Up-to-date: /home/f1tt3/f1tenth-t3/ros2_ws/install/drive_msgs/include/drive_msgs/drive_msgs/msg/detail
[0.881s] -- Up-to-date: /home/f1tt3/f1tenth-t3/ros2_ws/install/drive_msgs/include/drive_msgs/drive_msgs/msg/detail/drive_param__builder.hpp
[0.881s] -- Up-to-date: /home/f1tt3/f1tenth-t3/ros2_ws/install/drive_msgs/include/drive_msgs/drive_msgs/msg/detail/drive_param__traits.hpp
[0.881s] -- Up-to-date: /home/f1tt3/f1tenth-t3/ros2_ws/install/drive_msgs/include/drive_msgs/drive_msgs/msg/detail/drive_param__type_support.hpp
[0.882s] -- Up-to-date: /home/f1tt3/f1tenth-t3/ros2_ws/install/drive_msgs/include/drive_msgs/drive_msgs/msg/detail/drive_param__struct.hpp
[0.882s] -- Up-to-date: /home/f1tt3/f1tenth-t3/ros2_ws/install/drive_msgs/include/drive_msgs/drive_msgs/msg/drive_param.hpp
[0.882s] -- Up-to-date: /home/f1tt3/f1tenth-t3/ros2_ws/install/drive_msgs/include/drive_msgs/drive_msgs
[0.882s] -- Up-to-date: /home/f1tt3/f1tenth-t3/ros2_ws/install/drive_msgs/include/drive_msgs/drive_msgs/msg
[0.883s] -- Up-to-date: /home/f1tt3/f1tenth-t3/ros2_ws/install/drive_msgs/include/drive_msgs/drive_msgs/msg/rosidl_typesupport_fastrtps_cpp__visibility_control.h
[0.883s] -- Up-to-date: /home/f1tt3/f1tenth-t3/ros2_ws/install/drive_msgs/include/drive_msgs/drive_msgs/msg/detail
[0.883s] -- Up-to-date: /home/f1tt3/f1tenth-t3/ros2_ws/install/drive_msgs/include/drive_msgs/drive_msgs/msg/detail/drive_param__rosidl_typesupport_fastrtps_cpp.hpp
[0.884s] -- Up-to-date: /home/f1tt3/f1tenth-t3/ros2_ws/install/drive_msgs/include/drive_msgs/drive_msgs/msg/detail/dds_fastrtps
[0.884s] -- Up-to-date: /home/f1tt3/f1tenth-t3/ros2_ws/install/drive_msgs/lib/libdrive_msgs__rosidl_typesupport_fastrtps_cpp.so
[0.884s] -- Up-to-date: /home/f1tt3/f1tenth-t3/ros2_ws/install/drive_msgs/include/drive_msgs/drive_msgs
[0.885s] -- Up-to-date: /home/f1tt3/f1tenth-t3/ros2_ws/install/drive_msgs/include/drive_msgs/drive_msgs/msg
[0.885s] -- Up-to-date: /home/f1tt3/f1tenth-t3/ros2_ws/install/drive_msgs/include/drive_msgs/drive_msgs/msg/detail
[0.885s] -- Up-to-date: /home/f1tt3/f1tenth-t3/ros2_ws/install/drive_msgs/include/drive_msgs/drive_msgs/msg/detail/drive_param__rosidl_typesupport_introspection_cpp.hpp
[0.885s] -- Up-to-date: /home/f1tt3/f1tenth-t3/ros2_ws/install/drive_msgs/include/drive_msgs/drive_msgs/msg/detail/drive_param__type_support.cpp
[0.886s] -- Up-to-date: /home/f1tt3/f1tenth-t3/ros2_ws/install/drive_msgs/lib/libdrive_msgs__rosidl_typesupport_introspection_cpp.so
[0.886s] -- Up-to-date: /home/f1tt3/f1tenth-t3/ros2_ws/install/drive_msgs/lib/libdrive_msgs__rosidl_typesupport_cpp.so
[0.886s] -- Up-to-date: /home/f1tt3/f1tenth-t3/ros2_ws/install/drive_msgs/share/drive_msgs/environment/pythonpath.sh
[0.886s] -- Up-to-date: /home/f1tt3/f1tenth-t3/ros2_ws/install/drive_msgs/share/drive_msgs/environment/pythonpath.dsv
[0.887s] -- Up-to-date: /home/f1tt3/f1tenth-t3/ros2_ws/install/drive_msgs/local/lib/python3.10/dist-packages/drive_msgs-0.1.0-py3.10.egg-info
[0.887s] -- Installing: /home/f1tt3/f1tenth-t3/ros2_ws/install/drive_msgs/local/lib/python3.10/dist-packages/drive_msgs-0.1.0-py3.10.egg-info/SOURCES.txt
[0.887s] -- Installing: /home/f1tt3/f1tenth-t3/ros2_ws/install/drive_msgs/local/lib/python3.10/dist-packages/drive_msgs-0.1.0-py3.10.egg-info/dependency_links.txt
[0.887s] -- Installing: /home/f1tt3/f1tenth-t3/ros2_ws/install/drive_msgs/local/lib/python3.10/dist-packages/drive_msgs-0.1.0-py3.10.egg-info/PKG-INFO
[0.888s] -- Installing: /home/f1tt3/f1tenth-t3/ros2_ws/install/drive_msgs/local/lib/python3.10/dist-packages/drive_msgs-0.1.0-py3.10.egg-info/top_level.txt
[0.888s] -- Up-to-date: /home/f1tt3/f1tenth-t3/ros2_ws/install/drive_msgs/local/lib/python3.10/dist-packages/drive_msgs
[0.888s] -- Up-to-date: /home/f1tt3/f1tenth-t3/ros2_ws/install/drive_msgs/local/lib/python3.10/dist-packages/drive_msgs/drive_msgs_s__rosidl_typesupport_c.cpython-310-aarch64-linux-gnu.so
[0.888s] -- Up-to-date: /home/f1tt3/f1tenth-t3/ros2_ws/install/drive_msgs/local/lib/python3.10/dist-packages/drive_msgs/drive_msgs_s__rosidl_typesupport_introspection_c.cpython-310-aarch64-linux-gnu.so
[0.889s] -- Up-to-date: /home/f1tt3/f1tenth-t3/ros2_ws/install/drive_msgs/local/lib/python3.10/dist-packages/drive_msgs/drive_msgs_s__rosidl_typesupport_fastrtps_c.cpython-310-aarch64-linux-gnu.so
[0.889s] -- Up-to-date: /home/f1tt3/f1tenth-t3/ros2_ws/install/drive_msgs/local/lib/python3.10/dist-packages/drive_msgs/_drive_msgs_s.ep.rosidl_typesupport_introspection_c.c
[0.889s] -- Up-to-date: /home/f1tt3/f1tenth-t3/ros2_ws/install/drive_msgs/local/lib/python3.10/dist-packages/drive_msgs/libdrive_msgs__rosidl_generator_py.so
[0.889s] -- Up-to-date: /home/f1tt3/f1tenth-t3/ros2_ws/install/drive_msgs/local/lib/python3.10/dist-packages/drive_msgs/_drive_msgs_s.ep.rosidl_typesupport_fastrtps_c.c
[0.889s] -- Up-to-date: /home/f1tt3/f1tenth-t3/ros2_ws/install/drive_msgs/local/lib/python3.10/dist-packages/drive_msgs/_drive_msgs_s.ep.rosidl_typesupport_c.c
[0.889s] -- Up-to-date: /home/f1tt3/f1tenth-t3/ros2_ws/install/drive_msgs/local/lib/python3.10/dist-packages/drive_msgs/__init__.py
[0.889s] -- Up-to-date: /home/f1tt3/f1tenth-t3/ros2_ws/install/drive_msgs/local/lib/python3.10/dist-packages/drive_msgs/msg
[0.889s] -- Up-to-date: /home/f1tt3/f1tenth-t3/ros2_ws/install/drive_msgs/local/lib/python3.10/dist-packages/drive_msgs/msg/_drive_param_s.c
[0.890s] -- Up-to-date: /home/f1tt3/f1tenth-t3/ros2_ws/install/drive_msgs/local/lib/python3.10/dist-packages/drive_msgs/msg/_drive_param.py
[0.890s] -- Up-to-date: /home/f1tt3/f1tenth-t3/ros2_ws/install/drive_msgs/local/lib/python3.10/dist-packages/drive_msgs/msg/__init__.py
[0.948s] Listing '/home/f1tt3/f1tenth-t3/ros2_ws/install/drive_msgs/local/lib/python3.10/dist-packages/drive_msgs'...
[0.948s] Listing '/home/f1tt3/f1tenth-t3/ros2_ws/install/drive_msgs/local/lib/python3.10/dist-packages/drive_msgs/msg'...
[0.959s] -- Up-to-date: /home/f1tt3/f1tenth-t3/ros2_ws/install/drive_msgs/local/lib/python3.10/dist-packages/drive_msgs/drive_msgs_s__rosidl_typesupport_fastrtps_c.cpython-310-aarch64-linux-gnu.so
[0.961s] -- Up-to-date: /home/f1tt3/f1tenth-t3/ros2_ws/install/drive_msgs/local/lib/python3.10/dist-packages/drive_msgs/drive_msgs_s__rosidl_typesupport_introspection_c.cpython-310-aarch64-linux-gnu.so
[0.962s] -- Up-to-date: /home/f1tt3/f1tenth-t3/ros2_ws/install/drive_msgs/local/lib/python3.10/dist-packages/drive_msgs/drive_msgs_s__rosidl_typesupport_c.cpython-310-aarch64-linux-gnu.so
[0.963s] -- Up-to-date: /home/f1tt3/f1tenth-t3/ros2_ws/install/drive_msgs/lib/libdrive_msgs__rosidl_generator_py.so
[0.964s] -- Up-to-date: /home/f1tt3/f1tenth-t3/ros2_ws/install/drive_msgs/share/drive_msgs/msg/DriveParam.idl
[0.964s] -- Up-to-date: /home/f1tt3/f1tenth-t3/ros2_ws/install/drive_msgs/share/drive_msgs/msg/DriveParam.msg
[0.965s] -- Up-to-date: /home/f1tt3/f1tenth-t3/ros2_ws/install/drive_msgs/share/ament_index/resource_index/package_run_dependencies/drive_msgs
[0.965s] -- Up-to-date: /home/f1tt3/f1tenth-t3/ros2_ws/install/drive_msgs/share/ament_index/resource_index/parent_prefix_path/drive_msgs
[0.965s] -- Up-to-date: /home/f1tt3/f1tenth-t3/ros2_ws/install/drive_msgs/share/drive_msgs/environment/ament_prefix_path.sh
[0.966s] -- Up-to-date: /home/f1tt3/f1tenth-t3/ros2_ws/install/drive_msgs/share/drive_msgs/environment/ament_prefix_path.dsv
[0.966s] -- Up-to-date: /home/f1tt3/f1tenth-t3/ros2_ws/install/drive_msgs/share/drive_msgs/environment/path.sh
[0.966s] -- Up-to-date: /home/f1tt3/f1tenth-t3/ros2_ws/install/drive_msgs/share/drive_msgs/environment/path.dsv
[0.966s] -- Up-to-date: /home/f1tt3/f1tenth-t3/ros2_ws/install/drive_msgs/share/drive_msgs/local_setup.bash
[0.967s] -- Up-to-date: /home/f1tt3/f1tenth-t3/ros2_ws/install/drive_msgs/share/drive_msgs/local_setup.sh
[0.967s] -- Up-to-date: /home/f1tt3/f1tenth-t3/ros2_ws/install/drive_msgs/share/drive_msgs/local_setup.zsh
[0.967s] -- Up-to-date: /home/f1tt3/f1tenth-t3/ros2_ws/install/drive_msgs/share/drive_msgs/local_setup.dsv
[0.968s] -- Installing: /home/f1tt3/f1tenth-t3/ros2_ws/install/drive_msgs/share/drive_msgs/package.dsv
[0.968s] -- Up-to-date: /home/f1tt3/f1tenth-t3/ros2_ws/install/drive_msgs/share/ament_index/resource_index/packages/drive_msgs
[0.969s] -- Up-to-date: /home/f1tt3/f1tenth-t3/ros2_ws/install/drive_msgs/share/drive_msgs/cmake/export_drive_msgs__rosidl_generator_cExport.cmake
[0.969s] -- Up-to-date: /home/f1tt3/f1tenth-t3/ros2_ws/install/drive_msgs/share/drive_msgs/cmake/export_drive_msgs__rosidl_generator_cExport-noconfig.cmake
[0.969s] -- Up-to-date: /home/f1tt3/f1tenth-t3/ros2_ws/install/drive_msgs/share/drive_msgs/cmake/export_drive_msgs__rosidl_typesupport_fastrtps_cExport.cmake
[0.969s] -- Up-to-date: /home/f1tt3/f1tenth-t3/ros2_ws/install/drive_msgs/share/drive_msgs/cmake/export_drive_msgs__rosidl_typesupport_fastrtps_cExport-noconfig.cmake
[0.970s] -- Up-to-date: /home/f1tt3/f1tenth-t3/ros2_ws/install/drive_msgs/share/drive_msgs/cmake/drive_msgs__rosidl_typesupport_introspection_cExport.cmake
[0.970s] -- Up-to-date: /home/f1tt3/f1tenth-t3/ros2_ws/install/drive_msgs/share/drive_msgs/cmake/drive_msgs__rosidl_typesupport_introspection_cExport-noconfig.cmake
[0.971s] -- Up-to-date: /home/f1tt3/f1tenth-t3/ros2_ws/install/drive_msgs/share/drive_msgs/cmake/drive_msgs__rosidl_typesupport_cExport.cmake
[0.971s] -- Up-to-date: /home/f1tt3/f1tenth-t3/ros2_ws/install/drive_msgs/share/drive_msgs/cmake/drive_msgs__rosidl_typesupport_cExport-noconfig.cmake
[0.972s] -- Up-to-date: /home/f1tt3/f1tenth-t3/ros2_ws/install/drive_msgs/share/drive_msgs/cmake/export_drive_msgs__rosidl_generator_cppExport.cmake
[0.972s] -- Up-to-date: /home/f1tt3/f1tenth-t3/ros2_ws/install/drive_msgs/share/drive_msgs/cmake/export_drive_msgs__rosidl_typesupport_fastrtps_cppExport.cmake
[0.973s] -- Up-to-date: /home/f1tt3/f1tenth-t3/ros2_ws/install/drive_msgs/share/drive_msgs/cmake/export_drive_msgs__rosidl_typesupport_fastrtps_cppExport-noconfig.cmake
[0.973s] -- Up-to-date: /home/f1tt3/f1tenth-t3/ros2_ws/install/drive_msgs/share/drive_msgs/cmake/drive_msgs__rosidl_typesupport_introspection_cppExport.cmake
[0.974s] -- Up-to-date: /home/f1tt3/f1tenth-t3/ros2_ws/install/drive_msgs/share/drive_msgs/cmake/drive_msgs__rosidl_typesupport_introspection_cppExport-noconfig.cmake
[0.974s] -- Up-to-date: /home/f1tt3/f1tenth-t3/ros2_ws/install/drive_msgs/share/drive_msgs/cmake/drive_msgs__rosidl_typesupport_cppExport.cmake
[0.975s] -- Up-to-date: /home/f1tt3/f1tenth-t3/ros2_ws/install/drive_msgs/share/drive_msgs/cmake/drive_msgs__rosidl_typesupport_cppExport-noconfig.cmake
[0.975s] -- Up-to-date: /home/f1tt3/f1tenth-t3/ros2_ws/install/drive_msgs/share/drive_msgs/cmake/export_drive_msgs__rosidl_generator_pyExport.cmake
[0.976s] -- Up-to-date: /home/f1tt3/f1tenth-t3/ros2_ws/install/drive_msgs/share/drive_msgs/cmake/export_drive_msgs__rosidl_generator_pyExport-noconfig.cmake
[0.976s] -- Up-to-date: /home/f1tt3/f1tenth-t3/ros2_ws/install/drive_msgs/share/drive_msgs/cmake/rosidl_cmake-extras.cmake
[0.976s] -- Up-to-date: /home/f1tt3/f1tenth-t3/ros2_ws/install/drive_msgs/share/drive_msgs/cmake/ament_cmake_export_include_directories-extras.cmake
[0.977s] -- Up-to-date: /home/f1tt3/f1tenth-t3/ros2_ws/install/drive_msgs/share/drive_msgs/cmake/ament_cmake_export_libraries-extras.cmake
[0.977s] -- Up-to-date: /home/f1tt3/f1tenth-t3/ros2_ws/install/drive_msgs/share/drive_msgs/cmake/ament_cmake_export_targets-extras.cmake
[0.977s] -- Up-to-date: /home/f1tt3/f1tenth-t3/ros2_ws/install/drive_msgs/share/drive_msgs/cmake/rosidl_cmake_export_typesupport_targets-extras.cmake
[0.978s] -- Up-to-date: /home/f1tt3/f1tenth-t3/ros2_ws/install/drive_msgs/share/drive_msgs/cmake/ament_cmake_export_dependencies-extras.cmake
[0.978s] -- Up-to-date: /home/f1tt3/f1tenth-t3/ros2_ws/install/drive_msgs/share/drive_msgs/cmake/rosidl_cmake_export_typesupport_libraries-extras.cmake
[0.978s] -- Up-to-date: /home/f1tt3/f1tenth-t3/ros2_ws/install/drive_msgs/share/drive_msgs/cmake/drive_msgsConfig.cmake
[0.978s] -- Up-to-date: /home/f1tt3/f1tenth-t3/ros2_ws/install/drive_msgs/share/drive_msgs/cmake/drive_msgsConfig-version.cmake
[0.979s] -- Up-to-date: /home/f1tt3/f1tenth-t3/ros2_ws/install/drive_msgs/share/drive_msgs/package.xml
[0.984s] Invoked command in '/home/f1tt3/f1tenth-t3/ros2_ws/build/drive_msgs' returned '0': /usr/bin/cmake --install /home/f1tt3/f1tenth-t3/ros2_ws/build/drive_msgs
