[1.275s] Invoking command in '/home/f1tt3/f1tenth-t3/ros2_ws/src/wallfollowing2': CMAKE_PREFIX_PATH=/home/f1tt3/f1tenth-t3/ros2_ws/install/drive_msgs LD_LIBRARY_PATH=/home/f1tt3/f1tenth-t3/ros2_ws/install/drive_msgs/lib:${LD_LIBRARY_PATH} PKG_CONFIG_PATH=/home/f1tt3/f1tenth-t3/ros2_ws/install/drive_msgs/lib/aarch64-linux-gnu/pkgconfig:/home/f1tt3/f1tenth-t3/ros2_ws/install/drive_msgs/lib/pkgconfig PYTHONPATH=/home/f1tt3/f1tenth-t3/ros2_ws/build/wallfollowing2/prefix_override:/usr/lib/python3/dist-packages/colcon_core/task/python/colcon_distutils_commands:/home/f1tt3/f1tenth-t3/ros2_ws/install/wallfollowing2/lib/python3.10/site-packages:/home/f1tt3/f1tenth-t3/ros2_ws/install/drive_msgs/local/lib/python3.10/dist-packages:${PYTHONPATH} ROS_PACKAGE_PATH=/home/f1tt3/f1tenth-t3/ros2_ws/install/drive_msgs/share /usr/bin/python3 -W ignore:setup.py install is deprecated -W ignore:easy_install command is deprecated setup.py egg_info --egg-base ../../build/wallfollowing2 build --build-base /home/f1tt3/f1tenth-t3/ros2_ws/build/wallfollowing2/build install --record /home/f1tt3/f1tenth-t3/ros2_ws/build/wallfollowing2/install.log --single-version-externally-managed install_data
[1.722s] running egg_info
[1.723s] writing ../../build/wallfollowing2/wallfollowing2.egg-info/PKG-INFO
[1.723s] writing dependency_links to ../../build/wallfollowing2/wallfollowing2.egg-info/dependency_links.txt
[1.724s] writing entry points to ../../build/wallfollowing2/wallfollowing2.egg-info/entry_points.txt
[1.724s] writing requirements to ../../build/wallfollowing2/wallfollowing2.egg-info/requires.txt
[1.724s] writing top-level names to ../../build/wallfollowing2/wallfollowing2.egg-info/top_level.txt
[1.727s] reading manifest file '../../build/wallfollowing2/wallfollowing2.egg-info/SOURCES.txt'
[1.729s] writing manifest file '../../build/wallfollowing2/wallfollowing2.egg-info/SOURCES.txt'
[1.729s] running build
[1.729s] running build_py
[1.730s] copying wallfollowing2/follow_the_gap_node.py -> /home/f1tt3/f1tenth-t3/ros2_ws/build/wallfollowing2/build/lib/wallfollowing2
[1.730s] running install
[1.731s] running install_lib
[1.734s] copying /home/f1tt3/f1tenth-t3/ros2_ws/build/wallfollowing2/build/lib/wallfollowing2/follow_the_gap_node.py -> /home/f1tt3/f1tenth-t3/ros2_ws/install/wallfollowing2/lib/python3.10/site-packages/wallfollowing2
[1.736s] byte-compiling /home/f1tt3/f1tenth-t3/ros2_ws/install/wallfollowing2/lib/python3.10/site-packages/wallfollowing2/follow_the_gap_node.py to follow_the_gap_node.cpython-310.pyc
[1.738s] running install_data
[1.738s] running install_egg_info
[1.742s] removing '/home/f1tt3/f1tenth-t3/ros2_ws/install/wallfollowing2/lib/python3.10/site-packages/wallfollowing2-0.1.0-py3.10.egg-info' (and everything under it)
[1.743s] Copying ../../build/wallfollowing2/wallfollowing2.egg-info to /home/f1tt3/f1tenth-t3/ros2_ws/install/wallfollowing2/lib/python3.10/site-packages/wallfollowing2-0.1.0-py3.10.egg-info
[1.745s] running install_scripts
[1.784s] Installing follow_the_gap_node script to /home/f1tt3/f1tenth-t3/ros2_ws/install/wallfollowing2/lib/wallfollowing2
[1.784s] Installing scan_stop_reverse_test_node script to /home/f1tt3/f1tenth-t3/ros2_ws/install/wallfollowing2/lib/wallfollowing2
[1.784s] Installing wallfollowing_node script to /home/f1tt3/f1tenth-t3/ros2_ws/install/wallfollowing2/lib/wallfollowing2
[1.785s] writing list of installed files to '/home/f1tt3/f1tenth-t3/ros2_ws/build/wallfollowing2/install.log'
[1.852s] Invoked command in '/home/f1tt3/f1tenth-t3/ros2_ws/src/wallfollowing2' returned '0': CMAKE_PREFIX_PATH=/home/f1tt3/f1tenth-t3/ros2_ws/install/drive_msgs LD_LIBRARY_PATH=/home/f1tt3/f1tenth-t3/ros2_ws/install/drive_msgs/lib:${LD_LIBRARY_PATH} PKG_CONFIG_PATH=/home/f1tt3/f1tenth-t3/ros2_ws/install/drive_msgs/lib/aarch64-linux-gnu/pkgconfig:/home/f1tt3/f1tenth-t3/ros2_ws/install/drive_msgs/lib/pkgconfig PYTHONPATH=/home/f1tt3/f1tenth-t3/ros2_ws/build/wallfollowing2/prefix_override:/usr/lib/python3/dist-packages/colcon_core/task/python/colcon_distutils_commands:/home/f1tt3/f1tenth-t3/ros2_ws/install/wallfollowing2/lib/python3.10/site-packages:/home/f1tt3/f1tenth-t3/ros2_ws/install/drive_msgs/local/lib/python3.10/dist-packages:${PYTHONPATH} ROS_PACKAGE_PATH=/home/f1tt3/f1tenth-t3/ros2_ws/install/drive_msgs/share /usr/bin/python3 -W ignore:setup.py install is deprecated -W ignore:easy_install command is deprecated setup.py egg_info --egg-base ../../build/wallfollowing2 build --build-base /home/f1tt3/f1tenth-t3/ros2_ws/build/wallfollowing2/build install --record /home/f1tt3/f1tenth-t3/ros2_ws/build/wallfollowing2/install.log --single-version-externally-managed install_data
