-- The C compiler identification is GNU 11.4.0
-- The CXX compiler identification is GNU 11.4.0
-- Detecting C compiler ABI info
-- Detecting C compiler ABI info - done
-- Check for working C compiler: /usr/bin/cc - skipped
-- Detecting C compile features
-- Detecting C compile features - done
-- Detecting CXX compiler ABI info
-- Detecting CXX compiler ABI info - done
-- Check for working CXX compiler: /usr/bin/c++ - skipped
-- Detecting CXX compile features
-- Detecting CXX compile features - done
-- Found ament_cmake: 1.3.12 (/opt/ros/humble/share/ament_cmake/cmake)
-- Found Python3: /usr/bin/python3 (found version "3.10.12") found components: Interpreter 
-- Found rosidl_default_generators: 1.2.0 (/opt/ros/humble/share/rosidl_default_generators/cmake)
-- Using all available rosidl_typesupport_c: rosidl_typesupport_fastrtps_c;rosidl_typesupport_introspection_c
-- Found rosidl_adapter: 3.1.8 (/opt/ros/humble/share/rosidl_adapter/cmake)
-- Using all available rosidl_typesupport_cpp: rosidl_typesupport_fastrtps_cpp;rosidl_typesupport_introspection_cpp
-- Found ament_cmake_ros: 0.10.0 (/opt/ros/humble/share/ament_cmake_ros/cmake)
-- Using all available rosidl_typesupport_c: rosidl_typesupport_fastrtps_c;rosidl_typesupport_introspection_c
-- Using all available rosidl_typesupport_cpp: rosidl_typesupport_fastrtps_cpp;rosidl_typesupport_introspection_cpp
-- Found PythonInterp: /usr/bin/python3 (found suitable version "3.10.12", minimum required is "3.6") 
-- Found python_cmake_module: 0.10.0 (/opt/ros/humble/share/python_cmake_module/cmake)
-- Found PythonLibs: /usr/lib/aarch64-linux-gnu/libpython3.10.so (found suitable version "3.10.12", minimum required is "3.5") 
-- Using PYTHON_EXECUTABLE: /usr/bin/python3
-- Using PYTHON_INCLUDE_DIRS: /usr/include/python3.10
-- Using PYTHON_LIBRARIES: /usr/lib/aarch64-linux-gnu/libpython3.10.so
-- Found PythonExtra: .so  
-- Configuring done
-- Generating done
-- Build files have been written to: /home/f1tt3/f1tenth-t3/ros2_ws/build/drive_msgs
[  3%] Generating C++ code for ROS interfaces
[  3%] Built target drive_msgs__cpp
[  3%] Built target ament_cmake_python_copy_drive_msgs
[  6%] Generating C++ type support dispatch for ROS interfaces
[  9%] Building CXX object CMakeFiles/drive_msgs__rosidl_typesupport_cpp.dir/rosidl_typesupport_cpp/drive_msgs/msg/drive_param__type_support.cpp.o
[ 12%] Linking CXX shared library libdrive_msgs__rosidl_typesupport_cpp.so
[ 12%] Built target drive_msgs__rosidl_typesupport_cpp
running egg_info
creating drive_msgs.egg-info
writing drive_msgs.egg-info/PKG-INFO
writing dependency_links to drive_msgs.egg-info/dependency_links.txt
writing top-level names to drive_msgs.egg-info/top_level.txt
writing manifest file 'drive_msgs.egg-info/SOURCES.txt'
reading manifest file 'drive_msgs.egg-info/SOURCES.txt'
writing manifest file 'drive_msgs.egg-info/SOURCES.txt'
[ 12%] Built target ament_cmake_python_build_drive_msgs_egg
[ 16%] Generating C++ introspection for ROS interfaces
[ 19%] Building CXX object CMakeFiles/drive_msgs__rosidl_typesupport_introspection_cpp.dir/rosidl_typesupport_introspection_cpp/drive_msgs/msg/detail/drive_param__type_support.cpp.o
[ 22%] Linking CXX shared library libdrive_msgs__rosidl_typesupport_introspection_cpp.so
[ 22%] Built target drive_msgs__rosidl_typesupport_introspection_cpp
[ 25%] Generating C++ type support for eProsima Fast-RTPS
[ 29%] Building CXX object CMakeFiles/drive_msgs__rosidl_typesupport_fastrtps_cpp.dir/rosidl_typesupport_fastrtps_cpp/drive_msgs/msg/detail/dds_fastrtps/drive_param__type_support.cpp.o
[ 32%] Linking CXX shared library libdrive_msgs__rosidl_typesupport_fastrtps_cpp.so
[ 32%] Built target drive_msgs__rosidl_typesupport_fastrtps_cpp
[ 35%] Generating C code for ROS interfaces
[ 38%] Building C object CMakeFiles/drive_msgs__rosidl_generator_c.dir/rosidl_generator_c/drive_msgs/msg/detail/drive_param__functions.c.o
[ 41%] Linking C shared library libdrive_msgs__rosidl_generator_c.so
[ 41%] Built target drive_msgs__rosidl_generator_c
[ 45%] Generating C type support for eProsima Fast-RTPS
[ 48%] Building CXX object CMakeFiles/drive_msgs__rosidl_typesupport_fastrtps_c.dir/rosidl_typesupport_fastrtps_c/drive_msgs/msg/detail/drive_param__type_support_c.cpp.o
[ 51%] Linking CXX shared library libdrive_msgs__rosidl_typesupport_fastrtps_c.so
[ 51%] Built target drive_msgs__rosidl_typesupport_fastrtps_c
[ 54%] Generating C type support dispatch for ROS interfaces
[ 58%] Building CXX object CMakeFiles/drive_msgs__rosidl_typesupport_c.dir/rosidl_typesupport_c/drive_msgs/msg/drive_param__type_support.cpp.o
[ 61%] Linking CXX shared library libdrive_msgs__rosidl_typesupport_c.so
[ 61%] Built target drive_msgs__rosidl_typesupport_c
[ 64%] Generating C introspection for ROS interfaces
[ 67%] Building C object CMakeFiles/drive_msgs__rosidl_typesupport_introspection_c.dir/rosidl_typesupport_introspection_c/drive_msgs/msg/detail/drive_param__type_support.c.o
[ 70%] Linking C shared library libdrive_msgs__rosidl_typesupport_introspection_c.so
[ 70%] Built target drive_msgs__rosidl_typesupport_introspection_c
[ 70%] Built target drive_msgs
[ 74%] Generating Python code for ROS interfaces
[ 74%] Built target drive_msgs__py
[ 77%] Building C object CMakeFiles/drive_msgs__rosidl_generator_py.dir/rosidl_generator_py/drive_msgs/msg/_drive_param_s.c.o
[ 80%] Linking C shared library rosidl_generator_py/drive_msgs/libdrive_msgs__rosidl_generator_py.so
[ 80%] Built target drive_msgs__rosidl_generator_py
[ 83%] Building C object CMakeFiles/drive_msgs__rosidl_typesupport_fastrtps_c__pyext.dir/rosidl_generator_py/drive_msgs/_drive_msgs_s.ep.rosidl_typesupport_fastrtps_c.c.o
[ 87%] Linking C shared library rosidl_generator_py/drive_msgs/drive_msgs_s__rosidl_typesupport_fastrtps_c.cpython-310-aarch64-linux-gnu.so
[ 87%] Built target drive_msgs__rosidl_typesupport_fastrtps_c__pyext
[ 90%] Building C object CMakeFiles/drive_msgs__rosidl_typesupport_c__pyext.dir/rosidl_generator_py/drive_msgs/_drive_msgs_s.ep.rosidl_typesupport_c.c.o
[ 93%] Linking C shared library rosidl_generator_py/drive_msgs/drive_msgs_s__rosidl_typesupport_c.cpython-310-aarch64-linux-gnu.so
[ 93%] Built target drive_msgs__rosidl_typesupport_c__pyext
[ 96%] Building C object CMakeFiles/drive_msgs__rosidl_typesupport_introspection_c__pyext.dir/rosidl_generator_py/drive_msgs/_drive_msgs_s.ep.rosidl_typesupport_introspection_c.c.o
[100%] Linking C shared library rosidl_generator_py/drive_msgs/drive_msgs_s__rosidl_typesupport_introspection_c.cpython-310-aarch64-linux-gnu.so
[100%] Built target drive_msgs__rosidl_typesupport_introspection_c__pyext
-- Install configuration: ""
-- Installing: /home/f1tt3/f1tenth-t3/ros2_ws/install/drive_msgs/share/ament_index/resource_index/rosidl_interfaces/drive_msgs
-- Installing: /home/f1tt3/f1tenth-t3/ros2_ws/install/drive_msgs/include/drive_msgs/drive_msgs
-- Installing: /home/f1tt3/f1tenth-t3/ros2_ws/install/drive_msgs/include/drive_msgs/drive_msgs/msg
-- Installing: /home/f1tt3/f1tenth-t3/ros2_ws/install/drive_msgs/include/drive_msgs/drive_msgs/msg/rosidl_generator_c__visibility_control.h
-- Installing: /home/f1tt3/f1tenth-t3/ros2_ws/install/drive_msgs/include/drive_msgs/drive_msgs/msg/drive_param.h
-- Installing: /home/f1tt3/f1tenth-t3/ros2_ws/install/drive_msgs/include/drive_msgs/drive_msgs/msg/detail
-- Installing: /home/f1tt3/f1tenth-t3/ros2_ws/install/drive_msgs/include/drive_msgs/drive_msgs/msg/detail/drive_param__struct.h
-- Installing: /home/f1tt3/f1tenth-t3/ros2_ws/install/drive_msgs/include/drive_msgs/drive_msgs/msg/detail/drive_param__functions.c
-- Installing: /home/f1tt3/f1tenth-t3/ros2_ws/install/drive_msgs/include/drive_msgs/drive_msgs/msg/detail/drive_param__functions.h
-- Installing: /home/f1tt3/f1tenth-t3/ros2_ws/install/drive_msgs/include/drive_msgs/drive_msgs/msg/detail/drive_param__type_support.h
-- Installing: /home/f1tt3/f1tenth-t3/ros2_ws/install/drive_msgs/share/drive_msgs/environment/library_path.sh
-- Installing: /home/f1tt3/f1tenth-t3/ros2_ws/install/drive_msgs/share/drive_msgs/environment/library_path.dsv
-- Installing: /home/f1tt3/f1tenth-t3/ros2_ws/install/drive_msgs/lib/libdrive_msgs__rosidl_generator_c.so
-- Set runtime path of "/home/f1tt3/f1tenth-t3/ros2_ws/install/drive_msgs/lib/libdrive_msgs__rosidl_generator_c.so" to ""
-- Up-to-date: /home/f1tt3/f1tenth-t3/ros2_ws/install/drive_msgs/include/drive_msgs/drive_msgs
-- Up-to-date: /home/f1tt3/f1tenth-t3/ros2_ws/install/drive_msgs/include/drive_msgs/drive_msgs/msg
-- Installing: /home/f1tt3/f1tenth-t3/ros2_ws/install/drive_msgs/include/drive_msgs/drive_msgs/msg/rosidl_typesupport_fastrtps_c__visibility_control.h
-- Up-to-date: /home/f1tt3/f1tenth-t3/ros2_ws/install/drive_msgs/include/drive_msgs/drive_msgs/msg/detail
-- Installing: /home/f1tt3/f1tenth-t3/ros2_ws/install/drive_msgs/include/drive_msgs/drive_msgs/msg/detail/drive_param__rosidl_typesupport_fastrtps_c.h
-- Installing: /home/f1tt3/f1tenth-t3/ros2_ws/install/drive_msgs/lib/libdrive_msgs__rosidl_typesupport_fastrtps_c.so
-- Set runtime path of "/home/f1tt3/f1tenth-t3/ros2_ws/install/drive_msgs/lib/libdrive_msgs__rosidl_typesupport_fastrtps_c.so" to ""
-- Up-to-date: /home/f1tt3/f1tenth-t3/ros2_ws/install/drive_msgs/include/drive_msgs/drive_msgs
-- Up-to-date: /home/f1tt3/f1tenth-t3/ros2_ws/install/drive_msgs/include/drive_msgs/drive_msgs/msg
-- Installing: /home/f1tt3/f1tenth-t3/ros2_ws/install/drive_msgs/include/drive_msgs/drive_msgs/msg/rosidl_typesupport_introspection_c__visibility_control.h
-- Up-to-date: /home/f1tt3/f1tenth-t3/ros2_ws/install/drive_msgs/include/drive_msgs/drive_msgs/msg/detail
-- Installing: /home/f1tt3/f1tenth-t3/ros2_ws/install/drive_msgs/include/drive_msgs/drive_msgs/msg/detail/drive_param__rosidl_typesupport_introspection_c.h
-- Installing: /home/f1tt3/f1tenth-t3/ros2_ws/install/drive_msgs/include/drive_msgs/drive_msgs/msg/detail/drive_param__type_support.c
-- Installing: /home/f1tt3/f1tenth-t3/ros2_ws/install/drive_msgs/lib/libdrive_msgs__rosidl_typesupport_introspection_c.so
-- Set runtime path of "/home/f1tt3/f1tenth-t3/ros2_ws/install/drive_msgs/lib/libdrive_msgs__rosidl_typesupport_introspection_c.so" to ""
-- Installing: /home/f1tt3/f1tenth-t3/ros2_ws/install/drive_msgs/lib/libdrive_msgs__rosidl_typesupport_c.so
-- Set runtime path of "/home/f1tt3/f1tenth-t3/ros2_ws/install/drive_msgs/lib/libdrive_msgs__rosidl_typesupport_c.so" to ""
-- Up-to-date: /home/f1tt3/f1tenth-t3/ros2_ws/install/drive_msgs/include/drive_msgs/drive_msgs
-- Up-to-date: /home/f1tt3/f1tenth-t3/ros2_ws/install/drive_msgs/include/drive_msgs/drive_msgs/msg
-- Installing: /home/f1tt3/f1tenth-t3/ros2_ws/install/drive_msgs/include/drive_msgs/drive_msgs/msg/rosidl_generator_cpp__visibility_control.hpp
-- Up-to-date: /home/f1tt3/f1tenth-t3/ros2_ws/install/drive_msgs/include/drive_msgs/drive_msgs/msg/detail
-- Installing: /home/f1tt3/f1tenth-t3/ros2_ws/install/drive_msgs/include/drive_msgs/drive_msgs/msg/detail/drive_param__builder.hpp
-- Installing: /home/f1tt3/f1tenth-t3/ros2_ws/install/drive_msgs/include/drive_msgs/drive_msgs/msg/detail/drive_param__traits.hpp
-- Installing: /home/f1tt3/f1tenth-t3/ros2_ws/install/drive_msgs/include/drive_msgs/drive_msgs/msg/detail/drive_param__type_support.hpp
-- Installing: /home/f1tt3/f1tenth-t3/ros2_ws/install/drive_msgs/include/drive_msgs/drive_msgs/msg/detail/drive_param__struct.hpp
-- Installing: /home/f1tt3/f1tenth-t3/ros2_ws/install/drive_msgs/include/drive_msgs/drive_msgs/msg/drive_param.hpp
-- Up-to-date: /home/f1tt3/f1tenth-t3/ros2_ws/install/drive_msgs/include/drive_msgs/drive_msgs
-- Up-to-date: /home/f1tt3/f1tenth-t3/ros2_ws/install/drive_msgs/include/drive_msgs/drive_msgs/msg
-- Installing: /home/f1tt3/f1tenth-t3/ros2_ws/install/drive_msgs/include/drive_msgs/drive_msgs/msg/rosidl_typesupport_fastrtps_cpp__visibility_control.h
-- Up-to-date: /home/f1tt3/f1tenth-t3/ros2_ws/install/drive_msgs/include/drive_msgs/drive_msgs/msg/detail
-- Installing: /home/f1tt3/f1tenth-t3/ros2_ws/install/drive_msgs/include/drive_msgs/drive_msgs/msg/detail/drive_param__rosidl_typesupport_fastrtps_cpp.hpp
-- Installing: /home/f1tt3/f1tenth-t3/ros2_ws/install/drive_msgs/include/drive_msgs/drive_msgs/msg/detail/dds_fastrtps
-- Installing: /home/f1tt3/f1tenth-t3/ros2_ws/install/drive_msgs/lib/libdrive_msgs__rosidl_typesupport_fastrtps_cpp.so
-- Set runtime path of "/home/f1tt3/f1tenth-t3/ros2_ws/install/drive_msgs/lib/libdrive_msgs__rosidl_typesupport_fastrtps_cpp.so" to ""
-- Up-to-date: /home/f1tt3/f1tenth-t3/ros2_ws/install/drive_msgs/include/drive_msgs/drive_msgs
-- Up-to-date: /home/f1tt3/f1tenth-t3/ros2_ws/install/drive_msgs/include/drive_msgs/drive_msgs/msg
-- Up-to-date: /home/f1tt3/f1tenth-t3/ros2_ws/install/drive_msgs/include/drive_msgs/drive_msgs/msg/detail
-- Installing: /home/f1tt3/f1tenth-t3/ros2_ws/install/drive_msgs/include/drive_msgs/drive_msgs/msg/detail/drive_param__rosidl_typesupport_introspection_cpp.hpp
-- Installing: /home/f1tt3/f1tenth-t3/ros2_ws/install/drive_msgs/include/drive_msgs/drive_msgs/msg/detail/drive_param__type_support.cpp
-- Installing: /home/f1tt3/f1tenth-t3/ros2_ws/install/drive_msgs/lib/libdrive_msgs__rosidl_typesupport_introspection_cpp.so
-- Set runtime path of "/home/f1tt3/f1tenth-t3/ros2_ws/install/drive_msgs/lib/libdrive_msgs__rosidl_typesupport_introspection_cpp.so" to ""
-- Installing: /home/f1tt3/f1tenth-t3/ros2_ws/install/drive_msgs/lib/libdrive_msgs__rosidl_typesupport_cpp.so
-- Set runtime path of "/home/f1tt3/f1tenth-t3/ros2_ws/install/drive_msgs/lib/libdrive_msgs__rosidl_typesupport_cpp.so" to ""
-- Installing: /home/f1tt3/f1tenth-t3/ros2_ws/install/drive_msgs/share/drive_msgs/environment/pythonpath.sh
-- Installing: /home/f1tt3/f1tenth-t3/ros2_ws/install/drive_msgs/share/drive_msgs/environment/pythonpath.dsv
-- Installing: /home/f1tt3/f1tenth-t3/ros2_ws/install/drive_msgs/local/lib/python3.10/dist-packages/drive_msgs-0.1.0-py3.10.egg-info
-- Installing: /home/f1tt3/f1tenth-t3/ros2_ws/install/drive_msgs/local/lib/python3.10/dist-packages/drive_msgs-0.1.0-py3.10.egg-info/SOURCES.txt
-- Installing: /home/f1tt3/f1tenth-t3/ros2_ws/install/drive_msgs/local/lib/python3.10/dist-packages/drive_msgs-0.1.0-py3.10.egg-info/dependency_links.txt
-- Installing: /home/f1tt3/f1tenth-t3/ros2_ws/install/drive_msgs/local/lib/python3.10/dist-packages/drive_msgs-0.1.0-py3.10.egg-info/PKG-INFO
-- Installing: /home/f1tt3/f1tenth-t3/ros2_ws/install/drive_msgs/local/lib/python3.10/dist-packages/drive_msgs-0.1.0-py3.10.egg-info/top_level.txt
-- Installing: /home/f1tt3/f1tenth-t3/ros2_ws/install/drive_msgs/local/lib/python3.10/dist-packages/drive_msgs
-- Installing: /home/f1tt3/f1tenth-t3/ros2_ws/install/drive_msgs/local/lib/python3.10/dist-packages/drive_msgs/drive_msgs_s__rosidl_typesupport_c.cpython-310-aarch64-linux-gnu.so
-- Installing: /home/f1tt3/f1tenth-t3/ros2_ws/install/drive_msgs/local/lib/python3.10/dist-packages/drive_msgs/drive_msgs_s__rosidl_typesupport_introspection_c.cpython-310-aarch64-linux-gnu.so
-- Installing: /home/f1tt3/f1tenth-t3/ros2_ws/install/drive_msgs/local/lib/python3.10/dist-packages/drive_msgs/drive_msgs_s__rosidl_typesupport_fastrtps_c.cpython-310-aarch64-linux-gnu.so
-- Installing: /home/f1tt3/f1tenth-t3/ros2_ws/install/drive_msgs/local/lib/python3.10/dist-packages/drive_msgs/_drive_msgs_s.ep.rosidl_typesupport_introspection_c.c
-- Installing: /home/f1tt3/f1tenth-t3/ros2_ws/install/drive_msgs/local/lib/python3.10/dist-packages/drive_msgs/libdrive_msgs__rosidl_generator_py.so
-- Installing: /home/f1tt3/f1tenth-t3/ros2_ws/install/drive_msgs/local/lib/python3.10/dist-packages/drive_msgs/_drive_msgs_s.ep.rosidl_typesupport_fastrtps_c.c
-- Installing: /home/f1tt3/f1tenth-t3/ros2_ws/install/drive_msgs/local/lib/python3.10/dist-packages/drive_msgs/_drive_msgs_s.ep.rosidl_typesupport_c.c
-- Installing: /home/f1tt3/f1tenth-t3/ros2_ws/install/drive_msgs/local/lib/python3.10/dist-packages/drive_msgs/__init__.py
-- Installing: /home/f1tt3/f1tenth-t3/ros2_ws/install/drive_msgs/local/lib/python3.10/dist-packages/drive_msgs/msg
-- Installing: /home/f1tt3/f1tenth-t3/ros2_ws/install/drive_msgs/local/lib/python3.10/dist-packages/drive_msgs/msg/_drive_param_s.c
-- Installing: /home/f1tt3/f1tenth-t3/ros2_ws/install/drive_msgs/local/lib/python3.10/dist-packages/drive_msgs/msg/_drive_param.py
-- Installing: /home/f1tt3/f1tenth-t3/ros2_ws/install/drive_msgs/local/lib/python3.10/dist-packages/drive_msgs/msg/__init__.py
Listing '/home/f1tt3/f1tenth-t3/ros2_ws/install/drive_msgs/local/lib/python3.10/dist-packages/drive_msgs'...
Compiling '/home/f1tt3/f1tenth-t3/ros2_ws/install/drive_msgs/local/lib/python3.10/dist-packages/drive_msgs/__init__.py'...
Listing '/home/f1tt3/f1tenth-t3/ros2_ws/install/drive_msgs/local/lib/python3.10/dist-packages/drive_msgs/msg'...
Compiling '/home/f1tt3/f1tenth-t3/ros2_ws/install/drive_msgs/local/lib/python3.10/dist-packages/drive_msgs/msg/__init__.py'...
Compiling '/home/f1tt3/f1tenth-t3/ros2_ws/install/drive_msgs/local/lib/python3.10/dist-packages/drive_msgs/msg/_drive_param.py'...
-- Installing: /home/f1tt3/f1tenth-t3/ros2_ws/install/drive_msgs/local/lib/python3.10/dist-packages/drive_msgs/drive_msgs_s__rosidl_typesupport_fastrtps_c.cpython-310-aarch64-linux-gnu.so
-- Set runtime path of "/home/f1tt3/f1tenth-t3/ros2_ws/install/drive_msgs/local/lib/python3.10/dist-packages/drive_msgs/drive_msgs_s__rosidl_typesupport_fastrtps_c.cpython-310-aarch64-linux-gnu.so" to ""
-- Installing: /home/f1tt3/f1tenth-t3/ros2_ws/install/drive_msgs/local/lib/python3.10/dist-packages/drive_msgs/drive_msgs_s__rosidl_typesupport_introspection_c.cpython-310-aarch64-linux-gnu.so
-- Set runtime path of "/home/f1tt3/f1tenth-t3/ros2_ws/install/drive_msgs/local/lib/python3.10/dist-packages/drive_msgs/drive_msgs_s__rosidl_typesupport_introspection_c.cpython-310-aarch64-linux-gnu.so" to ""
-- Installing: /home/f1tt3/f1tenth-t3/ros2_ws/install/drive_msgs/local/lib/python3.10/dist-packages/drive_msgs/drive_msgs_s__rosidl_typesupport_c.cpython-310-aarch64-linux-gnu.so
-- Set runtime path of "/home/f1tt3/f1tenth-t3/ros2_ws/install/drive_msgs/local/lib/python3.10/dist-packages/drive_msgs/drive_msgs_s__rosidl_typesupport_c.cpython-310-aarch64-linux-gnu.so" to ""
-- Installing: /home/f1tt3/f1tenth-t3/ros2_ws/install/drive_msgs/lib/libdrive_msgs__rosidl_generator_py.so
-- Set runtime path of "/home/f1tt3/f1tenth-t3/ros2_ws/install/drive_msgs/lib/libdrive_msgs__rosidl_generator_py.so" to ""
-- Installing: /home/f1tt3/f1tenth-t3/ros2_ws/install/drive_msgs/share/drive_msgs/msg/DriveParam.idl
-- Installing: /home/f1tt3/f1tenth-t3/ros2_ws/install/drive_msgs/share/drive_msgs/msg/DriveParam.msg
-- Installing: /home/f1tt3/f1tenth-t3/ros2_ws/install/drive_msgs/share/ament_index/resource_index/package_run_dependencies/drive_msgs
-- Installing: /home/f1tt3/f1tenth-t3/ros2_ws/install/drive_msgs/share/ament_index/resource_index/parent_prefix_path/drive_msgs
-- Installing: /home/f1tt3/f1tenth-t3/ros2_ws/install/drive_msgs/share/drive_msgs/environment/ament_prefix_path.sh
-- Installing: /home/f1tt3/f1tenth-t3/ros2_ws/install/drive_msgs/share/drive_msgs/environment/ament_prefix_path.dsv
-- Installing: /home/f1tt3/f1tenth-t3/ros2_ws/install/drive_msgs/share/drive_msgs/environment/path.sh
-- Installing: /home/f1tt3/f1tenth-t3/ros2_ws/install/drive_msgs/share/drive_msgs/environment/path.dsv
-- Installing: /home/f1tt3/f1tenth-t3/ros2_ws/install/drive_msgs/share/drive_msgs/local_setup.bash
-- Installing: /home/f1tt3/f1tenth-t3/ros2_ws/install/drive_msgs/share/drive_msgs/local_setup.sh
-- Installing: /home/f1tt3/f1tenth-t3/ros2_ws/install/drive_msgs/share/drive_msgs/local_setup.zsh
-- Installing: /home/f1tt3/f1tenth-t3/ros2_ws/install/drive_msgs/share/drive_msgs/local_setup.dsv
-- Installing: /home/f1tt3/f1tenth-t3/ros2_ws/install/drive_msgs/share/drive_msgs/package.dsv
-- Installing: /home/f1tt3/f1tenth-t3/ros2_ws/install/drive_msgs/share/ament_index/resource_index/packages/drive_msgs
-- Installing: /home/f1tt3/f1tenth-t3/ros2_ws/install/drive_msgs/share/drive_msgs/cmake/export_drive_msgs__rosidl_generator_cExport.cmake
-- Installing: /home/f1tt3/f1tenth-t3/ros2_ws/install/drive_msgs/share/drive_msgs/cmake/export_drive_msgs__rosidl_generator_cExport-noconfig.cmake
-- Installing: /home/f1tt3/f1tenth-t3/ros2_ws/install/drive_msgs/share/drive_msgs/cmake/export_drive_msgs__rosidl_typesupport_fastrtps_cExport.cmake
-- Installing: /home/f1tt3/f1tenth-t3/ros2_ws/install/drive_msgs/share/drive_msgs/cmake/export_drive_msgs__rosidl_typesupport_fastrtps_cExport-noconfig.cmake
-- Installing: /home/f1tt3/f1tenth-t3/ros2_ws/install/drive_msgs/share/drive_msgs/cmake/drive_msgs__rosidl_typesupport_introspection_cExport.cmake
-- Installing: /home/f1tt3/f1tenth-t3/ros2_ws/install/drive_msgs/share/drive_msgs/cmake/drive_msgs__rosidl_typesupport_introspection_cExport-noconfig.cmake
-- Installing: /home/f1tt3/f1tenth-t3/ros2_ws/install/drive_msgs/share/drive_msgs/cmake/drive_msgs__rosidl_typesupport_cExport.cmake
-- Installing: /home/f1tt3/f1tenth-t3/ros2_ws/install/drive_msgs/share/drive_msgs/cmake/drive_msgs__rosidl_typesupport_cExport-noconfig.cmake
-- Installing: /home/f1tt3/f1tenth-t3/ros2_ws/install/drive_msgs/share/drive_msgs/cmake/export_drive_msgs__rosidl_generator_cppExport.cmake
-- Installing: /home/f1tt3/f1tenth-t3/ros2_ws/install/drive_msgs/share/drive_msgs/cmake/export_drive_msgs__rosidl_typesupport_fastrtps_cppExport.cmake
-- Installing: /home/f1tt3/f1tenth-t3/ros2_ws/install/drive_msgs/share/drive_msgs/cmake/export_drive_msgs__rosidl_typesupport_fastrtps_cppExport-noconfig.cmake
-- Installing: /home/f1tt3/f1tenth-t3/ros2_ws/install/drive_msgs/share/drive_msgs/cmake/drive_msgs__rosidl_typesupport_introspection_cppExport.cmake
-- Installing: /home/f1tt3/f1tenth-t3/ros2_ws/install/drive_msgs/share/drive_msgs/cmake/drive_msgs__rosidl_typesupport_introspection_cppExport-noconfig.cmake
-- Installing: /home/f1tt3/f1tenth-t3/ros2_ws/install/drive_msgs/share/drive_msgs/cmake/drive_msgs__rosidl_typesupport_cppExport.cmake
-- Installing: /home/f1tt3/f1tenth-t3/ros2_ws/install/drive_msgs/share/drive_msgs/cmake/drive_msgs__rosidl_typesupport_cppExport-noconfig.cmake
-- Installing: /home/f1tt3/f1tenth-t3/ros2_ws/install/drive_msgs/share/drive_msgs/cmake/export_drive_msgs__rosidl_generator_pyExport.cmake
-- Installing: /home/f1tt3/f1tenth-t3/ros2_ws/install/drive_msgs/share/drive_msgs/cmake/export_drive_msgs__rosidl_generator_pyExport-noconfig.cmake
-- Installing: /home/f1tt3/f1tenth-t3/ros2_ws/install/drive_msgs/share/drive_msgs/cmake/rosidl_cmake-extras.cmake
-- Installing: /home/f1tt3/f1tenth-t3/ros2_ws/install/drive_msgs/share/drive_msgs/cmake/ament_cmake_export_include_directories-extras.cmake
-- Installing: /home/f1tt3/f1tenth-t3/ros2_ws/install/drive_msgs/share/drive_msgs/cmake/ament_cmake_export_libraries-extras.cmake
-- Installing: /home/f1tt3/f1tenth-t3/ros2_ws/install/drive_msgs/share/drive_msgs/cmake/ament_cmake_export_targets-extras.cmake
-- Installing: /home/f1tt3/f1tenth-t3/ros2_ws/install/drive_msgs/share/drive_msgs/cmake/rosidl_cmake_export_typesupport_targets-extras.cmake
-- Installing: /home/f1tt3/f1tenth-t3/ros2_ws/install/drive_msgs/share/drive_msgs/cmake/ament_cmake_export_dependencies-extras.cmake
-- Installing: /home/f1tt3/f1tenth-t3/ros2_ws/install/drive_msgs/share/drive_msgs/cmake/rosidl_cmake_export_typesupport_libraries-extras.cmake
-- Installing: /home/f1tt3/f1tenth-t3/ros2_ws/install/drive_msgs/share/drive_msgs/cmake/drive_msgsConfig.cmake
-- Installing: /home/f1tt3/f1tenth-t3/ros2_ws/install/drive_msgs/share/drive_msgs/cmake/drive_msgsConfig-version.cmake
-- Installing: /home/f1tt3/f1tenth-t3/ros2_ws/install/drive_msgs/share/drive_msgs/package.xml
