[0.029s] Invoking command in '/home/f1tt3/f1tenth-t3/ros2_ws/build/drive_msgs': /usr/bin/cmake /home/f1tt3/f1tenth-t3/ros2_ws/src/drive_msgs -DCATKIN_INSTALL_INTO_PREFIX_ROOT=0 -DCMAKE_INSTALL_PREFIX=/home/f1tt3/f1tenth-t3/ros2_ws/install/drive_msgs
[0.153s] -- The C compiler identification is GNU 11.4.0
[0.285s] -- The CXX compiler identification is GNU 11.4.0
[0.306s] -- Detecting C compiler ABI info
[0.485s] -- Detecting C compiler ABI info - done
[0.510s] -- Check for working C compiler: /usr/bin/cc - skipped
[0.511s] -- Detecting C compile features
[0.513s] -- Detecting C compile features - done
[0.521s] -- Detecting CXX compiler ABI info
[0.705s] -- Detecting CXX compiler ABI info - done
[0.719s] -- Check for working CXX compiler: /usr/bin/c++ - skipped
[0.720s] -- Detecting CXX compile features
[0.720s] -- Detecting CXX compile features - done
[0.726s] -- Found ament_cmake: 1.3.12 (/opt/ros/humble/share/ament_cmake/cmake)
[1.117s] -- Found Python3: /usr/bin/python3 (found version "3.10.12") found components: Interpreter 
[1.370s] -- Found rosidl_default_generators: 1.2.0 (/opt/ros/humble/share/rosidl_default_generators/cmake)
[1.379s] -- Using all available rosidl_typesupport_c: rosidl_typesupport_fastrtps_c;rosidl_typesupport_introspection_c
[1.393s] -- Found rosidl_adapter: 3.1.8 (/opt/ros/humble/share/rosidl_adapter/cmake)
[1.481s] -- Using all available rosidl_typesupport_cpp: rosidl_typesupport_fastrtps_cpp;rosidl_typesupport_introspection_cpp
[2.109s] -- Found ament_cmake_ros: 0.10.0 (/opt/ros/humble/share/ament_cmake_ros/cmake)
[2.545s] -- Using all available rosidl_typesupport_c: rosidl_typesupport_fastrtps_c;rosidl_typesupport_introspection_c
[3.119s] -- Using all available rosidl_typesupport_cpp: rosidl_typesupport_fastrtps_cpp;rosidl_typesupport_introspection_cpp
[3.181s] -- Found PythonInterp: /usr/bin/python3 (found suitable version "3.10.12", minimum required is "3.6") 
[3.186s] -- Found python_cmake_module: 0.10.0 (/opt/ros/humble/share/python_cmake_module/cmake)
[3.264s] -- Found PythonLibs: /usr/lib/aarch64-linux-gnu/libpython3.10.so (found suitable version "3.10.12", minimum required is "3.5") 
[3.264s] -- Using PYTHON_EXECUTABLE: /usr/bin/python3
[3.264s] -- Using PYTHON_INCLUDE_DIRS: /usr/include/python3.10
[3.264s] -- Using PYTHON_LIBRARIES: /usr/lib/aarch64-linux-gnu/libpython3.10.so
[3.310s] -- Found PythonExtra: .so  
[3.423s] -- Configuring done
[3.504s] -- Generating done
[3.514s] CMake Warning:
[3.514s]   Manually-specified variables were not used by the project:
[3.515s] 
[3.515s]     CATKIN_INSTALL_INTO_PREFIX_ROOT
[3.515s] 
[3.516s] 
[3.540s] -- Build files have been written to: /home/f1tt3/f1tenth-t3/ros2_ws/build/drive_msgs
[3.592s] Invoked command in '/home/f1tt3/f1tenth-t3/ros2_ws/build/drive_msgs' returned '0': /usr/bin/cmake /home/f1tt3/f1tenth-t3/ros2_ws/src/drive_msgs -DCATKIN_INSTALL_INTO_PREFIX_ROOT=0 -DCMAKE_INSTALL_PREFIX=/home/f1tt3/f1tenth-t3/ros2_ws/install/drive_msgs
[3.593s] Invoking command in '/home/f1tt3/f1tenth-t3/ros2_ws/build/drive_msgs': /usr/bin/cmake --build /home/f1tt3/f1tenth-t3/ros2_ws/build/drive_msgs -- -j6 -l6
[3.729s] [  3%] Generating C++ code for ROS interfaces
[4.286s] [  3%] Built target drive_msgs__cpp
[4.355s] [  3%] Built target ament_cmake_python_copy_drive_msgs
[4.377s] [  6%] Generating C++ type support dispatch for ROS interfaces
[4.842s] [  9%] Building CXX object CMakeFiles/drive_msgs__rosidl_typesupport_cpp.dir/rosidl_typesupport_cpp/drive_msgs/msg/drive_param__type_support.cpp.o
[5.402s] [ 12%] Linking CXX shared library libdrive_msgs__rosidl_typesupport_cpp.so
[5.495s] [ 12%] Built target drive_msgs__rosidl_typesupport_cpp
[5.998s] running egg_info
[5.999s] creating drive_msgs.egg-info
[6.000s] writing drive_msgs.egg-info/PKG-INFO
[6.001s] writing dependency_links to drive_msgs.egg-info/dependency_links.txt
[6.002s] writing top-level names to drive_msgs.egg-info/top_level.txt
[6.002s] writing manifest file 'drive_msgs.egg-info/SOURCES.txt'
[6.007s] reading manifest file 'drive_msgs.egg-info/SOURCES.txt'
[6.008s] writing manifest file 'drive_msgs.egg-info/SOURCES.txt'
[6.096s] [ 12%] Built target ament_cmake_python_build_drive_msgs_egg
[6.121s] [ 16%] Generating C++ introspection for ROS interfaces
[6.687s] [ 19%] Building CXX object CMakeFiles/drive_msgs__rosidl_typesupport_introspection_cpp.dir/rosidl_typesupport_introspection_cpp/drive_msgs/msg/detail/drive_param__type_support.cpp.o
[7.591s] [ 22%] Linking CXX shared library libdrive_msgs__rosidl_typesupport_introspection_cpp.so
[7.668s] [ 22%] Built target drive_msgs__rosidl_typesupport_introspection_cpp
[7.690s] [ 25%] Generating C++ type support for eProsima Fast-RTPS
[8.178s] [ 29%] Building CXX object CMakeFiles/drive_msgs__rosidl_typesupport_fastrtps_cpp.dir/rosidl_typesupport_fastrtps_cpp/drive_msgs/msg/detail/dds_fastrtps/drive_param__type_support.cpp.o
[9.022s] [ 32%] Linking CXX shared library libdrive_msgs__rosidl_typesupport_fastrtps_cpp.so
[9.233s] [ 32%] Built target drive_msgs__rosidl_typesupport_fastrtps_cpp
[9.256s] [ 35%] Generating C code for ROS interfaces
[9.854s] [ 38%] Building C object CMakeFiles/drive_msgs__rosidl_generator_c.dir/rosidl_generator_c/drive_msgs/msg/detail/drive_param__functions.c.o
[9.964s] [ 41%] Linking C shared library libdrive_msgs__rosidl_generator_c.so
[10.041s] [ 41%] Built target drive_msgs__rosidl_generator_c
[10.071s] [ 45%] Generating C type support for eProsima Fast-RTPS
[10.552s] [ 48%] Building CXX object CMakeFiles/drive_msgs__rosidl_typesupport_fastrtps_c.dir/rosidl_typesupport_fastrtps_c/drive_msgs/msg/detail/drive_param__type_support_c.cpp.o
[11.279s] [ 51%] Linking CXX shared library libdrive_msgs__rosidl_typesupport_fastrtps_c.so
[11.465s] [ 51%] Built target drive_msgs__rosidl_typesupport_fastrtps_c
[11.496s] [ 54%] Generating C type support dispatch for ROS interfaces
[11.975s] [ 58%] Building CXX object CMakeFiles/drive_msgs__rosidl_typesupport_c.dir/rosidl_typesupport_c/drive_msgs/msg/drive_param__type_support.cpp.o
[12.060s] [ 61%] Linking CXX shared library libdrive_msgs__rosidl_typesupport_c.so
[12.142s] [ 61%] Built target drive_msgs__rosidl_typesupport_c
[12.172s] [ 64%] Generating C introspection for ROS interfaces
[12.786s] [ 67%] Building C object CMakeFiles/drive_msgs__rosidl_typesupport_introspection_c.dir/rosidl_typesupport_introspection_c/drive_msgs/msg/detail/drive_param__type_support.c.o
[12.862s] [ 70%] Linking C shared library libdrive_msgs__rosidl_typesupport_introspection_c.so
[12.929s] [ 70%] Built target drive_msgs__rosidl_typesupport_introspection_c
[12.983s] [ 70%] Built target drive_msgs
[13.045s] [ 74%] Generating Python code for ROS interfaces
[13.650s] [ 74%] Built target drive_msgs__py
[13.692s] [ 77%] Building C object CMakeFiles/drive_msgs__rosidl_generator_py.dir/rosidl_generator_py/drive_msgs/msg/_drive_param_s.c.o
[13.970s] [ 80%] Linking C shared library rosidl_generator_py/drive_msgs/libdrive_msgs__rosidl_generator_py.so
[14.087s] [ 80%] Built target drive_msgs__rosidl_generator_py
[14.139s] [ 83%] Building C object CMakeFiles/drive_msgs__rosidl_typesupport_fastrtps_c__pyext.dir/rosidl_generator_py/drive_msgs/_drive_msgs_s.ep.rosidl_typesupport_fastrtps_c.c.o
[14.352s] [ 87%] Linking C shared library rosidl_generator_py/drive_msgs/drive_msgs_s__rosidl_typesupport_fastrtps_c.cpython-310-aarch64-linux-gnu.so
[14.440s] [ 87%] Built target drive_msgs__rosidl_typesupport_fastrtps_c__pyext
[14.485s] [ 90%] Building C object CMakeFiles/drive_msgs__rosidl_typesupport_c__pyext.dir/rosidl_generator_py/drive_msgs/_drive_msgs_s.ep.rosidl_typesupport_c.c.o
[14.700s] [ 93%] Linking C shared library rosidl_generator_py/drive_msgs/drive_msgs_s__rosidl_typesupport_c.cpython-310-aarch64-linux-gnu.so
[14.827s] [ 93%] Built target drive_msgs__rosidl_typesupport_c__pyext
[14.900s] [ 96%] Building C object CMakeFiles/drive_msgs__rosidl_typesupport_introspection_c__pyext.dir/rosidl_generator_py/drive_msgs/_drive_msgs_s.ep.rosidl_typesupport_introspection_c.c.o
[15.086s] [100%] Linking C shared library rosidl_generator_py/drive_msgs/drive_msgs_s__rosidl_typesupport_introspection_c.cpython-310-aarch64-linux-gnu.so
[15.166s] [100%] Built target drive_msgs__rosidl_typesupport_introspection_c__pyext
[15.200s] Invoked command in '/home/f1tt3/f1tenth-t3/ros2_ws/build/drive_msgs' returned '0': /usr/bin/cmake --build /home/f1tt3/f1tenth-t3/ros2_ws/build/drive_msgs -- -j6 -l6
[15.220s] Invoking command in '/home/f1tt3/f1tenth-t3/ros2_ws/build/drive_msgs': /usr/bin/cmake --install /home/f1tt3/f1tenth-t3/ros2_ws/build/drive_msgs
[15.237s] -- Install configuration: ""
[15.243s] -- Installing: /home/f1tt3/f1tenth-t3/ros2_ws/install/drive_msgs/share/ament_index/resource_index/rosidl_interfaces/drive_msgs
[15.247s] -- Installing: /home/f1tt3/f1tenth-t3/ros2_ws/install/drive_msgs/include/drive_msgs/drive_msgs
[15.250s] -- Installing: /home/f1tt3/f1tenth-t3/ros2_ws/install/drive_msgs/include/drive_msgs/drive_msgs/msg
[15.253s] -- Installing: /home/f1tt3/f1tenth-t3/ros2_ws/install/drive_msgs/include/drive_msgs/drive_msgs/msg/rosidl_generator_c__visibility_control.h
[15.256s] -- Installing: /home/f1tt3/f1tenth-t3/ros2_ws/install/drive_msgs/include/drive_msgs/drive_msgs/msg/drive_param.h
[15.256s] -- Installing: /home/f1tt3/f1tenth-t3/ros2_ws/install/drive_msgs/include/drive_msgs/drive_msgs/msg/detail
[15.256s] -- Installing: /home/f1tt3/f1tenth-t3/ros2_ws/install/drive_msgs/include/drive_msgs/drive_msgs/msg/detail/drive_param__struct.h
[15.256s] -- Installing: /home/f1tt3/f1tenth-t3/ros2_ws/install/drive_msgs/include/drive_msgs/drive_msgs/msg/detail/drive_param__functions.c
[15.256s] -- Installing: /home/f1tt3/f1tenth-t3/ros2_ws/install/drive_msgs/include/drive_msgs/drive_msgs/msg/detail/drive_param__functions.h
[15.256s] -- Installing: /home/f1tt3/f1tenth-t3/ros2_ws/install/drive_msgs/include/drive_msgs/drive_msgs/msg/detail/drive_param__type_support.h
[15.257s] -- Installing: /home/f1tt3/f1tenth-t3/ros2_ws/install/drive_msgs/share/drive_msgs/environment/library_path.sh
[15.257s] -- Installing: /home/f1tt3/f1tenth-t3/ros2_ws/install/drive_msgs/share/drive_msgs/environment/library_path.dsv
[15.257s] -- Installing: /home/f1tt3/f1tenth-t3/ros2_ws/install/drive_msgs/lib/libdrive_msgs__rosidl_generator_c.so
[15.257s] -- Set runtime path of "/home/f1tt3/f1tenth-t3/ros2_ws/install/drive_msgs/lib/libdrive_msgs__rosidl_generator_c.so" to ""
[15.257s] -- Up-to-date: /home/f1tt3/f1tenth-t3/ros2_ws/install/drive_msgs/include/drive_msgs/drive_msgs
[15.258s] -- Up-to-date: /home/f1tt3/f1tenth-t3/ros2_ws/install/drive_msgs/include/drive_msgs/drive_msgs/msg
[15.258s] -- Installing: /home/f1tt3/f1tenth-t3/ros2_ws/install/drive_msgs/include/drive_msgs/drive_msgs/msg/rosidl_typesupport_fastrtps_c__visibility_control.h
[15.258s] -- Up-to-date: /home/f1tt3/f1tenth-t3/ros2_ws/install/drive_msgs/include/drive_msgs/drive_msgs/msg/detail
[15.258s] -- Installing: /home/f1tt3/f1tenth-t3/ros2_ws/install/drive_msgs/include/drive_msgs/drive_msgs/msg/detail/drive_param__rosidl_typesupport_fastrtps_c.h
[15.258s] -- Installing: /home/f1tt3/f1tenth-t3/ros2_ws/install/drive_msgs/lib/libdrive_msgs__rosidl_typesupport_fastrtps_c.so
[15.258s] -- Set runtime path of "/home/f1tt3/f1tenth-t3/ros2_ws/install/drive_msgs/lib/libdrive_msgs__rosidl_typesupport_fastrtps_c.so" to ""
[15.259s] -- Up-to-date: /home/f1tt3/f1tenth-t3/ros2_ws/install/drive_msgs/include/drive_msgs/drive_msgs
[15.259s] -- Up-to-date: /home/f1tt3/f1tenth-t3/ros2_ws/install/drive_msgs/include/drive_msgs/drive_msgs/msg
[15.259s] -- Installing: /home/f1tt3/f1tenth-t3/ros2_ws/install/drive_msgs/include/drive_msgs/drive_msgs/msg/rosidl_typesupport_introspection_c__visibility_control.h
[15.260s] -- Up-to-date: /home/f1tt3/f1tenth-t3/ros2_ws/install/drive_msgs/include/drive_msgs/drive_msgs/msg/detail
[15.260s] -- Installing: /home/f1tt3/f1tenth-t3/ros2_ws/install/drive_msgs/include/drive_msgs/drive_msgs/msg/detail/drive_param__rosidl_typesupport_introspection_c.h
[15.260s] -- Installing: /home/f1tt3/f1tenth-t3/ros2_ws/install/drive_msgs/include/drive_msgs/drive_msgs/msg/detail/drive_param__type_support.c
[15.260s] -- Installing: /home/f1tt3/f1tenth-t3/ros2_ws/install/drive_msgs/lib/libdrive_msgs__rosidl_typesupport_introspection_c.so
[15.260s] -- Set runtime path of "/home/f1tt3/f1tenth-t3/ros2_ws/install/drive_msgs/lib/libdrive_msgs__rosidl_typesupport_introspection_c.so" to ""
[15.260s] -- Installing: /home/f1tt3/f1tenth-t3/ros2_ws/install/drive_msgs/lib/libdrive_msgs__rosidl_typesupport_c.so
[15.264s] -- Set runtime path of "/home/f1tt3/f1tenth-t3/ros2_ws/install/drive_msgs/lib/libdrive_msgs__rosidl_typesupport_c.so" to ""
[15.266s] -- Up-to-date: /home/f1tt3/f1tenth-t3/ros2_ws/install/drive_msgs/include/drive_msgs/drive_msgs
[15.266s] -- Up-to-date: /home/f1tt3/f1tenth-t3/ros2_ws/install/drive_msgs/include/drive_msgs/drive_msgs/msg
[15.266s] -- Installing: /home/f1tt3/f1tenth-t3/ros2_ws/install/drive_msgs/include/drive_msgs/drive_msgs/msg/rosidl_generator_cpp__visibility_control.hpp
[15.267s] -- Up-to-date: /home/f1tt3/f1tenth-t3/ros2_ws/install/drive_msgs/include/drive_msgs/drive_msgs/msg/detail
[15.267s] -- Installing: /home/f1tt3/f1tenth-t3/ros2_ws/install/drive_msgs/include/drive_msgs/drive_msgs/msg/detail/drive_param__builder.hpp
[15.269s] -- Installing: /home/f1tt3/f1tenth-t3/ros2_ws/install/drive_msgs/include/drive_msgs/drive_msgs/msg/detail/drive_param__traits.hpp
[15.270s] -- Installing: /home/f1tt3/f1tenth-t3/ros2_ws/install/drive_msgs/include/drive_msgs/drive_msgs/msg/detail/drive_param__type_support.hpp
[15.270s] -- Installing: /home/f1tt3/f1tenth-t3/ros2_ws/install/drive_msgs/include/drive_msgs/drive_msgs/msg/detail/drive_param__struct.hpp
[15.270s] -- Installing: /home/f1tt3/f1tenth-t3/ros2_ws/install/drive_msgs/include/drive_msgs/drive_msgs/msg/drive_param.hpp
[15.271s] -- Up-to-date: /home/f1tt3/f1tenth-t3/ros2_ws/install/drive_msgs/include/drive_msgs/drive_msgs
[15.271s] -- Up-to-date: /home/f1tt3/f1tenth-t3/ros2_ws/install/drive_msgs/include/drive_msgs/drive_msgs/msg
[15.271s] -- Installing: /home/f1tt3/f1tenth-t3/ros2_ws/install/drive_msgs/include/drive_msgs/drive_msgs/msg/rosidl_typesupport_fastrtps_cpp__visibility_control.h
[15.272s] -- Up-to-date: /home/f1tt3/f1tenth-t3/ros2_ws/install/drive_msgs/include/drive_msgs/drive_msgs/msg/detail
[15.272s] -- Installing: /home/f1tt3/f1tenth-t3/ros2_ws/install/drive_msgs/include/drive_msgs/drive_msgs/msg/detail/drive_param__rosidl_typesupport_fastrtps_cpp.hpp
[15.272s] -- Installing: /home/f1tt3/f1tenth-t3/ros2_ws/install/drive_msgs/include/drive_msgs/drive_msgs/msg/detail/dds_fastrtps
[15.273s] -- Installing: /home/f1tt3/f1tenth-t3/ros2_ws/install/drive_msgs/lib/libdrive_msgs__rosidl_typesupport_fastrtps_cpp.so
[15.273s] -- Set runtime path of "/home/f1tt3/f1tenth-t3/ros2_ws/install/drive_msgs/lib/libdrive_msgs__rosidl_typesupport_fastrtps_cpp.so" to ""
[15.273s] -- Up-to-date: /home/f1tt3/f1tenth-t3/ros2_ws/install/drive_msgs/include/drive_msgs/drive_msgs
[15.273s] -- Up-to-date: /home/f1tt3/f1tenth-t3/ros2_ws/install/drive_msgs/include/drive_msgs/drive_msgs/msg
[15.273s] -- Up-to-date: /home/f1tt3/f1tenth-t3/ros2_ws/install/drive_msgs/include/drive_msgs/drive_msgs/msg/detail
[15.274s] -- Installing: /home/f1tt3/f1tenth-t3/ros2_ws/install/drive_msgs/include/drive_msgs/drive_msgs/msg/detail/drive_param__rosidl_typesupport_introspection_cpp.hpp
[15.274s] -- Installing: /home/f1tt3/f1tenth-t3/ros2_ws/install/drive_msgs/include/drive_msgs/drive_msgs/msg/detail/drive_param__type_support.cpp
[15.274s] -- Installing: /home/f1tt3/f1tenth-t3/ros2_ws/install/drive_msgs/lib/libdrive_msgs__rosidl_typesupport_introspection_cpp.so
[15.274s] -- Set runtime path of "/home/f1tt3/f1tenth-t3/ros2_ws/install/drive_msgs/lib/libdrive_msgs__rosidl_typesupport_introspection_cpp.so" to ""
[15.274s] -- Installing: /home/f1tt3/f1tenth-t3/ros2_ws/install/drive_msgs/lib/libdrive_msgs__rosidl_typesupport_cpp.so
[15.274s] -- Set runtime path of "/home/f1tt3/f1tenth-t3/ros2_ws/install/drive_msgs/lib/libdrive_msgs__rosidl_typesupport_cpp.so" to ""
[15.274s] -- Installing: /home/f1tt3/f1tenth-t3/ros2_ws/install/drive_msgs/share/drive_msgs/environment/pythonpath.sh
[15.275s] -- Installing: /home/f1tt3/f1tenth-t3/ros2_ws/install/drive_msgs/share/drive_msgs/environment/pythonpath.dsv
[15.275s] -- Installing: /home/f1tt3/f1tenth-t3/ros2_ws/install/drive_msgs/local/lib/python3.10/dist-packages/drive_msgs-0.1.0-py3.10.egg-info
[15.276s] -- Installing: /home/f1tt3/f1tenth-t3/ros2_ws/install/drive_msgs/local/lib/python3.10/dist-packages/drive_msgs-0.1.0-py3.10.egg-info/SOURCES.txt
[15.280s] -- Installing: /home/f1tt3/f1tenth-t3/ros2_ws/install/drive_msgs/local/lib/python3.10/dist-packages/drive_msgs-0.1.0-py3.10.egg-info/dependency_links.txt
[15.280s] -- Installing: /home/f1tt3/f1tenth-t3/ros2_ws/install/drive_msgs/local/lib/python3.10/dist-packages/drive_msgs-0.1.0-py3.10.egg-info/PKG-INFO
[15.280s] -- Installing: /home/f1tt3/f1tenth-t3/ros2_ws/install/drive_msgs/local/lib/python3.10/dist-packages/drive_msgs-0.1.0-py3.10.egg-info/top_level.txt
[15.280s] -- Installing: /home/f1tt3/f1tenth-t3/ros2_ws/install/drive_msgs/local/lib/python3.10/dist-packages/drive_msgs
[15.280s] -- Installing: /home/f1tt3/f1tenth-t3/ros2_ws/install/drive_msgs/local/lib/python3.10/dist-packages/drive_msgs/drive_msgs_s__rosidl_typesupport_c.cpython-310-aarch64-linux-gnu.so
[15.286s] -- Installing: /home/f1tt3/f1tenth-t3/ros2_ws/install/drive_msgs/local/lib/python3.10/dist-packages/drive_msgs/drive_msgs_s__rosidl_typesupport_introspection_c.cpython-310-aarch64-linux-gnu.so
[15.286s] -- Installing: /home/f1tt3/f1tenth-t3/ros2_ws/install/drive_msgs/local/lib/python3.10/dist-packages/drive_msgs/drive_msgs_s__rosidl_typesupport_fastrtps_c.cpython-310-aarch64-linux-gnu.so
[15.287s] -- Installing: /home/f1tt3/f1tenth-t3/ros2_ws/install/drive_msgs/local/lib/python3.10/dist-packages/drive_msgs/_drive_msgs_s.ep.rosidl_typesupport_introspection_c.c
[15.287s] -- Installing: /home/f1tt3/f1tenth-t3/ros2_ws/install/drive_msgs/local/lib/python3.10/dist-packages/drive_msgs/libdrive_msgs__rosidl_generator_py.so
[15.287s] -- Installing: /home/f1tt3/f1tenth-t3/ros2_ws/install/drive_msgs/local/lib/python3.10/dist-packages/drive_msgs/_drive_msgs_s.ep.rosidl_typesupport_fastrtps_c.c
[15.287s] -- Installing: /home/f1tt3/f1tenth-t3/ros2_ws/install/drive_msgs/local/lib/python3.10/dist-packages/drive_msgs/_drive_msgs_s.ep.rosidl_typesupport_c.c
[15.287s] -- Installing: /home/f1tt3/f1tenth-t3/ros2_ws/install/drive_msgs/local/lib/python3.10/dist-packages/drive_msgs/__init__.py
[15.287s] -- Installing: /home/f1tt3/f1tenth-t3/ros2_ws/install/drive_msgs/local/lib/python3.10/dist-packages/drive_msgs/msg
[15.287s] -- Installing: /home/f1tt3/f1tenth-t3/ros2_ws/install/drive_msgs/local/lib/python3.10/dist-packages/drive_msgs/msg/_drive_param_s.c
[15.287s] -- Installing: /home/f1tt3/f1tenth-t3/ros2_ws/install/drive_msgs/local/lib/python3.10/dist-packages/drive_msgs/msg/_drive_param.py
[15.288s] -- Installing: /home/f1tt3/f1tenth-t3/ros2_ws/install/drive_msgs/local/lib/python3.10/dist-packages/drive_msgs/msg/__init__.py
[15.361s] Listing '/home/f1tt3/f1tenth-t3/ros2_ws/install/drive_msgs/local/lib/python3.10/dist-packages/drive_msgs'...
[15.361s] Compiling '/home/f1tt3/f1tenth-t3/ros2_ws/install/drive_msgs/local/lib/python3.10/dist-packages/drive_msgs/__init__.py'...
[15.361s] Listing '/home/f1tt3/f1tenth-t3/ros2_ws/install/drive_msgs/local/lib/python3.10/dist-packages/drive_msgs/msg'...
[15.362s] Compiling '/home/f1tt3/f1tenth-t3/ros2_ws/install/drive_msgs/local/lib/python3.10/dist-packages/drive_msgs/msg/__init__.py'...
[15.362s] Compiling '/home/f1tt3/f1tenth-t3/ros2_ws/install/drive_msgs/local/lib/python3.10/dist-packages/drive_msgs/msg/_drive_param.py'...
[15.384s] -- Installing: /home/f1tt3/f1tenth-t3/ros2_ws/install/drive_msgs/local/lib/python3.10/dist-packages/drive_msgs/drive_msgs_s__rosidl_typesupport_fastrtps_c.cpython-310-aarch64-linux-gnu.so
[15.385s] -- Set runtime path of "/home/f1tt3/f1tenth-t3/ros2_ws/install/drive_msgs/local/lib/python3.10/dist-packages/drive_msgs/drive_msgs_s__rosidl_typesupport_fastrtps_c.cpython-310-aarch64-linux-gnu.so" to ""
[15.385s] -- Installing: /home/f1tt3/f1tenth-t3/ros2_ws/install/drive_msgs/local/lib/python3.10/dist-packages/drive_msgs/drive_msgs_s__rosidl_typesupport_introspection_c.cpython-310-aarch64-linux-gnu.so
[15.385s] -- Set runtime path of "/home/f1tt3/f1tenth-t3/ros2_ws/install/drive_msgs/local/lib/python3.10/dist-packages/drive_msgs/drive_msgs_s__rosidl_typesupport_introspection_c.cpython-310-aarch64-linux-gnu.so" to ""
[15.385s] -- Installing: /home/f1tt3/f1tenth-t3/ros2_ws/install/drive_msgs/local/lib/python3.10/dist-packages/drive_msgs/drive_msgs_s__rosidl_typesupport_c.cpython-310-aarch64-linux-gnu.so
[15.386s] -- Set runtime path of "/home/f1tt3/f1tenth-t3/ros2_ws/install/drive_msgs/local/lib/python3.10/dist-packages/drive_msgs/drive_msgs_s__rosidl_typesupport_c.cpython-310-aarch64-linux-gnu.so" to ""
[15.386s] -- Installing: /home/f1tt3/f1tenth-t3/ros2_ws/install/drive_msgs/lib/libdrive_msgs__rosidl_generator_py.so
[15.386s] -- Set runtime path of "/home/f1tt3/f1tenth-t3/ros2_ws/install/drive_msgs/lib/libdrive_msgs__rosidl_generator_py.so" to ""
[15.386s] -- Installing: /home/f1tt3/f1tenth-t3/ros2_ws/install/drive_msgs/share/drive_msgs/msg/DriveParam.idl
[15.387s] -- Installing: /home/f1tt3/f1tenth-t3/ros2_ws/install/drive_msgs/share/drive_msgs/msg/DriveParam.msg
[15.387s] -- Installing: /home/f1tt3/f1tenth-t3/ros2_ws/install/drive_msgs/share/ament_index/resource_index/package_run_dependencies/drive_msgs
[15.387s] -- Installing: /home/f1tt3/f1tenth-t3/ros2_ws/install/drive_msgs/share/ament_index/resource_index/parent_prefix_path/drive_msgs
[15.387s] -- Installing: /home/f1tt3/f1tenth-t3/ros2_ws/install/drive_msgs/share/drive_msgs/environment/ament_prefix_path.sh
[15.387s] -- Installing: /home/f1tt3/f1tenth-t3/ros2_ws/install/drive_msgs/share/drive_msgs/environment/ament_prefix_path.dsv
[15.387s] -- Installing: /home/f1tt3/f1tenth-t3/ros2_ws/install/drive_msgs/share/drive_msgs/environment/path.sh
[15.387s] -- Installing: /home/f1tt3/f1tenth-t3/ros2_ws/install/drive_msgs/share/drive_msgs/environment/path.dsv
[15.387s] -- Installing: /home/f1tt3/f1tenth-t3/ros2_ws/install/drive_msgs/share/drive_msgs/local_setup.bash
[15.387s] -- Installing: /home/f1tt3/f1tenth-t3/ros2_ws/install/drive_msgs/share/drive_msgs/local_setup.sh
[15.388s] -- Installing: /home/f1tt3/f1tenth-t3/ros2_ws/install/drive_msgs/share/drive_msgs/local_setup.zsh
[15.388s] -- Installing: /home/f1tt3/f1tenth-t3/ros2_ws/install/drive_msgs/share/drive_msgs/local_setup.dsv
[15.388s] -- Installing: /home/f1tt3/f1tenth-t3/ros2_ws/install/drive_msgs/share/drive_msgs/package.dsv
[15.388s] -- Installing: /home/f1tt3/f1tenth-t3/ros2_ws/install/drive_msgs/share/ament_index/resource_index/packages/drive_msgs
[15.388s] -- Installing: /home/f1tt3/f1tenth-t3/ros2_ws/install/drive_msgs/share/drive_msgs/cmake/export_drive_msgs__rosidl_generator_cExport.cmake
[15.394s] -- Installing: /home/f1tt3/f1tenth-t3/ros2_ws/install/drive_msgs/share/drive_msgs/cmake/export_drive_msgs__rosidl_generator_cExport-noconfig.cmake
[15.394s] -- Installing: /home/f1tt3/f1tenth-t3/ros2_ws/install/drive_msgs/share/drive_msgs/cmake/export_drive_msgs__rosidl_typesupport_fastrtps_cExport.cmake
[15.394s] -- Installing: /home/f1tt3/f1tenth-t3/ros2_ws/install/drive_msgs/share/drive_msgs/cmake/export_drive_msgs__rosidl_typesupport_fastrtps_cExport-noconfig.cmake
[15.394s] -- Installing: /home/f1tt3/f1tenth-t3/ros2_ws/install/drive_msgs/share/drive_msgs/cmake/drive_msgs__rosidl_typesupport_introspection_cExport.cmake
[15.394s] -- Installing: /home/f1tt3/f1tenth-t3/ros2_ws/install/drive_msgs/share/drive_msgs/cmake/drive_msgs__rosidl_typesupport_introspection_cExport-noconfig.cmake
[15.394s] -- Installing: /home/f1tt3/f1tenth-t3/ros2_ws/install/drive_msgs/share/drive_msgs/cmake/drive_msgs__rosidl_typesupport_cExport.cmake
[15.395s] -- Installing: /home/f1tt3/f1tenth-t3/ros2_ws/install/drive_msgs/share/drive_msgs/cmake/drive_msgs__rosidl_typesupport_cExport-noconfig.cmake
[15.395s] -- Installing: /home/f1tt3/f1tenth-t3/ros2_ws/install/drive_msgs/share/drive_msgs/cmake/export_drive_msgs__rosidl_generator_cppExport.cmake
[15.395s] -- Installing: /home/f1tt3/f1tenth-t3/ros2_ws/install/drive_msgs/share/drive_msgs/cmake/export_drive_msgs__rosidl_typesupport_fastrtps_cppExport.cmake
[15.396s] -- Installing: /home/f1tt3/f1tenth-t3/ros2_ws/install/drive_msgs/share/drive_msgs/cmake/export_drive_msgs__rosidl_typesupport_fastrtps_cppExport-noconfig.cmake
[15.396s] -- Installing: /home/f1tt3/f1tenth-t3/ros2_ws/install/drive_msgs/share/drive_msgs/cmake/drive_msgs__rosidl_typesupport_introspection_cppExport.cmake
[15.396s] -- Installing: /home/f1tt3/f1tenth-t3/ros2_ws/install/drive_msgs/share/drive_msgs/cmake/drive_msgs__rosidl_typesupport_introspection_cppExport-noconfig.cmake
[15.397s] -- Installing: /home/f1tt3/f1tenth-t3/ros2_ws/install/drive_msgs/share/drive_msgs/cmake/drive_msgs__rosidl_typesupport_cppExport.cmake
[15.398s] -- Installing: /home/f1tt3/f1tenth-t3/ros2_ws/install/drive_msgs/share/drive_msgs/cmake/drive_msgs__rosidl_typesupport_cppExport-noconfig.cmake
[15.398s] -- Installing: /home/f1tt3/f1tenth-t3/ros2_ws/install/drive_msgs/share/drive_msgs/cmake/export_drive_msgs__rosidl_generator_pyExport.cmake
[15.399s] -- Installing: /home/f1tt3/f1tenth-t3/ros2_ws/install/drive_msgs/share/drive_msgs/cmake/export_drive_msgs__rosidl_generator_pyExport-noconfig.cmake
[15.399s] -- Installing: /home/f1tt3/f1tenth-t3/ros2_ws/install/drive_msgs/share/drive_msgs/cmake/rosidl_cmake-extras.cmake
[15.399s] -- Installing: /home/f1tt3/f1tenth-t3/ros2_ws/install/drive_msgs/share/drive_msgs/cmake/ament_cmake_export_include_directories-extras.cmake
[15.399s] -- Installing: /home/f1tt3/f1tenth-t3/ros2_ws/install/drive_msgs/share/drive_msgs/cmake/ament_cmake_export_libraries-extras.cmake
[15.399s] -- Installing: /home/f1tt3/f1tenth-t3/ros2_ws/install/drive_msgs/share/drive_msgs/cmake/ament_cmake_export_targets-extras.cmake
[15.399s] -- Installing: /home/f1tt3/f1tenth-t3/ros2_ws/install/drive_msgs/share/drive_msgs/cmake/rosidl_cmake_export_typesupport_targets-extras.cmake
[15.400s] -- Installing: /home/f1tt3/f1tenth-t3/ros2_ws/install/drive_msgs/share/drive_msgs/cmake/ament_cmake_export_dependencies-extras.cmake
[15.400s] -- Installing: /home/f1tt3/f1tenth-t3/ros2_ws/install/drive_msgs/share/drive_msgs/cmake/rosidl_cmake_export_typesupport_libraries-extras.cmake
[15.401s] -- Installing: /home/f1tt3/f1tenth-t3/ros2_ws/install/drive_msgs/share/drive_msgs/cmake/drive_msgsConfig.cmake
[15.402s] -- Installing: /home/f1tt3/f1tenth-t3/ros2_ws/install/drive_msgs/share/drive_msgs/cmake/drive_msgsConfig-version.cmake
[15.402s] -- Installing: /home/f1tt3/f1tenth-t3/ros2_ws/install/drive_msgs/share/drive_msgs/package.xml
[15.409s] Invoked command in '/home/f1tt3/f1tenth-t3/ros2_ws/build/drive_msgs' returned '0': /usr/bin/cmake --install /home/f1tt3/f1tenth-t3/ros2_ws/build/drive_msgs
