[0.410s] Invoking command in '/home/erk/f1tenth-t3/ros2_ws/src/wallfollowing2': CMAKE_PREFIX_PATH=/home/erk/f1tenth-t3/ros2_ws/install/drive_msgs LD_LIBRARY_PATH=/home/erk/f1tenth-t3/ros2_ws/install/drive_msgs/lib:${LD_LIBRARY_PATH} PKG_CONFIG_PATH=/home/erk/f1tenth-t3/ros2_ws/install/drive_msgs/lib/x86_64-linux-gnu/pkgconfig:/home/erk/f1tenth-t3/ros2_ws/install/drive_msgs/lib/pkgconfig PYTHONPATH=/home/erk/f1tenth-t3/ros2_ws/build/wallfollowing2/prefix_override:/usr/lib/python3/dist-packages/colcon_core/task/python/colcon_distutils_commands:/home/erk/f1tenth-t3/ros2_ws/install/wallfollowing2/lib/python3.10/site-packages:/home/erk/f1tenth-t3/ros2_ws/install/drive_msgs/local/lib/python3.10/dist-packages:${PYTHONPATH} ROS_PACKAGE_PATH=/home/erk/f1tenth-t3/ros2_ws/install/drive_msgs/share /usr/bin/python3 -W ignore:setup.py install is deprecated -W ignore:easy_install command is deprecated setup.py egg_info --egg-base ../../build/wallfollowing2 build --build-base /home/erk/f1tenth-t3/ros2_ws/build/wallfollowing2/build install --record /home/erk/f1tenth-t3/ros2_ws/build/wallfollowing2/install.log --single-version-externally-managed install_data
[0.575s] running egg_info
[0.575s] writing ../../build/wallfollowing2/wallfollowing2.egg-info/PKG-INFO
[0.575s] writing dependency_links to ../../build/wallfollowing2/wallfollowing2.egg-info/dependency_links.txt
[0.575s] writing entry points to ../../build/wallfollowing2/wallfollowing2.egg-info/entry_points.txt
[0.575s] writing requirements to ../../build/wallfollowing2/wallfollowing2.egg-info/requires.txt
[0.575s] writing top-level names to ../../build/wallfollowing2/wallfollowing2.egg-info/top_level.txt
[0.576s] reading manifest file '../../build/wallfollowing2/wallfollowing2.egg-info/SOURCES.txt'
[0.577s] writing manifest file '../../build/wallfollowing2/wallfollowing2.egg-info/SOURCES.txt'
[0.577s] running build
[0.577s] running build_py
[0.577s] running install
[0.577s] running install_lib
[0.578s] running install_data
[0.578s] running install_egg_info
[0.579s] removing '/home/erk/f1tenth-t3/ros2_ws/install/wallfollowing2/lib/python3.10/site-packages/wallfollowing2-0.1.0-py3.10.egg-info' (and everything under it)
[0.579s] Copying ../../build/wallfollowing2/wallfollowing2.egg-info to /home/erk/f1tenth-t3/ros2_ws/install/wallfollowing2/lib/python3.10/site-packages/wallfollowing2-0.1.0-py3.10.egg-info
[0.580s] running install_scripts
[0.594s] Installing wallfollowing_node script to /home/erk/f1tenth-t3/ros2_ws/install/wallfollowing2/lib/wallfollowing2
[0.594s] writing list of installed files to '/home/erk/f1tenth-t3/ros2_ws/build/wallfollowing2/install.log'
[0.607s] Invoked command in '/home/erk/f1tenth-t3/ros2_ws/src/wallfollowing2' returned '0': CMAKE_PREFIX_PATH=/home/erk/f1tenth-t3/ros2_ws/install/drive_msgs LD_LIBRARY_PATH=/home/erk/f1tenth-t3/ros2_ws/install/drive_msgs/lib:${LD_LIBRARY_PATH} PKG_CONFIG_PATH=/home/erk/f1tenth-t3/ros2_ws/install/drive_msgs/lib/x86_64-linux-gnu/pkgconfig:/home/erk/f1tenth-t3/ros2_ws/install/drive_msgs/lib/pkgconfig PYTHONPATH=/home/erk/f1tenth-t3/ros2_ws/build/wallfollowing2/prefix_override:/usr/lib/python3/dist-packages/colcon_core/task/python/colcon_distutils_commands:/home/erk/f1tenth-t3/ros2_ws/install/wallfollowing2/lib/python3.10/site-packages:/home/erk/f1tenth-t3/ros2_ws/install/drive_msgs/local/lib/python3.10/dist-packages:${PYTHONPATH} ROS_PACKAGE_PATH=/home/erk/f1tenth-t3/ros2_ws/install/drive_msgs/share /usr/bin/python3 -W ignore:setup.py install is deprecated -W ignore:easy_install command is deprecated setup.py egg_info --egg-base ../../build/wallfollowing2 build --build-base /home/erk/f1tenth-t3/ros2_ws/build/wallfollowing2/build install --record /home/erk/f1tenth-t3/ros2_ws/build/wallfollowing2/install.log --single-version-externally-managed install_data
