[0.230s] DEBUG:colcon:Command line arguments: ['/usr/bin/colcon', 'build', '--packages-select', 'drive_msgs', 'car_control', 'wallfollowing2', 'racer_bringup']
[0.230s] DEBUG:colcon:Parsed command line arguments: Namespace(log_base=None, log_level=None, verb_name='build', build_base='build', install_base='install', merge_install=False, symlink_install=False, test_result_base=None, continue_on_error=False, executor='parallel', parallel_workers=6, event_handlers=None, ignore_user_meta=False, metas=['./colcon.meta'], base_paths=['.'], packages_ignore=None, packages_ignore_regex=None, paths=None, packages_up_to=None, packages_up_to_regex=None, packages_above=None, packages_above_and_dependencies=None, packages_above_depth=None, packages_select_by_dep=None, packages_skip_by_dep=None, packages_skip_up_to=None, packages_select_build_failed=False, packages_skip_build_finished=False, packages_select_test_failures=False, packages_skip_test_passed=False, packages_select=['drive_msgs', 'car_control', 'wallfollowing2', 'racer_bringup'], packages_skip=None, packages_select_regex=None, packages_skip_regex=None, packages_start=None, packages_end=None, allow_overriding=[], cmake_args=None, cmake_target=None, cmake_target_skip_unavailable=False, cmake_clean_cache=False, cmake_clean_first=False, cmake_force_configure=False, ament_cmake_args=None, catkin_cmake_args=None, catkin_skip_building_tests=False, mixin_files=None, mixin=None, verb_parser=<colcon_mixin.mixin.mixin_argument.MixinArgumentDecorator object at 0xffff9ed4e230>, verb_extension=<colcon_core.verb.build.BuildVerb object at 0xffff9eeebc70>, main=<bound method BuildVerb.main of <colcon_core.verb.build.BuildVerb object at 0xffff9eeebc70>>, mixin_verb=('build',))
[0.573s] Level 1:colcon.colcon_core.package_discovery:discover_packages(colcon_meta) check parameters
[0.574s] Level 1:colcon.colcon_core.package_discovery:discover_packages(recursive) check parameters
[0.574s] Level 1:colcon.colcon_core.package_discovery:discover_packages(ignore) check parameters
[0.574s] Level 1:colcon.colcon_core.package_discovery:discover_packages(path) check parameters
[0.575s] Level 1:colcon.colcon_core.package_discovery:discover_packages(colcon_meta) discover
[0.575s] Level 1:colcon.colcon_core.package_discovery:discover_packages(recursive) discover
[0.575s] INFO:colcon.colcon_core.package_discovery:Crawling recursively for packages in '/home/f1tt3/f1tenth-t3/ros2_ws'
[0.576s] Level 1:colcon.colcon_core.package_identification:_identify(.) by extensions ['ignore', 'ignore_ament_install']
[0.576s] Level 1:colcon.colcon_core.package_identification:_identify(.) by extension 'ignore'
[0.576s] Level 1:colcon.colcon_core.package_identification:_identify(.) by extension 'ignore_ament_install'
[0.577s] Level 1:colcon.colcon_core.package_identification:_identify(.) by extensions ['colcon_pkg']
[0.577s] Level 1:colcon.colcon_core.package_identification:_identify(.) by extension 'colcon_pkg'
[0.577s] Level 1:colcon.colcon_core.package_identification:_identify(.) by extensions ['colcon_meta']
[0.577s] Level 1:colcon.colcon_core.package_identification:_identify(.) by extension 'colcon_meta'
[0.577s] Level 1:colcon.colcon_core.package_identification:_identify(.) by extensions ['ros']
[0.578s] Level 1:colcon.colcon_core.package_identification:_identify(.) by extension 'ros'
[0.601s] Level 1:colcon.colcon_core.package_identification:_identify(.) by extensions ['cmake', 'python']
[0.602s] Level 1:colcon.colcon_core.package_identification:_identify(.) by extension 'cmake'
[0.602s] Level 1:colcon.colcon_core.package_identification:_identify(.) by extension 'python'
[0.602s] Level 1:colcon.colcon_core.package_identification:_identify(.) by extensions ['python_setup_py']
[0.603s] Level 1:colcon.colcon_core.package_identification:_identify(.) by extension 'python_setup_py'
[0.603s] Level 1:colcon.colcon_core.package_identification:_identify(build) by extensions ['ignore', 'ignore_ament_install']
[0.603s] Level 1:colcon.colcon_core.package_identification:_identify(build) by extension 'ignore'
[0.604s] Level 1:colcon.colcon_core.package_identification:_identify(build) ignored
[0.604s] Level 1:colcon.colcon_core.package_identification:_identify(install) by extensions ['ignore', 'ignore_ament_install']
[0.604s] Level 1:colcon.colcon_core.package_identification:_identify(install) by extension 'ignore'
[0.605s] Level 1:colcon.colcon_core.package_identification:_identify(install) ignored
[0.605s] Level 1:colcon.colcon_core.package_identification:_identify(log) by extensions ['ignore', 'ignore_ament_install']
[0.605s] Level 1:colcon.colcon_core.package_identification:_identify(log) by extension 'ignore'
[0.606s] Level 1:colcon.colcon_core.package_identification:_identify(log) ignored
[0.606s] Level 1:colcon.colcon_core.package_identification:_identify(src) by extensions ['ignore', 'ignore_ament_install']
[0.606s] Level 1:colcon.colcon_core.package_identification:_identify(src) by extension 'ignore'
[0.606s] Level 1:colcon.colcon_core.package_identification:_identify(src) by extension 'ignore_ament_install'
[0.607s] Level 1:colcon.colcon_core.package_identification:_identify(src) by extensions ['colcon_pkg']
[0.607s] Level 1:colcon.colcon_core.package_identification:_identify(src) by extension 'colcon_pkg'
[0.607s] Level 1:colcon.colcon_core.package_identification:_identify(src) by extensions ['colcon_meta']
[0.607s] Level 1:colcon.colcon_core.package_identification:_identify(src) by extension 'colcon_meta'
[0.608s] Level 1:colcon.colcon_core.package_identification:_identify(src) by extensions ['ros']
[0.608s] Level 1:colcon.colcon_core.package_identification:_identify(src) by extension 'ros'
[0.608s] Level 1:colcon.colcon_core.package_identification:_identify(src) by extensions ['cmake', 'python']
[0.608s] Level 1:colcon.colcon_core.package_identification:_identify(src) by extension 'cmake'
[0.609s] Level 1:colcon.colcon_core.package_identification:_identify(src) by extension 'python'
[0.609s] Level 1:colcon.colcon_core.package_identification:_identify(src) by extensions ['python_setup_py']
[0.609s] Level 1:colcon.colcon_core.package_identification:_identify(src) by extension 'python_setup_py'
[0.610s] Level 1:colcon.colcon_core.package_identification:_identify(src/car_control) by extensions ['ignore', 'ignore_ament_install']
[0.610s] Level 1:colcon.colcon_core.package_identification:_identify(src/car_control) by extension 'ignore'
[0.610s] Level 1:colcon.colcon_core.package_identification:_identify(src/car_control) by extension 'ignore_ament_install'
[0.611s] Level 1:colcon.colcon_core.package_identification:_identify(src/car_control) by extensions ['colcon_pkg']
[0.611s] Level 1:colcon.colcon_core.package_identification:_identify(src/car_control) by extension 'colcon_pkg'
[0.611s] Level 1:colcon.colcon_core.package_identification:_identify(src/car_control) by extensions ['colcon_meta']
[0.611s] Level 1:colcon.colcon_core.package_identification:_identify(src/car_control) by extension 'colcon_meta'
[0.611s] Level 1:colcon.colcon_core.package_identification:_identify(src/car_control) by extensions ['ros']
[0.612s] Level 1:colcon.colcon_core.package_identification:_identify(src/car_control) by extension 'ros'
[0.618s] DEBUG:colcon.colcon_core.package_identification:Package 'src/car_control' with type 'ros.catkin' and name 'car_control'
[0.618s] Level 1:colcon.colcon_core.package_identification:_identify(src/drive_msgs) by extensions ['ignore', 'ignore_ament_install']
[0.619s] Level 1:colcon.colcon_core.package_identification:_identify(src/drive_msgs) by extension 'ignore'
[0.619s] Level 1:colcon.colcon_core.package_identification:_identify(src/drive_msgs) by extension 'ignore_ament_install'
[0.619s] Level 1:colcon.colcon_core.package_identification:_identify(src/drive_msgs) by extensions ['colcon_pkg']
[0.620s] Level 1:colcon.colcon_core.package_identification:_identify(src/drive_msgs) by extension 'colcon_pkg'
[0.620s] Level 1:colcon.colcon_core.package_identification:_identify(src/drive_msgs) by extensions ['colcon_meta']
[0.620s] Level 1:colcon.colcon_core.package_identification:_identify(src/drive_msgs) by extension 'colcon_meta'
[0.620s] Level 1:colcon.colcon_core.package_identification:_identify(src/drive_msgs) by extensions ['ros']
[0.621s] Level 1:colcon.colcon_core.package_identification:_identify(src/drive_msgs) by extension 'ros'
[0.622s] DEBUG:colcon.colcon_core.package_identification:Package 'src/drive_msgs' with type 'ros.catkin' and name 'drive_msgs'
[0.622s] Level 1:colcon.colcon_core.package_identification:_identify(src/racer_bringup) by extensions ['ignore', 'ignore_ament_install']
[0.623s] Level 1:colcon.colcon_core.package_identification:_identify(src/racer_bringup) by extension 'ignore'
[0.623s] Level 1:colcon.colcon_core.package_identification:_identify(src/racer_bringup) by extension 'ignore_ament_install'
[0.623s] Level 1:colcon.colcon_core.package_identification:_identify(src/racer_bringup) by extensions ['colcon_pkg']
[0.623s] Level 1:colcon.colcon_core.package_identification:_identify(src/racer_bringup) by extension 'colcon_pkg'
[0.624s] Level 1:colcon.colcon_core.package_identification:_identify(src/racer_bringup) by extensions ['colcon_meta']
[0.624s] Level 1:colcon.colcon_core.package_identification:_identify(src/racer_bringup) by extension 'colcon_meta'
[0.624s] Level 1:colcon.colcon_core.package_identification:_identify(src/racer_bringup) by extensions ['ros']
[0.624s] Level 1:colcon.colcon_core.package_identification:_identify(src/racer_bringup) by extension 'ros'
[0.626s] DEBUG:colcon.colcon_core.package_identification:Package 'src/racer_bringup' with type 'ros.ament_python' and name 'racer_bringup'
[0.626s] Level 1:colcon.colcon_core.package_identification:_identify(src/wallfollowing2) by extensions ['ignore', 'ignore_ament_install']
[0.627s] Level 1:colcon.colcon_core.package_identification:_identify(src/wallfollowing2) by extension 'ignore'
[0.627s] Level 1:colcon.colcon_core.package_identification:_identify(src/wallfollowing2) by extension 'ignore_ament_install'
[0.627s] Level 1:colcon.colcon_core.package_identification:_identify(src/wallfollowing2) by extensions ['colcon_pkg']
[0.627s] Level 1:colcon.colcon_core.package_identification:_identify(src/wallfollowing2) by extension 'colcon_pkg'
[0.628s] Level 1:colcon.colcon_core.package_identification:_identify(src/wallfollowing2) by extensions ['colcon_meta']
[0.628s] Level 1:colcon.colcon_core.package_identification:_identify(src/wallfollowing2) by extension 'colcon_meta'
[0.628s] Level 1:colcon.colcon_core.package_identification:_identify(src/wallfollowing2) by extensions ['ros']
[0.628s] Level 1:colcon.colcon_core.package_identification:_identify(src/wallfollowing2) by extension 'ros'
[0.630s] DEBUG:colcon.colcon_core.package_identification:Package 'src/wallfollowing2' with type 'ros.ament_python' and name 'wallfollowing2'
[0.630s] Level 1:colcon.colcon_core.package_discovery:discover_packages(recursive) using defaults
[0.630s] Level 1:colcon.colcon_core.package_discovery:discover_packages(ignore) discover
[0.631s] Level 1:colcon.colcon_core.package_discovery:discover_packages(ignore) using defaults
[0.631s] Level 1:colcon.colcon_core.package_discovery:discover_packages(path) discover
[0.631s] Level 1:colcon.colcon_core.package_discovery:discover_packages(path) using defaults
[0.714s] Level 1:colcon.colcon_core.package_discovery:discover_packages(prefix_path) check parameters
[0.714s] Level 1:colcon.colcon_core.package_discovery:discover_packages(prefix_path) discover
[0.719s] DEBUG:colcon.colcon_installed_package_information.package_discovery:Found 291 installed packages in /opt/ros/humble
[0.722s] Level 1:colcon.colcon_core.package_discovery:discover_packages(prefix_path) using defaults
[0.800s] Level 5:colcon.colcon_core.verb:set package 'drive_msgs' build argument 'cmake_args' from command line to 'None'
[0.800s] Level 5:colcon.colcon_core.verb:set package 'drive_msgs' build argument 'cmake_target' from command line to 'None'
[0.800s] Level 5:colcon.colcon_core.verb:set package 'drive_msgs' build argument 'cmake_target_skip_unavailable' from command line to 'False'
[0.800s] Level 5:colcon.colcon_core.verb:set package 'drive_msgs' build argument 'cmake_clean_cache' from command line to 'False'
[0.800s] Level 5:colcon.colcon_core.verb:set package 'drive_msgs' build argument 'cmake_clean_first' from command line to 'False'
[0.800s] Level 5:colcon.colcon_core.verb:set package 'drive_msgs' build argument 'cmake_force_configure' from command line to 'False'
[0.800s] Level 5:colcon.colcon_core.verb:set package 'drive_msgs' build argument 'ament_cmake_args' from command line to 'None'
[0.800s] Level 5:colcon.colcon_core.verb:set package 'drive_msgs' build argument 'catkin_cmake_args' from command line to 'None'
[0.800s] Level 5:colcon.colcon_core.verb:set package 'drive_msgs' build argument 'catkin_skip_building_tests' from command line to 'False'
[0.800s] DEBUG:colcon.colcon_core.verb:Building package 'drive_msgs' with the following arguments: {'ament_cmake_args': None, 'build_base': '/home/f1tt3/f1tenth-t3/ros2_ws/build/drive_msgs', 'catkin_cmake_args': None, 'catkin_skip_building_tests': False, 'cmake_args': None, 'cmake_clean_cache': False, 'cmake_clean_first': False, 'cmake_force_configure': False, 'cmake_target': None, 'cmake_target_skip_unavailable': False, 'install_base': '/home/f1tt3/f1tenth-t3/ros2_ws/install/drive_msgs', 'merge_install': False, 'path': '/home/f1tt3/f1tenth-t3/ros2_ws/src/drive_msgs', 'symlink_install': False, 'test_result_base': None}
[0.801s] Level 5:colcon.colcon_core.verb:set package 'car_control' build argument 'cmake_args' from command line to 'None'
[0.801s] Level 5:colcon.colcon_core.verb:set package 'car_control' build argument 'cmake_target' from command line to 'None'
[0.801s] Level 5:colcon.colcon_core.verb:set package 'car_control' build argument 'cmake_target_skip_unavailable' from command line to 'False'
[0.801s] Level 5:colcon.colcon_core.verb:set package 'car_control' build argument 'cmake_clean_cache' from command line to 'False'
[0.801s] Level 5:colcon.colcon_core.verb:set package 'car_control' build argument 'cmake_clean_first' from command line to 'False'
[0.801s] Level 5:colcon.colcon_core.verb:set package 'car_control' build argument 'cmake_force_configure' from command line to 'False'
[0.801s] Level 5:colcon.colcon_core.verb:set package 'car_control' build argument 'ament_cmake_args' from command line to 'None'
[0.801s] Level 5:colcon.colcon_core.verb:set package 'car_control' build argument 'catkin_cmake_args' from command line to 'None'
[0.801s] Level 5:colcon.colcon_core.verb:set package 'car_control' build argument 'catkin_skip_building_tests' from command line to 'False'
[0.801s] DEBUG:colcon.colcon_core.verb:Building package 'car_control' with the following arguments: {'ament_cmake_args': None, 'build_base': '/home/f1tt3/f1tenth-t3/ros2_ws/build/car_control', 'catkin_cmake_args': None, 'catkin_skip_building_tests': False, 'cmake_args': None, 'cmake_clean_cache': False, 'cmake_clean_first': False, 'cmake_force_configure': False, 'cmake_target': None, 'cmake_target_skip_unavailable': False, 'install_base': '/home/f1tt3/f1tenth-t3/ros2_ws/install/car_control', 'merge_install': False, 'path': '/home/f1tt3/f1tenth-t3/ros2_ws/src/car_control', 'symlink_install': False, 'test_result_base': None}
[0.807s] Level 5:colcon.colcon_core.verb:set package 'wallfollowing2' build argument 'cmake_args' from command line to 'None'
[0.807s] Level 5:colcon.colcon_core.verb:set package 'wallfollowing2' build argument 'cmake_target' from command line to 'None'
[0.807s] Level 5:colcon.colcon_core.verb:set package 'wallfollowing2' build argument 'cmake_target_skip_unavailable' from command line to 'False'
[0.807s] Level 5:colcon.colcon_core.verb:set package 'wallfollowing2' build argument 'cmake_clean_cache' from command line to 'False'
[0.807s] Level 5:colcon.colcon_core.verb:set package 'wallfollowing2' build argument 'cmake_clean_first' from command line to 'False'
[0.807s] Level 5:colcon.colcon_core.verb:set package 'wallfollowing2' build argument 'cmake_force_configure' from command line to 'False'
[0.807s] Level 5:colcon.colcon_core.verb:set package 'wallfollowing2' build argument 'ament_cmake_args' from command line to 'None'
[0.807s] Level 5:colcon.colcon_core.verb:set package 'wallfollowing2' build argument 'catkin_cmake_args' from command line to 'None'
[0.807s] Level 5:colcon.colcon_core.verb:set package 'wallfollowing2' build argument 'catkin_skip_building_tests' from command line to 'False'
[0.807s] DEBUG:colcon.colcon_core.verb:Building package 'wallfollowing2' with the following arguments: {'ament_cmake_args': None, 'build_base': '/home/f1tt3/f1tenth-t3/ros2_ws/build/wallfollowing2', 'catkin_cmake_args': None, 'catkin_skip_building_tests': False, 'cmake_args': None, 'cmake_clean_cache': False, 'cmake_clean_first': False, 'cmake_force_configure': False, 'cmake_target': None, 'cmake_target_skip_unavailable': False, 'install_base': '/home/f1tt3/f1tenth-t3/ros2_ws/install/wallfollowing2', 'merge_install': False, 'path': '/home/f1tt3/f1tenth-t3/ros2_ws/src/wallfollowing2', 'symlink_install': False, 'test_result_base': None}
[0.808s] Level 5:colcon.colcon_core.verb:set package 'racer_bringup' build argument 'cmake_args' from command line to 'None'
[0.808s] Level 5:colcon.colcon_core.verb:set package 'racer_bringup' build argument 'cmake_target' from command line to 'None'
[0.808s] Level 5:colcon.colcon_core.verb:set package 'racer_bringup' build argument 'cmake_target_skip_unavailable' from command line to 'False'
[0.808s] Level 5:colcon.colcon_core.verb:set package 'racer_bringup' build argument 'cmake_clean_cache' from command line to 'False'
[0.808s] Level 5:colcon.colcon_core.verb:set package 'racer_bringup' build argument 'cmake_clean_first' from command line to 'False'
[0.808s] Level 5:colcon.colcon_core.verb:set package 'racer_bringup' build argument 'cmake_force_configure' from command line to 'False'
[0.809s] Level 5:colcon.colcon_core.verb:set package 'racer_bringup' build argument 'ament_cmake_args' from command line to 'None'
[0.809s] Level 5:colcon.colcon_core.verb:set package 'racer_bringup' build argument 'catkin_cmake_args' from command line to 'None'
[0.809s] Level 5:colcon.colcon_core.verb:set package 'racer_bringup' build argument 'catkin_skip_building_tests' from command line to 'False'
[0.809s] DEBUG:colcon.colcon_core.verb:Building package 'racer_bringup' with the following arguments: {'ament_cmake_args': None, 'build_base': '/home/f1tt3/f1tenth-t3/ros2_ws/build/racer_bringup', 'catkin_cmake_args': None, 'catkin_skip_building_tests': False, 'cmake_args': None, 'cmake_clean_cache': False, 'cmake_clean_first': False, 'cmake_force_configure': False, 'cmake_target': None, 'cmake_target_skip_unavailable': False, 'install_base': '/home/f1tt3/f1tenth-t3/ros2_ws/install/racer_bringup', 'merge_install': False, 'path': '/home/f1tt3/f1tenth-t3/ros2_ws/src/racer_bringup', 'symlink_install': False, 'test_result_base': None}
[0.809s] INFO:colcon.colcon_core.executor:Executing jobs using 'parallel' executor
[0.811s] DEBUG:colcon.colcon_parallel_executor.executor.parallel:run_until_complete
[0.812s] INFO:colcon.colcon_ros.task.catkin.build:Building ROS package in '/home/f1tt3/f1tenth-t3/ros2_ws/src/drive_msgs' with build type 'catkin'
[0.812s] INFO:colcon.colcon_cmake.task.cmake.build:Building CMake package in '/home/f1tt3/f1tenth-t3/ros2_ws/src/drive_msgs'
[0.818s] INFO:colcon.colcon_core.plugin_system:Skipping extension 'colcon_core.shell.bat': Not used on non-Windows systems
[0.818s] INFO:colcon.colcon_core.shell:Skip shell extension 'powershell' for command environment: Not usable outside of PowerShell
[0.818s] DEBUG:colcon.colcon_core.shell:Skip shell extension 'dsv' for command environment
[0.846s] DEBUG:colcon.colcon_core.event_handler.log_command:Invoking command in '/home/f1tt3/f1tenth-t3/ros2_ws/build/drive_msgs': /usr/bin/cmake /home/f1tt3/f1tenth-t3/ros2_ws/src/drive_msgs -DCATKIN_INSTALL_INTO_PREFIX_ROOT=0 -DCMAKE_INSTALL_PREFIX=/home/f1tt3/f1tenth-t3/ros2_ws/install/drive_msgs
[4.408s] DEBUG:colcon.colcon_core.event_handler.log_command:Invoked command in '/home/f1tt3/f1tenth-t3/ros2_ws/build/drive_msgs' returned '0': /usr/bin/cmake /home/f1tt3/f1tenth-t3/ros2_ws/src/drive_msgs -DCATKIN_INSTALL_INTO_PREFIX_ROOT=0 -DCMAKE_INSTALL_PREFIX=/home/f1tt3/f1tenth-t3/ros2_ws/install/drive_msgs
[4.409s] DEBUG:colcon.colcon_core.event_handler.log_command:Invoking command in '/home/f1tt3/f1tenth-t3/ros2_ws/build/drive_msgs': /usr/bin/cmake --build /home/f1tt3/f1tenth-t3/ros2_ws/build/drive_msgs -- -j6 -l6
[16.016s] DEBUG:colcon.colcon_core.event_handler.log_command:Invoked command in '/home/f1tt3/f1tenth-t3/ros2_ws/build/drive_msgs' returned '0': /usr/bin/cmake --build /home/f1tt3/f1tenth-t3/ros2_ws/build/drive_msgs -- -j6 -l6
[16.036s] DEBUG:colcon.colcon_core.event_handler.log_command:Invoking command in '/home/f1tt3/f1tenth-t3/ros2_ws/build/drive_msgs': /usr/bin/cmake --install /home/f1tt3/f1tenth-t3/ros2_ws/build/drive_msgs
[16.224s] Level 1:colcon.colcon_core.shell:create_environment_hook('drive_msgs', 'ros_package_path')
[16.225s] DEBUG:colcon.colcon_core.event_handler.log_command:Invoked command in '/home/f1tt3/f1tenth-t3/ros2_ws/build/drive_msgs' returned '0': /usr/bin/cmake --install /home/f1tt3/f1tenth-t3/ros2_ws/build/drive_msgs
[16.226s] INFO:colcon.colcon_core.shell:Creating environment hook '/home/f1tt3/f1tenth-t3/ros2_ws/install/drive_msgs/share/drive_msgs/hook/ros_package_path.ps1'
[16.228s] INFO:colcon.colcon_core.shell:Creating environment descriptor '/home/f1tt3/f1tenth-t3/ros2_ws/install/drive_msgs/share/drive_msgs/hook/ros_package_path.dsv'
[16.229s] INFO:colcon.colcon_core.shell:Creating environment hook '/home/f1tt3/f1tenth-t3/ros2_ws/install/drive_msgs/share/drive_msgs/hook/ros_package_path.sh'
[16.233s] Level 1:colcon.colcon_ros.task.catkin:checking '/home/f1tt3/f1tenth-t3/ros2_ws/install/drive_msgs/local/lib/python3.10/dist-packages'
[16.233s] Level 1:colcon.colcon_core.shell:create_environment_hook('drive_msgs', 'catkin_pythonpath')
[16.234s] INFO:colcon.colcon_core.shell:Creating environment hook '/home/f1tt3/f1tenth-t3/ros2_ws/install/drive_msgs/share/drive_msgs/hook/catkin_pythonpath.ps1'
[16.235s] INFO:colcon.colcon_core.shell:Creating environment descriptor '/home/f1tt3/f1tenth-t3/ros2_ws/install/drive_msgs/share/drive_msgs/hook/catkin_pythonpath.dsv'
[16.235s] INFO:colcon.colcon_core.shell:Creating environment hook '/home/f1tt3/f1tenth-t3/ros2_ws/install/drive_msgs/share/drive_msgs/hook/catkin_pythonpath.sh'
[16.236s] Level 1:colcon.colcon_core.shell:create_environment_hook('drive_msgs', 'pkg_config_path')
[16.237s] INFO:colcon.colcon_core.shell:Creating environment hook '/home/f1tt3/f1tenth-t3/ros2_ws/install/drive_msgs/share/drive_msgs/hook/pkg_config_path.ps1'
[16.237s] INFO:colcon.colcon_core.shell:Creating environment descriptor '/home/f1tt3/f1tenth-t3/ros2_ws/install/drive_msgs/share/drive_msgs/hook/pkg_config_path.dsv'
[16.238s] INFO:colcon.colcon_core.shell:Creating environment hook '/home/f1tt3/f1tenth-t3/ros2_ws/install/drive_msgs/share/drive_msgs/hook/pkg_config_path.sh'
[16.242s] Level 1:colcon.colcon_core.shell:create_environment_hook('drive_msgs', 'pkg_config_path_multiarch')
[16.242s] INFO:colcon.colcon_core.shell:Creating environment hook '/home/f1tt3/f1tenth-t3/ros2_ws/install/drive_msgs/share/drive_msgs/hook/pkg_config_path_multiarch.ps1'
[16.244s] INFO:colcon.colcon_core.shell:Creating environment descriptor '/home/f1tt3/f1tenth-t3/ros2_ws/install/drive_msgs/share/drive_msgs/hook/pkg_config_path_multiarch.dsv'
[16.244s] INFO:colcon.colcon_core.shell:Creating environment hook '/home/f1tt3/f1tenth-t3/ros2_ws/install/drive_msgs/share/drive_msgs/hook/pkg_config_path_multiarch.sh'
[16.247s] Level 1:colcon.colcon_core.environment:create_environment_scripts_only(drive_msgs)
[16.253s] Level 1:colcon.colcon_core.environment:checking '/home/f1tt3/f1tenth-t3/ros2_ws/install/drive_msgs' for CMake module files
[16.254s] Level 1:colcon.colcon_core.environment:checking '/home/f1tt3/f1tenth-t3/ros2_ws/install/drive_msgs' for CMake config files
[16.256s] Level 1:colcon.colcon_core.shell:create_environment_hook('drive_msgs', 'cmake_prefix_path')
[16.256s] INFO:colcon.colcon_core.shell:Creating environment hook '/home/f1tt3/f1tenth-t3/ros2_ws/install/drive_msgs/share/drive_msgs/hook/cmake_prefix_path.ps1'
[16.258s] INFO:colcon.colcon_core.shell:Creating environment descriptor '/home/f1tt3/f1tenth-t3/ros2_ws/install/drive_msgs/share/drive_msgs/hook/cmake_prefix_path.dsv'
[16.258s] INFO:colcon.colcon_core.shell:Creating environment hook '/home/f1tt3/f1tenth-t3/ros2_ws/install/drive_msgs/share/drive_msgs/hook/cmake_prefix_path.sh'
[16.260s] Level 1:colcon.colcon_core.environment:checking '/home/f1tt3/f1tenth-t3/ros2_ws/install/drive_msgs/lib'
[16.260s] Level 1:colcon.colcon_core.shell:create_environment_hook('drive_msgs', 'ld_library_path_lib')
[16.261s] INFO:colcon.colcon_core.shell:Creating environment hook '/home/f1tt3/f1tenth-t3/ros2_ws/install/drive_msgs/share/drive_msgs/hook/ld_library_path_lib.ps1'
[16.262s] INFO:colcon.colcon_core.shell:Creating environment descriptor '/home/f1tt3/f1tenth-t3/ros2_ws/install/drive_msgs/share/drive_msgs/hook/ld_library_path_lib.dsv'
[16.264s] INFO:colcon.colcon_core.shell:Creating environment hook '/home/f1tt3/f1tenth-t3/ros2_ws/install/drive_msgs/share/drive_msgs/hook/ld_library_path_lib.sh'
[16.265s] Level 1:colcon.colcon_core.environment:checking '/home/f1tt3/f1tenth-t3/ros2_ws/install/drive_msgs/bin'
[16.265s] Level 1:colcon.colcon_core.environment:checking '/home/f1tt3/f1tenth-t3/ros2_ws/install/drive_msgs/lib/pkgconfig/drive_msgs.pc'
[16.265s] Level 1:colcon.colcon_core.environment:checking '/home/f1tt3/f1tenth-t3/ros2_ws/install/drive_msgs/lib/python3.10/site-packages'
[16.266s] Level 1:colcon.colcon_core.environment:checking '/home/f1tt3/f1tenth-t3/ros2_ws/install/drive_msgs/bin'
[16.267s] INFO:colcon.colcon_core.shell:Creating package script '/home/f1tt3/f1tenth-t3/ros2_ws/install/drive_msgs/share/drive_msgs/package.ps1'
[16.271s] INFO:colcon.colcon_core.shell:Creating package descriptor '/home/f1tt3/f1tenth-t3/ros2_ws/install/drive_msgs/share/drive_msgs/package.dsv'
[16.273s] INFO:colcon.colcon_core.shell:Creating package script '/home/f1tt3/f1tenth-t3/ros2_ws/install/drive_msgs/share/drive_msgs/package.sh'
[16.275s] INFO:colcon.colcon_core.shell:Creating package script '/home/f1tt3/f1tenth-t3/ros2_ws/install/drive_msgs/share/drive_msgs/package.bash'
[16.283s] INFO:colcon.colcon_core.shell:Creating package script '/home/f1tt3/f1tenth-t3/ros2_ws/install/drive_msgs/share/drive_msgs/package.zsh'
[16.285s] Level 1:colcon.colcon_core.environment:create_file_with_runtime_dependencies(/home/f1tt3/f1tenth-t3/ros2_ws/install/drive_msgs/share/colcon-core/packages/drive_msgs)
[16.286s] INFO:colcon.colcon_ros.task.catkin.build:Building ROS package in '/home/f1tt3/f1tenth-t3/ros2_ws/src/car_control' with build type 'catkin'
[16.287s] INFO:colcon.colcon_cmake.task.cmake.build:Building CMake package in '/home/f1tt3/f1tenth-t3/ros2_ws/src/car_control'
[16.287s] INFO:colcon.colcon_core.shell:Skip shell extension 'powershell' for command environment: Not usable outside of PowerShell
[16.288s] DEBUG:colcon.colcon_core.shell:Skip shell extension 'dsv' for command environment
[16.294s] INFO:colcon.colcon_ros.task.ament_python.build:Building ROS package in '/home/f1tt3/f1tenth-t3/ros2_ws/src/wallfollowing2' with build type 'ament_python'
[16.294s] Level 1:colcon.colcon_core.shell:create_environment_hook('wallfollowing2', 'ament_prefix_path')
[16.295s] INFO:colcon.colcon_core.shell:Creating environment hook '/home/f1tt3/f1tenth-t3/ros2_ws/install/wallfollowing2/share/wallfollowing2/hook/ament_prefix_path.ps1'
[16.304s] INFO:colcon.colcon_core.shell:Creating environment descriptor '/home/f1tt3/f1tenth-t3/ros2_ws/install/wallfollowing2/share/wallfollowing2/hook/ament_prefix_path.dsv'
[16.306s] INFO:colcon.colcon_core.shell:Creating environment hook '/home/f1tt3/f1tenth-t3/ros2_ws/install/wallfollowing2/share/wallfollowing2/hook/ament_prefix_path.sh'
[16.308s] INFO:colcon.colcon_core.shell:Skip shell extension 'powershell' for command environment: Not usable outside of PowerShell
[16.308s] DEBUG:colcon.colcon_core.shell:Skip shell extension 'dsv' for command environment
[16.325s] DEBUG:colcon.colcon_core.event_handler.log_command:Invoking command in '/home/f1tt3/f1tenth-t3/ros2_ws/build/car_control': CMAKE_PREFIX_PATH=/home/f1tt3/f1tenth-t3/ros2_ws/install/drive_msgs LD_LIBRARY_PATH=/home/f1tt3/f1tenth-t3/ros2_ws/install/drive_msgs/lib:${LD_LIBRARY_PATH} PKG_CONFIG_PATH=/home/f1tt3/f1tenth-t3/ros2_ws/install/drive_msgs/lib/aarch64-linux-gnu/pkgconfig:/home/f1tt3/f1tenth-t3/ros2_ws/install/drive_msgs/lib/pkgconfig PYTHONPATH=/home/f1tt3/f1tenth-t3/ros2_ws/install/drive_msgs/local/lib/python3.10/dist-packages:${PYTHONPATH} ROS_PACKAGE_PATH=/home/f1tt3/f1tenth-t3/ros2_ws/install/drive_msgs/share /usr/bin/cmake /home/f1tt3/f1tenth-t3/ros2_ws/src/car_control -DCATKIN_INSTALL_INTO_PREFIX_ROOT=0 -DCMAKE_INSTALL_PREFIX=/home/f1tt3/f1tenth-t3/ros2_ws/install/car_control
[17.028s] INFO:colcon.colcon_core.task.python.build:Building Python package in '/home/f1tt3/f1tenth-t3/ros2_ws/src/wallfollowing2'
[17.029s] INFO:colcon.colcon_core.shell:Skip shell extension 'powershell' for command environment: Not usable outside of PowerShell
[17.029s] DEBUG:colcon.colcon_core.shell:Skip shell extension 'dsv' for command environment
[17.969s] DEBUG:colcon.colcon_core.event_handler.log_command:Invoking command in '/home/f1tt3/f1tenth-t3/ros2_ws/src/wallfollowing2': CMAKE_PREFIX_PATH=/home/f1tt3/f1tenth-t3/ros2_ws/install/drive_msgs LD_LIBRARY_PATH=/home/f1tt3/f1tenth-t3/ros2_ws/install/drive_msgs/lib:${LD_LIBRARY_PATH} PKG_CONFIG_PATH=/home/f1tt3/f1tenth-t3/ros2_ws/install/drive_msgs/lib/aarch64-linux-gnu/pkgconfig:/home/f1tt3/f1tenth-t3/ros2_ws/install/drive_msgs/lib/pkgconfig PYTHONPATH=/home/f1tt3/f1tenth-t3/ros2_ws/build/wallfollowing2/prefix_override:/usr/lib/python3/dist-packages/colcon_core/task/python/colcon_distutils_commands:/home/f1tt3/f1tenth-t3/ros2_ws/install/wallfollowing2/lib/python3.10/site-packages:/home/f1tt3/f1tenth-t3/ros2_ws/install/drive_msgs/local/lib/python3.10/dist-packages:${PYTHONPATH} ROS_PACKAGE_PATH=/home/f1tt3/f1tenth-t3/ros2_ws/install/drive_msgs/share /usr/bin/python3 -W ignore:setup.py install is deprecated -W ignore:easy_install command is deprecated setup.py egg_info --egg-base ../../build/wallfollowing2 build --build-base /home/f1tt3/f1tenth-t3/ros2_ws/build/wallfollowing2/build install --record /home/f1tt3/f1tenth-t3/ros2_ws/build/wallfollowing2/install.log --single-version-externally-managed install_data
[18.852s] Level 1:colcon.colcon_core.environment:checking '/home/f1tt3/f1tenth-t3/ros2_ws/install/wallfollowing2' for CMake module files
[18.853s] Level 1:colcon.colcon_core.environment:checking '/home/f1tt3/f1tenth-t3/ros2_ws/install/wallfollowing2' for CMake config files
[18.854s] Level 1:colcon.colcon_core.environment:checking '/home/f1tt3/f1tenth-t3/ros2_ws/install/wallfollowing2/lib'
[18.854s] Level 1:colcon.colcon_core.environment:checking '/home/f1tt3/f1tenth-t3/ros2_ws/install/wallfollowing2/bin'
[18.855s] Level 1:colcon.colcon_core.environment:checking '/home/f1tt3/f1tenth-t3/ros2_ws/install/wallfollowing2/lib/pkgconfig/wallfollowing2.pc'
[18.855s] Level 1:colcon.colcon_core.environment:checking '/home/f1tt3/f1tenth-t3/ros2_ws/install/wallfollowing2/lib/python3.10/site-packages'
[18.855s] Level 1:colcon.colcon_core.shell:create_environment_hook('wallfollowing2', 'pythonpath')
[18.856s] INFO:colcon.colcon_core.shell:Creating environment hook '/home/f1tt3/f1tenth-t3/ros2_ws/install/wallfollowing2/share/wallfollowing2/hook/pythonpath.ps1'
[18.857s] INFO:colcon.colcon_core.shell:Creating environment descriptor '/home/f1tt3/f1tenth-t3/ros2_ws/install/wallfollowing2/share/wallfollowing2/hook/pythonpath.dsv'
[18.860s] DEBUG:colcon.colcon_core.event_handler.log_command:Invoked command in '/home/f1tt3/f1tenth-t3/ros2_ws/src/wallfollowing2' returned '0': CMAKE_PREFIX_PATH=/home/f1tt3/f1tenth-t3/ros2_ws/install/drive_msgs LD_LIBRARY_PATH=/home/f1tt3/f1tenth-t3/ros2_ws/install/drive_msgs/lib:${LD_LIBRARY_PATH} PKG_CONFIG_PATH=/home/f1tt3/f1tenth-t3/ros2_ws/install/drive_msgs/lib/aarch64-linux-gnu/pkgconfig:/home/f1tt3/f1tenth-t3/ros2_ws/install/drive_msgs/lib/pkgconfig PYTHONPATH=/home/f1tt3/f1tenth-t3/ros2_ws/build/wallfollowing2/prefix_override:/usr/lib/python3/dist-packages/colcon_core/task/python/colcon_distutils_commands:/home/f1tt3/f1tenth-t3/ros2_ws/install/wallfollowing2/lib/python3.10/site-packages:/home/f1tt3/f1tenth-t3/ros2_ws/install/drive_msgs/local/lib/python3.10/dist-packages:${PYTHONPATH} ROS_PACKAGE_PATH=/home/f1tt3/f1tenth-t3/ros2_ws/install/drive_msgs/share /usr/bin/python3 -W ignore:setup.py install is deprecated -W ignore:easy_install command is deprecated setup.py egg_info --egg-base ../../build/wallfollowing2 build --build-base /home/f1tt3/f1tenth-t3/ros2_ws/build/wallfollowing2/build install --record /home/f1tt3/f1tenth-t3/ros2_ws/build/wallfollowing2/install.log --single-version-externally-managed install_data
[18.862s] INFO:colcon.colcon_core.shell:Creating environment hook '/home/f1tt3/f1tenth-t3/ros2_ws/install/wallfollowing2/share/wallfollowing2/hook/pythonpath.sh'
[18.864s] Level 1:colcon.colcon_core.environment:checking '/home/f1tt3/f1tenth-t3/ros2_ws/install/wallfollowing2/bin'
[18.865s] Level 1:colcon.colcon_core.environment:create_environment_scripts_only(wallfollowing2)
[18.865s] INFO:colcon.colcon_core.shell:Creating package script '/home/f1tt3/f1tenth-t3/ros2_ws/install/wallfollowing2/share/wallfollowing2/package.ps1'
[18.867s] INFO:colcon.colcon_core.shell:Creating package descriptor '/home/f1tt3/f1tenth-t3/ros2_ws/install/wallfollowing2/share/wallfollowing2/package.dsv'
[18.868s] INFO:colcon.colcon_core.shell:Creating package script '/home/f1tt3/f1tenth-t3/ros2_ws/install/wallfollowing2/share/wallfollowing2/package.sh'
[18.870s] INFO:colcon.colcon_core.shell:Creating package script '/home/f1tt3/f1tenth-t3/ros2_ws/install/wallfollowing2/share/wallfollowing2/package.bash'
[18.871s] INFO:colcon.colcon_core.shell:Creating package script '/home/f1tt3/f1tenth-t3/ros2_ws/install/wallfollowing2/share/wallfollowing2/package.zsh'
[18.872s] Level 1:colcon.colcon_core.environment:create_file_with_runtime_dependencies(/home/f1tt3/f1tenth-t3/ros2_ws/install/wallfollowing2/share/colcon-core/packages/wallfollowing2)
[19.402s] DEBUG:colcon.colcon_core.event_handler.log_command:Invoked command in '/home/f1tt3/f1tenth-t3/ros2_ws/build/car_control' returned '0': CMAKE_PREFIX_PATH=/home/f1tt3/f1tenth-t3/ros2_ws/install/drive_msgs LD_LIBRARY_PATH=/home/f1tt3/f1tenth-t3/ros2_ws/install/drive_msgs/lib:${LD_LIBRARY_PATH} PKG_CONFIG_PATH=/home/f1tt3/f1tenth-t3/ros2_ws/install/drive_msgs/lib/aarch64-linux-gnu/pkgconfig:/home/f1tt3/f1tenth-t3/ros2_ws/install/drive_msgs/lib/pkgconfig PYTHONPATH=/home/f1tt3/f1tenth-t3/ros2_ws/install/drive_msgs/local/lib/python3.10/dist-packages:${PYTHONPATH} ROS_PACKAGE_PATH=/home/f1tt3/f1tenth-t3/ros2_ws/install/drive_msgs/share /usr/bin/cmake /home/f1tt3/f1tenth-t3/ros2_ws/src/car_control -DCATKIN_INSTALL_INTO_PREFIX_ROOT=0 -DCMAKE_INSTALL_PREFIX=/home/f1tt3/f1tenth-t3/ros2_ws/install/car_control
[19.403s] DEBUG:colcon.colcon_core.event_handler.log_command:Invoking command in '/home/f1tt3/f1tenth-t3/ros2_ws/build/car_control': CMAKE_PREFIX_PATH=/home/f1tt3/f1tenth-t3/ros2_ws/install/drive_msgs LD_LIBRARY_PATH=/home/f1tt3/f1tenth-t3/ros2_ws/install/drive_msgs/lib:${LD_LIBRARY_PATH} PKG_CONFIG_PATH=/home/f1tt3/f1tenth-t3/ros2_ws/install/drive_msgs/lib/aarch64-linux-gnu/pkgconfig:/home/f1tt3/f1tenth-t3/ros2_ws/install/drive_msgs/lib/pkgconfig PYTHONPATH=/home/f1tt3/f1tenth-t3/ros2_ws/install/drive_msgs/local/lib/python3.10/dist-packages:${PYTHONPATH} ROS_PACKAGE_PATH=/home/f1tt3/f1tenth-t3/ros2_ws/install/drive_msgs/share /usr/bin/cmake --build /home/f1tt3/f1tenth-t3/ros2_ws/build/car_control -- -j6 -l6
[97.705s] DEBUG:colcon.colcon_core.event_handler.log_command:Invoked command in '/home/f1tt3/f1tenth-t3/ros2_ws/build/car_control' returned '0': CMAKE_PREFIX_PATH=/home/f1tt3/f1tenth-t3/ros2_ws/install/drive_msgs LD_LIBRARY_PATH=/home/f1tt3/f1tenth-t3/ros2_ws/install/drive_msgs/lib:${LD_LIBRARY_PATH} PKG_CONFIG_PATH=/home/f1tt3/f1tenth-t3/ros2_ws/install/drive_msgs/lib/aarch64-linux-gnu/pkgconfig:/home/f1tt3/f1tenth-t3/ros2_ws/install/drive_msgs/lib/pkgconfig PYTHONPATH=/home/f1tt3/f1tenth-t3/ros2_ws/install/drive_msgs/local/lib/python3.10/dist-packages:${PYTHONPATH} ROS_PACKAGE_PATH=/home/f1tt3/f1tenth-t3/ros2_ws/install/drive_msgs/share /usr/bin/cmake --build /home/f1tt3/f1tenth-t3/ros2_ws/build/car_control -- -j6 -l6
[97.709s] DEBUG:colcon.colcon_core.event_handler.log_command:Invoking command in '/home/f1tt3/f1tenth-t3/ros2_ws/build/car_control': CMAKE_PREFIX_PATH=/home/f1tt3/f1tenth-t3/ros2_ws/install/drive_msgs LD_LIBRARY_PATH=/home/f1tt3/f1tenth-t3/ros2_ws/install/drive_msgs/lib:${LD_LIBRARY_PATH} PKG_CONFIG_PATH=/home/f1tt3/f1tenth-t3/ros2_ws/install/drive_msgs/lib/aarch64-linux-gnu/pkgconfig:/home/f1tt3/f1tenth-t3/ros2_ws/install/drive_msgs/lib/pkgconfig PYTHONPATH=/home/f1tt3/f1tenth-t3/ros2_ws/install/drive_msgs/local/lib/python3.10/dist-packages:${PYTHONPATH} ROS_PACKAGE_PATH=/home/f1tt3/f1tenth-t3/ros2_ws/install/drive_msgs/share /usr/bin/cmake --install /home/f1tt3/f1tenth-t3/ros2_ws/build/car_control
[97.788s] DEBUG:colcon.colcon_core.event_handler.log_command:Invoked command in '/home/f1tt3/f1tenth-t3/ros2_ws/build/car_control' returned '0': CMAKE_PREFIX_PATH=/home/f1tt3/f1tenth-t3/ros2_ws/install/drive_msgs LD_LIBRARY_PATH=/home/f1tt3/f1tenth-t3/ros2_ws/install/drive_msgs/lib:${LD_LIBRARY_PATH} PKG_CONFIG_PATH=/home/f1tt3/f1tenth-t3/ros2_ws/install/drive_msgs/lib/aarch64-linux-gnu/pkgconfig:/home/f1tt3/f1tenth-t3/ros2_ws/install/drive_msgs/lib/pkgconfig PYTHONPATH=/home/f1tt3/f1tenth-t3/ros2_ws/install/drive_msgs/local/lib/python3.10/dist-packages:${PYTHONPATH} ROS_PACKAGE_PATH=/home/f1tt3/f1tenth-t3/ros2_ws/install/drive_msgs/share /usr/bin/cmake --install /home/f1tt3/f1tenth-t3/ros2_ws/build/car_control
[97.789s] Level 1:colcon.colcon_core.shell:create_environment_hook('car_control', 'ros_package_path')
[97.790s] INFO:colcon.colcon_core.shell:Creating environment hook '/home/f1tt3/f1tenth-t3/ros2_ws/install/car_control/share/car_control/hook/ros_package_path.ps1'
[97.791s] INFO:colcon.colcon_core.shell:Creating environment descriptor '/home/f1tt3/f1tenth-t3/ros2_ws/install/car_control/share/car_control/hook/ros_package_path.dsv'
[97.792s] INFO:colcon.colcon_core.shell:Creating environment hook '/home/f1tt3/f1tenth-t3/ros2_ws/install/car_control/share/car_control/hook/ros_package_path.sh'
[97.794s] Level 1:colcon.colcon_core.shell:create_environment_hook('car_control', 'pkg_config_path')
[97.794s] INFO:colcon.colcon_core.shell:Creating environment hook '/home/f1tt3/f1tenth-t3/ros2_ws/install/car_control/share/car_control/hook/pkg_config_path.ps1'
[97.795s] INFO:colcon.colcon_core.shell:Creating environment descriptor '/home/f1tt3/f1tenth-t3/ros2_ws/install/car_control/share/car_control/hook/pkg_config_path.dsv'
[97.797s] INFO:colcon.colcon_core.shell:Creating environment hook '/home/f1tt3/f1tenth-t3/ros2_ws/install/car_control/share/car_control/hook/pkg_config_path.sh'
[97.799s] Level 1:colcon.colcon_core.shell:create_environment_hook('car_control', 'pkg_config_path_multiarch')
[97.800s] INFO:colcon.colcon_core.shell:Creating environment hook '/home/f1tt3/f1tenth-t3/ros2_ws/install/car_control/share/car_control/hook/pkg_config_path_multiarch.ps1'
[97.801s] INFO:colcon.colcon_core.shell:Creating environment descriptor '/home/f1tt3/f1tenth-t3/ros2_ws/install/car_control/share/car_control/hook/pkg_config_path_multiarch.dsv'
[97.801s] INFO:colcon.colcon_core.shell:Creating environment hook '/home/f1tt3/f1tenth-t3/ros2_ws/install/car_control/share/car_control/hook/pkg_config_path_multiarch.sh'
[97.803s] Level 1:colcon.colcon_core.environment:create_environment_scripts_only(car_control)
[97.803s] Level 1:colcon.colcon_core.environment:checking '/home/f1tt3/f1tenth-t3/ros2_ws/install/car_control' for CMake module files
[97.804s] Level 1:colcon.colcon_core.environment:checking '/home/f1tt3/f1tenth-t3/ros2_ws/install/car_control' for CMake config files
[97.805s] Level 1:colcon.colcon_core.shell:create_environment_hook('car_control', 'cmake_prefix_path')
[97.805s] INFO:colcon.colcon_core.shell:Creating environment hook '/home/f1tt3/f1tenth-t3/ros2_ws/install/car_control/share/car_control/hook/cmake_prefix_path.ps1'
[97.806s] INFO:colcon.colcon_core.shell:Creating environment descriptor '/home/f1tt3/f1tenth-t3/ros2_ws/install/car_control/share/car_control/hook/cmake_prefix_path.dsv'
[97.807s] INFO:colcon.colcon_core.shell:Creating environment hook '/home/f1tt3/f1tenth-t3/ros2_ws/install/car_control/share/car_control/hook/cmake_prefix_path.sh'
[97.808s] Level 1:colcon.colcon_core.environment:checking '/home/f1tt3/f1tenth-t3/ros2_ws/install/car_control/lib'
[97.809s] Level 1:colcon.colcon_core.environment:checking '/home/f1tt3/f1tenth-t3/ros2_ws/install/car_control/bin'
[97.809s] Level 1:colcon.colcon_core.environment:checking '/home/f1tt3/f1tenth-t3/ros2_ws/install/car_control/lib/pkgconfig/car_control.pc'
[97.809s] Level 1:colcon.colcon_core.environment:checking '/home/f1tt3/f1tenth-t3/ros2_ws/install/car_control/lib/python3.10/site-packages'
[97.812s] Level 1:colcon.colcon_core.environment:checking '/home/f1tt3/f1tenth-t3/ros2_ws/install/car_control/bin'
[97.813s] INFO:colcon.colcon_core.shell:Creating package script '/home/f1tt3/f1tenth-t3/ros2_ws/install/car_control/share/car_control/package.ps1'
[97.815s] INFO:colcon.colcon_core.shell:Creating package descriptor '/home/f1tt3/f1tenth-t3/ros2_ws/install/car_control/share/car_control/package.dsv'
[97.816s] INFO:colcon.colcon_core.shell:Creating package script '/home/f1tt3/f1tenth-t3/ros2_ws/install/car_control/share/car_control/package.sh'
[97.818s] INFO:colcon.colcon_core.shell:Creating package script '/home/f1tt3/f1tenth-t3/ros2_ws/install/car_control/share/car_control/package.bash'
[97.819s] INFO:colcon.colcon_core.shell:Creating package script '/home/f1tt3/f1tenth-t3/ros2_ws/install/car_control/share/car_control/package.zsh'
[97.820s] Level 1:colcon.colcon_core.environment:create_file_with_runtime_dependencies(/home/f1tt3/f1tenth-t3/ros2_ws/install/car_control/share/colcon-core/packages/car_control)
[97.821s] INFO:colcon.colcon_ros.task.ament_python.build:Building ROS package in '/home/f1tt3/f1tenth-t3/ros2_ws/src/racer_bringup' with build type 'ament_python'
[97.821s] Level 1:colcon.colcon_core.shell:create_environment_hook('racer_bringup', 'ament_prefix_path')
[97.822s] INFO:colcon.colcon_core.shell:Creating environment hook '/home/f1tt3/f1tenth-t3/ros2_ws/install/racer_bringup/share/racer_bringup/hook/ament_prefix_path.ps1'
[97.824s] INFO:colcon.colcon_core.shell:Creating environment descriptor '/home/f1tt3/f1tenth-t3/ros2_ws/install/racer_bringup/share/racer_bringup/hook/ament_prefix_path.dsv'
[97.825s] INFO:colcon.colcon_core.shell:Creating environment hook '/home/f1tt3/f1tenth-t3/ros2_ws/install/racer_bringup/share/racer_bringup/hook/ament_prefix_path.sh'
[97.826s] INFO:colcon.colcon_core.shell:Skip shell extension 'powershell' for command environment: Not usable outside of PowerShell
[97.827s] DEBUG:colcon.colcon_core.shell:Skip shell extension 'dsv' for command environment
[98.429s] INFO:colcon.colcon_core.task.python.build:Building Python package in '/home/f1tt3/f1tenth-t3/ros2_ws/src/racer_bringup'
[98.430s] INFO:colcon.colcon_core.shell:Skip shell extension 'powershell' for command environment: Not usable outside of PowerShell
[98.430s] DEBUG:colcon.colcon_core.shell:Skip shell extension 'dsv' for command environment
[99.349s] DEBUG:colcon.colcon_core.event_handler.log_command:Invoking command in '/home/f1tt3/f1tenth-t3/ros2_ws/src/racer_bringup': AMENT_PREFIX_PATH=/home/f1tt3/f1tenth-t3/ros2_ws/install/wallfollowing2:${AMENT_PREFIX_PATH} CMAKE_PREFIX_PATH=/home/f1tt3/f1tenth-t3/ros2_ws/install/car_control:/home/f1tt3/f1tenth-t3/ros2_ws/install/drive_msgs LD_LIBRARY_PATH=/home/f1tt3/f1tenth-t3/ros2_ws/install/drive_msgs/lib:${LD_LIBRARY_PATH} PKG_CONFIG_PATH=/home/f1tt3/f1tenth-t3/ros2_ws/install/car_control/lib/aarch64-linux-gnu/pkgconfig:/home/f1tt3/f1tenth-t3/ros2_ws/install/car_control/lib/pkgconfig:/home/f1tt3/f1tenth-t3/ros2_ws/install/drive_msgs/lib/aarch64-linux-gnu/pkgconfig:/home/f1tt3/f1tenth-t3/ros2_ws/install/drive_msgs/lib/pkgconfig PYTHONPATH=/home/f1tt3/f1tenth-t3/ros2_ws/build/racer_bringup/prefix_override:/usr/lib/python3/dist-packages/colcon_core/task/python/colcon_distutils_commands:/home/f1tt3/f1tenth-t3/ros2_ws/install/racer_bringup/lib/python3.10/site-packages:/home/f1tt3/f1tenth-t3/ros2_ws/install/wallfollowing2/lib/python3.10/site-packages:/home/f1tt3/f1tenth-t3/ros2_ws/install/drive_msgs/local/lib/python3.10/dist-packages:${PYTHONPATH} ROS_PACKAGE_PATH=/home/f1tt3/f1tenth-t3/ros2_ws/install/car_control/share:/home/f1tt3/f1tenth-t3/ros2_ws/install/drive_msgs/share /usr/bin/python3 -W ignore:setup.py install is deprecated -W ignore:easy_install command is deprecated setup.py egg_info --egg-base ../../build/racer_bringup build --build-base /home/f1tt3/f1tenth-t3/ros2_ws/build/racer_bringup/build install --record /home/f1tt3/f1tenth-t3/ros2_ws/build/racer_bringup/install.log --single-version-externally-managed install_data
[100.009s] Level 1:colcon.colcon_core.environment:checking '/home/f1tt3/f1tenth-t3/ros2_ws/install/racer_bringup' for CMake module files
[100.010s] Level 1:colcon.colcon_core.environment:checking '/home/f1tt3/f1tenth-t3/ros2_ws/install/racer_bringup' for CMake config files
[100.011s] DEBUG:colcon.colcon_core.event_handler.log_command:Invoked command in '/home/f1tt3/f1tenth-t3/ros2_ws/src/racer_bringup' returned '0': AMENT_PREFIX_PATH=/home/f1tt3/f1tenth-t3/ros2_ws/install/wallfollowing2:${AMENT_PREFIX_PATH} CMAKE_PREFIX_PATH=/home/f1tt3/f1tenth-t3/ros2_ws/install/car_control:/home/f1tt3/f1tenth-t3/ros2_ws/install/drive_msgs LD_LIBRARY_PATH=/home/f1tt3/f1tenth-t3/ros2_ws/install/drive_msgs/lib:${LD_LIBRARY_PATH} PKG_CONFIG_PATH=/home/f1tt3/f1tenth-t3/ros2_ws/install/car_control/lib/aarch64-linux-gnu/pkgconfig:/home/f1tt3/f1tenth-t3/ros2_ws/install/car_control/lib/pkgconfig:/home/f1tt3/f1tenth-t3/ros2_ws/install/drive_msgs/lib/aarch64-linux-gnu/pkgconfig:/home/f1tt3/f1tenth-t3/ros2_ws/install/drive_msgs/lib/pkgconfig PYTHONPATH=/home/f1tt3/f1tenth-t3/ros2_ws/build/racer_bringup/prefix_override:/usr/lib/python3/dist-packages/colcon_core/task/python/colcon_distutils_commands:/home/f1tt3/f1tenth-t3/ros2_ws/install/racer_bringup/lib/python3.10/site-packages:/home/f1tt3/f1tenth-t3/ros2_ws/install/wallfollowing2/lib/python3.10/site-packages:/home/f1tt3/f1tenth-t3/ros2_ws/install/drive_msgs/local/lib/python3.10/dist-packages:${PYTHONPATH} ROS_PACKAGE_PATH=/home/f1tt3/f1tenth-t3/ros2_ws/install/car_control/share:/home/f1tt3/f1tenth-t3/ros2_ws/install/drive_msgs/share /usr/bin/python3 -W ignore:setup.py install is deprecated -W ignore:easy_install command is deprecated setup.py egg_info --egg-base ../../build/racer_bringup build --build-base /home/f1tt3/f1tenth-t3/ros2_ws/build/racer_bringup/build install --record /home/f1tt3/f1tenth-t3/ros2_ws/build/racer_bringup/install.log --single-version-externally-managed install_data
[100.013s] Level 1:colcon.colcon_core.environment:checking '/home/f1tt3/f1tenth-t3/ros2_ws/install/racer_bringup/lib'
[100.014s] Level 1:colcon.colcon_core.environment:checking '/home/f1tt3/f1tenth-t3/ros2_ws/install/racer_bringup/bin'
[100.014s] Level 1:colcon.colcon_core.environment:checking '/home/f1tt3/f1tenth-t3/ros2_ws/install/racer_bringup/lib/pkgconfig/racer_bringup.pc'
[100.014s] Level 1:colcon.colcon_core.environment:checking '/home/f1tt3/f1tenth-t3/ros2_ws/install/racer_bringup/lib/python3.10/site-packages'
[100.015s] Level 1:colcon.colcon_core.shell:create_environment_hook('racer_bringup', 'pythonpath')
[100.015s] INFO:colcon.colcon_core.shell:Creating environment hook '/home/f1tt3/f1tenth-t3/ros2_ws/install/racer_bringup/share/racer_bringup/hook/pythonpath.ps1'
[100.017s] INFO:colcon.colcon_core.shell:Creating environment descriptor '/home/f1tt3/f1tenth-t3/ros2_ws/install/racer_bringup/share/racer_bringup/hook/pythonpath.dsv'
[100.017s] INFO:colcon.colcon_core.shell:Creating environment hook '/home/f1tt3/f1tenth-t3/ros2_ws/install/racer_bringup/share/racer_bringup/hook/pythonpath.sh'
[100.019s] Level 1:colcon.colcon_core.environment:checking '/home/f1tt3/f1tenth-t3/ros2_ws/install/racer_bringup/bin'
[100.019s] Level 1:colcon.colcon_core.environment:create_environment_scripts_only(racer_bringup)
[100.020s] INFO:colcon.colcon_core.shell:Creating package script '/home/f1tt3/f1tenth-t3/ros2_ws/install/racer_bringup/share/racer_bringup/package.ps1'
[100.021s] INFO:colcon.colcon_core.shell:Creating package descriptor '/home/f1tt3/f1tenth-t3/ros2_ws/install/racer_bringup/share/racer_bringup/package.dsv'
[100.023s] INFO:colcon.colcon_core.shell:Creating package script '/home/f1tt3/f1tenth-t3/ros2_ws/install/racer_bringup/share/racer_bringup/package.sh'
[100.024s] INFO:colcon.colcon_core.shell:Creating package script '/home/f1tt3/f1tenth-t3/ros2_ws/install/racer_bringup/share/racer_bringup/package.bash'
[100.025s] INFO:colcon.colcon_core.shell:Creating package script '/home/f1tt3/f1tenth-t3/ros2_ws/install/racer_bringup/share/racer_bringup/package.zsh'
[100.026s] Level 1:colcon.colcon_core.environment:create_file_with_runtime_dependencies(/home/f1tt3/f1tenth-t3/ros2_ws/install/racer_bringup/share/colcon-core/packages/racer_bringup)
[100.029s] DEBUG:colcon.colcon_parallel_executor.executor.parallel:closing loop
[100.029s] DEBUG:colcon.colcon_parallel_executor.executor.parallel:loop closed
[100.029s] DEBUG:colcon.colcon_parallel_executor.executor.parallel:run_until_complete finished with '0'
[100.029s] DEBUG:colcon.colcon_core.event_reactor:joining thread
[100.043s] INFO:colcon.colcon_core.plugin_system:Skipping extension 'colcon_notification.desktop_notification.terminal_notifier': Not used on non-Darwin systems
[100.044s] INFO:colcon.colcon_core.plugin_system:Skipping extension 'colcon_notification.desktop_notification.win32': Not used on non-Windows systems
[100.044s] INFO:colcon.colcon_notification.desktop_notification:Sending desktop notification using 'notify2'
[100.082s] DEBUG:colcon.colcon_core.event_reactor:joined thread
[100.083s] INFO:colcon.colcon_core.shell:Creating prefix script '/home/f1tt3/f1tenth-t3/ros2_ws/install/local_setup.ps1'
[100.085s] INFO:colcon.colcon_core.shell:Creating prefix util module '/home/f1tt3/f1tenth-t3/ros2_ws/install/_local_setup_util_ps1.py'
[100.096s] INFO:colcon.colcon_core.shell:Creating prefix chain script '/home/f1tt3/f1tenth-t3/ros2_ws/install/setup.ps1'
[100.100s] INFO:colcon.colcon_core.shell:Creating prefix script '/home/f1tt3/f1tenth-t3/ros2_ws/install/local_setup.sh'
[100.102s] INFO:colcon.colcon_core.shell:Creating prefix util module '/home/f1tt3/f1tenth-t3/ros2_ws/install/_local_setup_util_sh.py'
[100.103s] INFO:colcon.colcon_core.shell:Creating prefix chain script '/home/f1tt3/f1tenth-t3/ros2_ws/install/setup.sh'
[100.106s] INFO:colcon.colcon_core.shell:Creating prefix script '/home/f1tt3/f1tenth-t3/ros2_ws/install/local_setup.bash'
[100.108s] INFO:colcon.colcon_core.shell:Creating prefix chain script '/home/f1tt3/f1tenth-t3/ros2_ws/install/setup.bash'
[100.112s] INFO:colcon.colcon_core.shell:Creating prefix script '/home/f1tt3/f1tenth-t3/ros2_ws/install/local_setup.zsh'
[100.114s] INFO:colcon.colcon_core.shell:Creating prefix chain script '/home/f1tt3/f1tenth-t3/ros2_ws/install/setup.zsh'
