/home/f1tt3/f1tenth-t3/ros2_ws/install/wallfollowing2/lib/python3.10/site-packages/wallfollowing2/wallfollowing_node.py
/home/f1tt3/f1tenth-t3/ros2_ws/install/wallfollowing2/lib/python3.10/site-packages/wallfollowing2/circle.py
/home/f1tt3/f1tenth-t3/ros2_ws/install/wallfollowing2/lib/python3.10/site-packages/wallfollowing2/__init__.py
/home/f1tt3/f1tenth-t3/ros2_ws/install/wallfollowing2/lib/python3.10/site-packages/wallfollowing2/follow_the_gap_node.py
/home/f1tt3/f1tenth-t3/ros2_ws/install/wallfollowing2/lib/python3.10/site-packages/wallfollowing2/rviz_geometry.py
/home/f1tt3/f1tenth-t3/ros2_ws/install/wallfollowing2/lib/python3.10/site-packages/wallfollowing2/scan_stop_reverse_test_node.py
/home/f1tt3/f1tenth-t3/ros2_ws/install/wallfollowing2/lib/python3.10/site-packages/wallfollowing2/__pycache__/wallfollowing_node.cpython-310.pyc
/home/f1tt3/f1tenth-t3/ros2_ws/install/wallfollowing2/lib/python3.10/site-packages/wallfollowing2/__pycache__/circle.cpython-310.pyc
/home/f1tt3/f1tenth-t3/ros2_ws/install/wallfollowing2/lib/python3.10/site-packages/wallfollowing2/__pycache__/__init__.cpython-310.pyc
/home/f1tt3/f1tenth-t3/ros2_ws/install/wallfollowing2/lib/python3.10/site-packages/wallfollowing2/__pycache__/follow_the_gap_node.cpython-310.pyc
/home/f1tt3/f1tenth-t3/ros2_ws/install/wallfollowing2/lib/python3.10/site-packages/wallfollowing2/__pycache__/rviz_geometry.cpython-310.pyc
/home/f1tt3/f1tenth-t3/ros2_ws/install/wallfollowing2/lib/python3.10/site-packages/wallfollowing2/__pycache__/scan_stop_reverse_test_node.cpython-310.pyc
/home/f1tt3/f1tenth-t3/ros2_ws/install/wallfollowing2/share/ament_index/resource_index/packages/wallfollowing2
/home/f1tt3/f1tenth-t3/ros2_ws/install/wallfollowing2/share/wallfollowing2/package.xml
/home/f1tt3/f1tenth-t3/ros2_ws/install/wallfollowing2/lib/python3.10/site-packages/wallfollowing2-0.1.0-py3.10.egg-info/zip-safe
/home/f1tt3/f1tenth-t3/ros2_ws/install/wallfollowing2/lib/python3.10/site-packages/wallfollowing2-0.1.0-py3.10.egg-info/SOURCES.txt
/home/f1tt3/f1tenth-t3/ros2_ws/install/wallfollowing2/lib/python3.10/site-packages/wallfollowing2-0.1.0-py3.10.egg-info/requires.txt
/home/f1tt3/f1tenth-t3/ros2_ws/install/wallfollowing2/lib/python3.10/site-packages/wallfollowing2-0.1.0-py3.10.egg-info/dependency_links.txt
/home/f1tt3/f1tenth-t3/ros2_ws/install/wallfollowing2/lib/python3.10/site-packages/wallfollowing2-0.1.0-py3.10.egg-info/PKG-INFO
/home/f1tt3/f1tenth-t3/ros2_ws/install/wallfollowing2/lib/python3.10/site-packages/wallfollowing2-0.1.0-py3.10.egg-info/top_level.txt
/home/f1tt3/f1tenth-t3/ros2_ws/install/wallfollowing2/lib/python3.10/site-packages/wallfollowing2-0.1.0-py3.10.egg-info/entry_points.txt
/home/f1tt3/f1tenth-t3/ros2_ws/install/wallfollowing2/lib/wallfollowing2/follow_the_gap_node
/home/f1tt3/f1tenth-t3/ros2_ws/install/wallfollowing2/lib/wallfollowing2/scan_stop_reverse_test_node
/home/f1tt3/f1tenth-t3/ros2_ws/install/wallfollowing2/lib/wallfollowing2/wallfollowing_node
