[0.000000] (-) TimerEvent: {}
[0.000321] (drive_msgs) JobQueued: {'identifier': 'drive_msgs', 'dependencies': OrderedDict()}
[0.000393] (car_control) JobQueued: {'identifier': 'car_control', 'dependencies': OrderedDict([('drive_msgs', '/home/erk/f1tenth-t3/ros2_ws/install/drive_msgs')])}
[0.000412] (wallfollowing2) JobQueued: {'identifier': 'wallfollowing2', 'dependencies': OrderedDict([('drive_msgs', '/home/erk/f1tenth-t3/ros2_ws/install/drive_msgs')])}
[0.000427] (racer_bringup) JobQueued: {'identifier': 'racer_bringup', 'dependencies': OrderedDict([('drive_msgs', '/home/erk/f1tenth-t3/ros2_ws/install/drive_msgs'), ('car_control', '/home/erk/f1tenth-t3/ros2_ws/install/car_control'), ('wallfollowing2', '/home/erk/f1tenth-t3/ros2_ws/install/wallfollowing2')])}
[0.000442] (drive_msgs) JobStarted: {'identifier': 'drive_msgs'}
[0.004772] (drive_msgs) JobProgress: {'identifier': 'drive_msgs', 'progress': 'cmake'}
[0.005142] (drive_msgs) JobProgress: {'identifier': 'drive_msgs', 'progress': 'build'}
[0.005637] (drive_msgs) Command: {'cmd': ['/usr/bin/cmake', '--build', '/home/erk/f1tenth-t3/ros2_ws/build/drive_msgs', '--', '-j12', '-l12'], 'cwd': '/home/erk/f1tenth-t3/ros2_ws/build/drive_msgs', 'env': OrderedDict([('USER', 'erk'), ('XDG_SESSION_TYPE', 'wayland'), ('SHLVL', '1'), ('LD_LIBRARY_PATH', '/opt/ros/humble/opt/rviz_ogre_vendor/lib:/opt/ros/humble/lib/x86_64-linux-gnu:/opt/ros/humble/lib'), ('OLDPWD', '/home/erk/f1tenth-t3'), ('HOME', '/home/erk'), ('DESKTOP_SESSION', 'ubuntu'), ('GTK_MODULES', 'gail:atk-bridge'), ('GNOME_SHELL_SESSION_MODE', 'ubuntu'), ('ROS_PYTHON_VERSION', '3'), ('SYSTEMD_EXEC_PID', '1877'), ('DBUS_SESSION_BUS_ADDRESS', 'unix:path=/run/user/1000/bus'), ('COLORTERM', 'truecolor'), ('WAYLAND_DISPLAY', 'wayland-0'), ('ROS_DISTRO', 'humble'), ('LOGNAME', 'erk'), ('_', '/usr/bin/colcon'), ('XDG_SESSION_CLASS', 'user'), ('ROS_VERSION', '2'), ('USERNAME', 'erk'), ('TERM', 'xterm-256color'), ('GNOME_DESKTOP_SESSION_ID', 'this-is-deprecated'), ('ROS_LOCALHOST_ONLY', '0'), ('PATH', '/opt/ros/humble/bin:/usr/local/sbin:/usr/local/bin:/usr/sbin:/usr/bin:/sbin:/bin:/usr/games:/usr/local/games:/snap/bin:/snap/bin'), ('SESSION_MANAGER', 'local/erk-MS-7B48:@/tmp/.ICE-unix/1847,unix/erk-MS-7B48:/tmp/.ICE-unix/1847'), ('GNOME_TERMINAL_SCREEN', '/org/gnome/Terminal/screen/b8782260_6194_4892_8356_afca7e0b39a9'), ('XDG_MENU_PREFIX', 'gnome-'), ('GNOME_SETUP_DISPLAY', ':1'), ('XDG_RUNTIME_DIR', '/run/user/1000'), ('DISPLAY', ':0'), ('LANG', 'en_US.UTF-8'), ('XDG_CURRENT_DESKTOP', 'ubuntu:GNOME'), ('XDG_SESSION_DESKTOP', 'ubuntu'), ('GNOME_TERMINAL_SERVICE', ':1.200'), ('XMODIFIERS', '@im=ibus'), ('XAUTHORITY', '/run/user/1000/.mutter-Xwaylandauth.2252J3'), ('SSH_AUTH_SOCK', '/run/user/1000/keyring/ssh'), ('SSH_AGENT_LAUNCHER', 'gnome-keyring'), ('AMENT_PREFIX_PATH', '/opt/ros/humble'), ('SHELL', '/usr/bin/zsh'), ('QT_ACCESSIBILITY', '1'), ('GDMSESSION', 'ubuntu'), ('QT_IM_MODULE', 'ibus'), ('PWD', '/home/erk/f1tenth-t3/ros2_ws/build/drive_msgs'), ('XDG_DATA_DIRS', '/usr/local/share/:/usr/share/:/var/lib/snapd/desktop'), ('PYTHONPATH', '/opt/ros/humble/lib/python3.10/site-packages:/opt/ros/humble/local/lib/python3.10/dist-packages'), ('COLCON', '1'), ('VTE_VERSION', '6800')]), 'shell': False}
[0.038415] (drive_msgs) StdoutLine: {'line': b'[  3%] Built target drive_msgs__cpp\n'}
[0.038668] (drive_msgs) StdoutLine: {'line': b'[ 12%] Built target drive_msgs__rosidl_generator_c\n'}
[0.044872] (drive_msgs) StdoutLine: {'line': b'[ 12%] Built target ament_cmake_python_copy_drive_msgs\n'}
[0.052707] (drive_msgs) StdoutLine: {'line': b'[ 22%] Built target drive_msgs__rosidl_typesupport_cpp\n'}
[0.053544] (drive_msgs) StdoutLine: {'line': b'[ 32%] Built target drive_msgs__rosidl_typesupport_fastrtps_cpp\n'}
[0.054987] (drive_msgs) StdoutLine: {'line': b'[ 41%] Built target drive_msgs__rosidl_typesupport_introspection_cpp\n'}
[0.059752] (drive_msgs) StdoutLine: {'line': b'[ 61%] Built target drive_msgs__rosidl_typesupport_introspection_c\n'}
[0.059935] (drive_msgs) StdoutLine: {'line': b'[ 61%] Built target drive_msgs__rosidl_typesupport_c\n'}
[0.060049] (drive_msgs) StdoutLine: {'line': b'[ 70%] Built target drive_msgs__rosidl_typesupport_fastrtps_c\n'}
[0.072893] (drive_msgs) StdoutLine: {'line': b'[ 70%] Built target drive_msgs\n'}
[0.086109] (drive_msgs) StdoutLine: {'line': b'[ 74%] Built target drive_msgs__py\n'}
[0.099795] (-) TimerEvent: {}
[0.100485] (drive_msgs) StdoutLine: {'line': b'[ 80%] Built target drive_msgs__rosidl_generator_py\n'}
[0.115147] (drive_msgs) StdoutLine: {'line': b'[100%] Built target drive_msgs__rosidl_typesupport_c__pyext\n'}
[0.115331] (drive_msgs) StdoutLine: {'line': b'[100%] Built target drive_msgs__rosidl_typesupport_introspection_c__pyext\n'}
[0.115452] (drive_msgs) StdoutLine: {'line': b'[100%] Built target drive_msgs__rosidl_typesupport_fastrtps_c__pyext\n'}
[0.199893] (-) TimerEvent: {}
[0.215416] (drive_msgs) StdoutLine: {'line': b'running egg_info\n'}
[0.215828] (drive_msgs) StdoutLine: {'line': b'writing drive_msgs.egg-info/PKG-INFO\n'}
[0.215931] (drive_msgs) StdoutLine: {'line': b'writing dependency_links to drive_msgs.egg-info/dependency_links.txt\n'}
[0.216069] (drive_msgs) StdoutLine: {'line': b'writing top-level names to drive_msgs.egg-info/top_level.txt\n'}
[0.217386] (drive_msgs) StdoutLine: {'line': b"reading manifest file 'drive_msgs.egg-info/SOURCES.txt'\n"}
[0.217768] (drive_msgs) StdoutLine: {'line': b"writing manifest file 'drive_msgs.egg-info/SOURCES.txt'\n"}
[0.234076] (drive_msgs) StdoutLine: {'line': b'[100%] Built target ament_cmake_python_build_drive_msgs_egg\n'}
[0.241429] (drive_msgs) CommandEnded: {'returncode': 0}
[0.242133] (drive_msgs) JobProgress: {'identifier': 'drive_msgs', 'progress': 'install'}
[0.248526] (drive_msgs) Command: {'cmd': ['/usr/bin/cmake', '--install', '/home/erk/f1tenth-t3/ros2_ws/build/drive_msgs'], 'cwd': '/home/erk/f1tenth-t3/ros2_ws/build/drive_msgs', 'env': OrderedDict([('USER', 'erk'), ('XDG_SESSION_TYPE', 'wayland'), ('SHLVL', '1'), ('LD_LIBRARY_PATH', '/opt/ros/humble/opt/rviz_ogre_vendor/lib:/opt/ros/humble/lib/x86_64-linux-gnu:/opt/ros/humble/lib'), ('OLDPWD', '/home/erk/f1tenth-t3'), ('HOME', '/home/erk'), ('DESKTOP_SESSION', 'ubuntu'), ('GTK_MODULES', 'gail:atk-bridge'), ('GNOME_SHELL_SESSION_MODE', 'ubuntu'), ('ROS_PYTHON_VERSION', '3'), ('SYSTEMD_EXEC_PID', '1877'), ('DBUS_SESSION_BUS_ADDRESS', 'unix:path=/run/user/1000/bus'), ('COLORTERM', 'truecolor'), ('WAYLAND_DISPLAY', 'wayland-0'), ('ROS_DISTRO', 'humble'), ('LOGNAME', 'erk'), ('_', '/usr/bin/colcon'), ('XDG_SESSION_CLASS', 'user'), ('ROS_VERSION', '2'), ('USERNAME', 'erk'), ('TERM', 'xterm-256color'), ('GNOME_DESKTOP_SESSION_ID', 'this-is-deprecated'), ('ROS_LOCALHOST_ONLY', '0'), ('PATH', '/opt/ros/humble/bin:/usr/local/sbin:/usr/local/bin:/usr/sbin:/usr/bin:/sbin:/bin:/usr/games:/usr/local/games:/snap/bin:/snap/bin'), ('SESSION_MANAGER', 'local/erk-MS-7B48:@/tmp/.ICE-unix/1847,unix/erk-MS-7B48:/tmp/.ICE-unix/1847'), ('GNOME_TERMINAL_SCREEN', '/org/gnome/Terminal/screen/b8782260_6194_4892_8356_afca7e0b39a9'), ('XDG_MENU_PREFIX', 'gnome-'), ('GNOME_SETUP_DISPLAY', ':1'), ('XDG_RUNTIME_DIR', '/run/user/1000'), ('DISPLAY', ':0'), ('LANG', 'en_US.UTF-8'), ('XDG_CURRENT_DESKTOP', 'ubuntu:GNOME'), ('XDG_SESSION_DESKTOP', 'ubuntu'), ('GNOME_TERMINAL_SERVICE', ':1.200'), ('XMODIFIERS', '@im=ibus'), ('XAUTHORITY', '/run/user/1000/.mutter-Xwaylandauth.2252J3'), ('SSH_AUTH_SOCK', '/run/user/1000/keyring/ssh'), ('SSH_AGENT_LAUNCHER', 'gnome-keyring'), ('AMENT_PREFIX_PATH', '/opt/ros/humble'), ('SHELL', '/usr/bin/zsh'), ('QT_ACCESSIBILITY', '1'), ('GDMSESSION', 'ubuntu'), ('QT_IM_MODULE', 'ibus'), ('PWD', '/home/erk/f1tenth-t3/ros2_ws/build/drive_msgs'), ('XDG_DATA_DIRS', '/usr/local/share/:/usr/share/:/var/lib/snapd/desktop'), ('PYTHONPATH', '/opt/ros/humble/lib/python3.10/site-packages:/opt/ros/humble/local/lib/python3.10/dist-packages'), ('COLCON', '1'), ('VTE_VERSION', '6800')]), 'shell': False}
[0.254475] (drive_msgs) StdoutLine: {'line': b'-- Install configuration: ""\n'}
[0.254703] (drive_msgs) StdoutLine: {'line': b'-- Up-to-date: /home/erk/f1tenth-t3/ros2_ws/install/drive_msgs/share/ament_index/resource_index/rosidl_interfaces/drive_msgs\n'}
[0.254811] (drive_msgs) StdoutLine: {'line': b'-- Up-to-date: /home/erk/f1tenth-t3/ros2_ws/install/drive_msgs/include/drive_msgs/drive_msgs\n'}
[0.254884] (drive_msgs) StdoutLine: {'line': b'-- Up-to-date: /home/erk/f1tenth-t3/ros2_ws/install/drive_msgs/include/drive_msgs/drive_msgs/msg\n'}
[0.254971] (drive_msgs) StdoutLine: {'line': b'-- Up-to-date: /home/erk/f1tenth-t3/ros2_ws/install/drive_msgs/include/drive_msgs/drive_msgs/msg/drive_param.h\n'}
[0.255054] (drive_msgs) StdoutLine: {'line': b'-- Up-to-date: /home/erk/f1tenth-t3/ros2_ws/install/drive_msgs/include/drive_msgs/drive_msgs/msg/rosidl_generator_c__visibility_control.h\n'}
[0.255184] (drive_msgs) StdoutLine: {'line': b'-- Up-to-date: /home/erk/f1tenth-t3/ros2_ws/install/drive_msgs/include/drive_msgs/drive_msgs/msg/detail\n'}
[0.255255] (drive_msgs) StdoutLine: {'line': b'-- Up-to-date: /home/erk/f1tenth-t3/ros2_ws/install/drive_msgs/include/drive_msgs/drive_msgs/msg/detail/drive_param__struct.h\n'}
[0.255338] (drive_msgs) StdoutLine: {'line': b'-- Up-to-date: /home/erk/f1tenth-t3/ros2_ws/install/drive_msgs/include/drive_msgs/drive_msgs/msg/detail/drive_param__functions.h\n'}
[0.255409] (drive_msgs) StdoutLine: {'line': b'-- Up-to-date: /home/erk/f1tenth-t3/ros2_ws/install/drive_msgs/include/drive_msgs/drive_msgs/msg/detail/drive_param__type_support.h\n'}
[0.255532] (drive_msgs) StdoutLine: {'line': b'-- Up-to-date: /home/erk/f1tenth-t3/ros2_ws/install/drive_msgs/include/drive_msgs/drive_msgs/msg/detail/drive_param__functions.c\n'}
[0.255623] (drive_msgs) StdoutLine: {'line': b'-- Up-to-date: /home/erk/f1tenth-t3/ros2_ws/install/drive_msgs/share/drive_msgs/environment/library_path.sh\n'}
[0.255691] (drive_msgs) StdoutLine: {'line': b'-- Up-to-date: /home/erk/f1tenth-t3/ros2_ws/install/drive_msgs/share/drive_msgs/environment/library_path.dsv\n'}
[0.255775] (drive_msgs) StdoutLine: {'line': b'-- Up-to-date: /home/erk/f1tenth-t3/ros2_ws/install/drive_msgs/lib/libdrive_msgs__rosidl_generator_c.so\n'}
[0.255842] (drive_msgs) StdoutLine: {'line': b'-- Up-to-date: /home/erk/f1tenth-t3/ros2_ws/install/drive_msgs/include/drive_msgs/drive_msgs\n'}
[0.255909] (drive_msgs) StdoutLine: {'line': b'-- Up-to-date: /home/erk/f1tenth-t3/ros2_ws/install/drive_msgs/include/drive_msgs/drive_msgs/msg\n'}
[0.255994] (drive_msgs) StdoutLine: {'line': b'-- Up-to-date: /home/erk/f1tenth-t3/ros2_ws/install/drive_msgs/include/drive_msgs/drive_msgs/msg/rosidl_typesupport_fastrtps_c__visibility_control.h\n'}
[0.256075] (drive_msgs) StdoutLine: {'line': b'-- Up-to-date: /home/erk/f1tenth-t3/ros2_ws/install/drive_msgs/include/drive_msgs/drive_msgs/msg/detail\n'}
[0.256148] (drive_msgs) StdoutLine: {'line': b'-- Up-to-date: /home/erk/f1tenth-t3/ros2_ws/install/drive_msgs/include/drive_msgs/drive_msgs/msg/detail/drive_param__rosidl_typesupport_fastrtps_c.h\n'}
[0.256310] (drive_msgs) StdoutLine: {'line': b'-- Up-to-date: /home/erk/f1tenth-t3/ros2_ws/install/drive_msgs/lib/libdrive_msgs__rosidl_typesupport_fastrtps_c.so\n'}
[0.256417] (drive_msgs) StdoutLine: {'line': b'-- Up-to-date: /home/erk/f1tenth-t3/ros2_ws/install/drive_msgs/include/drive_msgs/drive_msgs\n'}
[0.256486] (drive_msgs) StdoutLine: {'line': b'-- Up-to-date: /home/erk/f1tenth-t3/ros2_ws/install/drive_msgs/include/drive_msgs/drive_msgs/msg\n'}
[0.256569] (drive_msgs) StdoutLine: {'line': b'-- Up-to-date: /home/erk/f1tenth-t3/ros2_ws/install/drive_msgs/include/drive_msgs/drive_msgs/msg/rosidl_typesupport_introspection_c__visibility_control.h\n'}
[0.256637] (drive_msgs) StdoutLine: {'line': b'-- Up-to-date: /home/erk/f1tenth-t3/ros2_ws/install/drive_msgs/include/drive_msgs/drive_msgs/msg/detail\n'}
[0.256761] (drive_msgs) StdoutLine: {'line': b'-- Up-to-date: /home/erk/f1tenth-t3/ros2_ws/install/drive_msgs/include/drive_msgs/drive_msgs/msg/detail/drive_param__type_support.c\n'}
[0.256830] (drive_msgs) StdoutLine: {'line': b'-- Up-to-date: /home/erk/f1tenth-t3/ros2_ws/install/drive_msgs/include/drive_msgs/drive_msgs/msg/detail/drive_param__rosidl_typesupport_introspection_c.h\n'}
[0.256926] (drive_msgs) StdoutLine: {'line': b'-- Up-to-date: /home/erk/f1tenth-t3/ros2_ws/install/drive_msgs/lib/libdrive_msgs__rosidl_typesupport_introspection_c.so\n'}
[0.256995] (drive_msgs) StdoutLine: {'line': b'-- Up-to-date: /home/erk/f1tenth-t3/ros2_ws/install/drive_msgs/lib/libdrive_msgs__rosidl_typesupport_c.so\n'}
[0.257073] (drive_msgs) StdoutLine: {'line': b'-- Up-to-date: /home/erk/f1tenth-t3/ros2_ws/install/drive_msgs/include/drive_msgs/drive_msgs\n'}
[0.257160] (drive_msgs) StdoutLine: {'line': b'-- Up-to-date: /home/erk/f1tenth-t3/ros2_ws/install/drive_msgs/include/drive_msgs/drive_msgs/msg\n'}
[0.257229] (drive_msgs) StdoutLine: {'line': b'-- Up-to-date: /home/erk/f1tenth-t3/ros2_ws/install/drive_msgs/include/drive_msgs/drive_msgs/msg/detail\n'}
[0.257301] (drive_msgs) StdoutLine: {'line': b'-- Up-to-date: /home/erk/f1tenth-t3/ros2_ws/install/drive_msgs/include/drive_msgs/drive_msgs/msg/detail/drive_param__type_support.hpp\n'}
[0.257405] (drive_msgs) StdoutLine: {'line': b'-- Up-to-date: /home/erk/f1tenth-t3/ros2_ws/install/drive_msgs/include/drive_msgs/drive_msgs/msg/detail/drive_param__builder.hpp\n'}
[0.257489] (drive_msgs) StdoutLine: {'line': b'-- Up-to-date: /home/erk/f1tenth-t3/ros2_ws/install/drive_msgs/include/drive_msgs/drive_msgs/msg/detail/drive_param__traits.hpp\n'}
[0.257572] (drive_msgs) StdoutLine: {'line': b'-- Up-to-date: /home/erk/f1tenth-t3/ros2_ws/install/drive_msgs/include/drive_msgs/drive_msgs/msg/detail/drive_param__struct.hpp\n'}
[0.257658] (drive_msgs) StdoutLine: {'line': b'-- Up-to-date: /home/erk/f1tenth-t3/ros2_ws/install/drive_msgs/include/drive_msgs/drive_msgs/msg/drive_param.hpp\n'}
[0.257727] (drive_msgs) StdoutLine: {'line': b'-- Up-to-date: /home/erk/f1tenth-t3/ros2_ws/install/drive_msgs/include/drive_msgs/drive_msgs/msg/rosidl_generator_cpp__visibility_control.hpp\n'}
[0.257866] (drive_msgs) StdoutLine: {'line': b'-- Up-to-date: /home/erk/f1tenth-t3/ros2_ws/install/drive_msgs/include/drive_msgs/drive_msgs\n'}
[0.257999] (drive_msgs) StdoutLine: {'line': b'-- Up-to-date: /home/erk/f1tenth-t3/ros2_ws/install/drive_msgs/include/drive_msgs/drive_msgs/msg\n'}
[0.258080] (drive_msgs) StdoutLine: {'line': b'-- Up-to-date: /home/erk/f1tenth-t3/ros2_ws/install/drive_msgs/include/drive_msgs/drive_msgs/msg/detail\n'}
[0.258161] (drive_msgs) StdoutLine: {'line': b'-- Up-to-date: /home/erk/f1tenth-t3/ros2_ws/install/drive_msgs/include/drive_msgs/drive_msgs/msg/detail/dds_fastrtps\n'}
[0.258230] (drive_msgs) StdoutLine: {'line': b'-- Up-to-date: /home/erk/f1tenth-t3/ros2_ws/install/drive_msgs/include/drive_msgs/drive_msgs/msg/detail/drive_param__rosidl_typesupport_fastrtps_cpp.hpp\n'}
[0.258299] (drive_msgs) StdoutLine: {'line': b'-- Up-to-date: /home/erk/f1tenth-t3/ros2_ws/install/drive_msgs/include/drive_msgs/drive_msgs/msg/rosidl_typesupport_fastrtps_cpp__visibility_control.h\n'}
[0.258368] (drive_msgs) StdoutLine: {'line': b'-- Up-to-date: /home/erk/f1tenth-t3/ros2_ws/install/drive_msgs/lib/libdrive_msgs__rosidl_typesupport_fastrtps_cpp.so\n'}
[0.258437] (drive_msgs) StdoutLine: {'line': b'-- Up-to-date: /home/erk/f1tenth-t3/ros2_ws/install/drive_msgs/include/drive_msgs/drive_msgs\n'}
[0.258503] (drive_msgs) StdoutLine: {'line': b'-- Up-to-date: /home/erk/f1tenth-t3/ros2_ws/install/drive_msgs/include/drive_msgs/drive_msgs/msg\n'}
[0.258571] (drive_msgs) StdoutLine: {'line': b'-- Up-to-date: /home/erk/f1tenth-t3/ros2_ws/install/drive_msgs/include/drive_msgs/drive_msgs/msg/detail\n'}
[0.258637] (drive_msgs) StdoutLine: {'line': b'-- Up-to-date: /home/erk/f1tenth-t3/ros2_ws/install/drive_msgs/include/drive_msgs/drive_msgs/msg/detail/drive_param__type_support.cpp\n'}
[0.258705] (drive_msgs) StdoutLine: {'line': b'-- Up-to-date: /home/erk/f1tenth-t3/ros2_ws/install/drive_msgs/include/drive_msgs/drive_msgs/msg/detail/drive_param__rosidl_typesupport_introspection_cpp.hpp\n'}
[0.258773] (drive_msgs) StdoutLine: {'line': b'-- Up-to-date: /home/erk/f1tenth-t3/ros2_ws/install/drive_msgs/lib/libdrive_msgs__rosidl_typesupport_introspection_cpp.so\n'}
[0.258840] (drive_msgs) StdoutLine: {'line': b'-- Up-to-date: /home/erk/f1tenth-t3/ros2_ws/install/drive_msgs/lib/libdrive_msgs__rosidl_typesupport_cpp.so\n'}
[0.258917] (drive_msgs) StdoutLine: {'line': b'-- Up-to-date: /home/erk/f1tenth-t3/ros2_ws/install/drive_msgs/share/drive_msgs/environment/pythonpath.sh\n'}
[0.258986] (drive_msgs) StdoutLine: {'line': b'-- Up-to-date: /home/erk/f1tenth-t3/ros2_ws/install/drive_msgs/share/drive_msgs/environment/pythonpath.dsv\n'}
[0.259058] (drive_msgs) StdoutLine: {'line': b'-- Up-to-date: /home/erk/f1tenth-t3/ros2_ws/install/drive_msgs/local/lib/python3.10/dist-packages/drive_msgs-0.1.0-py3.10.egg-info\n'}
[0.259133] (drive_msgs) StdoutLine: {'line': b'-- Installing: /home/erk/f1tenth-t3/ros2_ws/install/drive_msgs/local/lib/python3.10/dist-packages/drive_msgs-0.1.0-py3.10.egg-info/PKG-INFO\n'}
[0.259200] (drive_msgs) StdoutLine: {'line': b'-- Installing: /home/erk/f1tenth-t3/ros2_ws/install/drive_msgs/local/lib/python3.10/dist-packages/drive_msgs-0.1.0-py3.10.egg-info/SOURCES.txt\n'}
[0.259269] (drive_msgs) StdoutLine: {'line': b'-- Installing: /home/erk/f1tenth-t3/ros2_ws/install/drive_msgs/local/lib/python3.10/dist-packages/drive_msgs-0.1.0-py3.10.egg-info/top_level.txt\n'}
[0.259337] (drive_msgs) StdoutLine: {'line': b'-- Installing: /home/erk/f1tenth-t3/ros2_ws/install/drive_msgs/local/lib/python3.10/dist-packages/drive_msgs-0.1.0-py3.10.egg-info/dependency_links.txt\n'}
[0.259403] (drive_msgs) StdoutLine: {'line': b'-- Up-to-date: /home/erk/f1tenth-t3/ros2_ws/install/drive_msgs/local/lib/python3.10/dist-packages/drive_msgs\n'}
[0.259470] (drive_msgs) StdoutLine: {'line': b'-- Up-to-date: /home/erk/f1tenth-t3/ros2_ws/install/drive_msgs/local/lib/python3.10/dist-packages/drive_msgs/__init__.py\n'}
[0.259550] (drive_msgs) StdoutLine: {'line': b'-- Up-to-date: /home/erk/f1tenth-t3/ros2_ws/install/drive_msgs/local/lib/python3.10/dist-packages/drive_msgs/_drive_msgs_s.ep.rosidl_typesupport_introspection_c.c\n'}
[0.259618] (drive_msgs) StdoutLine: {'line': b'-- Up-to-date: /home/erk/f1tenth-t3/ros2_ws/install/drive_msgs/local/lib/python3.10/dist-packages/drive_msgs/drive_msgs_s__rosidl_typesupport_c.cpython-310-x86_64-linux-gnu.so\n'}
[0.259685] (drive_msgs) StdoutLine: {'line': b'-- Up-to-date: /home/erk/f1tenth-t3/ros2_ws/install/drive_msgs/local/lib/python3.10/dist-packages/drive_msgs/drive_msgs_s__rosidl_typesupport_fastrtps_c.cpython-310-x86_64-linux-gnu.so\n'}
[0.259753] (drive_msgs) StdoutLine: {'line': b'-- Up-to-date: /home/erk/f1tenth-t3/ros2_ws/install/drive_msgs/local/lib/python3.10/dist-packages/drive_msgs/msg\n'}
[0.259821] (drive_msgs) StdoutLine: {'line': b'-- Up-to-date: /home/erk/f1tenth-t3/ros2_ws/install/drive_msgs/local/lib/python3.10/dist-packages/drive_msgs/msg/__init__.py\n'}
[0.259888] (drive_msgs) StdoutLine: {'line': b'-- Up-to-date: /home/erk/f1tenth-t3/ros2_ws/install/drive_msgs/local/lib/python3.10/dist-packages/drive_msgs/msg/_drive_param.py\n'}
[0.259954] (drive_msgs) StdoutLine: {'line': b'-- Up-to-date: /home/erk/f1tenth-t3/ros2_ws/install/drive_msgs/local/lib/python3.10/dist-packages/drive_msgs/msg/_drive_param_s.c\n'}
[0.260027] (drive_msgs) StdoutLine: {'line': b'-- Up-to-date: /home/erk/f1tenth-t3/ros2_ws/install/drive_msgs/local/lib/python3.10/dist-packages/drive_msgs/_drive_msgs_s.ep.rosidl_typesupport_c.c\n'}
[0.260101] (drive_msgs) StdoutLine: {'line': b'-- Up-to-date: /home/erk/f1tenth-t3/ros2_ws/install/drive_msgs/local/lib/python3.10/dist-packages/drive_msgs/drive_msgs_s__rosidl_typesupport_introspection_c.cpython-310-x86_64-linux-gnu.so\n'}
[0.260171] (drive_msgs) StdoutLine: {'line': b'-- Up-to-date: /home/erk/f1tenth-t3/ros2_ws/install/drive_msgs/local/lib/python3.10/dist-packages/drive_msgs/libdrive_msgs__rosidl_generator_py.so\n'}
[0.260239] (drive_msgs) StdoutLine: {'line': b'-- Up-to-date: /home/erk/f1tenth-t3/ros2_ws/install/drive_msgs/local/lib/python3.10/dist-packages/drive_msgs/_drive_msgs_s.ep.rosidl_typesupport_fastrtps_c.c\n'}
[0.278789] (drive_msgs) StdoutLine: {'line': b"Listing '/home/erk/f1tenth-t3/ros2_ws/install/drive_msgs/local/lib/python3.10/dist-packages/drive_msgs'...\n"}
[0.278904] (drive_msgs) StdoutLine: {'line': b"Listing '/home/erk/f1tenth-t3/ros2_ws/install/drive_msgs/local/lib/python3.10/dist-packages/drive_msgs/msg'...\n"}
[0.281500] (drive_msgs) StdoutLine: {'line': b'-- Up-to-date: /home/erk/f1tenth-t3/ros2_ws/install/drive_msgs/local/lib/python3.10/dist-packages/drive_msgs/drive_msgs_s__rosidl_typesupport_fastrtps_c.cpython-310-x86_64-linux-gnu.so\n'}
[0.281735] (drive_msgs) StdoutLine: {'line': b'-- Up-to-date: /home/erk/f1tenth-t3/ros2_ws/install/drive_msgs/local/lib/python3.10/dist-packages/drive_msgs/drive_msgs_s__rosidl_typesupport_introspection_c.cpython-310-x86_64-linux-gnu.so\n'}
[0.281975] (drive_msgs) StdoutLine: {'line': b'-- Up-to-date: /home/erk/f1tenth-t3/ros2_ws/install/drive_msgs/local/lib/python3.10/dist-packages/drive_msgs/drive_msgs_s__rosidl_typesupport_c.cpython-310-x86_64-linux-gnu.so\n'}
[0.282246] (drive_msgs) StdoutLine: {'line': b'-- Up-to-date: /home/erk/f1tenth-t3/ros2_ws/install/drive_msgs/lib/libdrive_msgs__rosidl_generator_py.so\n'}
[0.282397] (drive_msgs) StdoutLine: {'line': b'-- Up-to-date: /home/erk/f1tenth-t3/ros2_ws/install/drive_msgs/share/drive_msgs/msg/DriveParam.idl\n'}
[0.282502] (drive_msgs) StdoutLine: {'line': b'-- Up-to-date: /home/erk/f1tenth-t3/ros2_ws/install/drive_msgs/share/drive_msgs/msg/DriveParam.msg\n'}
[0.282591] (drive_msgs) StdoutLine: {'line': b'-- Up-to-date: /home/erk/f1tenth-t3/ros2_ws/install/drive_msgs/share/ament_index/resource_index/package_run_dependencies/drive_msgs\n'}
[0.282655] (drive_msgs) StdoutLine: {'line': b'-- Up-to-date: /home/erk/f1tenth-t3/ros2_ws/install/drive_msgs/share/ament_index/resource_index/parent_prefix_path/drive_msgs\n'}
[0.282702] (drive_msgs) StdoutLine: {'line': b'-- Up-to-date: /home/erk/f1tenth-t3/ros2_ws/install/drive_msgs/share/drive_msgs/environment/ament_prefix_path.sh\n'}
[0.282747] (drive_msgs) StdoutLine: {'line': b'-- Up-to-date: /home/erk/f1tenth-t3/ros2_ws/install/drive_msgs/share/drive_msgs/environment/ament_prefix_path.dsv\n'}
[0.282791] (drive_msgs) StdoutLine: {'line': b'-- Up-to-date: /home/erk/f1tenth-t3/ros2_ws/install/drive_msgs/share/drive_msgs/environment/path.sh\n'}
[0.282835] (drive_msgs) StdoutLine: {'line': b'-- Up-to-date: /home/erk/f1tenth-t3/ros2_ws/install/drive_msgs/share/drive_msgs/environment/path.dsv\n'}
[0.282878] (drive_msgs) StdoutLine: {'line': b'-- Up-to-date: /home/erk/f1tenth-t3/ros2_ws/install/drive_msgs/share/drive_msgs/local_setup.bash\n'}
[0.282944] (drive_msgs) StdoutLine: {'line': b'-- Up-to-date: /home/erk/f1tenth-t3/ros2_ws/install/drive_msgs/share/drive_msgs/local_setup.sh\n'}
[0.283037] (drive_msgs) StdoutLine: {'line': b'-- Up-to-date: /home/erk/f1tenth-t3/ros2_ws/install/drive_msgs/share/drive_msgs/local_setup.zsh\n'}
[0.283098] (drive_msgs) StdoutLine: {'line': b'-- Up-to-date: /home/erk/f1tenth-t3/ros2_ws/install/drive_msgs/share/drive_msgs/local_setup.dsv\n'}
[0.283161] (drive_msgs) StdoutLine: {'line': b'-- Installing: /home/erk/f1tenth-t3/ros2_ws/install/drive_msgs/share/drive_msgs/package.dsv\n'}
[0.283202] (drive_msgs) StdoutLine: {'line': b'-- Up-to-date: /home/erk/f1tenth-t3/ros2_ws/install/drive_msgs/share/ament_index/resource_index/packages/drive_msgs\n'}
[0.283245] (drive_msgs) StdoutLine: {'line': b'-- Up-to-date: /home/erk/f1tenth-t3/ros2_ws/install/drive_msgs/share/drive_msgs/cmake/export_drive_msgs__rosidl_generator_cExport.cmake\n'}
[0.283323] (drive_msgs) StdoutLine: {'line': b'-- Up-to-date: /home/erk/f1tenth-t3/ros2_ws/install/drive_msgs/share/drive_msgs/cmake/export_drive_msgs__rosidl_generator_cExport-noconfig.cmake\n'}
[0.283366] (drive_msgs) StdoutLine: {'line': b'-- Up-to-date: /home/erk/f1tenth-t3/ros2_ws/install/drive_msgs/share/drive_msgs/cmake/export_drive_msgs__rosidl_typesupport_fastrtps_cExport.cmake\n'}
[0.283409] (drive_msgs) StdoutLine: {'line': b'-- Up-to-date: /home/erk/f1tenth-t3/ros2_ws/install/drive_msgs/share/drive_msgs/cmake/export_drive_msgs__rosidl_typesupport_fastrtps_cExport-noconfig.cmake\n'}
[0.283452] (drive_msgs) StdoutLine: {'line': b'-- Up-to-date: /home/erk/f1tenth-t3/ros2_ws/install/drive_msgs/share/drive_msgs/cmake/drive_msgs__rosidl_typesupport_introspection_cExport.cmake\n'}
[0.283524] (drive_msgs) StdoutLine: {'line': b'-- Up-to-date: /home/erk/f1tenth-t3/ros2_ws/install/drive_msgs/share/drive_msgs/cmake/drive_msgs__rosidl_typesupport_introspection_cExport-noconfig.cmake\n'}
[0.283585] (drive_msgs) StdoutLine: {'line': b'-- Up-to-date: /home/erk/f1tenth-t3/ros2_ws/install/drive_msgs/share/drive_msgs/cmake/drive_msgs__rosidl_typesupport_cExport.cmake\n'}
[0.283636] (drive_msgs) StdoutLine: {'line': b'-- Up-to-date: /home/erk/f1tenth-t3/ros2_ws/install/drive_msgs/share/drive_msgs/cmake/drive_msgs__rosidl_typesupport_cExport-noconfig.cmake\n'}
[0.283680] (drive_msgs) StdoutLine: {'line': b'-- Up-to-date: /home/erk/f1tenth-t3/ros2_ws/install/drive_msgs/share/drive_msgs/cmake/export_drive_msgs__rosidl_generator_cppExport.cmake\n'}
[0.283723] (drive_msgs) StdoutLine: {'line': b'-- Up-to-date: /home/erk/f1tenth-t3/ros2_ws/install/drive_msgs/share/drive_msgs/cmake/export_drive_msgs__rosidl_typesupport_fastrtps_cppExport.cmake\n'}
[0.283766] (drive_msgs) StdoutLine: {'line': b'-- Up-to-date: /home/erk/f1tenth-t3/ros2_ws/install/drive_msgs/share/drive_msgs/cmake/export_drive_msgs__rosidl_typesupport_fastrtps_cppExport-noconfig.cmake\n'}
[0.283809] (drive_msgs) StdoutLine: {'line': b'-- Up-to-date: /home/erk/f1tenth-t3/ros2_ws/install/drive_msgs/share/drive_msgs/cmake/drive_msgs__rosidl_typesupport_introspection_cppExport.cmake\n'}
[0.283852] (drive_msgs) StdoutLine: {'line': b'-- Up-to-date: /home/erk/f1tenth-t3/ros2_ws/install/drive_msgs/share/drive_msgs/cmake/drive_msgs__rosidl_typesupport_introspection_cppExport-noconfig.cmake\n'}
[0.283895] (drive_msgs) StdoutLine: {'line': b'-- Up-to-date: /home/erk/f1tenth-t3/ros2_ws/install/drive_msgs/share/drive_msgs/cmake/drive_msgs__rosidl_typesupport_cppExport.cmake\n'}
[0.283938] (drive_msgs) StdoutLine: {'line': b'-- Up-to-date: /home/erk/f1tenth-t3/ros2_ws/install/drive_msgs/share/drive_msgs/cmake/drive_msgs__rosidl_typesupport_cppExport-noconfig.cmake\n'}
[0.283981] (drive_msgs) StdoutLine: {'line': b'-- Up-to-date: /home/erk/f1tenth-t3/ros2_ws/install/drive_msgs/share/drive_msgs/cmake/export_drive_msgs__rosidl_generator_pyExport.cmake\n'}
[0.284045] (drive_msgs) StdoutLine: {'line': b'-- Up-to-date: /home/erk/f1tenth-t3/ros2_ws/install/drive_msgs/share/drive_msgs/cmake/export_drive_msgs__rosidl_generator_pyExport-noconfig.cmake\n'}
[0.284133] (drive_msgs) StdoutLine: {'line': b'-- Up-to-date: /home/erk/f1tenth-t3/ros2_ws/install/drive_msgs/share/drive_msgs/cmake/rosidl_cmake-extras.cmake\n'}
[0.284173] (drive_msgs) StdoutLine: {'line': b'-- Up-to-date: /home/erk/f1tenth-t3/ros2_ws/install/drive_msgs/share/drive_msgs/cmake/ament_cmake_export_include_directories-extras.cmake\n'}
[0.284213] (drive_msgs) StdoutLine: {'line': b'-- Up-to-date: /home/erk/f1tenth-t3/ros2_ws/install/drive_msgs/share/drive_msgs/cmake/ament_cmake_export_libraries-extras.cmake\n'}
[0.284252] (drive_msgs) StdoutLine: {'line': b'-- Up-to-date: /home/erk/f1tenth-t3/ros2_ws/install/drive_msgs/share/drive_msgs/cmake/ament_cmake_export_targets-extras.cmake\n'}
[0.284291] (drive_msgs) StdoutLine: {'line': b'-- Up-to-date: /home/erk/f1tenth-t3/ros2_ws/install/drive_msgs/share/drive_msgs/cmake/rosidl_cmake_export_typesupport_targets-extras.cmake\n'}
[0.284330] (drive_msgs) StdoutLine: {'line': b'-- Up-to-date: /home/erk/f1tenth-t3/ros2_ws/install/drive_msgs/share/drive_msgs/cmake/ament_cmake_export_dependencies-extras.cmake\n'}
[0.284369] (drive_msgs) StdoutLine: {'line': b'-- Up-to-date: /home/erk/f1tenth-t3/ros2_ws/install/drive_msgs/share/drive_msgs/cmake/rosidl_cmake_export_typesupport_libraries-extras.cmake\n'}
[0.284407] (drive_msgs) StdoutLine: {'line': b'-- Up-to-date: /home/erk/f1tenth-t3/ros2_ws/install/drive_msgs/share/drive_msgs/cmake/drive_msgsConfig.cmake\n'}
[0.284446] (drive_msgs) StdoutLine: {'line': b'-- Up-to-date: /home/erk/f1tenth-t3/ros2_ws/install/drive_msgs/share/drive_msgs/cmake/drive_msgsConfig-version.cmake\n'}
[0.284485] (drive_msgs) StdoutLine: {'line': b'-- Up-to-date: /home/erk/f1tenth-t3/ros2_ws/install/drive_msgs/share/drive_msgs/package.xml\n'}
[0.285416] (drive_msgs) CommandEnded: {'returncode': 0}
[0.298993] (drive_msgs) JobEnded: {'identifier': 'drive_msgs', 'rc': 0}
[0.299755] (car_control) JobStarted: {'identifier': 'car_control'}
[0.300029] (-) TimerEvent: {}
[0.301583] (wallfollowing2) JobStarted: {'identifier': 'wallfollowing2'}
[0.304643] (car_control) JobProgress: {'identifier': 'car_control', 'progress': 'cmake'}
[0.305002] (car_control) JobProgress: {'identifier': 'car_control', 'progress': 'build'}
[0.305254] (car_control) Command: {'cmd': ['/usr/bin/cmake', '--build', '/home/erk/f1tenth-t3/ros2_ws/build/car_control', '--', '-j12', '-l12'], 'cwd': '/home/erk/f1tenth-t3/ros2_ws/build/car_control', 'env': OrderedDict([('USER', 'erk'), ('XDG_SESSION_TYPE', 'wayland'), ('ROS_PACKAGE_PATH', '/home/erk/f1tenth-t3/ros2_ws/install/drive_msgs/share'), ('SHLVL', '1'), ('LD_LIBRARY_PATH', '/home/erk/f1tenth-t3/ros2_ws/install/drive_msgs/lib:/opt/ros/humble/opt/rviz_ogre_vendor/lib:/opt/ros/humble/lib/x86_64-linux-gnu:/opt/ros/humble/lib'), ('OLDPWD', '/home/erk/f1tenth-t3'), ('HOME', '/home/erk'), ('DESKTOP_SESSION', 'ubuntu'), ('GTK_MODULES', 'gail:atk-bridge'), ('GNOME_SHELL_SESSION_MODE', 'ubuntu'), ('ROS_PYTHON_VERSION', '3'), ('SYSTEMD_EXEC_PID', '1877'), ('DBUS_SESSION_BUS_ADDRESS', 'unix:path=/run/user/1000/bus'), ('COLORTERM', 'truecolor'), ('WAYLAND_DISPLAY', 'wayland-0'), ('ROS_DISTRO', 'humble'), ('LOGNAME', 'erk'), ('_', '/usr/bin/colcon'), ('XDG_SESSION_CLASS', 'user'), ('ROS_VERSION', '2'), ('PKG_CONFIG_PATH', '/home/erk/f1tenth-t3/ros2_ws/install/drive_msgs/lib/x86_64-linux-gnu/pkgconfig:/home/erk/f1tenth-t3/ros2_ws/install/drive_msgs/lib/pkgconfig'), ('USERNAME', 'erk'), ('TERM', 'xterm-256color'), ('GNOME_DESKTOP_SESSION_ID', 'this-is-deprecated'), ('ROS_LOCALHOST_ONLY', '0'), ('PATH', '/opt/ros/humble/bin:/usr/local/sbin:/usr/local/bin:/usr/sbin:/usr/bin:/sbin:/bin:/usr/games:/usr/local/games:/snap/bin:/snap/bin'), ('SESSION_MANAGER', 'local/erk-MS-7B48:@/tmp/.ICE-unix/1847,unix/erk-MS-7B48:/tmp/.ICE-unix/1847'), ('GNOME_TERMINAL_SCREEN', '/org/gnome/Terminal/screen/b8782260_6194_4892_8356_afca7e0b39a9'), ('XDG_MENU_PREFIX', 'gnome-'), ('GNOME_SETUP_DISPLAY', ':1'), ('XDG_RUNTIME_DIR', '/run/user/1000'), ('DISPLAY', ':0'), ('LANG', 'en_US.UTF-8'), ('XDG_CURRENT_DESKTOP', 'ubuntu:GNOME'), ('XDG_SESSION_DESKTOP', 'ubuntu'), ('GNOME_TERMINAL_SERVICE', ':1.200'), ('XMODIFIERS', '@im=ibus'), ('XAUTHORITY', '/run/user/1000/.mutter-Xwaylandauth.2252J3'), ('SSH_AUTH_SOCK', '/run/user/1000/keyring/ssh'), ('SSH_AGENT_LAUNCHER', 'gnome-keyring'), ('AMENT_PREFIX_PATH', '/opt/ros/humble'), ('SHELL', '/usr/bin/zsh'), ('QT_ACCESSIBILITY', '1'), ('GDMSESSION', 'ubuntu'), ('QT_IM_MODULE', 'ibus'), ('PWD', '/home/erk/f1tenth-t3/ros2_ws/build/car_control'), ('XDG_DATA_DIRS', '/usr/local/share/:/usr/share/:/var/lib/snapd/desktop'), ('PYTHONPATH', '/home/erk/f1tenth-t3/ros2_ws/install/drive_msgs/local/lib/python3.10/dist-packages:/opt/ros/humble/lib/python3.10/site-packages:/opt/ros/humble/local/lib/python3.10/dist-packages'), ('COLCON', '1'), ('VTE_VERSION', '6800'), ('CMAKE_PREFIX_PATH', '/home/erk/f1tenth-t3/ros2_ws/install/drive_msgs')]), 'shell': False}
[0.343680] (car_control) StdoutLine: {'line': b'[100%] Built target car_controller\n'}
[0.343854] (car_control) StdoutLine: {'line': b'[100%] Built target drive_parameters_multiplexer\n'}
[0.400128] (-) TimerEvent: {}
[0.486538] (car_control) CommandEnded: {'returncode': 0}
[0.487168] (car_control) JobProgress: {'identifier': 'car_control', 'progress': 'install'}
[0.487610] (car_control) Command: {'cmd': ['/usr/bin/cmake', '--install', '/home/erk/f1tenth-t3/ros2_ws/build/car_control'], 'cwd': '/home/erk/f1tenth-t3/ros2_ws/build/car_control', 'env': OrderedDict([('USER', 'erk'), ('XDG_SESSION_TYPE', 'wayland'), ('ROS_PACKAGE_PATH', '/home/erk/f1tenth-t3/ros2_ws/install/drive_msgs/share'), ('SHLVL', '1'), ('LD_LIBRARY_PATH', '/home/erk/f1tenth-t3/ros2_ws/install/drive_msgs/lib:/opt/ros/humble/opt/rviz_ogre_vendor/lib:/opt/ros/humble/lib/x86_64-linux-gnu:/opt/ros/humble/lib'), ('OLDPWD', '/home/erk/f1tenth-t3'), ('HOME', '/home/erk'), ('DESKTOP_SESSION', 'ubuntu'), ('GTK_MODULES', 'gail:atk-bridge'), ('GNOME_SHELL_SESSION_MODE', 'ubuntu'), ('ROS_PYTHON_VERSION', '3'), ('SYSTEMD_EXEC_PID', '1877'), ('DBUS_SESSION_BUS_ADDRESS', 'unix:path=/run/user/1000/bus'), ('COLORTERM', 'truecolor'), ('WAYLAND_DISPLAY', 'wayland-0'), ('ROS_DISTRO', 'humble'), ('LOGNAME', 'erk'), ('_', '/usr/bin/colcon'), ('XDG_SESSION_CLASS', 'user'), ('ROS_VERSION', '2'), ('PKG_CONFIG_PATH', '/home/erk/f1tenth-t3/ros2_ws/install/drive_msgs/lib/x86_64-linux-gnu/pkgconfig:/home/erk/f1tenth-t3/ros2_ws/install/drive_msgs/lib/pkgconfig'), ('USERNAME', 'erk'), ('TERM', 'xterm-256color'), ('GNOME_DESKTOP_SESSION_ID', 'this-is-deprecated'), ('ROS_LOCALHOST_ONLY', '0'), ('PATH', '/opt/ros/humble/bin:/usr/local/sbin:/usr/local/bin:/usr/sbin:/usr/bin:/sbin:/bin:/usr/games:/usr/local/games:/snap/bin:/snap/bin'), ('SESSION_MANAGER', 'local/erk-MS-7B48:@/tmp/.ICE-unix/1847,unix/erk-MS-7B48:/tmp/.ICE-unix/1847'), ('GNOME_TERMINAL_SCREEN', '/org/gnome/Terminal/screen/b8782260_6194_4892_8356_afca7e0b39a9'), ('XDG_MENU_PREFIX', 'gnome-'), ('GNOME_SETUP_DISPLAY', ':1'), ('XDG_RUNTIME_DIR', '/run/user/1000'), ('DISPLAY', ':0'), ('LANG', 'en_US.UTF-8'), ('XDG_CURRENT_DESKTOP', 'ubuntu:GNOME'), ('XDG_SESSION_DESKTOP', 'ubuntu'), ('GNOME_TERMINAL_SERVICE', ':1.200'), ('XMODIFIERS', '@im=ibus'), ('XAUTHORITY', '/run/user/1000/.mutter-Xwaylandauth.2252J3'), ('SSH_AUTH_SOCK', '/run/user/1000/keyring/ssh'), ('SSH_AGENT_LAUNCHER', 'gnome-keyring'), ('AMENT_PREFIX_PATH', '/opt/ros/humble'), ('SHELL', '/usr/bin/zsh'), ('QT_ACCESSIBILITY', '1'), ('GDMSESSION', 'ubuntu'), ('QT_IM_MODULE', 'ibus'), ('PWD', '/home/erk/f1tenth-t3/ros2_ws/build/car_control'), ('XDG_DATA_DIRS', '/usr/local/share/:/usr/share/:/var/lib/snapd/desktop'), ('PYTHONPATH', '/home/erk/f1tenth-t3/ros2_ws/install/drive_msgs/local/lib/python3.10/dist-packages:/opt/ros/humble/lib/python3.10/site-packages:/opt/ros/humble/local/lib/python3.10/dist-packages'), ('COLCON', '1'), ('VTE_VERSION', '6800'), ('CMAKE_PREFIX_PATH', '/home/erk/f1tenth-t3/ros2_ws/install/drive_msgs')]), 'shell': False}
[0.492668] (car_control) StdoutLine: {'line': b'-- Install configuration: ""\n'}
[0.492862] (car_control) StdoutLine: {'line': b'-- Up-to-date: /home/erk/f1tenth-t3/ros2_ws/install/car_control/lib/car_control/drive_parameters_multiplexer\n'}
[0.493154] (car_control) StdoutLine: {'line': b'-- Up-to-date: /home/erk/f1tenth-t3/ros2_ws/install/car_control/lib/car_control/car_controller\n'}
[0.493314] (car_control) StdoutLine: {'line': b'-- Up-to-date: /home/erk/f1tenth-t3/ros2_ws/install/car_control/include/\n'}
[0.493434] (car_control) StdoutLine: {'line': b'-- Up-to-date: /home/erk/f1tenth-t3/ros2_ws/install/car_control/include//car_control\n'}
[0.493580] (car_control) StdoutLine: {'line': b'-- Up-to-date: /home/erk/f1tenth-t3/ros2_ws/install/car_control/include//car_control/car_config.hpp\n'}
[0.493671] (car_control) StdoutLine: {'line': b'-- Up-to-date: /home/erk/f1tenth-t3/ros2_ws/install/car_control/include//car_control/drive_mode.hpp\n'}
[0.493758] (car_control) StdoutLine: {'line': b'-- Up-to-date: /home/erk/f1tenth-t3/ros2_ws/install/car_control/include//car_control/drive_parameters_source.hpp\n'}
[0.493843] (car_control) StdoutLine: {'line': b'-- Up-to-date: /home/erk/f1tenth-t3/ros2_ws/install/car_control/include//car_control/car_controller.hpp\n'}
[0.493927] (car_control) StdoutLine: {'line': b'-- Up-to-date: /home/erk/f1tenth-t3/ros2_ws/install/car_control/include//car_control/drive_parameters_multiplexer.hpp\n'}
[0.494012] (car_control) StdoutLine: {'line': b'-- Up-to-date: /home/erk/f1tenth-t3/ros2_ws/install/car_control/share/ament_index/resource_index/package_run_dependencies/car_control\n'}
[0.494170] (car_control) StdoutLine: {'line': b'-- Up-to-date: /home/erk/f1tenth-t3/ros2_ws/install/car_control/share/ament_index/resource_index/parent_prefix_path/car_control\n'}
[0.494263] (car_control) StdoutLine: {'line': b'-- Up-to-date: /home/erk/f1tenth-t3/ros2_ws/install/car_control/share/car_control/environment/ament_prefix_path.sh\n'}
[0.494339] (car_control) StdoutLine: {'line': b'-- Up-to-date: /home/erk/f1tenth-t3/ros2_ws/install/car_control/share/car_control/environment/ament_prefix_path.dsv\n'}
[0.494408] (car_control) StdoutLine: {'line': b'-- Up-to-date: /home/erk/f1tenth-t3/ros2_ws/install/car_control/share/car_control/environment/path.sh\n'}
[0.494477] (car_control) StdoutLine: {'line': b'-- Up-to-date: /home/erk/f1tenth-t3/ros2_ws/install/car_control/share/car_control/environment/path.dsv\n'}
[0.494546] (car_control) StdoutLine: {'line': b'-- Up-to-date: /home/erk/f1tenth-t3/ros2_ws/install/car_control/share/car_control/local_setup.bash\n'}
[0.494616] (car_control) StdoutLine: {'line': b'-- Up-to-date: /home/erk/f1tenth-t3/ros2_ws/install/car_control/share/car_control/local_setup.sh\n'}
[0.494685] (car_control) StdoutLine: {'line': b'-- Up-to-date: /home/erk/f1tenth-t3/ros2_ws/install/car_control/share/car_control/local_setup.zsh\n'}
[0.494759] (car_control) StdoutLine: {'line': b'-- Up-to-date: /home/erk/f1tenth-t3/ros2_ws/install/car_control/share/car_control/local_setup.dsv\n'}
[0.494829] (car_control) StdoutLine: {'line': b'-- Installing: /home/erk/f1tenth-t3/ros2_ws/install/car_control/share/car_control/package.dsv\n'}
[0.494898] (car_control) StdoutLine: {'line': b'-- Up-to-date: /home/erk/f1tenth-t3/ros2_ws/install/car_control/share/ament_index/resource_index/packages/car_control\n'}
[0.494967] (car_control) StdoutLine: {'line': b'-- Up-to-date: /home/erk/f1tenth-t3/ros2_ws/install/car_control/share/car_control/cmake/car_controlConfig.cmake\n'}
[0.495045] (car_control) StdoutLine: {'line': b'-- Up-to-date: /home/erk/f1tenth-t3/ros2_ws/install/car_control/share/car_control/cmake/car_controlConfig-version.cmake\n'}
[0.495142] (car_control) StdoutLine: {'line': b'-- Up-to-date: /home/erk/f1tenth-t3/ros2_ws/install/car_control/share/car_control/package.xml\n'}
[0.495596] (car_control) CommandEnded: {'returncode': 0}
[0.500235] (-) TimerEvent: {}
[0.503847] (car_control) JobEnded: {'identifier': 'car_control', 'rc': 0}
[0.600330] (-) TimerEvent: {}
[0.700536] (-) TimerEvent: {}
[0.710397] (wallfollowing2) Command: {'cmd': ['/usr/bin/python3', '-W', 'ignore:setup.py install is deprecated', '-W', 'ignore:easy_install command is deprecated', 'setup.py', 'egg_info', '--egg-base', '../../build/wallfollowing2', 'build', '--build-base', '/home/erk/f1tenth-t3/ros2_ws/build/wallfollowing2/build', 'install', '--record', '/home/erk/f1tenth-t3/ros2_ws/build/wallfollowing2/install.log', '--single-version-externally-managed', 'install_data'], 'cwd': '/home/erk/f1tenth-t3/ros2_ws/src/wallfollowing2', 'env': {'USER': 'erk', 'XDG_SESSION_TYPE': 'wayland', 'ROS_PACKAGE_PATH': '/home/erk/f1tenth-t3/ros2_ws/install/drive_msgs/share', 'SHLVL': '1', 'LD_LIBRARY_PATH': '/home/erk/f1tenth-t3/ros2_ws/install/drive_msgs/lib:/opt/ros/humble/opt/rviz_ogre_vendor/lib:/opt/ros/humble/lib/x86_64-linux-gnu:/opt/ros/humble/lib', 'OLDPWD': '/home/erk/f1tenth-t3', 'HOME': '/home/erk', 'DESKTOP_SESSION': 'ubuntu', 'GTK_MODULES': 'gail:atk-bridge', 'GNOME_SHELL_SESSION_MODE': 'ubuntu', 'ROS_PYTHON_VERSION': '3', 'SYSTEMD_EXEC_PID': '1877', 'DBUS_SESSION_BUS_ADDRESS': 'unix:path=/run/user/1000/bus', 'COLORTERM': 'truecolor', 'WAYLAND_DISPLAY': 'wayland-0', 'ROS_DISTRO': 'humble', 'LOGNAME': 'erk', '_': '/usr/bin/colcon', 'XDG_SESSION_CLASS': 'user', 'ROS_VERSION': '2', 'PKG_CONFIG_PATH': '/home/erk/f1tenth-t3/ros2_ws/install/drive_msgs/lib/x86_64-linux-gnu/pkgconfig:/home/erk/f1tenth-t3/ros2_ws/install/drive_msgs/lib/pkgconfig', 'USERNAME': 'erk', 'TERM': 'xterm-256color', 'GNOME_DESKTOP_SESSION_ID': 'this-is-deprecated', 'ROS_LOCALHOST_ONLY': '0', 'PATH': '/opt/ros/humble/bin:/usr/local/sbin:/usr/local/bin:/usr/sbin:/usr/bin:/sbin:/bin:/usr/games:/usr/local/games:/snap/bin:/snap/bin', 'SESSION_MANAGER': 'local/erk-MS-7B48:@/tmp/.ICE-unix/1847,unix/erk-MS-7B48:/tmp/.ICE-unix/1847', 'GNOME_TERMINAL_SCREEN': '/org/gnome/Terminal/screen/b8782260_6194_4892_8356_afca7e0b39a9', 'XDG_MENU_PREFIX': 'gnome-', 'GNOME_SETUP_DISPLAY': ':1', 'XDG_RUNTIME_DIR': '/run/user/1000', 'DISPLAY': ':0', 'LANG': 'en_US.UTF-8', 'XDG_CURRENT_DESKTOP': 'ubuntu:GNOME', 'XDG_SESSION_DESKTOP': 'ubuntu', 'GNOME_TERMINAL_SERVICE': ':1.200', 'XMODIFIERS': '@im=ibus', 'XAUTHORITY': '/run/user/1000/.mutter-Xwaylandauth.2252J3', 'SSH_AUTH_SOCK': '/run/user/1000/keyring/ssh', 'SSH_AGENT_LAUNCHER': 'gnome-keyring', 'AMENT_PREFIX_PATH': '/opt/ros/humble', 'SHELL': '/usr/bin/zsh', 'QT_ACCESSIBILITY': '1', 'GDMSESSION': 'ubuntu', 'QT_IM_MODULE': 'ibus', 'PWD': '/home/erk/f1tenth-t3/ros2_ws/build/wallfollowing2', 'XDG_DATA_DIRS': '/usr/local/share/:/usr/share/:/var/lib/snapd/desktop', 'PYTHONPATH': '/home/erk/f1tenth-t3/ros2_ws/build/wallfollowing2/prefix_override:/usr/lib/python3/dist-packages/colcon_core/task/python/colcon_distutils_commands:/home/erk/f1tenth-t3/ros2_ws/install/wallfollowing2/lib/python3.10/site-packages:/home/erk/f1tenth-t3/ros2_ws/install/drive_msgs/local/lib/python3.10/dist-packages:/opt/ros/humble/lib/python3.10/site-packages:/opt/ros/humble/local/lib/python3.10/dist-packages', 'COLCON': '1', 'VTE_VERSION': '6800', 'CMAKE_PREFIX_PATH': '/home/erk/f1tenth-t3/ros2_ws/install/drive_msgs'}, 'shell': False}
[0.800628] (-) TimerEvent: {}
[0.876010] (wallfollowing2) StdoutLine: {'line': b'running egg_info\n'}
[0.876481] (wallfollowing2) StdoutLine: {'line': b'writing ../../build/wallfollowing2/wallfollowing2.egg-info/PKG-INFO\n'}
[0.876593] (wallfollowing2) StdoutLine: {'line': b'writing dependency_links to ../../build/wallfollowing2/wallfollowing2.egg-info/dependency_links.txt\n'}
[0.876694] (wallfollowing2) StdoutLine: {'line': b'writing entry points to ../../build/wallfollowing2/wallfollowing2.egg-info/entry_points.txt\n'}
[0.876783] (wallfollowing2) StdoutLine: {'line': b'writing requirements to ../../build/wallfollowing2/wallfollowing2.egg-info/requires.txt\n'}
[0.876832] (wallfollowing2) StdoutLine: {'line': b'writing top-level names to ../../build/wallfollowing2/wallfollowing2.egg-info/top_level.txt\n'}
[0.877838] (wallfollowing2) StdoutLine: {'line': b"reading manifest file '../../build/wallfollowing2/wallfollowing2.egg-info/SOURCES.txt'\n"}
[0.878374] (wallfollowing2) StdoutLine: {'line': b"writing manifest file '../../build/wallfollowing2/wallfollowing2.egg-info/SOURCES.txt'\n"}
[0.878479] (wallfollowing2) StdoutLine: {'line': b'running build\n'}
[0.878545] (wallfollowing2) StdoutLine: {'line': b'running build_py\n'}
[0.878720] (wallfollowing2) StdoutLine: {'line': b'running install\n'}
[0.878909] (wallfollowing2) StdoutLine: {'line': b'running install_lib\n'}
[0.879660] (wallfollowing2) StdoutLine: {'line': b'running install_data\n'}
[0.879754] (wallfollowing2) StdoutLine: {'line': b'running install_egg_info\n'}
[0.880843] (wallfollowing2) StdoutLine: {'line': b"removing '/home/erk/f1tenth-t3/ros2_ws/install/wallfollowing2/lib/python3.10/site-packages/wallfollowing2-0.1.0-py3.10.egg-info' (and everything under it)\n"}
[0.881026] (wallfollowing2) StdoutLine: {'line': b'Copying ../../build/wallfollowing2/wallfollowing2.egg-info to /home/erk/f1tenth-t3/ros2_ws/install/wallfollowing2/lib/python3.10/site-packages/wallfollowing2-0.1.0-py3.10.egg-info\n'}
[0.881606] (wallfollowing2) StdoutLine: {'line': b'running install_scripts\n'}
[0.895297] (wallfollowing2) StdoutLine: {'line': b'Installing wallfollowing_node script to /home/erk/f1tenth-t3/ros2_ws/install/wallfollowing2/lib/wallfollowing2\n'}
[0.895510] (wallfollowing2) StdoutLine: {'line': b"writing list of installed files to '/home/erk/f1tenth-t3/ros2_ws/build/wallfollowing2/install.log'\n"}
[0.900735] (-) TimerEvent: {}
[0.908707] (wallfollowing2) CommandEnded: {'returncode': 0}
[0.913170] (wallfollowing2) JobEnded: {'identifier': 'wallfollowing2', 'rc': 0}
[0.914072] (racer_bringup) JobStarted: {'identifier': 'racer_bringup'}
[1.000834] (-) TimerEvent: {}
[1.101000] (-) TimerEvent: {}
[1.201179] (-) TimerEvent: {}
[1.301367] (-) TimerEvent: {}
[1.320520] (racer_bringup) Command: {'cmd': ['/usr/bin/python3', '-W', 'ignore:setup.py install is deprecated', '-W', 'ignore:easy_install command is deprecated', 'setup.py', 'egg_info', '--egg-base', '../../build/racer_bringup', 'build', '--build-base', '/home/erk/f1tenth-t3/ros2_ws/build/racer_bringup/build', 'install', '--record', '/home/erk/f1tenth-t3/ros2_ws/build/racer_bringup/install.log', '--single-version-externally-managed', 'install_data'], 'cwd': '/home/erk/f1tenth-t3/ros2_ws/src/racer_bringup', 'env': {'USER': 'erk', 'XDG_SESSION_TYPE': 'wayland', 'ROS_PACKAGE_PATH': '/home/erk/f1tenth-t3/ros2_ws/install/car_control/share:/home/erk/f1tenth-t3/ros2_ws/install/drive_msgs/share', 'SHLVL': '1', 'LD_LIBRARY_PATH': '/home/erk/f1tenth-t3/ros2_ws/install/drive_msgs/lib:/opt/ros/humble/opt/rviz_ogre_vendor/lib:/opt/ros/humble/lib/x86_64-linux-gnu:/opt/ros/humble/lib', 'OLDPWD': '/home/erk/f1tenth-t3', 'HOME': '/home/erk', 'DESKTOP_SESSION': 'ubuntu', 'GTK_MODULES': 'gail:atk-bridge', 'GNOME_SHELL_SESSION_MODE': 'ubuntu', 'ROS_PYTHON_VERSION': '3', 'SYSTEMD_EXEC_PID': '1877', 'DBUS_SESSION_BUS_ADDRESS': 'unix:path=/run/user/1000/bus', 'COLORTERM': 'truecolor', 'WAYLAND_DISPLAY': 'wayland-0', 'ROS_DISTRO': 'humble', 'LOGNAME': 'erk', '_': '/usr/bin/colcon', 'XDG_SESSION_CLASS': 'user', 'ROS_VERSION': '2', 'PKG_CONFIG_PATH': '/home/erk/f1tenth-t3/ros2_ws/install/car_control/lib/x86_64-linux-gnu/pkgconfig:/home/erk/f1tenth-t3/ros2_ws/install/car_control/lib/pkgconfig:/home/erk/f1tenth-t3/ros2_ws/install/drive_msgs/lib/x86_64-linux-gnu/pkgconfig:/home/erk/f1tenth-t3/ros2_ws/install/drive_msgs/lib/pkgconfig', 'USERNAME': 'erk', 'TERM': 'xterm-256color', 'GNOME_DESKTOP_SESSION_ID': 'this-is-deprecated', 'ROS_LOCALHOST_ONLY': '0', 'PATH': '/opt/ros/humble/bin:/usr/local/sbin:/usr/local/bin:/usr/sbin:/usr/bin:/sbin:/bin:/usr/games:/usr/local/games:/snap/bin:/snap/bin', 'SESSION_MANAGER': 'local/erk-MS-7B48:@/tmp/.ICE-unix/1847,unix/erk-MS-7B48:/tmp/.ICE-unix/1847', 'GNOME_TERMINAL_SCREEN': '/org/gnome/Terminal/screen/b8782260_6194_4892_8356_afca7e0b39a9', 'XDG_MENU_PREFIX': 'gnome-', 'GNOME_SETUP_DISPLAY': ':1', 'XDG_RUNTIME_DIR': '/run/user/1000', 'DISPLAY': ':0', 'LANG': 'en_US.UTF-8', 'XDG_CURRENT_DESKTOP': 'ubuntu:GNOME', 'XDG_SESSION_DESKTOP': 'ubuntu', 'GNOME_TERMINAL_SERVICE': ':1.200', 'XMODIFIERS': '@im=ibus', 'XAUTHORITY': '/run/user/1000/.mutter-Xwaylandauth.2252J3', 'SSH_AUTH_SOCK': '/run/user/1000/keyring/ssh', 'SSH_AGENT_LAUNCHER': 'gnome-keyring', 'AMENT_PREFIX_PATH': '/home/erk/f1tenth-t3/ros2_ws/install/wallfollowing2:/opt/ros/humble', 'SHELL': '/usr/bin/zsh', 'QT_ACCESSIBILITY': '1', 'GDMSESSION': 'ubuntu', 'QT_IM_MODULE': 'ibus', 'PWD': '/home/erk/f1tenth-t3/ros2_ws/build/racer_bringup', 'XDG_DATA_DIRS': '/usr/local/share/:/usr/share/:/var/lib/snapd/desktop', 'PYTHONPATH': '/home/erk/f1tenth-t3/ros2_ws/build/racer_bringup/prefix_override:/usr/lib/python3/dist-packages/colcon_core/task/python/colcon_distutils_commands:/home/erk/f1tenth-t3/ros2_ws/install/racer_bringup/lib/python3.10/site-packages:/home/erk/f1tenth-t3/ros2_ws/install/wallfollowing2/lib/python3.10/site-packages:/home/erk/f1tenth-t3/ros2_ws/install/drive_msgs/local/lib/python3.10/dist-packages:/opt/ros/humble/lib/python3.10/site-packages:/opt/ros/humble/local/lib/python3.10/dist-packages', 'COLCON': '1', 'VTE_VERSION': '6800', 'CMAKE_PREFIX_PATH': '/home/erk/f1tenth-t3/ros2_ws/install/car_control:/home/erk/f1tenth-t3/ros2_ws/install/drive_msgs'}, 'shell': False}
[1.401460] (-) TimerEvent: {}
[1.486915] (racer_bringup) StdoutLine: {'line': b'running egg_info\n'}
[1.487327] (racer_bringup) StdoutLine: {'line': b'writing ../../build/racer_bringup/racer_bringup.egg-info/PKG-INFO\n'}
[1.487453] (racer_bringup) StdoutLine: {'line': b'writing dependency_links to ../../build/racer_bringup/racer_bringup.egg-info/dependency_links.txt\n'}
[1.487574] (racer_bringup) StdoutLine: {'line': b'writing requirements to ../../build/racer_bringup/racer_bringup.egg-info/requires.txt\n'}
[1.487641] (racer_bringup) StdoutLine: {'line': b'writing top-level names to ../../build/racer_bringup/racer_bringup.egg-info/top_level.txt\n'}
[1.488053] (racer_bringup) StdoutLine: {'line': b"reading manifest file '../../build/racer_bringup/racer_bringup.egg-info/SOURCES.txt'\n"}
[1.488594] (racer_bringup) StdoutLine: {'line': b"writing manifest file '../../build/racer_bringup/racer_bringup.egg-info/SOURCES.txt'\n"}
[1.488709] (racer_bringup) StdoutLine: {'line': b'running build\n'}
[1.488775] (racer_bringup) StdoutLine: {'line': b'running install\n'}
[1.488867] (racer_bringup) StdoutLine: {'line': b'running install_data\n'}
[1.488935] (racer_bringup) StdoutLine: {'line': b'running install_egg_info\n'}
[1.490745] (racer_bringup) StdoutLine: {'line': b"removing '/home/erk/f1tenth-t3/ros2_ws/install/racer_bringup/lib/python3.10/site-packages/racer_bringup-0.1.0-py3.10.egg-info' (and everything under it)\n"}
[1.490940] (racer_bringup) StdoutLine: {'line': b'Copying ../../build/racer_bringup/racer_bringup.egg-info to /home/erk/f1tenth-t3/ros2_ws/install/racer_bringup/lib/python3.10/site-packages/racer_bringup-0.1.0-py3.10.egg-info\n'}
[1.491442] (racer_bringup) StdoutLine: {'line': b'running install_scripts\n'}
[1.501545] (-) TimerEvent: {}
[1.504822] (racer_bringup) StdoutLine: {'line': b"writing list of installed files to '/home/erk/f1tenth-t3/ros2_ws/build/racer_bringup/install.log'\n"}
[1.518328] (racer_bringup) CommandEnded: {'returncode': 0}
[1.522283] (racer_bringup) JobEnded: {'identifier': 'racer_bringup', 'rc': 0}
[1.522666] (-) EventReactorShutdown: {}
