[0.073s] DEBUG:colcon:Command line arguments: ['/usr/bin/colcon', 'build', '--packages-select', 'drive_msgs', 'wallfollowing2', 'car_control', 'racer_bringup']
[0.073s] DEBUG:colcon:Parsed command line arguments: Namespace(log_base=None, log_level=None, verb_name='build', build_base='build', install_base='install', merge_install=False, symlink_install=False, test_result_base=None, continue_on_error=False, executor='parallel', parallel_workers=12, event_handlers=None, ignore_user_meta=False, metas=['./colcon.meta'], base_paths=['.'], packages_ignore=None, packages_ignore_regex=None, paths=None, packages_up_to=None, packages_up_to_regex=None, packages_above=None, packages_above_and_dependencies=None, packages_above_depth=None, packages_select_by_dep=None, packages_skip_by_dep=None, packages_skip_up_to=None, packages_select_build_failed=False, packages_skip_build_finished=False, packages_select_test_failures=False, packages_skip_test_passed=False, packages_select=['drive_msgs', 'wallfollowing2', 'car_control', 'racer_bringup'], packages_skip=None, packages_select_regex=None, packages_skip_regex=None, packages_start=None, packages_end=None, allow_overriding=[], cmake_args=None, cmake_target=None, cmake_target_skip_unavailable=False, cmake_clean_cache=False, cmake_clean_first=False, cmake_force_configure=False, ament_cmake_args=None, catkin_cmake_args=None, catkin_skip_building_tests=False, verb_parser=<colcon_defaults.argument_parser.defaults.DefaultArgumentsDecorator object at 0x72b16db37d00>, verb_extension=<colcon_core.verb.build.BuildVerb object at 0x72b16dc750f0>, main=<bound method BuildVerb.main of <colcon_core.verb.build.BuildVerb object at 0x72b16dc750f0>>)
[0.213s] Level 1:colcon.colcon_core.package_discovery:discover_packages(colcon_meta) check parameters
[0.213s] Level 1:colcon.colcon_core.package_discovery:discover_packages(recursive) check parameters
[0.213s] Level 1:colcon.colcon_core.package_discovery:discover_packages(ignore) check parameters
[0.213s] Level 1:colcon.colcon_core.package_discovery:discover_packages(path) check parameters
[0.213s] Level 1:colcon.colcon_core.package_discovery:discover_packages(colcon_meta) discover
[0.213s] Level 1:colcon.colcon_core.package_discovery:discover_packages(recursive) discover
[0.213s] INFO:colcon.colcon_core.package_discovery:Crawling recursively for packages in '/home/erk/f1tenth-t3/ros2_ws'
[0.213s] Level 1:colcon.colcon_core.package_identification:_identify(.) by extensions ['ignore', 'ignore_ament_install']
[0.213s] Level 1:colcon.colcon_core.package_identification:_identify(.) by extension 'ignore'
[0.213s] Level 1:colcon.colcon_core.package_identification:_identify(.) by extension 'ignore_ament_install'
[0.213s] Level 1:colcon.colcon_core.package_identification:_identify(.) by extensions ['colcon_pkg']
[0.213s] Level 1:colcon.colcon_core.package_identification:_identify(.) by extension 'colcon_pkg'
[0.213s] Level 1:colcon.colcon_core.package_identification:_identify(.) by extensions ['colcon_meta']
[0.213s] Level 1:colcon.colcon_core.package_identification:_identify(.) by extension 'colcon_meta'
[0.213s] Level 1:colcon.colcon_core.package_identification:_identify(.) by extensions ['ros']
[0.213s] Level 1:colcon.colcon_core.package_identification:_identify(.) by extension 'ros'
[0.221s] Level 1:colcon.colcon_core.package_identification:_identify(.) by extensions ['cmake', 'python']
[0.221s] Level 1:colcon.colcon_core.package_identification:_identify(.) by extension 'cmake'
[0.221s] Level 1:colcon.colcon_core.package_identification:_identify(.) by extension 'python'
[0.221s] Level 1:colcon.colcon_core.package_identification:_identify(.) by extensions ['python_setup_py']
[0.221s] Level 1:colcon.colcon_core.package_identification:_identify(.) by extension 'python_setup_py'
[0.222s] Level 1:colcon.colcon_core.package_identification:_identify(build) by extensions ['ignore', 'ignore_ament_install']
[0.222s] Level 1:colcon.colcon_core.package_identification:_identify(build) by extension 'ignore'
[0.222s] Level 1:colcon.colcon_core.package_identification:_identify(build) ignored
[0.222s] Level 1:colcon.colcon_core.package_identification:_identify(install) by extensions ['ignore', 'ignore_ament_install']
[0.222s] Level 1:colcon.colcon_core.package_identification:_identify(install) by extension 'ignore'
[0.222s] Level 1:colcon.colcon_core.package_identification:_identify(install) ignored
[0.222s] Level 1:colcon.colcon_core.package_identification:_identify(log) by extensions ['ignore', 'ignore_ament_install']
[0.222s] Level 1:colcon.colcon_core.package_identification:_identify(log) by extension 'ignore'
[0.222s] Level 1:colcon.colcon_core.package_identification:_identify(log) ignored
[0.222s] Level 1:colcon.colcon_core.package_identification:_identify(src) by extensions ['ignore', 'ignore_ament_install']
[0.222s] Level 1:colcon.colcon_core.package_identification:_identify(src) by extension 'ignore'
[0.222s] Level 1:colcon.colcon_core.package_identification:_identify(src) by extension 'ignore_ament_install'
[0.222s] Level 1:colcon.colcon_core.package_identification:_identify(src) by extensions ['colcon_pkg']
[0.222s] Level 1:colcon.colcon_core.package_identification:_identify(src) by extension 'colcon_pkg'
[0.222s] Level 1:colcon.colcon_core.package_identification:_identify(src) by extensions ['colcon_meta']
[0.222s] Level 1:colcon.colcon_core.package_identification:_identify(src) by extension 'colcon_meta'
[0.222s] Level 1:colcon.colcon_core.package_identification:_identify(src) by extensions ['ros']
[0.222s] Level 1:colcon.colcon_core.package_identification:_identify(src) by extension 'ros'
[0.222s] Level 1:colcon.colcon_core.package_identification:_identify(src) by extensions ['cmake', 'python']
[0.222s] Level 1:colcon.colcon_core.package_identification:_identify(src) by extension 'cmake'
[0.222s] Level 1:colcon.colcon_core.package_identification:_identify(src) by extension 'python'
[0.223s] Level 1:colcon.colcon_core.package_identification:_identify(src) by extensions ['python_setup_py']
[0.223s] Level 1:colcon.colcon_core.package_identification:_identify(src) by extension 'python_setup_py'
[0.223s] Level 1:colcon.colcon_core.package_identification:_identify(src/car_control) by extensions ['ignore', 'ignore_ament_install']
[0.223s] Level 1:colcon.colcon_core.package_identification:_identify(src/car_control) by extension 'ignore'
[0.223s] Level 1:colcon.colcon_core.package_identification:_identify(src/car_control) by extension 'ignore_ament_install'
[0.223s] Level 1:colcon.colcon_core.package_identification:_identify(src/car_control) by extensions ['colcon_pkg']
[0.223s] Level 1:colcon.colcon_core.package_identification:_identify(src/car_control) by extension 'colcon_pkg'
[0.223s] Level 1:colcon.colcon_core.package_identification:_identify(src/car_control) by extensions ['colcon_meta']
[0.223s] Level 1:colcon.colcon_core.package_identification:_identify(src/car_control) by extension 'colcon_meta'
[0.223s] Level 1:colcon.colcon_core.package_identification:_identify(src/car_control) by extensions ['ros']
[0.223s] Level 1:colcon.colcon_core.package_identification:_identify(src/car_control) by extension 'ros'
[0.225s] DEBUG:colcon.colcon_core.package_identification:Package 'src/car_control' with type 'ros.catkin' and name 'car_control'
[0.225s] Level 1:colcon.colcon_core.package_identification:_identify(src/drive_msgs) by extensions ['ignore', 'ignore_ament_install']
[0.225s] Level 1:colcon.colcon_core.package_identification:_identify(src/drive_msgs) by extension 'ignore'
[0.225s] Level 1:colcon.colcon_core.package_identification:_identify(src/drive_msgs) by extension 'ignore_ament_install'
[0.225s] Level 1:colcon.colcon_core.package_identification:_identify(src/drive_msgs) by extensions ['colcon_pkg']
[0.225s] Level 1:colcon.colcon_core.package_identification:_identify(src/drive_msgs) by extension 'colcon_pkg'
[0.225s] Level 1:colcon.colcon_core.package_identification:_identify(src/drive_msgs) by extensions ['colcon_meta']
[0.225s] Level 1:colcon.colcon_core.package_identification:_identify(src/drive_msgs) by extension 'colcon_meta'
[0.225s] Level 1:colcon.colcon_core.package_identification:_identify(src/drive_msgs) by extensions ['ros']
[0.225s] Level 1:colcon.colcon_core.package_identification:_identify(src/drive_msgs) by extension 'ros'
[0.225s] DEBUG:colcon.colcon_core.package_identification:Package 'src/drive_msgs' with type 'ros.catkin' and name 'drive_msgs'
[0.225s] Level 1:colcon.colcon_core.package_identification:_identify(src/racer_bringup) by extensions ['ignore', 'ignore_ament_install']
[0.226s] Level 1:colcon.colcon_core.package_identification:_identify(src/racer_bringup) by extension 'ignore'
[0.226s] Level 1:colcon.colcon_core.package_identification:_identify(src/racer_bringup) by extension 'ignore_ament_install'
[0.226s] Level 1:colcon.colcon_core.package_identification:_identify(src/racer_bringup) by extensions ['colcon_pkg']
[0.226s] Level 1:colcon.colcon_core.package_identification:_identify(src/racer_bringup) by extension 'colcon_pkg'
[0.226s] Level 1:colcon.colcon_core.package_identification:_identify(src/racer_bringup) by extensions ['colcon_meta']
[0.226s] Level 1:colcon.colcon_core.package_identification:_identify(src/racer_bringup) by extension 'colcon_meta'
[0.226s] Level 1:colcon.colcon_core.package_identification:_identify(src/racer_bringup) by extensions ['ros']
[0.226s] Level 1:colcon.colcon_core.package_identification:_identify(src/racer_bringup) by extension 'ros'
[0.226s] DEBUG:colcon.colcon_core.package_identification:Package 'src/racer_bringup' with type 'ros.ament_python' and name 'racer_bringup'
[0.226s] Level 1:colcon.colcon_core.package_identification:_identify(src/wallfollowing2) by extensions ['ignore', 'ignore_ament_install']
[0.226s] Level 1:colcon.colcon_core.package_identification:_identify(src/wallfollowing2) by extension 'ignore'
[0.226s] Level 1:colcon.colcon_core.package_identification:_identify(src/wallfollowing2) by extension 'ignore_ament_install'
[0.226s] Level 1:colcon.colcon_core.package_identification:_identify(src/wallfollowing2) by extensions ['colcon_pkg']
[0.226s] Level 1:colcon.colcon_core.package_identification:_identify(src/wallfollowing2) by extension 'colcon_pkg'
[0.226s] Level 1:colcon.colcon_core.package_identification:_identify(src/wallfollowing2) by extensions ['colcon_meta']
[0.227s] Level 1:colcon.colcon_core.package_identification:_identify(src/wallfollowing2) by extension 'colcon_meta'
[0.227s] Level 1:colcon.colcon_core.package_identification:_identify(src/wallfollowing2) by extensions ['ros']
[0.227s] Level 1:colcon.colcon_core.package_identification:_identify(src/wallfollowing2) by extension 'ros'
[0.227s] DEBUG:colcon.colcon_core.package_identification:Package 'src/wallfollowing2' with type 'ros.ament_python' and name 'wallfollowing2'
[0.227s] Level 1:colcon.colcon_core.package_discovery:discover_packages(recursive) using defaults
[0.227s] Level 1:colcon.colcon_core.package_discovery:discover_packages(ignore) discover
[0.227s] Level 1:colcon.colcon_core.package_discovery:discover_packages(ignore) using defaults
[0.227s] Level 1:colcon.colcon_core.package_discovery:discover_packages(path) discover
[0.227s] Level 1:colcon.colcon_core.package_discovery:discover_packages(path) using defaults
[0.247s] Level 1:colcon.colcon_core.package_discovery:discover_packages(prefix_path) check parameters
[0.247s] Level 1:colcon.colcon_core.package_discovery:discover_packages(prefix_path) discover
[0.249s] DEBUG:colcon.colcon_installed_package_information.package_discovery:Found 290 installed packages in /opt/ros/humble
[0.250s] Level 1:colcon.colcon_core.package_discovery:discover_packages(prefix_path) using defaults
[0.277s] Level 5:colcon.colcon_core.verb:set package 'drive_msgs' build argument 'cmake_args' from command line to 'None'
[0.277s] Level 5:colcon.colcon_core.verb:set package 'drive_msgs' build argument 'cmake_target' from command line to 'None'
[0.277s] Level 5:colcon.colcon_core.verb:set package 'drive_msgs' build argument 'cmake_target_skip_unavailable' from command line to 'False'
[0.277s] Level 5:colcon.colcon_core.verb:set package 'drive_msgs' build argument 'cmake_clean_cache' from command line to 'False'
[0.277s] Level 5:colcon.colcon_core.verb:set package 'drive_msgs' build argument 'cmake_clean_first' from command line to 'False'
[0.277s] Level 5:colcon.colcon_core.verb:set package 'drive_msgs' build argument 'cmake_force_configure' from command line to 'False'
[0.277s] Level 5:colcon.colcon_core.verb:set package 'drive_msgs' build argument 'ament_cmake_args' from command line to 'None'
[0.277s] Level 5:colcon.colcon_core.verb:set package 'drive_msgs' build argument 'catkin_cmake_args' from command line to 'None'
[0.277s] Level 5:colcon.colcon_core.verb:set package 'drive_msgs' build argument 'catkin_skip_building_tests' from command line to 'False'
[0.277s] DEBUG:colcon.colcon_core.verb:Building package 'drive_msgs' with the following arguments: {'ament_cmake_args': None, 'build_base': '/home/erk/f1tenth-t3/ros2_ws/build/drive_msgs', 'catkin_cmake_args': None, 'catkin_skip_building_tests': False, 'cmake_args': None, 'cmake_clean_cache': False, 'cmake_clean_first': False, 'cmake_force_configure': False, 'cmake_target': None, 'cmake_target_skip_unavailable': False, 'install_base': '/home/erk/f1tenth-t3/ros2_ws/install/drive_msgs', 'merge_install': False, 'path': '/home/erk/f1tenth-t3/ros2_ws/src/drive_msgs', 'symlink_install': False, 'test_result_base': None}
[0.278s] Level 5:colcon.colcon_core.verb:set package 'car_control' build argument 'cmake_args' from command line to 'None'
[0.278s] Level 5:colcon.colcon_core.verb:set package 'car_control' build argument 'cmake_target' from command line to 'None'
[0.278s] Level 5:colcon.colcon_core.verb:set package 'car_control' build argument 'cmake_target_skip_unavailable' from command line to 'False'
[0.278s] Level 5:colcon.colcon_core.verb:set package 'car_control' build argument 'cmake_clean_cache' from command line to 'False'
[0.278s] Level 5:colcon.colcon_core.verb:set package 'car_control' build argument 'cmake_clean_first' from command line to 'False'
[0.278s] Level 5:colcon.colcon_core.verb:set package 'car_control' build argument 'cmake_force_configure' from command line to 'False'
[0.278s] Level 5:colcon.colcon_core.verb:set package 'car_control' build argument 'ament_cmake_args' from command line to 'None'
[0.278s] Level 5:colcon.colcon_core.verb:set package 'car_control' build argument 'catkin_cmake_args' from command line to 'None'
[0.278s] Level 5:colcon.colcon_core.verb:set package 'car_control' build argument 'catkin_skip_building_tests' from command line to 'False'
[0.278s] DEBUG:colcon.colcon_core.verb:Building package 'car_control' with the following arguments: {'ament_cmake_args': None, 'build_base': '/home/erk/f1tenth-t3/ros2_ws/build/car_control', 'catkin_cmake_args': None, 'catkin_skip_building_tests': False, 'cmake_args': None, 'cmake_clean_cache': False, 'cmake_clean_first': False, 'cmake_force_configure': False, 'cmake_target': None, 'cmake_target_skip_unavailable': False, 'install_base': '/home/erk/f1tenth-t3/ros2_ws/install/car_control', 'merge_install': False, 'path': '/home/erk/f1tenth-t3/ros2_ws/src/car_control', 'symlink_install': False, 'test_result_base': None}
[0.278s] Level 5:colcon.colcon_core.verb:set package 'wallfollowing2' build argument 'cmake_args' from command line to 'None'
[0.278s] Level 5:colcon.colcon_core.verb:set package 'wallfollowing2' build argument 'cmake_target' from command line to 'None'
[0.278s] Level 5:colcon.colcon_core.verb:set package 'wallfollowing2' build argument 'cmake_target_skip_unavailable' from command line to 'False'
[0.278s] Level 5:colcon.colcon_core.verb:set package 'wallfollowing2' build argument 'cmake_clean_cache' from command line to 'False'
[0.278s] Level 5:colcon.colcon_core.verb:set package 'wallfollowing2' build argument 'cmake_clean_first' from command line to 'False'
[0.278s] Level 5:colcon.colcon_core.verb:set package 'wallfollowing2' build argument 'cmake_force_configure' from command line to 'False'
[0.278s] Level 5:colcon.colcon_core.verb:set package 'wallfollowing2' build argument 'ament_cmake_args' from command line to 'None'
[0.278s] Level 5:colcon.colcon_core.verb:set package 'wallfollowing2' build argument 'catkin_cmake_args' from command line to 'None'
[0.278s] Level 5:colcon.colcon_core.verb:set package 'wallfollowing2' build argument 'catkin_skip_building_tests' from command line to 'False'
[0.278s] DEBUG:colcon.colcon_core.verb:Building package 'wallfollowing2' with the following arguments: {'ament_cmake_args': None, 'build_base': '/home/erk/f1tenth-t3/ros2_ws/build/wallfollowing2', 'catkin_cmake_args': None, 'catkin_skip_building_tests': False, 'cmake_args': None, 'cmake_clean_cache': False, 'cmake_clean_first': False, 'cmake_force_configure': False, 'cmake_target': None, 'cmake_target_skip_unavailable': False, 'install_base': '/home/erk/f1tenth-t3/ros2_ws/install/wallfollowing2', 'merge_install': False, 'path': '/home/erk/f1tenth-t3/ros2_ws/src/wallfollowing2', 'symlink_install': False, 'test_result_base': None}
[0.278s] Level 5:colcon.colcon_core.verb:set package 'racer_bringup' build argument 'cmake_args' from command line to 'None'
[0.278s] Level 5:colcon.colcon_core.verb:set package 'racer_bringup' build argument 'cmake_target' from command line to 'None'
[0.278s] Level 5:colcon.colcon_core.verb:set package 'racer_bringup' build argument 'cmake_target_skip_unavailable' from command line to 'False'
[0.279s] Level 5:colcon.colcon_core.verb:set package 'racer_bringup' build argument 'cmake_clean_cache' from command line to 'False'
[0.279s] Level 5:colcon.colcon_core.verb:set package 'racer_bringup' build argument 'cmake_clean_first' from command line to 'False'
[0.279s] Level 5:colcon.colcon_core.verb:set package 'racer_bringup' build argument 'cmake_force_configure' from command line to 'False'
[0.279s] Level 5:colcon.colcon_core.verb:set package 'racer_bringup' build argument 'ament_cmake_args' from command line to 'None'
[0.279s] Level 5:colcon.colcon_core.verb:set package 'racer_bringup' build argument 'catkin_cmake_args' from command line to 'None'
[0.279s] Level 5:colcon.colcon_core.verb:set package 'racer_bringup' build argument 'catkin_skip_building_tests' from command line to 'False'
[0.279s] DEBUG:colcon.colcon_core.verb:Building package 'racer_bringup' with the following arguments: {'ament_cmake_args': None, 'build_base': '/home/erk/f1tenth-t3/ros2_ws/build/racer_bringup', 'catkin_cmake_args': None, 'catkin_skip_building_tests': False, 'cmake_args': None, 'cmake_clean_cache': False, 'cmake_clean_first': False, 'cmake_force_configure': False, 'cmake_target': None, 'cmake_target_skip_unavailable': False, 'install_base': '/home/erk/f1tenth-t3/ros2_ws/install/racer_bringup', 'merge_install': False, 'path': '/home/erk/f1tenth-t3/ros2_ws/src/racer_bringup', 'symlink_install': False, 'test_result_base': None}
[0.279s] INFO:colcon.colcon_core.executor:Executing jobs using 'parallel' executor
[0.279s] DEBUG:colcon.colcon_parallel_executor.executor.parallel:run_until_complete
[0.280s] INFO:colcon.colcon_ros.task.catkin.build:Building ROS package in '/home/erk/f1tenth-t3/ros2_ws/src/drive_msgs' with build type 'catkin'
[0.280s] INFO:colcon.colcon_cmake.task.cmake.build:Building CMake package in '/home/erk/f1tenth-t3/ros2_ws/src/drive_msgs'
[0.281s] INFO:colcon.colcon_core.plugin_system:Skipping extension 'colcon_core.shell.bat': Not used on non-Windows systems
[0.281s] INFO:colcon.colcon_core.shell:Skip shell extension 'powershell' for command environment: Not usable outside of PowerShell
[0.282s] DEBUG:colcon.colcon_core.shell:Skip shell extension 'dsv' for command environment
[0.287s] DEBUG:colcon.colcon_core.event_handler.log_command:Invoking command in '/home/erk/f1tenth-t3/ros2_ws/build/drive_msgs': /usr/bin/cmake --build /home/erk/f1tenth-t3/ros2_ws/build/drive_msgs -- -j12 -l12
[0.523s] DEBUG:colcon.colcon_core.event_handler.log_command:Invoked command in '/home/erk/f1tenth-t3/ros2_ws/build/drive_msgs' returned '0': /usr/bin/cmake --build /home/erk/f1tenth-t3/ros2_ws/build/drive_msgs -- -j12 -l12
[0.531s] DEBUG:colcon.colcon_core.event_handler.log_command:Invoking command in '/home/erk/f1tenth-t3/ros2_ws/build/drive_msgs': /usr/bin/cmake --install /home/erk/f1tenth-t3/ros2_ws/build/drive_msgs
[0.567s] DEBUG:colcon.colcon_core.event_handler.log_command:Invoked command in '/home/erk/f1tenth-t3/ros2_ws/build/drive_msgs' returned '0': /usr/bin/cmake --install /home/erk/f1tenth-t3/ros2_ws/build/drive_msgs
[0.567s] Level 1:colcon.colcon_core.shell:create_environment_hook('drive_msgs', 'ros_package_path')
[0.567s] INFO:colcon.colcon_core.shell:Creating environment hook '/home/erk/f1tenth-t3/ros2_ws/install/drive_msgs/share/drive_msgs/hook/ros_package_path.ps1'
[0.568s] INFO:colcon.colcon_core.shell:Creating environment descriptor '/home/erk/f1tenth-t3/ros2_ws/install/drive_msgs/share/drive_msgs/hook/ros_package_path.dsv'
[0.568s] INFO:colcon.colcon_core.shell:Creating environment hook '/home/erk/f1tenth-t3/ros2_ws/install/drive_msgs/share/drive_msgs/hook/ros_package_path.sh'
[0.568s] Level 1:colcon.colcon_ros.task.catkin:checking '/home/erk/f1tenth-t3/ros2_ws/install/drive_msgs/local/lib/python3.10/dist-packages'
[0.568s] Level 1:colcon.colcon_core.shell:create_environment_hook('drive_msgs', 'catkin_pythonpath')
[0.569s] INFO:colcon.colcon_core.shell:Creating environment hook '/home/erk/f1tenth-t3/ros2_ws/install/drive_msgs/share/drive_msgs/hook/catkin_pythonpath.ps1'
[0.569s] INFO:colcon.colcon_core.shell:Creating environment descriptor '/home/erk/f1tenth-t3/ros2_ws/install/drive_msgs/share/drive_msgs/hook/catkin_pythonpath.dsv'
[0.569s] INFO:colcon.colcon_core.shell:Creating environment hook '/home/erk/f1tenth-t3/ros2_ws/install/drive_msgs/share/drive_msgs/hook/catkin_pythonpath.sh'
[0.569s] Level 1:colcon.colcon_core.shell:create_environment_hook('drive_msgs', 'pkg_config_path')
[0.569s] INFO:colcon.colcon_core.shell:Creating environment hook '/home/erk/f1tenth-t3/ros2_ws/install/drive_msgs/share/drive_msgs/hook/pkg_config_path.ps1'
[0.570s] INFO:colcon.colcon_core.shell:Creating environment descriptor '/home/erk/f1tenth-t3/ros2_ws/install/drive_msgs/share/drive_msgs/hook/pkg_config_path.dsv'
[0.570s] INFO:colcon.colcon_core.shell:Creating environment hook '/home/erk/f1tenth-t3/ros2_ws/install/drive_msgs/share/drive_msgs/hook/pkg_config_path.sh'
[0.571s] Level 1:colcon.colcon_core.shell:create_environment_hook('drive_msgs', 'pkg_config_path_multiarch')
[0.571s] INFO:colcon.colcon_core.shell:Creating environment hook '/home/erk/f1tenth-t3/ros2_ws/install/drive_msgs/share/drive_msgs/hook/pkg_config_path_multiarch.ps1'
[0.572s] INFO:colcon.colcon_core.shell:Creating environment descriptor '/home/erk/f1tenth-t3/ros2_ws/install/drive_msgs/share/drive_msgs/hook/pkg_config_path_multiarch.dsv'
[0.572s] INFO:colcon.colcon_core.shell:Creating environment hook '/home/erk/f1tenth-t3/ros2_ws/install/drive_msgs/share/drive_msgs/hook/pkg_config_path_multiarch.sh'
[0.572s] Level 1:colcon.colcon_core.environment:create_environment_scripts_only(drive_msgs)
[0.574s] Level 1:colcon.colcon_core.environment:checking '/home/erk/f1tenth-t3/ros2_ws/install/drive_msgs' for CMake module files
[0.574s] Level 1:colcon.colcon_core.environment:checking '/home/erk/f1tenth-t3/ros2_ws/install/drive_msgs' for CMake config files
[0.575s] Level 1:colcon.colcon_core.shell:create_environment_hook('drive_msgs', 'cmake_prefix_path')
[0.575s] INFO:colcon.colcon_core.shell:Creating environment hook '/home/erk/f1tenth-t3/ros2_ws/install/drive_msgs/share/drive_msgs/hook/cmake_prefix_path.ps1'
[0.575s] INFO:colcon.colcon_core.shell:Creating environment descriptor '/home/erk/f1tenth-t3/ros2_ws/install/drive_msgs/share/drive_msgs/hook/cmake_prefix_path.dsv'
[0.575s] INFO:colcon.colcon_core.shell:Creating environment hook '/home/erk/f1tenth-t3/ros2_ws/install/drive_msgs/share/drive_msgs/hook/cmake_prefix_path.sh'
[0.576s] Level 1:colcon.colcon_core.environment:checking '/home/erk/f1tenth-t3/ros2_ws/install/drive_msgs/lib'
[0.576s] Level 1:colcon.colcon_core.shell:create_environment_hook('drive_msgs', 'ld_library_path_lib')
[0.576s] INFO:colcon.colcon_core.shell:Creating environment hook '/home/erk/f1tenth-t3/ros2_ws/install/drive_msgs/share/drive_msgs/hook/ld_library_path_lib.ps1'
[0.576s] INFO:colcon.colcon_core.shell:Creating environment descriptor '/home/erk/f1tenth-t3/ros2_ws/install/drive_msgs/share/drive_msgs/hook/ld_library_path_lib.dsv'
[0.576s] INFO:colcon.colcon_core.shell:Creating environment hook '/home/erk/f1tenth-t3/ros2_ws/install/drive_msgs/share/drive_msgs/hook/ld_library_path_lib.sh'
[0.577s] Level 1:colcon.colcon_core.environment:checking '/home/erk/f1tenth-t3/ros2_ws/install/drive_msgs/bin'
[0.577s] Level 1:colcon.colcon_core.environment:checking '/home/erk/f1tenth-t3/ros2_ws/install/drive_msgs/lib/pkgconfig/drive_msgs.pc'
[0.577s] Level 1:colcon.colcon_core.environment:checking '/home/erk/f1tenth-t3/ros2_ws/install/drive_msgs/lib/python3.10/site-packages'
[0.577s] Level 1:colcon.colcon_core.environment:checking '/home/erk/f1tenth-t3/ros2_ws/install/drive_msgs/bin'
[0.577s] INFO:colcon.colcon_core.shell:Creating package script '/home/erk/f1tenth-t3/ros2_ws/install/drive_msgs/share/drive_msgs/package.ps1'
[0.578s] INFO:colcon.colcon_core.shell:Creating package descriptor '/home/erk/f1tenth-t3/ros2_ws/install/drive_msgs/share/drive_msgs/package.dsv'
[0.578s] INFO:colcon.colcon_core.shell:Creating package script '/home/erk/f1tenth-t3/ros2_ws/install/drive_msgs/share/drive_msgs/package.sh'
[0.579s] INFO:colcon.colcon_core.shell:Creating package script '/home/erk/f1tenth-t3/ros2_ws/install/drive_msgs/share/drive_msgs/package.bash'
[0.580s] INFO:colcon.colcon_core.shell:Creating package script '/home/erk/f1tenth-t3/ros2_ws/install/drive_msgs/share/drive_msgs/package.zsh'
[0.580s] Level 1:colcon.colcon_core.environment:create_file_with_runtime_dependencies(/home/erk/f1tenth-t3/ros2_ws/install/drive_msgs/share/colcon-core/packages/drive_msgs)
[0.580s] INFO:colcon.colcon_ros.task.catkin.build:Building ROS package in '/home/erk/f1tenth-t3/ros2_ws/src/car_control' with build type 'catkin'
[0.580s] INFO:colcon.colcon_cmake.task.cmake.build:Building CMake package in '/home/erk/f1tenth-t3/ros2_ws/src/car_control'
[0.581s] INFO:colcon.colcon_core.shell:Skip shell extension 'powershell' for command environment: Not usable outside of PowerShell
[0.581s] DEBUG:colcon.colcon_core.shell:Skip shell extension 'dsv' for command environment
[0.582s] INFO:colcon.colcon_ros.task.ament_python.build:Building ROS package in '/home/erk/f1tenth-t3/ros2_ws/src/wallfollowing2' with build type 'ament_python'
[0.582s] Level 1:colcon.colcon_core.shell:create_environment_hook('wallfollowing2', 'ament_prefix_path')
[0.583s] INFO:colcon.colcon_core.shell:Creating environment hook '/home/erk/f1tenth-t3/ros2_ws/install/wallfollowing2/share/wallfollowing2/hook/ament_prefix_path.ps1'
[0.583s] INFO:colcon.colcon_core.shell:Creating environment descriptor '/home/erk/f1tenth-t3/ros2_ws/install/wallfollowing2/share/wallfollowing2/hook/ament_prefix_path.dsv'
[0.583s] INFO:colcon.colcon_core.shell:Creating environment hook '/home/erk/f1tenth-t3/ros2_ws/install/wallfollowing2/share/wallfollowing2/hook/ament_prefix_path.sh'
[0.584s] INFO:colcon.colcon_core.shell:Skip shell extension 'powershell' for command environment: Not usable outside of PowerShell
[0.584s] DEBUG:colcon.colcon_core.shell:Skip shell extension 'dsv' for command environment
[0.588s] DEBUG:colcon.colcon_core.event_handler.log_command:Invoking command in '/home/erk/f1tenth-t3/ros2_ws/build/car_control': CMAKE_PREFIX_PATH=/home/erk/f1tenth-t3/ros2_ws/install/drive_msgs LD_LIBRARY_PATH=/home/erk/f1tenth-t3/ros2_ws/install/drive_msgs/lib:${LD_LIBRARY_PATH} PKG_CONFIG_PATH=/home/erk/f1tenth-t3/ros2_ws/install/drive_msgs/lib/x86_64-linux-gnu/pkgconfig:/home/erk/f1tenth-t3/ros2_ws/install/drive_msgs/lib/pkgconfig PYTHONPATH=/home/erk/f1tenth-t3/ros2_ws/install/drive_msgs/local/lib/python3.10/dist-packages:${PYTHONPATH} ROS_PACKAGE_PATH=/home/erk/f1tenth-t3/ros2_ws/install/drive_msgs/share /usr/bin/cmake --build /home/erk/f1tenth-t3/ros2_ws/build/car_control -- -j12 -l12
[0.763s] INFO:colcon.colcon_core.task.python.build:Building Python package in '/home/erk/f1tenth-t3/ros2_ws/src/wallfollowing2'
[0.763s] INFO:colcon.colcon_core.shell:Skip shell extension 'powershell' for command environment: Not usable outside of PowerShell
[0.763s] DEBUG:colcon.colcon_core.shell:Skip shell extension 'dsv' for command environment
[0.766s] DEBUG:colcon.colcon_core.event_handler.log_command:Invoked command in '/home/erk/f1tenth-t3/ros2_ws/build/car_control' returned '0': CMAKE_PREFIX_PATH=/home/erk/f1tenth-t3/ros2_ws/install/drive_msgs LD_LIBRARY_PATH=/home/erk/f1tenth-t3/ros2_ws/install/drive_msgs/lib:${LD_LIBRARY_PATH} PKG_CONFIG_PATH=/home/erk/f1tenth-t3/ros2_ws/install/drive_msgs/lib/x86_64-linux-gnu/pkgconfig:/home/erk/f1tenth-t3/ros2_ws/install/drive_msgs/lib/pkgconfig PYTHONPATH=/home/erk/f1tenth-t3/ros2_ws/install/drive_msgs/local/lib/python3.10/dist-packages:${PYTHONPATH} ROS_PACKAGE_PATH=/home/erk/f1tenth-t3/ros2_ws/install/drive_msgs/share /usr/bin/cmake --build /home/erk/f1tenth-t3/ros2_ws/build/car_control -- -j12 -l12
[0.767s] DEBUG:colcon.colcon_core.event_handler.log_command:Invoking command in '/home/erk/f1tenth-t3/ros2_ws/build/car_control': CMAKE_PREFIX_PATH=/home/erk/f1tenth-t3/ros2_ws/install/drive_msgs LD_LIBRARY_PATH=/home/erk/f1tenth-t3/ros2_ws/install/drive_msgs/lib:${LD_LIBRARY_PATH} PKG_CONFIG_PATH=/home/erk/f1tenth-t3/ros2_ws/install/drive_msgs/lib/x86_64-linux-gnu/pkgconfig:/home/erk/f1tenth-t3/ros2_ws/install/drive_msgs/lib/pkgconfig PYTHONPATH=/home/erk/f1tenth-t3/ros2_ws/install/drive_msgs/local/lib/python3.10/dist-packages:${PYTHONPATH} ROS_PACKAGE_PATH=/home/erk/f1tenth-t3/ros2_ws/install/drive_msgs/share /usr/bin/cmake --install /home/erk/f1tenth-t3/ros2_ws/build/car_control
[0.775s] DEBUG:colcon.colcon_core.event_handler.log_command:Invoked command in '/home/erk/f1tenth-t3/ros2_ws/build/car_control' returned '0': CMAKE_PREFIX_PATH=/home/erk/f1tenth-t3/ros2_ws/install/drive_msgs LD_LIBRARY_PATH=/home/erk/f1tenth-t3/ros2_ws/install/drive_msgs/lib:${LD_LIBRARY_PATH} PKG_CONFIG_PATH=/home/erk/f1tenth-t3/ros2_ws/install/drive_msgs/lib/x86_64-linux-gnu/pkgconfig:/home/erk/f1tenth-t3/ros2_ws/install/drive_msgs/lib/pkgconfig PYTHONPATH=/home/erk/f1tenth-t3/ros2_ws/install/drive_msgs/local/lib/python3.10/dist-packages:${PYTHONPATH} ROS_PACKAGE_PATH=/home/erk/f1tenth-t3/ros2_ws/install/drive_msgs/share /usr/bin/cmake --install /home/erk/f1tenth-t3/ros2_ws/build/car_control
[0.775s] Level 1:colcon.colcon_core.shell:create_environment_hook('car_control', 'ros_package_path')
[0.775s] INFO:colcon.colcon_core.shell:Creating environment hook '/home/erk/f1tenth-t3/ros2_ws/install/car_control/share/car_control/hook/ros_package_path.ps1'
[0.775s] INFO:colcon.colcon_core.shell:Creating environment descriptor '/home/erk/f1tenth-t3/ros2_ws/install/car_control/share/car_control/hook/ros_package_path.dsv'
[0.776s] INFO:colcon.colcon_core.shell:Creating environment hook '/home/erk/f1tenth-t3/ros2_ws/install/car_control/share/car_control/hook/ros_package_path.sh'
[0.776s] Level 1:colcon.colcon_core.shell:create_environment_hook('car_control', 'pkg_config_path')
[0.776s] INFO:colcon.colcon_core.shell:Creating environment hook '/home/erk/f1tenth-t3/ros2_ws/install/car_control/share/car_control/hook/pkg_config_path.ps1'
[0.776s] INFO:colcon.colcon_core.shell:Creating environment descriptor '/home/erk/f1tenth-t3/ros2_ws/install/car_control/share/car_control/hook/pkg_config_path.dsv'
[0.777s] INFO:colcon.colcon_core.shell:Creating environment hook '/home/erk/f1tenth-t3/ros2_ws/install/car_control/share/car_control/hook/pkg_config_path.sh'
[0.777s] Level 1:colcon.colcon_core.shell:create_environment_hook('car_control', 'pkg_config_path_multiarch')
[0.777s] INFO:colcon.colcon_core.shell:Creating environment hook '/home/erk/f1tenth-t3/ros2_ws/install/car_control/share/car_control/hook/pkg_config_path_multiarch.ps1'
[0.777s] INFO:colcon.colcon_core.shell:Creating environment descriptor '/home/erk/f1tenth-t3/ros2_ws/install/car_control/share/car_control/hook/pkg_config_path_multiarch.dsv'
[0.778s] INFO:colcon.colcon_core.shell:Creating environment hook '/home/erk/f1tenth-t3/ros2_ws/install/car_control/share/car_control/hook/pkg_config_path_multiarch.sh'
[0.778s] Level 1:colcon.colcon_core.environment:create_environment_scripts_only(car_control)
[0.778s] Level 1:colcon.colcon_core.environment:checking '/home/erk/f1tenth-t3/ros2_ws/install/car_control' for CMake module files
[0.778s] Level 1:colcon.colcon_core.environment:checking '/home/erk/f1tenth-t3/ros2_ws/install/car_control' for CMake config files
[0.779s] Level 1:colcon.colcon_core.shell:create_environment_hook('car_control', 'cmake_prefix_path')
[0.779s] INFO:colcon.colcon_core.shell:Creating environment hook '/home/erk/f1tenth-t3/ros2_ws/install/car_control/share/car_control/hook/cmake_prefix_path.ps1'
[0.779s] INFO:colcon.colcon_core.shell:Creating environment descriptor '/home/erk/f1tenth-t3/ros2_ws/install/car_control/share/car_control/hook/cmake_prefix_path.dsv'
[0.779s] INFO:colcon.colcon_core.shell:Creating environment hook '/home/erk/f1tenth-t3/ros2_ws/install/car_control/share/car_control/hook/cmake_prefix_path.sh'
[0.780s] Level 1:colcon.colcon_core.environment:checking '/home/erk/f1tenth-t3/ros2_ws/install/car_control/lib'
[0.780s] Level 1:colcon.colcon_core.environment:checking '/home/erk/f1tenth-t3/ros2_ws/install/car_control/bin'
[0.780s] Level 1:colcon.colcon_core.environment:checking '/home/erk/f1tenth-t3/ros2_ws/install/car_control/lib/pkgconfig/car_control.pc'
[0.780s] Level 1:colcon.colcon_core.environment:checking '/home/erk/f1tenth-t3/ros2_ws/install/car_control/lib/python3.10/site-packages'
[0.780s] Level 1:colcon.colcon_core.environment:checking '/home/erk/f1tenth-t3/ros2_ws/install/car_control/bin'
[0.780s] INFO:colcon.colcon_core.shell:Creating package script '/home/erk/f1tenth-t3/ros2_ws/install/car_control/share/car_control/package.ps1'
[0.781s] INFO:colcon.colcon_core.shell:Creating package descriptor '/home/erk/f1tenth-t3/ros2_ws/install/car_control/share/car_control/package.dsv'
[0.781s] INFO:colcon.colcon_core.shell:Creating package script '/home/erk/f1tenth-t3/ros2_ws/install/car_control/share/car_control/package.sh'
[0.781s] INFO:colcon.colcon_core.shell:Creating package script '/home/erk/f1tenth-t3/ros2_ws/install/car_control/share/car_control/package.bash'
[0.782s] INFO:colcon.colcon_core.shell:Creating package script '/home/erk/f1tenth-t3/ros2_ws/install/car_control/share/car_control/package.zsh'
[0.782s] Level 1:colcon.colcon_core.environment:create_file_with_runtime_dependencies(/home/erk/f1tenth-t3/ros2_ws/install/car_control/share/colcon-core/packages/car_control)
[0.996s] DEBUG:colcon.colcon_core.event_handler.log_command:Invoking command in '/home/erk/f1tenth-t3/ros2_ws/src/wallfollowing2': CMAKE_PREFIX_PATH=/home/erk/f1tenth-t3/ros2_ws/install/drive_msgs LD_LIBRARY_PATH=/home/erk/f1tenth-t3/ros2_ws/install/drive_msgs/lib:${LD_LIBRARY_PATH} PKG_CONFIG_PATH=/home/erk/f1tenth-t3/ros2_ws/install/drive_msgs/lib/x86_64-linux-gnu/pkgconfig:/home/erk/f1tenth-t3/ros2_ws/install/drive_msgs/lib/pkgconfig PYTHONPATH=/home/erk/f1tenth-t3/ros2_ws/build/wallfollowing2/prefix_override:/usr/lib/python3/dist-packages/colcon_core/task/python/colcon_distutils_commands:/home/erk/f1tenth-t3/ros2_ws/install/wallfollowing2/lib/python3.10/site-packages:/home/erk/f1tenth-t3/ros2_ws/install/drive_msgs/local/lib/python3.10/dist-packages:${PYTHONPATH} ROS_PACKAGE_PATH=/home/erk/f1tenth-t3/ros2_ws/install/drive_msgs/share /usr/bin/python3 -W ignore:setup.py install is deprecated -W ignore:easy_install command is deprecated setup.py egg_info --egg-base ../../build/wallfollowing2 build --build-base /home/erk/f1tenth-t3/ros2_ws/build/wallfollowing2/build install --record /home/erk/f1tenth-t3/ros2_ws/build/wallfollowing2/install.log --single-version-externally-managed install_data
[1.204s] Level 1:colcon.colcon_core.environment:checking '/home/erk/f1tenth-t3/ros2_ws/install/wallfollowing2' for CMake module files
[1.204s] DEBUG:colcon.colcon_core.event_handler.log_command:Invoked command in '/home/erk/f1tenth-t3/ros2_ws/src/wallfollowing2' returned '0': CMAKE_PREFIX_PATH=/home/erk/f1tenth-t3/ros2_ws/install/drive_msgs LD_LIBRARY_PATH=/home/erk/f1tenth-t3/ros2_ws/install/drive_msgs/lib:${LD_LIBRARY_PATH} PKG_CONFIG_PATH=/home/erk/f1tenth-t3/ros2_ws/install/drive_msgs/lib/x86_64-linux-gnu/pkgconfig:/home/erk/f1tenth-t3/ros2_ws/install/drive_msgs/lib/pkgconfig PYTHONPATH=/home/erk/f1tenth-t3/ros2_ws/build/wallfollowing2/prefix_override:/usr/lib/python3/dist-packages/colcon_core/task/python/colcon_distutils_commands:/home/erk/f1tenth-t3/ros2_ws/install/wallfollowing2/lib/python3.10/site-packages:/home/erk/f1tenth-t3/ros2_ws/install/drive_msgs/local/lib/python3.10/dist-packages:${PYTHONPATH} ROS_PACKAGE_PATH=/home/erk/f1tenth-t3/ros2_ws/install/drive_msgs/share /usr/bin/python3 -W ignore:setup.py install is deprecated -W ignore:easy_install command is deprecated setup.py egg_info --egg-base ../../build/wallfollowing2 build --build-base /home/erk/f1tenth-t3/ros2_ws/build/wallfollowing2/build install --record /home/erk/f1tenth-t3/ros2_ws/build/wallfollowing2/install.log --single-version-externally-managed install_data
[1.205s] Level 1:colcon.colcon_core.environment:checking '/home/erk/f1tenth-t3/ros2_ws/install/wallfollowing2' for CMake config files
[1.205s] Level 1:colcon.colcon_core.environment:checking '/home/erk/f1tenth-t3/ros2_ws/install/wallfollowing2/lib'
[1.205s] Level 1:colcon.colcon_core.environment:checking '/home/erk/f1tenth-t3/ros2_ws/install/wallfollowing2/bin'
[1.205s] Level 1:colcon.colcon_core.environment:checking '/home/erk/f1tenth-t3/ros2_ws/install/wallfollowing2/lib/pkgconfig/wallfollowing2.pc'
[1.205s] Level 1:colcon.colcon_core.environment:checking '/home/erk/f1tenth-t3/ros2_ws/install/wallfollowing2/lib/python3.10/site-packages'
[1.205s] Level 1:colcon.colcon_core.shell:create_environment_hook('wallfollowing2', 'pythonpath')
[1.205s] INFO:colcon.colcon_core.shell:Creating environment hook '/home/erk/f1tenth-t3/ros2_ws/install/wallfollowing2/share/wallfollowing2/hook/pythonpath.ps1'
[1.206s] INFO:colcon.colcon_core.shell:Creating environment descriptor '/home/erk/f1tenth-t3/ros2_ws/install/wallfollowing2/share/wallfollowing2/hook/pythonpath.dsv'
[1.206s] INFO:colcon.colcon_core.shell:Creating environment hook '/home/erk/f1tenth-t3/ros2_ws/install/wallfollowing2/share/wallfollowing2/hook/pythonpath.sh'
[1.206s] Level 1:colcon.colcon_core.environment:checking '/home/erk/f1tenth-t3/ros2_ws/install/wallfollowing2/bin'
[1.206s] Level 1:colcon.colcon_core.environment:create_environment_scripts_only(wallfollowing2)
[1.207s] INFO:colcon.colcon_core.shell:Creating package script '/home/erk/f1tenth-t3/ros2_ws/install/wallfollowing2/share/wallfollowing2/package.ps1'
[1.207s] INFO:colcon.colcon_core.shell:Creating package descriptor '/home/erk/f1tenth-t3/ros2_ws/install/wallfollowing2/share/wallfollowing2/package.dsv'
[1.207s] INFO:colcon.colcon_core.shell:Creating package script '/home/erk/f1tenth-t3/ros2_ws/install/wallfollowing2/share/wallfollowing2/package.sh'
[1.208s] INFO:colcon.colcon_core.shell:Creating package script '/home/erk/f1tenth-t3/ros2_ws/install/wallfollowing2/share/wallfollowing2/package.bash'
[1.208s] INFO:colcon.colcon_core.shell:Creating package script '/home/erk/f1tenth-t3/ros2_ws/install/wallfollowing2/share/wallfollowing2/package.zsh'
[1.208s] Level 1:colcon.colcon_core.environment:create_file_with_runtime_dependencies(/home/erk/f1tenth-t3/ros2_ws/install/wallfollowing2/share/colcon-core/packages/wallfollowing2)
[1.208s] INFO:colcon.colcon_ros.task.ament_python.build:Building ROS package in '/home/erk/f1tenth-t3/ros2_ws/src/racer_bringup' with build type 'ament_python'
[1.208s] Level 1:colcon.colcon_core.shell:create_environment_hook('racer_bringup', 'ament_prefix_path')
[1.208s] INFO:colcon.colcon_core.shell:Creating environment hook '/home/erk/f1tenth-t3/ros2_ws/install/racer_bringup/share/racer_bringup/hook/ament_prefix_path.ps1'
[1.209s] INFO:colcon.colcon_core.shell:Creating environment descriptor '/home/erk/f1tenth-t3/ros2_ws/install/racer_bringup/share/racer_bringup/hook/ament_prefix_path.dsv'
[1.209s] INFO:colcon.colcon_core.shell:Creating environment hook '/home/erk/f1tenth-t3/ros2_ws/install/racer_bringup/share/racer_bringup/hook/ament_prefix_path.sh'
[1.210s] INFO:colcon.colcon_core.shell:Skip shell extension 'powershell' for command environment: Not usable outside of PowerShell
[1.210s] DEBUG:colcon.colcon_core.shell:Skip shell extension 'dsv' for command environment
[1.390s] INFO:colcon.colcon_core.task.python.build:Building Python package in '/home/erk/f1tenth-t3/ros2_ws/src/racer_bringup'
[1.390s] INFO:colcon.colcon_core.shell:Skip shell extension 'powershell' for command environment: Not usable outside of PowerShell
[1.390s] DEBUG:colcon.colcon_core.shell:Skip shell extension 'dsv' for command environment
[1.622s] DEBUG:colcon.colcon_core.event_handler.log_command:Invoking command in '/home/erk/f1tenth-t3/ros2_ws/src/racer_bringup': AMENT_PREFIX_PATH=/home/erk/f1tenth-t3/ros2_ws/install/wallfollowing2:${AMENT_PREFIX_PATH} CMAKE_PREFIX_PATH=/home/erk/f1tenth-t3/ros2_ws/install/car_control:/home/erk/f1tenth-t3/ros2_ws/install/drive_msgs LD_LIBRARY_PATH=/home/erk/f1tenth-t3/ros2_ws/install/drive_msgs/lib:${LD_LIBRARY_PATH} PKG_CONFIG_PATH=/home/erk/f1tenth-t3/ros2_ws/install/car_control/lib/x86_64-linux-gnu/pkgconfig:/home/erk/f1tenth-t3/ros2_ws/install/car_control/lib/pkgconfig:/home/erk/f1tenth-t3/ros2_ws/install/drive_msgs/lib/x86_64-linux-gnu/pkgconfig:/home/erk/f1tenth-t3/ros2_ws/install/drive_msgs/lib/pkgconfig PYTHONPATH=/home/erk/f1tenth-t3/ros2_ws/build/racer_bringup/prefix_override:/usr/lib/python3/dist-packages/colcon_core/task/python/colcon_distutils_commands:/home/erk/f1tenth-t3/ros2_ws/install/racer_bringup/lib/python3.10/site-packages:/home/erk/f1tenth-t3/ros2_ws/install/wallfollowing2/lib/python3.10/site-packages:/home/erk/f1tenth-t3/ros2_ws/install/drive_msgs/local/lib/python3.10/dist-packages:${PYTHONPATH} ROS_PACKAGE_PATH=/home/erk/f1tenth-t3/ros2_ws/install/car_control/share:/home/erk/f1tenth-t3/ros2_ws/install/drive_msgs/share /usr/bin/python3 -W ignore:setup.py install is deprecated -W ignore:easy_install command is deprecated setup.py egg_info --egg-base ../../build/racer_bringup build --build-base /home/erk/f1tenth-t3/ros2_ws/build/racer_bringup/build install --record /home/erk/f1tenth-t3/ros2_ws/build/racer_bringup/install.log --single-version-externally-managed install_data
[1.826s] Level 1:colcon.colcon_core.environment:checking '/home/erk/f1tenth-t3/ros2_ws/install/racer_bringup' for CMake module files
[1.826s] DEBUG:colcon.colcon_core.event_handler.log_command:Invoked command in '/home/erk/f1tenth-t3/ros2_ws/src/racer_bringup' returned '0': AMENT_PREFIX_PATH=/home/erk/f1tenth-t3/ros2_ws/install/wallfollowing2:${AMENT_PREFIX_PATH} CMAKE_PREFIX_PATH=/home/erk/f1tenth-t3/ros2_ws/install/car_control:/home/erk/f1tenth-t3/ros2_ws/install/drive_msgs LD_LIBRARY_PATH=/home/erk/f1tenth-t3/ros2_ws/install/drive_msgs/lib:${LD_LIBRARY_PATH} PKG_CONFIG_PATH=/home/erk/f1tenth-t3/ros2_ws/install/car_control/lib/x86_64-linux-gnu/pkgconfig:/home/erk/f1tenth-t3/ros2_ws/install/car_control/lib/pkgconfig:/home/erk/f1tenth-t3/ros2_ws/install/drive_msgs/lib/x86_64-linux-gnu/pkgconfig:/home/erk/f1tenth-t3/ros2_ws/install/drive_msgs/lib/pkgconfig PYTHONPATH=/home/erk/f1tenth-t3/ros2_ws/build/racer_bringup/prefix_override:/usr/lib/python3/dist-packages/colcon_core/task/python/colcon_distutils_commands:/home/erk/f1tenth-t3/ros2_ws/install/racer_bringup/lib/python3.10/site-packages:/home/erk/f1tenth-t3/ros2_ws/install/wallfollowing2/lib/python3.10/site-packages:/home/erk/f1tenth-t3/ros2_ws/install/drive_msgs/local/lib/python3.10/dist-packages:${PYTHONPATH} ROS_PACKAGE_PATH=/home/erk/f1tenth-t3/ros2_ws/install/car_control/share:/home/erk/f1tenth-t3/ros2_ws/install/drive_msgs/share /usr/bin/python3 -W ignore:setup.py install is deprecated -W ignore:easy_install command is deprecated setup.py egg_info --egg-base ../../build/racer_bringup build --build-base /home/erk/f1tenth-t3/ros2_ws/build/racer_bringup/build install --record /home/erk/f1tenth-t3/ros2_ws/build/racer_bringup/install.log --single-version-externally-managed install_data
[1.827s] Level 1:colcon.colcon_core.environment:checking '/home/erk/f1tenth-t3/ros2_ws/install/racer_bringup' for CMake config files
[1.827s] Level 1:colcon.colcon_core.environment:checking '/home/erk/f1tenth-t3/ros2_ws/install/racer_bringup/lib'
[1.827s] Level 1:colcon.colcon_core.environment:checking '/home/erk/f1tenth-t3/ros2_ws/install/racer_bringup/bin'
[1.827s] Level 1:colcon.colcon_core.environment:checking '/home/erk/f1tenth-t3/ros2_ws/install/racer_bringup/lib/pkgconfig/racer_bringup.pc'
[1.827s] Level 1:colcon.colcon_core.environment:checking '/home/erk/f1tenth-t3/ros2_ws/install/racer_bringup/lib/python3.10/site-packages'
[1.827s] Level 1:colcon.colcon_core.shell:create_environment_hook('racer_bringup', 'pythonpath')
[1.827s] INFO:colcon.colcon_core.shell:Creating environment hook '/home/erk/f1tenth-t3/ros2_ws/install/racer_bringup/share/racer_bringup/hook/pythonpath.ps1'
[1.828s] INFO:colcon.colcon_core.shell:Creating environment descriptor '/home/erk/f1tenth-t3/ros2_ws/install/racer_bringup/share/racer_bringup/hook/pythonpath.dsv'
[1.828s] INFO:colcon.colcon_core.shell:Creating environment hook '/home/erk/f1tenth-t3/ros2_ws/install/racer_bringup/share/racer_bringup/hook/pythonpath.sh'
[1.828s] Level 1:colcon.colcon_core.environment:checking '/home/erk/f1tenth-t3/ros2_ws/install/racer_bringup/bin'
[1.828s] Level 1:colcon.colcon_core.environment:create_environment_scripts_only(racer_bringup)
[1.829s] INFO:colcon.colcon_core.shell:Creating package script '/home/erk/f1tenth-t3/ros2_ws/install/racer_bringup/share/racer_bringup/package.ps1'
[1.829s] INFO:colcon.colcon_core.shell:Creating package descriptor '/home/erk/f1tenth-t3/ros2_ws/install/racer_bringup/share/racer_bringup/package.dsv'
[1.829s] INFO:colcon.colcon_core.shell:Creating package script '/home/erk/f1tenth-t3/ros2_ws/install/racer_bringup/share/racer_bringup/package.sh'
[1.829s] INFO:colcon.colcon_core.shell:Creating package script '/home/erk/f1tenth-t3/ros2_ws/install/racer_bringup/share/racer_bringup/package.bash'
[1.830s] INFO:colcon.colcon_core.shell:Creating package script '/home/erk/f1tenth-t3/ros2_ws/install/racer_bringup/share/racer_bringup/package.zsh'
[1.830s] Level 1:colcon.colcon_core.environment:create_file_with_runtime_dependencies(/home/erk/f1tenth-t3/ros2_ws/install/racer_bringup/share/colcon-core/packages/racer_bringup)
[1.830s] DEBUG:colcon.colcon_parallel_executor.executor.parallel:closing loop
[1.830s] DEBUG:colcon.colcon_parallel_executor.executor.parallel:loop closed
[1.830s] DEBUG:colcon.colcon_parallel_executor.executor.parallel:run_until_complete finished with '0'
[1.830s] DEBUG:colcon.colcon_core.event_reactor:joining thread
[1.834s] INFO:colcon.colcon_core.plugin_system:Skipping extension 'colcon_notification.desktop_notification.terminal_notifier': Not used on non-Darwin systems
[1.834s] INFO:colcon.colcon_core.plugin_system:Skipping extension 'colcon_notification.desktop_notification.win32': Not used on non-Windows systems
[1.834s] INFO:colcon.colcon_notification.desktop_notification:Sending desktop notification using 'notify2'
[1.841s] DEBUG:colcon.colcon_core.event_reactor:joined thread
[1.842s] INFO:colcon.colcon_core.shell:Creating prefix script '/home/erk/f1tenth-t3/ros2_ws/install/local_setup.ps1'
[1.842s] INFO:colcon.colcon_core.shell:Creating prefix util module '/home/erk/f1tenth-t3/ros2_ws/install/_local_setup_util_ps1.py'
[1.844s] INFO:colcon.colcon_core.shell:Creating prefix chain script '/home/erk/f1tenth-t3/ros2_ws/install/setup.ps1'
[1.845s] INFO:colcon.colcon_core.shell:Creating prefix script '/home/erk/f1tenth-t3/ros2_ws/install/local_setup.sh'
[1.845s] INFO:colcon.colcon_core.shell:Creating prefix util module '/home/erk/f1tenth-t3/ros2_ws/install/_local_setup_util_sh.py'
[1.846s] INFO:colcon.colcon_core.shell:Creating prefix chain script '/home/erk/f1tenth-t3/ros2_ws/install/setup.sh'
[1.847s] INFO:colcon.colcon_core.shell:Creating prefix script '/home/erk/f1tenth-t3/ros2_ws/install/local_setup.bash'
[1.847s] INFO:colcon.colcon_core.shell:Creating prefix chain script '/home/erk/f1tenth-t3/ros2_ws/install/setup.bash'
[1.848s] INFO:colcon.colcon_core.shell:Creating prefix script '/home/erk/f1tenth-t3/ros2_ws/install/local_setup.zsh'
[1.849s] INFO:colcon.colcon_core.shell:Creating prefix chain script '/home/erk/f1tenth-t3/ros2_ws/install/setup.zsh'
