[0.296s] DEBUG:colcon:Command line arguments: ['/usr/bin/colcon', 'build', '--packages-select', 'wallfollowing2', 'racer_bringup']
[0.296s] DEBUG:colcon:Parsed command line arguments: Namespace(log_base=None, log_level=None, verb_name='build', build_base='build', install_base='install', merge_install=False, symlink_install=False, test_result_base=None, continue_on_error=False, executor='parallel', parallel_workers=6, event_handlers=None, ignore_user_meta=False, metas=['./colcon.meta'], base_paths=['.'], packages_ignore=None, packages_ignore_regex=None, paths=None, packages_up_to=None, packages_up_to_regex=None, packages_above=None, packages_above_and_dependencies=None, packages_above_depth=None, packages_select_by_dep=None, packages_skip_by_dep=None, packages_skip_up_to=None, packages_select_build_failed=False, packages_skip_build_finished=False, packages_select_test_failures=False, packages_skip_test_passed=False, packages_select=['wallfollowing2', 'racer_bringup'], packages_skip=None, packages_select_regex=None, packages_skip_regex=None, packages_start=None, packages_end=None, allow_overriding=[], cmake_args=None, cmake_target=None, cmake_target_skip_unavailable=False, cmake_clean_cache=False, cmake_clean_first=False, cmake_force_configure=False, ament_cmake_args=None, catkin_cmake_args=None, catkin_skip_building_tests=False, mixin_files=None, mixin=None, verb_parser=<colcon_mixin.mixin.mixin_argument.MixinArgumentDecorator object at 0xffffb4e76d40>, verb_extension=<colcon_core.verb.build.BuildVerb object at 0xffffb4e352a0>, main=<bound method BuildVerb.main of <colcon_core.verb.build.BuildVerb object at 0xffffb4e352a0>>, mixin_verb=('build',))
[0.730s] Level 1:colcon.colcon_core.package_discovery:discover_packages(colcon_meta) check parameters
[0.731s] Level 1:colcon.colcon_core.package_discovery:discover_packages(recursive) check parameters
[0.731s] Level 1:colcon.colcon_core.package_discovery:discover_packages(ignore) check parameters
[0.731s] Level 1:colcon.colcon_core.package_discovery:discover_packages(path) check parameters
[0.731s] Level 1:colcon.colcon_core.package_discovery:discover_packages(colcon_meta) discover
[0.731s] Level 1:colcon.colcon_core.package_discovery:discover_packages(recursive) discover
[0.731s] INFO:colcon.colcon_core.package_discovery:Crawling recursively for packages in '/home/f1tt3/f1tenth-t3/ros2_ws'
[0.731s] Level 1:colcon.colcon_core.package_identification:_identify(.) by extensions ['ignore', 'ignore_ament_install']
[0.732s] Level 1:colcon.colcon_core.package_identification:_identify(.) by extension 'ignore'
[0.732s] Level 1:colcon.colcon_core.package_identification:_identify(.) by extension 'ignore_ament_install'
[0.732s] Level 1:colcon.colcon_core.package_identification:_identify(.) by extensions ['colcon_pkg']
[0.732s] Level 1:colcon.colcon_core.package_identification:_identify(.) by extension 'colcon_pkg'
[0.732s] Level 1:colcon.colcon_core.package_identification:_identify(.) by extensions ['colcon_meta']
[0.732s] Level 1:colcon.colcon_core.package_identification:_identify(.) by extension 'colcon_meta'
[0.732s] Level 1:colcon.colcon_core.package_identification:_identify(.) by extensions ['ros']
[0.732s] Level 1:colcon.colcon_core.package_identification:_identify(.) by extension 'ros'
[0.755s] Level 1:colcon.colcon_core.package_identification:_identify(.) by extensions ['cmake', 'python']
[0.756s] Level 1:colcon.colcon_core.package_identification:_identify(.) by extension 'cmake'
[0.756s] Level 1:colcon.colcon_core.package_identification:_identify(.) by extension 'python'
[0.756s] Level 1:colcon.colcon_core.package_identification:_identify(.) by extensions ['python_setup_py']
[0.756s] Level 1:colcon.colcon_core.package_identification:_identify(.) by extension 'python_setup_py'
[0.756s] Level 1:colcon.colcon_core.package_identification:_identify(build) by extensions ['ignore', 'ignore_ament_install']
[0.757s] Level 1:colcon.colcon_core.package_identification:_identify(build) by extension 'ignore'
[0.757s] Level 1:colcon.colcon_core.package_identification:_identify(build) ignored
[0.757s] Level 1:colcon.colcon_core.package_identification:_identify(install) by extensions ['ignore', 'ignore_ament_install']
[0.757s] Level 1:colcon.colcon_core.package_identification:_identify(install) by extension 'ignore'
[0.757s] Level 1:colcon.colcon_core.package_identification:_identify(install) ignored
[0.757s] Level 1:colcon.colcon_core.package_identification:_identify(log) by extensions ['ignore', 'ignore_ament_install']
[0.758s] Level 1:colcon.colcon_core.package_identification:_identify(log) by extension 'ignore'
[0.758s] Level 1:colcon.colcon_core.package_identification:_identify(log) ignored
[0.758s] Level 1:colcon.colcon_core.package_identification:_identify(src) by extensions ['ignore', 'ignore_ament_install']
[0.758s] Level 1:colcon.colcon_core.package_identification:_identify(src) by extension 'ignore'
[0.758s] Level 1:colcon.colcon_core.package_identification:_identify(src) by extension 'ignore_ament_install'
[0.758s] Level 1:colcon.colcon_core.package_identification:_identify(src) by extensions ['colcon_pkg']
[0.758s] Level 1:colcon.colcon_core.package_identification:_identify(src) by extension 'colcon_pkg'
[0.758s] Level 1:colcon.colcon_core.package_identification:_identify(src) by extensions ['colcon_meta']
[0.758s] Level 1:colcon.colcon_core.package_identification:_identify(src) by extension 'colcon_meta'
[0.758s] Level 1:colcon.colcon_core.package_identification:_identify(src) by extensions ['ros']
[0.759s] Level 1:colcon.colcon_core.package_identification:_identify(src) by extension 'ros'
[0.759s] Level 1:colcon.colcon_core.package_identification:_identify(src) by extensions ['cmake', 'python']
[0.759s] Level 1:colcon.colcon_core.package_identification:_identify(src) by extension 'cmake'
[0.759s] Level 1:colcon.colcon_core.package_identification:_identify(src) by extension 'python'
[0.759s] Level 1:colcon.colcon_core.package_identification:_identify(src) by extensions ['python_setup_py']
[0.759s] Level 1:colcon.colcon_core.package_identification:_identify(src) by extension 'python_setup_py'
[0.759s] Level 1:colcon.colcon_core.package_identification:_identify(src/car_control) by extensions ['ignore', 'ignore_ament_install']
[0.759s] Level 1:colcon.colcon_core.package_identification:_identify(src/car_control) by extension 'ignore'
[0.759s] Level 1:colcon.colcon_core.package_identification:_identify(src/car_control) by extension 'ignore_ament_install'
[0.760s] Level 1:colcon.colcon_core.package_identification:_identify(src/car_control) by extensions ['colcon_pkg']
[0.760s] Level 1:colcon.colcon_core.package_identification:_identify(src/car_control) by extension 'colcon_pkg'
[0.760s] Level 1:colcon.colcon_core.package_identification:_identify(src/car_control) by extensions ['colcon_meta']
[0.760s] Level 1:colcon.colcon_core.package_identification:_identify(src/car_control) by extension 'colcon_meta'
[0.760s] Level 1:colcon.colcon_core.package_identification:_identify(src/car_control) by extensions ['ros']
[0.760s] Level 1:colcon.colcon_core.package_identification:_identify(src/car_control) by extension 'ros'
[0.766s] DEBUG:colcon.colcon_core.package_identification:Package 'src/car_control' with type 'ros.catkin' and name 'car_control'
[0.767s] Level 1:colcon.colcon_core.package_identification:_identify(src/drive_msgs) by extensions ['ignore', 'ignore_ament_install']
[0.767s] Level 1:colcon.colcon_core.package_identification:_identify(src/drive_msgs) by extension 'ignore'
[0.767s] Level 1:colcon.colcon_core.package_identification:_identify(src/drive_msgs) by extension 'ignore_ament_install'
[0.767s] Level 1:colcon.colcon_core.package_identification:_identify(src/drive_msgs) by extensions ['colcon_pkg']
[0.767s] Level 1:colcon.colcon_core.package_identification:_identify(src/drive_msgs) by extension 'colcon_pkg'
[0.767s] Level 1:colcon.colcon_core.package_identification:_identify(src/drive_msgs) by extensions ['colcon_meta']
[0.767s] Level 1:colcon.colcon_core.package_identification:_identify(src/drive_msgs) by extension 'colcon_meta'
[0.768s] Level 1:colcon.colcon_core.package_identification:_identify(src/drive_msgs) by extensions ['ros']
[0.768s] Level 1:colcon.colcon_core.package_identification:_identify(src/drive_msgs) by extension 'ros'
[0.769s] DEBUG:colcon.colcon_core.package_identification:Package 'src/drive_msgs' with type 'ros.catkin' and name 'drive_msgs'
[0.769s] Level 1:colcon.colcon_core.package_identification:_identify(src/racer_bringup) by extensions ['ignore', 'ignore_ament_install']
[0.769s] Level 1:colcon.colcon_core.package_identification:_identify(src/racer_bringup) by extension 'ignore'
[0.769s] Level 1:colcon.colcon_core.package_identification:_identify(src/racer_bringup) by extension 'ignore_ament_install'
[0.770s] Level 1:colcon.colcon_core.package_identification:_identify(src/racer_bringup) by extensions ['colcon_pkg']
[0.770s] Level 1:colcon.colcon_core.package_identification:_identify(src/racer_bringup) by extension 'colcon_pkg'
[0.770s] Level 1:colcon.colcon_core.package_identification:_identify(src/racer_bringup) by extensions ['colcon_meta']
[0.770s] Level 1:colcon.colcon_core.package_identification:_identify(src/racer_bringup) by extension 'colcon_meta'
[0.770s] Level 1:colcon.colcon_core.package_identification:_identify(src/racer_bringup) by extensions ['ros']
[0.770s] Level 1:colcon.colcon_core.package_identification:_identify(src/racer_bringup) by extension 'ros'
[0.771s] DEBUG:colcon.colcon_core.package_identification:Package 'src/racer_bringup' with type 'ros.ament_python' and name 'racer_bringup'
[0.771s] Level 1:colcon.colcon_core.package_identification:_identify(src/wallfollowing2) by extensions ['ignore', 'ignore_ament_install']
[0.771s] Level 1:colcon.colcon_core.package_identification:_identify(src/wallfollowing2) by extension 'ignore'
[0.772s] Level 1:colcon.colcon_core.package_identification:_identify(src/wallfollowing2) by extension 'ignore_ament_install'
[0.772s] Level 1:colcon.colcon_core.package_identification:_identify(src/wallfollowing2) by extensions ['colcon_pkg']
[0.772s] Level 1:colcon.colcon_core.package_identification:_identify(src/wallfollowing2) by extension 'colcon_pkg'
[0.772s] Level 1:colcon.colcon_core.package_identification:_identify(src/wallfollowing2) by extensions ['colcon_meta']
[0.772s] Level 1:colcon.colcon_core.package_identification:_identify(src/wallfollowing2) by extension 'colcon_meta'
[0.772s] Level 1:colcon.colcon_core.package_identification:_identify(src/wallfollowing2) by extensions ['ros']
[0.772s] Level 1:colcon.colcon_core.package_identification:_identify(src/wallfollowing2) by extension 'ros'
[0.773s] DEBUG:colcon.colcon_core.package_identification:Package 'src/wallfollowing2' with type 'ros.ament_python' and name 'wallfollowing2'
[0.773s] Level 1:colcon.colcon_core.package_discovery:discover_packages(recursive) using defaults
[0.774s] Level 1:colcon.colcon_core.package_discovery:discover_packages(ignore) discover
[0.774s] Level 1:colcon.colcon_core.package_discovery:discover_packages(ignore) using defaults
[0.774s] Level 1:colcon.colcon_core.package_discovery:discover_packages(path) discover
[0.774s] Level 1:colcon.colcon_core.package_discovery:discover_packages(path) using defaults
[0.854s] INFO:colcon.colcon_core.package_selection:Skipping not selected package 'drive_msgs' in 'src/drive_msgs'
[0.854s] INFO:colcon.colcon_core.package_selection:Skipping not selected package 'car_control' in 'src/car_control'
[0.855s] Level 1:colcon.colcon_core.package_discovery:discover_packages(prefix_path) check parameters
[0.855s] Level 1:colcon.colcon_core.package_discovery:discover_packages(prefix_path) discover
[0.861s] DEBUG:colcon.colcon_installed_package_information.package_discovery:Found 4 installed packages in /home/f1tt3/f1tenth-t3/ros2_ws/install
[0.863s] DEBUG:colcon.colcon_installed_package_information.package_discovery:Found 291 installed packages in /opt/ros/humble
[0.865s] Level 1:colcon.colcon_core.package_discovery:discover_packages(prefix_path) using defaults
[0.938s] Level 5:colcon.colcon_core.verb:set package 'wallfollowing2' build argument 'cmake_args' from command line to 'None'
[0.939s] Level 5:colcon.colcon_core.verb:set package 'wallfollowing2' build argument 'cmake_target' from command line to 'None'
[0.939s] Level 5:colcon.colcon_core.verb:set package 'wallfollowing2' build argument 'cmake_target_skip_unavailable' from command line to 'False'
[0.939s] Level 5:colcon.colcon_core.verb:set package 'wallfollowing2' build argument 'cmake_clean_cache' from command line to 'False'
[0.939s] Level 5:colcon.colcon_core.verb:set package 'wallfollowing2' build argument 'cmake_clean_first' from command line to 'False'
[0.939s] Level 5:colcon.colcon_core.verb:set package 'wallfollowing2' build argument 'cmake_force_configure' from command line to 'False'
[0.939s] Level 5:colcon.colcon_core.verb:set package 'wallfollowing2' build argument 'ament_cmake_args' from command line to 'None'
[0.939s] Level 5:colcon.colcon_core.verb:set package 'wallfollowing2' build argument 'catkin_cmake_args' from command line to 'None'
[0.939s] Level 5:colcon.colcon_core.verb:set package 'wallfollowing2' build argument 'catkin_skip_building_tests' from command line to 'False'
[0.939s] DEBUG:colcon.colcon_core.verb:Building package 'wallfollowing2' with the following arguments: {'ament_cmake_args': None, 'build_base': '/home/f1tt3/f1tenth-t3/ros2_ws/build/wallfollowing2', 'catkin_cmake_args': None, 'catkin_skip_building_tests': False, 'cmake_args': None, 'cmake_clean_cache': False, 'cmake_clean_first': False, 'cmake_force_configure': False, 'cmake_target': None, 'cmake_target_skip_unavailable': False, 'install_base': '/home/f1tt3/f1tenth-t3/ros2_ws/install/wallfollowing2', 'merge_install': False, 'path': '/home/f1tt3/f1tenth-t3/ros2_ws/src/wallfollowing2', 'symlink_install': False, 'test_result_base': None}
[0.940s] Level 5:colcon.colcon_core.verb:set package 'racer_bringup' build argument 'cmake_args' from command line to 'None'
[0.940s] Level 5:colcon.colcon_core.verb:set package 'racer_bringup' build argument 'cmake_target' from command line to 'None'
[0.940s] Level 5:colcon.colcon_core.verb:set package 'racer_bringup' build argument 'cmake_target_skip_unavailable' from command line to 'False'
[0.940s] Level 5:colcon.colcon_core.verb:set package 'racer_bringup' build argument 'cmake_clean_cache' from command line to 'False'
[0.940s] Level 5:colcon.colcon_core.verb:set package 'racer_bringup' build argument 'cmake_clean_first' from command line to 'False'
[0.940s] Level 5:colcon.colcon_core.verb:set package 'racer_bringup' build argument 'cmake_force_configure' from command line to 'False'
[0.940s] Level 5:colcon.colcon_core.verb:set package 'racer_bringup' build argument 'ament_cmake_args' from command line to 'None'
[0.940s] Level 5:colcon.colcon_core.verb:set package 'racer_bringup' build argument 'catkin_cmake_args' from command line to 'None'
[0.940s] Level 5:colcon.colcon_core.verb:set package 'racer_bringup' build argument 'catkin_skip_building_tests' from command line to 'False'
[0.940s] DEBUG:colcon.colcon_core.verb:Building package 'racer_bringup' with the following arguments: {'ament_cmake_args': None, 'build_base': '/home/f1tt3/f1tenth-t3/ros2_ws/build/racer_bringup', 'catkin_cmake_args': None, 'catkin_skip_building_tests': False, 'cmake_args': None, 'cmake_clean_cache': False, 'cmake_clean_first': False, 'cmake_force_configure': False, 'cmake_target': None, 'cmake_target_skip_unavailable': False, 'install_base': '/home/f1tt3/f1tenth-t3/ros2_ws/install/racer_bringup', 'merge_install': False, 'path': '/home/f1tt3/f1tenth-t3/ros2_ws/src/racer_bringup', 'symlink_install': False, 'test_result_base': None}
[0.941s] INFO:colcon.colcon_core.executor:Executing jobs using 'parallel' executor
[0.942s] DEBUG:colcon.colcon_parallel_executor.executor.parallel:run_until_complete
[0.943s] INFO:colcon.colcon_ros.task.ament_python.build:Building ROS package in '/home/f1tt3/f1tenth-t3/ros2_ws/src/wallfollowing2' with build type 'ament_python'
[0.943s] Level 1:colcon.colcon_core.shell:create_environment_hook('wallfollowing2', 'ament_prefix_path')
[0.953s] INFO:colcon.colcon_core.plugin_system:Skipping extension 'colcon_core.shell.bat': Not used on non-Windows systems
[0.953s] INFO:colcon.colcon_core.shell:Creating environment hook '/home/f1tt3/f1tenth-t3/ros2_ws/install/wallfollowing2/share/wallfollowing2/hook/ament_prefix_path.ps1'
[0.955s] INFO:colcon.colcon_core.shell:Creating environment descriptor '/home/f1tt3/f1tenth-t3/ros2_ws/install/wallfollowing2/share/wallfollowing2/hook/ament_prefix_path.dsv'
[0.956s] INFO:colcon.colcon_core.shell:Creating environment hook '/home/f1tt3/f1tenth-t3/ros2_ws/install/wallfollowing2/share/wallfollowing2/hook/ament_prefix_path.sh'
[0.958s] INFO:colcon.colcon_core.shell:Skip shell extension 'powershell' for command environment: Not usable outside of PowerShell
[0.958s] DEBUG:colcon.colcon_core.shell:Skip shell extension 'dsv' for command environment
[1.562s] INFO:colcon.colcon_core.task.python.build:Building Python package in '/home/f1tt3/f1tenth-t3/ros2_ws/src/wallfollowing2'
[1.562s] INFO:colcon.colcon_core.shell:Skip shell extension 'powershell' for command environment: Not usable outside of PowerShell
[1.563s] DEBUG:colcon.colcon_core.shell:Skip shell extension 'dsv' for command environment
[2.277s] DEBUG:colcon.colcon_core.event_handler.log_command:Invoking command in '/home/f1tt3/f1tenth-t3/ros2_ws/src/wallfollowing2': CMAKE_PREFIX_PATH=/home/f1tt3/f1tenth-t3/ros2_ws/install/drive_msgs:/home/f1tt3/f1tenth-t3/ros2_ws/install/car_control PKG_CONFIG_PATH=/home/f1tt3/f1tenth-t3/ros2_ws/install/drive_msgs/lib/aarch64-linux-gnu/pkgconfig:/home/f1tt3/f1tenth-t3/ros2_ws/install/drive_msgs/lib/pkgconfig:/home/f1tt3/f1tenth-t3/ros2_ws/install/car_control/lib/aarch64-linux-gnu/pkgconfig:/home/f1tt3/f1tenth-t3/ros2_ws/install/car_control/lib/x86_64-linux-gnu/pkgconfig:/home/f1tt3/f1tenth-t3/ros2_ws/install/car_control/lib/pkgconfig:/home/f1tt3/f1tenth-t3/ros2_ws/install/drive_msgs/lib/x86_64-linux-gnu/pkgconfig PYTHONPATH=/home/f1tt3/f1tenth-t3/ros2_ws/build/wallfollowing2/prefix_override:/usr/lib/python3/dist-packages/colcon_core/task/python/colcon_distutils_commands:/home/f1tt3/f1tenth-t3/ros2_ws/install/wallfollowing2/lib/python3.10/site-packages:/home/f1tt3/f1tenth-t3/ros2_ws/install/drive_msgs/local/lib/python3.10/dist-packages:/home/f1tt3/f1tenth-t3/ros2_ws/install/racer_bringup/lib/python3.10/site-packages:/home/f1tt3/f1tenth-t3/ros2_ws/install/wallfollowing2/lib/python3.10/site-packages:/opt/ros/humble/lib/python3.10/site-packages:/opt/ros/humble/local/lib/python3.10/dist-packages ROS_PACKAGE_PATH=/home/f1tt3/f1tenth-t3/ros2_ws/install/drive_msgs/share:/home/f1tt3/f1tenth-t3/ros2_ws/install/car_control/share /usr/bin/python3 -W ignore:setup.py install is deprecated -W ignore:easy_install command is deprecated setup.py egg_info --egg-base ../../build/wallfollowing2 build --build-base /home/f1tt3/f1tenth-t3/ros2_ws/build/wallfollowing2/build install --record /home/f1tt3/f1tenth-t3/ros2_ws/build/wallfollowing2/install.log --single-version-externally-managed install_data
[2.893s] DEBUG:colcon.colcon_core.event_handler.log_command:Invoked command in '/home/f1tt3/f1tenth-t3/ros2_ws/src/wallfollowing2' returned '0': CMAKE_PREFIX_PATH=/home/f1tt3/f1tenth-t3/ros2_ws/install/drive_msgs:/home/f1tt3/f1tenth-t3/ros2_ws/install/car_control PKG_CONFIG_PATH=/home/f1tt3/f1tenth-t3/ros2_ws/install/drive_msgs/lib/aarch64-linux-gnu/pkgconfig:/home/f1tt3/f1tenth-t3/ros2_ws/install/drive_msgs/lib/pkgconfig:/home/f1tt3/f1tenth-t3/ros2_ws/install/car_control/lib/aarch64-linux-gnu/pkgconfig:/home/f1tt3/f1tenth-t3/ros2_ws/install/car_control/lib/x86_64-linux-gnu/pkgconfig:/home/f1tt3/f1tenth-t3/ros2_ws/install/car_control/lib/pkgconfig:/home/f1tt3/f1tenth-t3/ros2_ws/install/drive_msgs/lib/x86_64-linux-gnu/pkgconfig PYTHONPATH=/home/f1tt3/f1tenth-t3/ros2_ws/build/wallfollowing2/prefix_override:/usr/lib/python3/dist-packages/colcon_core/task/python/colcon_distutils_commands:/home/f1tt3/f1tenth-t3/ros2_ws/install/wallfollowing2/lib/python3.10/site-packages:/home/f1tt3/f1tenth-t3/ros2_ws/install/drive_msgs/local/lib/python3.10/dist-packages:/home/f1tt3/f1tenth-t3/ros2_ws/install/racer_bringup/lib/python3.10/site-packages:/home/f1tt3/f1tenth-t3/ros2_ws/install/wallfollowing2/lib/python3.10/site-packages:/opt/ros/humble/lib/python3.10/site-packages:/opt/ros/humble/local/lib/python3.10/dist-packages ROS_PACKAGE_PATH=/home/f1tt3/f1tenth-t3/ros2_ws/install/drive_msgs/share:/home/f1tt3/f1tenth-t3/ros2_ws/install/car_control/share /usr/bin/python3 -W ignore:setup.py install is deprecated -W ignore:easy_install command is deprecated setup.py egg_info --egg-base ../../build/wallfollowing2 build --build-base /home/f1tt3/f1tenth-t3/ros2_ws/build/wallfollowing2/build install --record /home/f1tt3/f1tenth-t3/ros2_ws/build/wallfollowing2/install.log --single-version-externally-managed install_data
[2.906s] Level 1:colcon.colcon_core.environment:checking '/home/f1tt3/f1tenth-t3/ros2_ws/install/wallfollowing2' for CMake module files
[2.907s] Level 1:colcon.colcon_core.environment:checking '/home/f1tt3/f1tenth-t3/ros2_ws/install/wallfollowing2' for CMake config files
[2.909s] Level 1:colcon.colcon_core.environment:checking '/home/f1tt3/f1tenth-t3/ros2_ws/install/wallfollowing2/lib'
[2.910s] Level 1:colcon.colcon_core.environment:checking '/home/f1tt3/f1tenth-t3/ros2_ws/install/wallfollowing2/bin'
[2.910s] Level 1:colcon.colcon_core.environment:checking '/home/f1tt3/f1tenth-t3/ros2_ws/install/wallfollowing2/lib/pkgconfig/wallfollowing2.pc'
[2.911s] Level 1:colcon.colcon_core.environment:checking '/home/f1tt3/f1tenth-t3/ros2_ws/install/wallfollowing2/lib/python3.10/site-packages'
[2.911s] Level 1:colcon.colcon_core.shell:create_environment_hook('wallfollowing2', 'pythonpath')
[2.912s] INFO:colcon.colcon_core.shell:Creating environment hook '/home/f1tt3/f1tenth-t3/ros2_ws/install/wallfollowing2/share/wallfollowing2/hook/pythonpath.ps1'
[2.913s] INFO:colcon.colcon_core.shell:Creating environment descriptor '/home/f1tt3/f1tenth-t3/ros2_ws/install/wallfollowing2/share/wallfollowing2/hook/pythonpath.dsv'
[2.914s] INFO:colcon.colcon_core.shell:Creating environment hook '/home/f1tt3/f1tenth-t3/ros2_ws/install/wallfollowing2/share/wallfollowing2/hook/pythonpath.sh'
[2.916s] Level 1:colcon.colcon_core.environment:checking '/home/f1tt3/f1tenth-t3/ros2_ws/install/wallfollowing2/bin'
[2.916s] Level 1:colcon.colcon_core.environment:create_environment_scripts_only(wallfollowing2)
[2.917s] INFO:colcon.colcon_core.shell:Creating package script '/home/f1tt3/f1tenth-t3/ros2_ws/install/wallfollowing2/share/wallfollowing2/package.ps1'
[2.919s] INFO:colcon.colcon_core.shell:Creating package descriptor '/home/f1tt3/f1tenth-t3/ros2_ws/install/wallfollowing2/share/wallfollowing2/package.dsv'
[2.920s] INFO:colcon.colcon_core.shell:Creating package script '/home/f1tt3/f1tenth-t3/ros2_ws/install/wallfollowing2/share/wallfollowing2/package.sh'
[2.923s] INFO:colcon.colcon_core.shell:Creating package script '/home/f1tt3/f1tenth-t3/ros2_ws/install/wallfollowing2/share/wallfollowing2/package.bash'
[2.926s] INFO:colcon.colcon_core.shell:Creating package script '/home/f1tt3/f1tenth-t3/ros2_ws/install/wallfollowing2/share/wallfollowing2/package.zsh'
[2.930s] Level 1:colcon.colcon_core.environment:create_file_with_runtime_dependencies(/home/f1tt3/f1tenth-t3/ros2_ws/install/wallfollowing2/share/colcon-core/packages/wallfollowing2)
[2.930s] INFO:colcon.colcon_ros.task.ament_python.build:Building ROS package in '/home/f1tt3/f1tenth-t3/ros2_ws/src/racer_bringup' with build type 'ament_python'
[2.931s] Level 1:colcon.colcon_core.shell:create_environment_hook('racer_bringup', 'ament_prefix_path')
[2.932s] INFO:colcon.colcon_core.shell:Creating environment hook '/home/f1tt3/f1tenth-t3/ros2_ws/install/racer_bringup/share/racer_bringup/hook/ament_prefix_path.ps1'
[2.935s] INFO:colcon.colcon_core.shell:Creating environment descriptor '/home/f1tt3/f1tenth-t3/ros2_ws/install/racer_bringup/share/racer_bringup/hook/ament_prefix_path.dsv'
[2.937s] INFO:colcon.colcon_core.shell:Creating environment hook '/home/f1tt3/f1tenth-t3/ros2_ws/install/racer_bringup/share/racer_bringup/hook/ament_prefix_path.sh'
[2.939s] INFO:colcon.colcon_core.shell:Skip shell extension 'powershell' for command environment: Not usable outside of PowerShell
[2.939s] DEBUG:colcon.colcon_core.shell:Skip shell extension 'dsv' for command environment
[3.497s] INFO:colcon.colcon_core.task.python.build:Building Python package in '/home/f1tt3/f1tenth-t3/ros2_ws/src/racer_bringup'
[3.498s] INFO:colcon.colcon_core.shell:Skip shell extension 'powershell' for command environment: Not usable outside of PowerShell
[3.498s] DEBUG:colcon.colcon_core.shell:Skip shell extension 'dsv' for command environment
[4.207s] DEBUG:colcon.colcon_core.event_handler.log_command:Invoking command in '/home/f1tt3/f1tenth-t3/ros2_ws/src/racer_bringup': AMENT_PREFIX_PATH=/home/f1tt3/f1tenth-t3/ros2_ws/install/wallfollowing2:/home/f1tt3/f1tenth-t3/ros2_ws/install/racer_bringup:/opt/ros/humble PKG_CONFIG_PATH=/home/f1tt3/f1tenth-t3/ros2_ws/install/car_control/lib/aarch64-linux-gnu/pkgconfig:/home/f1tt3/f1tenth-t3/ros2_ws/install/car_control/lib/pkgconfig:/home/f1tt3/f1tenth-t3/ros2_ws/install/drive_msgs/lib/aarch64-linux-gnu/pkgconfig:/home/f1tt3/f1tenth-t3/ros2_ws/install/drive_msgs/lib/pkgconfig:/home/f1tt3/f1tenth-t3/ros2_ws/install/car_control/lib/x86_64-linux-gnu/pkgconfig:/home/f1tt3/f1tenth-t3/ros2_ws/install/drive_msgs/lib/x86_64-linux-gnu/pkgconfig PYTHONPATH=/home/f1tt3/f1tenth-t3/ros2_ws/build/racer_bringup/prefix_override:/usr/lib/python3/dist-packages/colcon_core/task/python/colcon_distutils_commands:/home/f1tt3/f1tenth-t3/ros2_ws/install/racer_bringup/lib/python3.10/site-packages:/home/f1tt3/f1tenth-t3/ros2_ws/install/wallfollowing2/lib/python3.10/site-packages:/home/f1tt3/f1tenth-t3/ros2_ws/install/drive_msgs/local/lib/python3.10/dist-packages:/home/f1tt3/f1tenth-t3/ros2_ws/install/racer_bringup/lib/python3.10/site-packages:/opt/ros/humble/lib/python3.10/site-packages:/opt/ros/humble/local/lib/python3.10/dist-packages /usr/bin/python3 -W ignore:setup.py install is deprecated -W ignore:easy_install command is deprecated setup.py egg_info --egg-base ../../build/racer_bringup build --build-base /home/f1tt3/f1tenth-t3/ros2_ws/build/racer_bringup/build install --record /home/f1tt3/f1tenth-t3/ros2_ws/build/racer_bringup/install.log --single-version-externally-managed install_data
[4.781s] Level 1:colcon.colcon_core.environment:checking '/home/f1tt3/f1tenth-t3/ros2_ws/install/racer_bringup' for CMake module files
[4.782s] DEBUG:colcon.colcon_core.event_handler.log_command:Invoked command in '/home/f1tt3/f1tenth-t3/ros2_ws/src/racer_bringup' returned '0': AMENT_PREFIX_PATH=/home/f1tt3/f1tenth-t3/ros2_ws/install/wallfollowing2:/home/f1tt3/f1tenth-t3/ros2_ws/install/racer_bringup:/opt/ros/humble PKG_CONFIG_PATH=/home/f1tt3/f1tenth-t3/ros2_ws/install/car_control/lib/aarch64-linux-gnu/pkgconfig:/home/f1tt3/f1tenth-t3/ros2_ws/install/car_control/lib/pkgconfig:/home/f1tt3/f1tenth-t3/ros2_ws/install/drive_msgs/lib/aarch64-linux-gnu/pkgconfig:/home/f1tt3/f1tenth-t3/ros2_ws/install/drive_msgs/lib/pkgconfig:/home/f1tt3/f1tenth-t3/ros2_ws/install/car_control/lib/x86_64-linux-gnu/pkgconfig:/home/f1tt3/f1tenth-t3/ros2_ws/install/drive_msgs/lib/x86_64-linux-gnu/pkgconfig PYTHONPATH=/home/f1tt3/f1tenth-t3/ros2_ws/build/racer_bringup/prefix_override:/usr/lib/python3/dist-packages/colcon_core/task/python/colcon_distutils_commands:/home/f1tt3/f1tenth-t3/ros2_ws/install/racer_bringup/lib/python3.10/site-packages:/home/f1tt3/f1tenth-t3/ros2_ws/install/wallfollowing2/lib/python3.10/site-packages:/home/f1tt3/f1tenth-t3/ros2_ws/install/drive_msgs/local/lib/python3.10/dist-packages:/home/f1tt3/f1tenth-t3/ros2_ws/install/racer_bringup/lib/python3.10/site-packages:/opt/ros/humble/lib/python3.10/site-packages:/opt/ros/humble/local/lib/python3.10/dist-packages /usr/bin/python3 -W ignore:setup.py install is deprecated -W ignore:easy_install command is deprecated setup.py egg_info --egg-base ../../build/racer_bringup build --build-base /home/f1tt3/f1tenth-t3/ros2_ws/build/racer_bringup/build install --record /home/f1tt3/f1tenth-t3/ros2_ws/build/racer_bringup/install.log --single-version-externally-managed install_data
[4.783s] Level 1:colcon.colcon_core.environment:checking '/home/f1tt3/f1tenth-t3/ros2_ws/install/racer_bringup' for CMake config files
[4.784s] Level 1:colcon.colcon_core.environment:checking '/home/f1tt3/f1tenth-t3/ros2_ws/install/racer_bringup/lib'
[4.785s] Level 1:colcon.colcon_core.environment:checking '/home/f1tt3/f1tenth-t3/ros2_ws/install/racer_bringup/bin'
[4.785s] Level 1:colcon.colcon_core.environment:checking '/home/f1tt3/f1tenth-t3/ros2_ws/install/racer_bringup/lib/pkgconfig/racer_bringup.pc'
[4.786s] Level 1:colcon.colcon_core.environment:checking '/home/f1tt3/f1tenth-t3/ros2_ws/install/racer_bringup/lib/python3.10/site-packages'
[4.786s] Level 1:colcon.colcon_core.shell:create_environment_hook('racer_bringup', 'pythonpath')
[4.786s] INFO:colcon.colcon_core.shell:Creating environment hook '/home/f1tt3/f1tenth-t3/ros2_ws/install/racer_bringup/share/racer_bringup/hook/pythonpath.ps1'
[4.788s] INFO:colcon.colcon_core.shell:Creating environment descriptor '/home/f1tt3/f1tenth-t3/ros2_ws/install/racer_bringup/share/racer_bringup/hook/pythonpath.dsv'
[4.789s] INFO:colcon.colcon_core.shell:Creating environment hook '/home/f1tt3/f1tenth-t3/ros2_ws/install/racer_bringup/share/racer_bringup/hook/pythonpath.sh'
[4.792s] Level 1:colcon.colcon_core.environment:checking '/home/f1tt3/f1tenth-t3/ros2_ws/install/racer_bringup/bin'
[4.792s] Level 1:colcon.colcon_core.environment:create_environment_scripts_only(racer_bringup)
[4.793s] INFO:colcon.colcon_core.shell:Creating package script '/home/f1tt3/f1tenth-t3/ros2_ws/install/racer_bringup/share/racer_bringup/package.ps1'
[4.795s] INFO:colcon.colcon_core.shell:Creating package descriptor '/home/f1tt3/f1tenth-t3/ros2_ws/install/racer_bringup/share/racer_bringup/package.dsv'
[4.796s] INFO:colcon.colcon_core.shell:Creating package script '/home/f1tt3/f1tenth-t3/ros2_ws/install/racer_bringup/share/racer_bringup/package.sh'
[4.797s] INFO:colcon.colcon_core.shell:Creating package script '/home/f1tt3/f1tenth-t3/ros2_ws/install/racer_bringup/share/racer_bringup/package.bash'
[4.797s] INFO:colcon.colcon_core.shell:Creating package script '/home/f1tt3/f1tenth-t3/ros2_ws/install/racer_bringup/share/racer_bringup/package.zsh'
[4.798s] Level 1:colcon.colcon_core.environment:create_file_with_runtime_dependencies(/home/f1tt3/f1tenth-t3/ros2_ws/install/racer_bringup/share/colcon-core/packages/racer_bringup)
[4.799s] DEBUG:colcon.colcon_parallel_executor.executor.parallel:closing loop
[4.800s] DEBUG:colcon.colcon_parallel_executor.executor.parallel:loop closed
[4.800s] DEBUG:colcon.colcon_parallel_executor.executor.parallel:run_until_complete finished with '0'
[4.800s] DEBUG:colcon.colcon_core.event_reactor:joining thread
[4.818s] INFO:colcon.colcon_core.plugin_system:Skipping extension 'colcon_notification.desktop_notification.terminal_notifier': Not used on non-Darwin systems
[4.818s] INFO:colcon.colcon_core.plugin_system:Skipping extension 'colcon_notification.desktop_notification.win32': Not used on non-Windows systems
[4.819s] INFO:colcon.colcon_notification.desktop_notification:Sending desktop notification using 'notify2'
[4.869s] DEBUG:colcon.colcon_core.event_reactor:joined thread
[4.870s] INFO:colcon.colcon_core.shell:Creating prefix script '/home/f1tt3/f1tenth-t3/ros2_ws/install/local_setup.ps1'
[4.873s] INFO:colcon.colcon_core.shell:Creating prefix util module '/home/f1tt3/f1tenth-t3/ros2_ws/install/_local_setup_util_ps1.py'
[4.877s] INFO:colcon.colcon_core.shell:Creating prefix chain script '/home/f1tt3/f1tenth-t3/ros2_ws/install/setup.ps1'
[4.881s] INFO:colcon.colcon_core.shell:Creating prefix script '/home/f1tt3/f1tenth-t3/ros2_ws/install/local_setup.sh'
[4.882s] INFO:colcon.colcon_core.shell:Creating prefix util module '/home/f1tt3/f1tenth-t3/ros2_ws/install/_local_setup_util_sh.py'
[4.883s] INFO:colcon.colcon_core.shell:Creating prefix chain script '/home/f1tt3/f1tenth-t3/ros2_ws/install/setup.sh'
[4.886s] INFO:colcon.colcon_core.shell:Creating prefix script '/home/f1tt3/f1tenth-t3/ros2_ws/install/local_setup.bash'
[4.887s] INFO:colcon.colcon_core.shell:Creating prefix chain script '/home/f1tt3/f1tenth-t3/ros2_ws/install/setup.bash'
[4.890s] INFO:colcon.colcon_core.shell:Creating prefix script '/home/f1tt3/f1tenth-t3/ros2_ws/install/local_setup.zsh'
[4.892s] INFO:colcon.colcon_core.shell:Creating prefix chain script '/home/f1tt3/f1tenth-t3/ros2_ws/install/setup.zsh'
