[0.007s] Invoking command in '/home/erk/f1tenth-t3/ros2_ws/build/car_control': CMAKE_PREFIX_PATH=/home/erk/f1tenth-t3/ros2_ws/install/drive_msgs LD_LIBRARY_PATH=/home/erk/f1tenth-t3/ros2_ws/install/drive_msgs/lib:${LD_LIBRARY_PATH} PKG_CONFIG_PATH=/home/erk/f1tenth-t3/ros2_ws/install/drive_msgs/lib/x86_64-linux-gnu/pkgconfig:/home/erk/f1tenth-t3/ros2_ws/install/drive_msgs/lib/pkgconfig PYTHONPATH=/home/erk/f1tenth-t3/ros2_ws/install/drive_msgs/local/lib/python3.10/dist-packages:${PYTHONPATH} ROS_PACKAGE_PATH=/home/erk/f1tenth-t3/ros2_ws/install/drive_msgs/share /usr/bin/cmake --build /home/erk/f1tenth-t3/ros2_ws/build/car_control -- -j12 -l12
[0.035s] [35m[1mConsolidate compiler generated dependencies of target car_controller[0m
[0.045s] [ 60%] Built target drive_parameters_multiplexer
[0.048s] [100%] Built target car_controller
[0.184s] Invoked command in '/home/erk/f1tenth-t3/ros2_ws/build/car_control' returned '0': CMAKE_PREFIX_PATH=/home/erk/f1tenth-t3/ros2_ws/install/drive_msgs LD_LIBRARY_PATH=/home/erk/f1tenth-t3/ros2_ws/install/drive_msgs/lib:${LD_LIBRARY_PATH} PKG_CONFIG_PATH=/home/erk/f1tenth-t3/ros2_ws/install/drive_msgs/lib/x86_64-linux-gnu/pkgconfig:/home/erk/f1tenth-t3/ros2_ws/install/drive_msgs/lib/pkgconfig PYTHONPATH=/home/erk/f1tenth-t3/ros2_ws/install/drive_msgs/local/lib/python3.10/dist-packages:${PYTHONPATH} ROS_PACKAGE_PATH=/home/erk/f1tenth-t3/ros2_ws/install/drive_msgs/share /usr/bin/cmake --build /home/erk/f1tenth-t3/ros2_ws/build/car_control -- -j12 -l12
[0.186s] Invoking command in '/home/erk/f1tenth-t3/ros2_ws/build/car_control': CMAKE_PREFIX_PATH=/home/erk/f1tenth-t3/ros2_ws/install/drive_msgs LD_LIBRARY_PATH=/home/erk/f1tenth-t3/ros2_ws/install/drive_msgs/lib:${LD_LIBRARY_PATH} PKG_CONFIG_PATH=/home/erk/f1tenth-t3/ros2_ws/install/drive_msgs/lib/x86_64-linux-gnu/pkgconfig:/home/erk/f1tenth-t3/ros2_ws/install/drive_msgs/lib/pkgconfig PYTHONPATH=/home/erk/f1tenth-t3/ros2_ws/install/drive_msgs/local/lib/python3.10/dist-packages:${PYTHONPATH} ROS_PACKAGE_PATH=/home/erk/f1tenth-t3/ros2_ws/install/drive_msgs/share /usr/bin/cmake --install /home/erk/f1tenth-t3/ros2_ws/build/car_control
[0.191s] -- Install configuration: ""
[0.191s] -- Up-to-date: /home/erk/f1tenth-t3/ros2_ws/install/car_control/lib/car_control/drive_parameters_multiplexer
[0.191s] -- Up-to-date: /home/erk/f1tenth-t3/ros2_ws/install/car_control/lib/car_control/car_controller
[0.191s] -- Up-to-date: /home/erk/f1tenth-t3/ros2_ws/install/car_control/include/
[0.192s] -- Up-to-date: /home/erk/f1tenth-t3/ros2_ws/install/car_control/include//car_control
[0.192s] -- Up-to-date: /home/erk/f1tenth-t3/ros2_ws/install/car_control/include//car_control/car_config.hpp
[0.192s] -- Up-to-date: /home/erk/f1tenth-t3/ros2_ws/install/car_control/include//car_control/drive_mode.hpp
[0.192s] -- Up-to-date: /home/erk/f1tenth-t3/ros2_ws/install/car_control/include//car_control/drive_parameters_source.hpp
[0.192s] -- Up-to-date: /home/erk/f1tenth-t3/ros2_ws/install/car_control/include//car_control/car_controller.hpp
[0.192s] -- Up-to-date: /home/erk/f1tenth-t3/ros2_ws/install/car_control/include//car_control/drive_parameters_multiplexer.hpp
[0.192s] -- Up-to-date: /home/erk/f1tenth-t3/ros2_ws/install/car_control/share/ament_index/resource_index/package_run_dependencies/car_control
[0.192s] -- Up-to-date: /home/erk/f1tenth-t3/ros2_ws/install/car_control/share/ament_index/resource_index/parent_prefix_path/car_control
[0.192s] -- Up-to-date: /home/erk/f1tenth-t3/ros2_ws/install/car_control/share/car_control/environment/ament_prefix_path.sh
[0.192s] -- Up-to-date: /home/erk/f1tenth-t3/ros2_ws/install/car_control/share/car_control/environment/ament_prefix_path.dsv
[0.192s] -- Up-to-date: /home/erk/f1tenth-t3/ros2_ws/install/car_control/share/car_control/environment/path.sh
[0.192s] -- Up-to-date: /home/erk/f1tenth-t3/ros2_ws/install/car_control/share/car_control/environment/path.dsv
[0.192s] -- Up-to-date: /home/erk/f1tenth-t3/ros2_ws/install/car_control/share/car_control/local_setup.bash
[0.192s] -- Up-to-date: /home/erk/f1tenth-t3/ros2_ws/install/car_control/share/car_control/local_setup.sh
[0.192s] -- Up-to-date: /home/erk/f1tenth-t3/ros2_ws/install/car_control/share/car_control/local_setup.zsh
[0.192s] -- Up-to-date: /home/erk/f1tenth-t3/ros2_ws/install/car_control/share/car_control/local_setup.dsv
[0.192s] -- Installing: /home/erk/f1tenth-t3/ros2_ws/install/car_control/share/car_control/package.dsv
[0.192s] -- Up-to-date: /home/erk/f1tenth-t3/ros2_ws/install/car_control/share/ament_index/resource_index/packages/car_control
[0.192s] -- Up-to-date: /home/erk/f1tenth-t3/ros2_ws/install/car_control/share/car_control/cmake/car_controlConfig.cmake
[0.193s] -- Up-to-date: /home/erk/f1tenth-t3/ros2_ws/install/car_control/share/car_control/cmake/car_controlConfig-version.cmake
[0.193s] -- Up-to-date: /home/erk/f1tenth-t3/ros2_ws/install/car_control/share/car_control/package.xml
[0.193s] Invoked command in '/home/erk/f1tenth-t3/ros2_ws/build/car_control' returned '0': CMAKE_PREFIX_PATH=/home/erk/f1tenth-t3/ros2_ws/install/drive_msgs LD_LIBRARY_PATH=/home/erk/f1tenth-t3/ros2_ws/install/drive_msgs/lib:${LD_LIBRARY_PATH} PKG_CONFIG_PATH=/home/erk/f1tenth-t3/ros2_ws/install/drive_msgs/lib/x86_64-linux-gnu/pkgconfig:/home/erk/f1tenth-t3/ros2_ws/install/drive_msgs/lib/pkgconfig PYTHONPATH=/home/erk/f1tenth-t3/ros2_ws/install/drive_msgs/local/lib/python3.10/dist-packages:${PYTHONPATH} ROS_PACKAGE_PATH=/home/erk/f1tenth-t3/ros2_ws/install/drive_msgs/share /usr/bin/cmake --install /home/erk/f1tenth-t3/ros2_ws/build/car_control
