[1.508s] Invoking command in '/home/f1tt3/f1tenth-t3/ros2_ws/src/wallfollowing2': CMAKE_PREFIX_PATH=/home/f1tt3/f1tenth-t3/ros2_ws/install/drive_msgs:/home/f1tt3/f1tenth-t3/ros2_ws/install/car_control PKG_CONFIG_PATH=/home/f1tt3/f1tenth-t3/ros2_ws/install/drive_msgs/lib/aarch64-linux-gnu/pkgconfig:/home/f1tt3/f1tenth-t3/ros2_ws/install/drive_msgs/lib/pkgconfig:/home/f1tt3/f1tenth-t3/ros2_ws/install/car_control/lib/aarch64-linux-gnu/pkgconfig:/home/f1tt3/f1tenth-t3/ros2_ws/install/car_control/lib/x86_64-linux-gnu/pkgconfig:/home/f1tt3/f1tenth-t3/ros2_ws/install/car_control/lib/pkgconfig:/home/f1tt3/f1tenth-t3/ros2_ws/install/drive_msgs/lib/x86_64-linux-gnu/pkgconfig PYTHONPATH=/home/f1tt3/f1tenth-t3/ros2_ws/build/wallfollowing2/prefix_override:/usr/lib/python3/dist-packages/colcon_core/task/python/colcon_distutils_commands:/home/f1tt3/f1tenth-t3/ros2_ws/install/wallfollowing2/lib/python3.10/site-packages:/home/f1tt3/f1tenth-t3/ros2_ws/install/drive_msgs/local/lib/python3.10/dist-packages:/home/f1tt3/f1tenth-t3/ros2_ws/install/racer_bringup/lib/python3.10/site-packages:/home/f1tt3/f1tenth-t3/ros2_ws/install/wallfollowing2/lib/python3.10/site-packages:/opt/ros/humble/lib/python3.10/site-packages:/opt/ros/humble/local/lib/python3.10/dist-packages ROS_PACKAGE_PATH=/home/f1tt3/f1tenth-t3/ros2_ws/install/drive_msgs/share:/home/f1tt3/f1tenth-t3/ros2_ws/install/car_control/share /usr/bin/python3 -W ignore:setup.py install is deprecated -W ignore:easy_install command is deprecated setup.py egg_info --egg-base ../../build/wallfollowing2 build --build-base /home/f1tt3/f1tenth-t3/ros2_ws/build/wallfollowing2/build install --record /home/f1tt3/f1tenth-t3/ros2_ws/build/wallfollowing2/install.log --single-version-externally-managed install_data
[2.072s] running egg_info
[2.074s] writing ../../build/wallfollowing2/wallfollowing2.egg-info/PKG-INFO
[2.074s] writing dependency_links to ../../build/wallfollowing2/wallfollowing2.egg-info/dependency_links.txt
[2.076s] writing entry points to ../../build/wallfollowing2/wallfollowing2.egg-info/entry_points.txt
[2.076s] writing requirements to ../../build/wallfollowing2/wallfollowing2.egg-info/requires.txt
[2.077s] writing top-level names to ../../build/wallfollowing2/wallfollowing2.egg-info/top_level.txt
[2.079s] reading manifest file '../../build/wallfollowing2/wallfollowing2.egg-info/SOURCES.txt'
[2.081s] writing manifest file '../../build/wallfollowing2/wallfollowing2.egg-info/SOURCES.txt'
[2.081s] running build
[2.081s] running build_py
[2.082s] running install
[2.083s] running install_lib
[2.090s] running install_data
[2.093s] running install_egg_info
[2.094s] removing '/home/f1tt3/f1tenth-t3/ros2_ws/install/wallfollowing2/lib/python3.10/site-packages/wallfollowing2-0.1.0-py3.10.egg-info' (and everything under it)
[2.094s] Copying ../../build/wallfollowing2/wallfollowing2.egg-info to /home/f1tt3/f1tenth-t3/ros2_ws/install/wallfollowing2/lib/python3.10/site-packages/wallfollowing2-0.1.0-py3.10.egg-info
[2.096s] running install_scripts
[2.135s] Installing follow_the_gap_node script to /home/f1tt3/f1tenth-t3/ros2_ws/install/wallfollowing2/lib/wallfollowing2
[2.135s] Installing scan_stop_reverse_test_node script to /home/f1tt3/f1tenth-t3/ros2_ws/install/wallfollowing2/lib/wallfollowing2
[2.136s] Installing wallfollowing_node script to /home/f1tt3/f1tenth-t3/ros2_ws/install/wallfollowing2/lib/wallfollowing2
[2.136s] writing list of installed files to '/home/f1tt3/f1tenth-t3/ros2_ws/build/wallfollowing2/install.log'
[2.210s] Invoked command in '/home/f1tt3/f1tenth-t3/ros2_ws/src/wallfollowing2' returned '0': CMAKE_PREFIX_PATH=/home/f1tt3/f1tenth-t3/ros2_ws/install/drive_msgs:/home/f1tt3/f1tenth-t3/ros2_ws/install/car_control PKG_CONFIG_PATH=/home/f1tt3/f1tenth-t3/ros2_ws/install/drive_msgs/lib/aarch64-linux-gnu/pkgconfig:/home/f1tt3/f1tenth-t3/ros2_ws/install/drive_msgs/lib/pkgconfig:/home/f1tt3/f1tenth-t3/ros2_ws/install/car_control/lib/aarch64-linux-gnu/pkgconfig:/home/f1tt3/f1tenth-t3/ros2_ws/install/car_control/lib/x86_64-linux-gnu/pkgconfig:/home/f1tt3/f1tenth-t3/ros2_ws/install/car_control/lib/pkgconfig:/home/f1tt3/f1tenth-t3/ros2_ws/install/drive_msgs/lib/x86_64-linux-gnu/pkgconfig PYTHONPATH=/home/f1tt3/f1tenth-t3/ros2_ws/build/wallfollowing2/prefix_override:/usr/lib/python3/dist-packages/colcon_core/task/python/colcon_distutils_commands:/home/f1tt3/f1tenth-t3/ros2_ws/install/wallfollowing2/lib/python3.10/site-packages:/home/f1tt3/f1tenth-t3/ros2_ws/install/drive_msgs/local/lib/python3.10/dist-packages:/home/f1tt3/f1tenth-t3/ros2_ws/install/racer_bringup/lib/python3.10/site-packages:/home/f1tt3/f1tenth-t3/ros2_ws/install/wallfollowing2/lib/python3.10/site-packages:/opt/ros/humble/lib/python3.10/site-packages:/opt/ros/humble/local/lib/python3.10/dist-packages ROS_PACKAGE_PATH=/home/f1tt3/f1tenth-t3/ros2_ws/install/drive_msgs/share:/home/f1tt3/f1tenth-t3/ros2_ws/install/car_control/share /usr/bin/python3 -W ignore:setup.py install is deprecated -W ignore:easy_install command is deprecated setup.py egg_info --egg-base ../../build/wallfollowing2 build --build-base /home/f1tt3/f1tenth-t3/ros2_ws/build/wallfollowing2/build install --record /home/f1tt3/f1tenth-t3/ros2_ws/build/wallfollowing2/install.log --single-version-externally-managed install_data
