[0.027s] Invoking command in '/home/f1tt3/f1tenth-t3/ros2_ws/build/drive_msgs': /usr/bin/cmake --build /home/f1tt3/f1tenth-t3/ros2_ws/build/drive_msgs -- -j6 -l6
[0.151s] [  9%] Built target drive_msgs__rosidl_generator_c
[0.176s] [ 12%] Built target drive_msgs__cpp
[0.197s] [ 12%] Built target ament_cmake_python_copy_drive_msgs
[0.237s] [ 22%] Built target drive_msgs__rosidl_typesupport_c
[0.244s] [ 32%] Built target drive_msgs__rosidl_typesupport_fastrtps_c
[0.261s] [ 41%] Built target drive_msgs__rosidl_typesupport_introspection_c
[0.291s] [ 51%] Built target drive_msgs__rosidl_typesupport_fastrtps_cpp
[0.316s] [ 61%] Built target drive_msgs__rosidl_typesupport_introspection_cpp
[0.354s] [ 70%] Built target drive_msgs__rosidl_typesupport_cpp
[0.401s] [ 70%] Built target drive_msgs
[0.439s] [ 74%] Built target drive_msgs__py
[0.483s] [ 80%] Built target drive_msgs__rosidl_generator_py
[0.532s] [ 90%] Built target drive_msgs__rosidl_typesupport_introspection_c__pyext
[0.532s] [ 93%] Built target drive_msgs__rosidl_typesupport_c__pyext
[0.532s] [100%] Built target drive_msgs__rosidl_typesupport_fastrtps_c__pyext
[0.824s] running egg_info
[0.826s] writing drive_msgs.egg-info/PKG-INFO
[0.826s] writing dependency_links to drive_msgs.egg-info/dependency_links.txt
[0.826s] writing top-level names to drive_msgs.egg-info/top_level.txt
[0.831s] reading manifest file 'drive_msgs.egg-info/SOURCES.txt'
[0.833s] writing manifest file 'drive_msgs.egg-info/SOURCES.txt'
[0.904s] [100%] Built target ament_cmake_python_build_drive_msgs_egg
[0.934s] Invoked command in '/home/f1tt3/f1tenth-t3/ros2_ws/build/drive_msgs' returned '0': /usr/bin/cmake --build /home/f1tt3/f1tenth-t3/ros2_ws/build/drive_msgs -- -j6 -l6
[0.961s] Invoking command in '/home/f1tt3/f1tenth-t3/ros2_ws/build/drive_msgs': /usr/bin/cmake --install /home/f1tt3/f1tenth-t3/ros2_ws/build/drive_msgs
[0.977s] -- Install configuration: ""
[0.983s] -- Up-to-date: /home/f1tt3/f1tenth-t3/ros2_ws/install/drive_msgs/share/ament_index/resource_index/rosidl_interfaces/drive_msgs
[0.984s] -- Up-to-date: /home/f1tt3/f1tenth-t3/ros2_ws/install/drive_msgs/include/drive_msgs/drive_msgs
[0.984s] -- Up-to-date: /home/f1tt3/f1tenth-t3/ros2_ws/install/drive_msgs/include/drive_msgs/drive_msgs/msg
[0.984s] -- Up-to-date: /home/f1tt3/f1tenth-t3/ros2_ws/install/drive_msgs/include/drive_msgs/drive_msgs/msg/rosidl_generator_c__visibility_control.h
[0.985s] -- Up-to-date: /home/f1tt3/f1tenth-t3/ros2_ws/install/drive_msgs/include/drive_msgs/drive_msgs/msg/drive_param.h
[0.986s] -- Up-to-date: /home/f1tt3/f1tenth-t3/ros2_ws/install/drive_msgs/include/drive_msgs/drive_msgs/msg/detail
[0.986s] -- Up-to-date: /home/f1tt3/f1tenth-t3/ros2_ws/install/drive_msgs/include/drive_msgs/drive_msgs/msg/detail/drive_param__struct.h
[0.986s] -- Up-to-date: /home/f1tt3/f1tenth-t3/ros2_ws/install/drive_msgs/include/drive_msgs/drive_msgs/msg/detail/drive_param__functions.c
[0.987s] -- Up-to-date: /home/f1tt3/f1tenth-t3/ros2_ws/install/drive_msgs/include/drive_msgs/drive_msgs/msg/detail/drive_param__functions.h
[0.987s] -- Up-to-date: /home/f1tt3/f1tenth-t3/ros2_ws/install/drive_msgs/include/drive_msgs/drive_msgs/msg/detail/drive_param__type_support.h
[0.987s] -- Up-to-date: /home/f1tt3/f1tenth-t3/ros2_ws/install/drive_msgs/share/drive_msgs/environment/library_path.sh
[0.987s] -- Up-to-date: /home/f1tt3/f1tenth-t3/ros2_ws/install/drive_msgs/share/drive_msgs/environment/library_path.dsv
[0.987s] -- Up-to-date: /home/f1tt3/f1tenth-t3/ros2_ws/install/drive_msgs/lib/libdrive_msgs__rosidl_generator_c.so
[0.988s] -- Up-to-date: /home/f1tt3/f1tenth-t3/ros2_ws/install/drive_msgs/include/drive_msgs/drive_msgs
[0.988s] -- Up-to-date: /home/f1tt3/f1tenth-t3/ros2_ws/install/drive_msgs/include/drive_msgs/drive_msgs/msg
[0.988s] -- Up-to-date: /home/f1tt3/f1tenth-t3/ros2_ws/install/drive_msgs/include/drive_msgs/drive_msgs/msg/rosidl_typesupport_fastrtps_c__visibility_control.h
[0.988s] -- Up-to-date: /home/f1tt3/f1tenth-t3/ros2_ws/install/drive_msgs/include/drive_msgs/drive_msgs/msg/detail
[0.989s] -- Up-to-date: /home/f1tt3/f1tenth-t3/ros2_ws/install/drive_msgs/include/drive_msgs/drive_msgs/msg/detail/drive_param__rosidl_typesupport_fastrtps_c.h
[0.989s] -- Up-to-date: /home/f1tt3/f1tenth-t3/ros2_ws/install/drive_msgs/lib/libdrive_msgs__rosidl_typesupport_fastrtps_c.so
[0.989s] -- Up-to-date: /home/f1tt3/f1tenth-t3/ros2_ws/install/drive_msgs/include/drive_msgs/drive_msgs
[0.989s] -- Up-to-date: /home/f1tt3/f1tenth-t3/ros2_ws/install/drive_msgs/include/drive_msgs/drive_msgs/msg
[0.992s] -- Up-to-date: /home/f1tt3/f1tenth-t3/ros2_ws/install/drive_msgs/include/drive_msgs/drive_msgs/msg/rosidl_typesupport_introspection_c__visibility_control.h
[0.992s] -- Up-to-date: /home/f1tt3/f1tenth-t3/ros2_ws/install/drive_msgs/include/drive_msgs/drive_msgs/msg/detail
[0.994s] -- Up-to-date: /home/f1tt3/f1tenth-t3/ros2_ws/install/drive_msgs/include/drive_msgs/drive_msgs/msg/detail/drive_param__rosidl_typesupport_introspection_c.h
[0.994s] -- Up-to-date: /home/f1tt3/f1tenth-t3/ros2_ws/install/drive_msgs/include/drive_msgs/drive_msgs/msg/detail/drive_param__type_support.c
[0.994s] -- Up-to-date: /home/f1tt3/f1tenth-t3/ros2_ws/install/drive_msgs/lib/libdrive_msgs__rosidl_typesupport_introspection_c.so
[0.995s] -- Up-to-date: /home/f1tt3/f1tenth-t3/ros2_ws/install/drive_msgs/lib/libdrive_msgs__rosidl_typesupport_c.so
[0.995s] -- Up-to-date: /home/f1tt3/f1tenth-t3/ros2_ws/install/drive_msgs/include/drive_msgs/drive_msgs
[0.995s] -- Up-to-date: /home/f1tt3/f1tenth-t3/ros2_ws/install/drive_msgs/include/drive_msgs/drive_msgs/msg
[0.995s] -- Up-to-date: /home/f1tt3/f1tenth-t3/ros2_ws/install/drive_msgs/include/drive_msgs/drive_msgs/msg/rosidl_generator_cpp__visibility_control.hpp
[0.996s] -- Up-to-date: /home/f1tt3/f1tenth-t3/ros2_ws/install/drive_msgs/include/drive_msgs/drive_msgs/msg/detail
[0.996s] -- Up-to-date: /home/f1tt3/f1tenth-t3/ros2_ws/install/drive_msgs/include/drive_msgs/drive_msgs/msg/detail/drive_param__builder.hpp
[0.996s] -- Up-to-date: /home/f1tt3/f1tenth-t3/ros2_ws/install/drive_msgs/include/drive_msgs/drive_msgs/msg/detail/drive_param__traits.hpp
[0.996s] -- Up-to-date: /home/f1tt3/f1tenth-t3/ros2_ws/install/drive_msgs/include/drive_msgs/drive_msgs/msg/detail/drive_param__type_support.hpp
[0.997s] -- Up-to-date: /home/f1tt3/f1tenth-t3/ros2_ws/install/drive_msgs/include/drive_msgs/drive_msgs/msg/detail/drive_param__struct.hpp
[0.997s] -- Up-to-date: /home/f1tt3/f1tenth-t3/ros2_ws/install/drive_msgs/include/drive_msgs/drive_msgs/msg/drive_param.hpp
[0.997s] -- Up-to-date: /home/f1tt3/f1tenth-t3/ros2_ws/install/drive_msgs/include/drive_msgs/drive_msgs
[0.997s] -- Up-to-date: /home/f1tt3/f1tenth-t3/ros2_ws/install/drive_msgs/include/drive_msgs/drive_msgs/msg
[0.999s] -- Up-to-date: /home/f1tt3/f1tenth-t3/ros2_ws/install/drive_msgs/include/drive_msgs/drive_msgs/msg/rosidl_typesupport_fastrtps_cpp__visibility_control.h
[0.999s] -- Up-to-date: /home/f1tt3/f1tenth-t3/ros2_ws/install/drive_msgs/include/drive_msgs/drive_msgs/msg/detail
[0.999s] -- Up-to-date: /home/f1tt3/f1tenth-t3/ros2_ws/install/drive_msgs/include/drive_msgs/drive_msgs/msg/detail/drive_param__rosidl_typesupport_fastrtps_cpp.hpp
[0.999s] -- Up-to-date: /home/f1tt3/f1tenth-t3/ros2_ws/install/drive_msgs/include/drive_msgs/drive_msgs/msg/detail/dds_fastrtps
[1.000s] -- Up-to-date: /home/f1tt3/f1tenth-t3/ros2_ws/install/drive_msgs/lib/libdrive_msgs__rosidl_typesupport_fastrtps_cpp.so
[1.000s] -- Up-to-date: /home/f1tt3/f1tenth-t3/ros2_ws/install/drive_msgs/include/drive_msgs/drive_msgs
[1.000s] -- Up-to-date: /home/f1tt3/f1tenth-t3/ros2_ws/install/drive_msgs/include/drive_msgs/drive_msgs/msg
[1.000s] -- Up-to-date: /home/f1tt3/f1tenth-t3/ros2_ws/install/drive_msgs/include/drive_msgs/drive_msgs/msg/detail
[1.000s] -- Up-to-date: /home/f1tt3/f1tenth-t3/ros2_ws/install/drive_msgs/include/drive_msgs/drive_msgs/msg/detail/drive_param__rosidl_typesupport_introspection_cpp.hpp
[1.000s] -- Up-to-date: /home/f1tt3/f1tenth-t3/ros2_ws/install/drive_msgs/include/drive_msgs/drive_msgs/msg/detail/drive_param__type_support.cpp
[1.000s] -- Up-to-date: /home/f1tt3/f1tenth-t3/ros2_ws/install/drive_msgs/lib/libdrive_msgs__rosidl_typesupport_introspection_cpp.so
[1.001s] -- Up-to-date: /home/f1tt3/f1tenth-t3/ros2_ws/install/drive_msgs/lib/libdrive_msgs__rosidl_typesupport_cpp.so
[1.001s] -- Up-to-date: /home/f1tt3/f1tenth-t3/ros2_ws/install/drive_msgs/share/drive_msgs/environment/pythonpath.sh
[1.001s] -- Up-to-date: /home/f1tt3/f1tenth-t3/ros2_ws/install/drive_msgs/share/drive_msgs/environment/pythonpath.dsv
[1.001s] -- Up-to-date: /home/f1tt3/f1tenth-t3/ros2_ws/install/drive_msgs/local/lib/python3.10/dist-packages/drive_msgs-0.1.0-py3.10.egg-info
[1.001s] -- Installing: /home/f1tt3/f1tenth-t3/ros2_ws/install/drive_msgs/local/lib/python3.10/dist-packages/drive_msgs-0.1.0-py3.10.egg-info/SOURCES.txt
[1.002s] -- Installing: /home/f1tt3/f1tenth-t3/ros2_ws/install/drive_msgs/local/lib/python3.10/dist-packages/drive_msgs-0.1.0-py3.10.egg-info/dependency_links.txt
[1.002s] -- Installing: /home/f1tt3/f1tenth-t3/ros2_ws/install/drive_msgs/local/lib/python3.10/dist-packages/drive_msgs-0.1.0-py3.10.egg-info/PKG-INFO
[1.002s] -- Installing: /home/f1tt3/f1tenth-t3/ros2_ws/install/drive_msgs/local/lib/python3.10/dist-packages/drive_msgs-0.1.0-py3.10.egg-info/top_level.txt
[1.002s] -- Up-to-date: /home/f1tt3/f1tenth-t3/ros2_ws/install/drive_msgs/local/lib/python3.10/dist-packages/drive_msgs
[1.002s] -- Up-to-date: /home/f1tt3/f1tenth-t3/ros2_ws/install/drive_msgs/local/lib/python3.10/dist-packages/drive_msgs/drive_msgs_s__rosidl_typesupport_c.cpython-310-aarch64-linux-gnu.so
[1.002s] -- Up-to-date: /home/f1tt3/f1tenth-t3/ros2_ws/install/drive_msgs/local/lib/python3.10/dist-packages/drive_msgs/drive_msgs_s__rosidl_typesupport_introspection_c.cpython-310-aarch64-linux-gnu.so
[1.003s] -- Up-to-date: /home/f1tt3/f1tenth-t3/ros2_ws/install/drive_msgs/local/lib/python3.10/dist-packages/drive_msgs/drive_msgs_s__rosidl_typesupport_fastrtps_c.cpython-310-aarch64-linux-gnu.so
[1.003s] -- Up-to-date: /home/f1tt3/f1tenth-t3/ros2_ws/install/drive_msgs/local/lib/python3.10/dist-packages/drive_msgs/_drive_msgs_s.ep.rosidl_typesupport_introspection_c.c
[1.003s] -- Up-to-date: /home/f1tt3/f1tenth-t3/ros2_ws/install/drive_msgs/local/lib/python3.10/dist-packages/drive_msgs/libdrive_msgs__rosidl_generator_py.so
[1.003s] -- Up-to-date: /home/f1tt3/f1tenth-t3/ros2_ws/install/drive_msgs/local/lib/python3.10/dist-packages/drive_msgs/_drive_msgs_s.ep.rosidl_typesupport_fastrtps_c.c
[1.003s] -- Up-to-date: /home/f1tt3/f1tenth-t3/ros2_ws/install/drive_msgs/local/lib/python3.10/dist-packages/drive_msgs/_drive_msgs_s.ep.rosidl_typesupport_c.c
[1.003s] -- Up-to-date: /home/f1tt3/f1tenth-t3/ros2_ws/install/drive_msgs/local/lib/python3.10/dist-packages/drive_msgs/__init__.py
[1.004s] -- Up-to-date: /home/f1tt3/f1tenth-t3/ros2_ws/install/drive_msgs/local/lib/python3.10/dist-packages/drive_msgs/msg
[1.004s] -- Up-to-date: /home/f1tt3/f1tenth-t3/ros2_ws/install/drive_msgs/local/lib/python3.10/dist-packages/drive_msgs/msg/_drive_param_s.c
[1.004s] -- Up-to-date: /home/f1tt3/f1tenth-t3/ros2_ws/install/drive_msgs/local/lib/python3.10/dist-packages/drive_msgs/msg/_drive_param.py
[1.004s] -- Up-to-date: /home/f1tt3/f1tenth-t3/ros2_ws/install/drive_msgs/local/lib/python3.10/dist-packages/drive_msgs/msg/__init__.py
[1.054s] Listing '/home/f1tt3/f1tenth-t3/ros2_ws/install/drive_msgs/local/lib/python3.10/dist-packages/drive_msgs'...
[1.055s] Listing '/home/f1tt3/f1tenth-t3/ros2_ws/install/drive_msgs/local/lib/python3.10/dist-packages/drive_msgs/msg'...
[1.067s] -- Up-to-date: /home/f1tt3/f1tenth-t3/ros2_ws/install/drive_msgs/local/lib/python3.10/dist-packages/drive_msgs/drive_msgs_s__rosidl_typesupport_fastrtps_c.cpython-310-aarch64-linux-gnu.so
[1.068s] -- Up-to-date: /home/f1tt3/f1tenth-t3/ros2_ws/install/drive_msgs/local/lib/python3.10/dist-packages/drive_msgs/drive_msgs_s__rosidl_typesupport_introspection_c.cpython-310-aarch64-linux-gnu.so
[1.068s] -- Up-to-date: /home/f1tt3/f1tenth-t3/ros2_ws/install/drive_msgs/local/lib/python3.10/dist-packages/drive_msgs/drive_msgs_s__rosidl_typesupport_c.cpython-310-aarch64-linux-gnu.so
[1.068s] -- Up-to-date: /home/f1tt3/f1tenth-t3/ros2_ws/install/drive_msgs/lib/libdrive_msgs__rosidl_generator_py.so
[1.068s] -- Up-to-date: /home/f1tt3/f1tenth-t3/ros2_ws/install/drive_msgs/share/drive_msgs/msg/DriveParam.idl
[1.069s] -- Up-to-date: /home/f1tt3/f1tenth-t3/ros2_ws/install/drive_msgs/share/drive_msgs/msg/DriveParam.msg
[1.069s] -- Up-to-date: /home/f1tt3/f1tenth-t3/ros2_ws/install/drive_msgs/share/ament_index/resource_index/package_run_dependencies/drive_msgs
[1.069s] -- Up-to-date: /home/f1tt3/f1tenth-t3/ros2_ws/install/drive_msgs/share/ament_index/resource_index/parent_prefix_path/drive_msgs
[1.069s] -- Up-to-date: /home/f1tt3/f1tenth-t3/ros2_ws/install/drive_msgs/share/drive_msgs/environment/ament_prefix_path.sh
[1.069s] -- Up-to-date: /home/f1tt3/f1tenth-t3/ros2_ws/install/drive_msgs/share/drive_msgs/environment/ament_prefix_path.dsv
[1.070s] -- Up-to-date: /home/f1tt3/f1tenth-t3/ros2_ws/install/drive_msgs/share/drive_msgs/environment/path.sh
[1.070s] -- Up-to-date: /home/f1tt3/f1tenth-t3/ros2_ws/install/drive_msgs/share/drive_msgs/environment/path.dsv
[1.070s] -- Up-to-date: /home/f1tt3/f1tenth-t3/ros2_ws/install/drive_msgs/share/drive_msgs/local_setup.bash
[1.070s] -- Up-to-date: /home/f1tt3/f1tenth-t3/ros2_ws/install/drive_msgs/share/drive_msgs/local_setup.sh
[1.070s] -- Up-to-date: /home/f1tt3/f1tenth-t3/ros2_ws/install/drive_msgs/share/drive_msgs/local_setup.zsh
[1.070s] -- Up-to-date: /home/f1tt3/f1tenth-t3/ros2_ws/install/drive_msgs/share/drive_msgs/local_setup.dsv
[1.071s] -- Installing: /home/f1tt3/f1tenth-t3/ros2_ws/install/drive_msgs/share/drive_msgs/package.dsv
[1.071s] -- Up-to-date: /home/f1tt3/f1tenth-t3/ros2_ws/install/drive_msgs/share/ament_index/resource_index/packages/drive_msgs
[1.071s] -- Up-to-date: /home/f1tt3/f1tenth-t3/ros2_ws/install/drive_msgs/share/drive_msgs/cmake/export_drive_msgs__rosidl_generator_cExport.cmake
[1.071s] -- Up-to-date: /home/f1tt3/f1tenth-t3/ros2_ws/install/drive_msgs/share/drive_msgs/cmake/export_drive_msgs__rosidl_generator_cExport-noconfig.cmake
[1.071s] -- Up-to-date: /home/f1tt3/f1tenth-t3/ros2_ws/install/drive_msgs/share/drive_msgs/cmake/export_drive_msgs__rosidl_typesupport_fastrtps_cExport.cmake
[1.071s] -- Up-to-date: /home/f1tt3/f1tenth-t3/ros2_ws/install/drive_msgs/share/drive_msgs/cmake/export_drive_msgs__rosidl_typesupport_fastrtps_cExport-noconfig.cmake
[1.072s] -- Up-to-date: /home/f1tt3/f1tenth-t3/ros2_ws/install/drive_msgs/share/drive_msgs/cmake/drive_msgs__rosidl_typesupport_introspection_cExport.cmake
[1.072s] -- Up-to-date: /home/f1tt3/f1tenth-t3/ros2_ws/install/drive_msgs/share/drive_msgs/cmake/drive_msgs__rosidl_typesupport_introspection_cExport-noconfig.cmake
[1.072s] -- Up-to-date: /home/f1tt3/f1tenth-t3/ros2_ws/install/drive_msgs/share/drive_msgs/cmake/drive_msgs__rosidl_typesupport_cExport.cmake
[1.072s] -- Up-to-date: /home/f1tt3/f1tenth-t3/ros2_ws/install/drive_msgs/share/drive_msgs/cmake/drive_msgs__rosidl_typesupport_cExport-noconfig.cmake
[1.072s] -- Up-to-date: /home/f1tt3/f1tenth-t3/ros2_ws/install/drive_msgs/share/drive_msgs/cmake/export_drive_msgs__rosidl_generator_cppExport.cmake
[1.072s] -- Up-to-date: /home/f1tt3/f1tenth-t3/ros2_ws/install/drive_msgs/share/drive_msgs/cmake/export_drive_msgs__rosidl_typesupport_fastrtps_cppExport.cmake
[1.073s] -- Up-to-date: /home/f1tt3/f1tenth-t3/ros2_ws/install/drive_msgs/share/drive_msgs/cmake/export_drive_msgs__rosidl_typesupport_fastrtps_cppExport-noconfig.cmake
[1.073s] -- Up-to-date: /home/f1tt3/f1tenth-t3/ros2_ws/install/drive_msgs/share/drive_msgs/cmake/drive_msgs__rosidl_typesupport_introspection_cppExport.cmake
[1.073s] -- Up-to-date: /home/f1tt3/f1tenth-t3/ros2_ws/install/drive_msgs/share/drive_msgs/cmake/drive_msgs__rosidl_typesupport_introspection_cppExport-noconfig.cmake
[1.073s] -- Up-to-date: /home/f1tt3/f1tenth-t3/ros2_ws/install/drive_msgs/share/drive_msgs/cmake/drive_msgs__rosidl_typesupport_cppExport.cmake
[1.073s] -- Up-to-date: /home/f1tt3/f1tenth-t3/ros2_ws/install/drive_msgs/share/drive_msgs/cmake/drive_msgs__rosidl_typesupport_cppExport-noconfig.cmake
[1.073s] -- Up-to-date: /home/f1tt3/f1tenth-t3/ros2_ws/install/drive_msgs/share/drive_msgs/cmake/export_drive_msgs__rosidl_generator_pyExport.cmake
[1.074s] -- Up-to-date: /home/f1tt3/f1tenth-t3/ros2_ws/install/drive_msgs/share/drive_msgs/cmake/export_drive_msgs__rosidl_generator_pyExport-noconfig.cmake
[1.074s] -- Up-to-date: /home/f1tt3/f1tenth-t3/ros2_ws/install/drive_msgs/share/drive_msgs/cmake/rosidl_cmake-extras.cmake
[1.074s] -- Up-to-date: /home/f1tt3/f1tenth-t3/ros2_ws/install/drive_msgs/share/drive_msgs/cmake/ament_cmake_export_include_directories-extras.cmake
[1.074s] -- Up-to-date: /home/f1tt3/f1tenth-t3/ros2_ws/install/drive_msgs/share/drive_msgs/cmake/ament_cmake_export_libraries-extras.cmake
[1.074s] -- Up-to-date: /home/f1tt3/f1tenth-t3/ros2_ws/install/drive_msgs/share/drive_msgs/cmake/ament_cmake_export_targets-extras.cmake
[1.074s] -- Up-to-date: /home/f1tt3/f1tenth-t3/ros2_ws/install/drive_msgs/share/drive_msgs/cmake/rosidl_cmake_export_typesupport_targets-extras.cmake
[1.074s] -- Up-to-date: /home/f1tt3/f1tenth-t3/ros2_ws/install/drive_msgs/share/drive_msgs/cmake/ament_cmake_export_dependencies-extras.cmake
[1.075s] -- Up-to-date: /home/f1tt3/f1tenth-t3/ros2_ws/install/drive_msgs/share/drive_msgs/cmake/rosidl_cmake_export_typesupport_libraries-extras.cmake
[1.075s] -- Up-to-date: /home/f1tt3/f1tenth-t3/ros2_ws/install/drive_msgs/share/drive_msgs/cmake/drive_msgsConfig.cmake
[1.075s] -- Up-to-date: /home/f1tt3/f1tenth-t3/ros2_ws/install/drive_msgs/share/drive_msgs/cmake/drive_msgsConfig-version.cmake
[1.075s] -- Up-to-date: /home/f1tt3/f1tenth-t3/ros2_ws/install/drive_msgs/share/drive_msgs/package.xml
[1.081s] Invoked command in '/home/f1tt3/f1tenth-t3/ros2_ws/build/drive_msgs' returned '0': /usr/bin/cmake --install /home/f1tt3/f1tenth-t3/ros2_ws/build/drive_msgs
