[0.009s] Invoking command in '/home/erk/f1tenth-t3/ros2_ws/build/drive_msgs': /usr/bin/cmake /home/erk/f1tenth-t3/ros2_ws/src/drive_msgs -DCATKIN_INSTALL_INTO_PREFIX_ROOT=0 -DCMAKE_INSTALL_PREFIX=/home/erk/f1tenth-t3/ros2_ws/install/drive_msgs
[0.068s] -- The C compiler identification is GNU 11.4.0
[0.120s] -- The CXX compiler identification is GNU 11.4.0
[0.128s] -- Detecting C compiler ABI info
[0.177s] -- Detecting C compiler ABI info - done
[0.185s] -- Check for working C compiler: /usr/bin/cc - skipped
[0.186s] -- Detecting C compile features
[0.186s] -- Detecting C compile features - done
[0.188s] -- Detecting CXX compiler ABI info
[0.247s] -- Detecting CXX compiler ABI info - done
[0.252s] -- Check for working CXX compiler: /usr/bin/c++ - skipped
[0.252s] -- Detecting CXX compile features
[0.253s] -- Detecting CXX compile features - done
[0.256s] -- Found ament_cmake: 1.3.12 (/opt/ros/humble/share/ament_cmake/cmake)
[0.361s] -- Found Python3: /usr/bin/python3 (found version "3.10.12") found components: Interpreter 
[0.439s] -- Found rosidl_default_generators: 1.2.0 (/opt/ros/humble/share/rosidl_default_generators/cmake)
[0.443s] -- Using all available rosidl_typesupport_c: rosidl_typesupport_fastrtps_c;rosidl_typesupport_introspection_c
[0.448s] -- Found rosidl_adapter: 3.1.8 (/opt/ros/humble/share/rosidl_adapter/cmake)
[0.487s] -- Using all available rosidl_typesupport_cpp: rosidl_typesupport_fastrtps_cpp;rosidl_typesupport_introspection_cpp
[0.679s] -- Found ament_cmake_ros: 0.10.0 (/opt/ros/humble/share/ament_cmake_ros/cmake)
[0.817s] -- Using all available rosidl_typesupport_c: rosidl_typesupport_fastrtps_c;rosidl_typesupport_introspection_c
[0.977s] -- Using all available rosidl_typesupport_cpp: rosidl_typesupport_fastrtps_cpp;rosidl_typesupport_introspection_cpp
[0.992s] -- Found PythonInterp: /usr/bin/python3 (found suitable version "3.10.12", minimum required is "3.6") 
[0.993s] -- Found python_cmake_module: 0.10.0 (/opt/ros/humble/share/python_cmake_module/cmake)
[1.011s] -- Found PythonLibs: /usr/lib/x86_64-linux-gnu/libpython3.10.so (found suitable version "3.10.12", minimum required is "3.5") 
[1.011s] -- Using PYTHON_EXECUTABLE: /usr/bin/python3
[1.011s] -- Using PYTHON_INCLUDE_DIRS: /usr/include/python3.10
[1.011s] -- Using PYTHON_LIBRARIES: /usr/lib/x86_64-linux-gnu/libpython3.10.so
[1.026s] -- Found PythonExtra: .so  
[1.053s] -- Configuring done
[1.074s] -- Generating done
[1.075s] [33mCMake Warning:
[1.075s]   Manually-specified variables were not used by the project:
[1.075s] 
[1.075s]     CATKIN_INSTALL_INTO_PREFIX_ROOT
[1.075s] 
[1.076s] [0m
[1.081s] -- Build files have been written to: /home/erk/f1tenth-t3/ros2_ws/build/drive_msgs
[1.085s] Invoked command in '/home/erk/f1tenth-t3/ros2_ws/build/drive_msgs' returned '0': /usr/bin/cmake /home/erk/f1tenth-t3/ros2_ws/src/drive_msgs -DCATKIN_INSTALL_INTO_PREFIX_ROOT=0 -DCMAKE_INSTALL_PREFIX=/home/erk/f1tenth-t3/ros2_ws/install/drive_msgs
[1.087s] Invoking command in '/home/erk/f1tenth-t3/ros2_ws/build/drive_msgs': /usr/bin/cmake --build /home/erk/f1tenth-t3/ros2_ws/build/drive_msgs -- -j12 -l12
[1.112s] [  3%] [34m[1mGenerating C code for ROS interfaces[0m
[1.118s] [  6%] [34m[1mGenerating C++ code for ROS interfaces[0m
[1.124s] [  6%] Built target ament_cmake_python_copy_drive_msgs
[1.308s] [  6%] Built target drive_msgs__cpp
[1.310s] [  9%] [32mBuilding C object CMakeFiles/drive_msgs__rosidl_generator_c.dir/rosidl_generator_c/drive_msgs/msg/detail/drive_param__functions.c.o[0m
[1.318s] [ 19%] [34m[1mGenerating C++ introspection for ROS interfaces[0m
[1.318s] [ 19%] [34m[1mGenerating C++ type support dispatch for ROS interfaces[0m
[1.318s] [ 19%] [34m[1mGenerating C++ type support for eProsima Fast-RTPS[0m
[1.321s] running egg_info
[1.321s] creating drive_msgs.egg-info
[1.322s] writing drive_msgs.egg-info/PKG-INFO
[1.322s] writing dependency_links to drive_msgs.egg-info/dependency_links.txt
[1.322s] writing top-level names to drive_msgs.egg-info/top_level.txt
[1.322s] writing manifest file 'drive_msgs.egg-info/SOURCES.txt'
[1.325s] reading manifest file 'drive_msgs.egg-info/SOURCES.txt'
[1.325s] writing manifest file 'drive_msgs.egg-info/SOURCES.txt'
[1.350s] [ 19%] Built target ament_cmake_python_build_drive_msgs_egg
[1.361s] [ 22%] [32m[1mLinking C shared library libdrive_msgs__rosidl_generator_c.so[0m
[1.388s] [ 22%] Built target drive_msgs__rosidl_generator_c
[1.395s] [ 25%] [34m[1mGenerating C type support for eProsima Fast-RTPS[0m
[1.395s] [ 29%] [34m[1mGenerating C type support dispatch for ROS interfaces[0m
[1.397s] [ 32%] [34m[1mGenerating C introspection for ROS interfaces[0m
[1.514s] [ 35%] [32mBuilding CXX object CMakeFiles/drive_msgs__rosidl_typesupport_cpp.dir/rosidl_typesupport_cpp/drive_msgs/msg/drive_param__type_support.cpp.o[0m
[1.521s] [ 38%] [32mBuilding CXX object CMakeFiles/drive_msgs__rosidl_typesupport_introspection_cpp.dir/rosidl_typesupport_introspection_cpp/drive_msgs/msg/detail/drive_param__type_support.cpp.o[0m
[1.536s] [ 41%] [32mBuilding CXX object CMakeFiles/drive_msgs__rosidl_typesupport_fastrtps_cpp.dir/rosidl_typesupport_fastrtps_cpp/drive_msgs/msg/detail/dds_fastrtps/drive_param__type_support.cpp.o[0m
[1.576s] [ 45%] [32mBuilding CXX object CMakeFiles/drive_msgs__rosidl_typesupport_c.dir/rosidl_typesupport_c/drive_msgs/msg/drive_param__type_support.cpp.o[0m
[1.593s] [ 48%] [32mBuilding C object CMakeFiles/drive_msgs__rosidl_typesupport_introspection_c.dir/rosidl_typesupport_introspection_c/drive_msgs/msg/detail/drive_param__type_support.c.o[0m
[1.599s] [ 51%] [32m[1mLinking CXX shared library libdrive_msgs__rosidl_typesupport_c.so[0m
[1.601s] [ 54%] [32mBuilding CXX object CMakeFiles/drive_msgs__rosidl_typesupport_fastrtps_c.dir/rosidl_typesupport_fastrtps_c/drive_msgs/msg/detail/drive_param__type_support_c.cpp.o[0m
[1.618s] [ 58%] [32m[1mLinking C shared library libdrive_msgs__rosidl_typesupport_introspection_c.so[0m
[1.629s] [ 58%] Built target drive_msgs__rosidl_typesupport_c
[1.640s] [ 58%] Built target drive_msgs__rosidl_typesupport_introspection_c
[1.711s] [ 61%] [32m[1mLinking CXX shared library libdrive_msgs__rosidl_typesupport_cpp.so[0m
[1.741s] [ 61%] Built target drive_msgs__rosidl_typesupport_cpp
[1.795s] [ 64%] [32m[1mLinking CXX shared library libdrive_msgs__rosidl_typesupport_introspection_cpp.so[0m
[1.817s] [ 67%] [32m[1mLinking CXX shared library libdrive_msgs__rosidl_typesupport_fastrtps_cpp.so[0m
[1.824s] [ 67%] Built target drive_msgs__rosidl_typesupport_introspection_cpp
[1.837s] [ 70%] [32m[1mLinking CXX shared library libdrive_msgs__rosidl_typesupport_fastrtps_c.so[0m
[1.868s] [ 70%] Built target drive_msgs__rosidl_typesupport_fastrtps_cpp
[1.888s] [ 70%] Built target drive_msgs__rosidl_typesupport_fastrtps_c
[1.901s] [ 70%] Built target drive_msgs
[1.914s] [ 74%] [34m[1mGenerating Python code for ROS interfaces[0m
[2.108s] [ 74%] Built target drive_msgs__py
[2.122s] [ 77%] [32mBuilding C object CMakeFiles/drive_msgs__rosidl_generator_py.dir/rosidl_generator_py/drive_msgs/msg/_drive_param_s.c.o[0m
[2.201s] [ 80%] [32m[1mLinking C shared library rosidl_generator_py/drive_msgs/libdrive_msgs__rosidl_generator_py.so[0m
[2.227s] [ 80%] Built target drive_msgs__rosidl_generator_py
[2.241s] [ 87%] [32mBuilding C object CMakeFiles/drive_msgs__rosidl_typesupport_introspection_c__pyext.dir/rosidl_generator_py/drive_msgs/_drive_msgs_s.ep.rosidl_typesupport_introspection_c.c.o[0m
[2.241s] [ 87%] [32mBuilding C object CMakeFiles/drive_msgs__rosidl_typesupport_fastrtps_c__pyext.dir/rosidl_generator_py/drive_msgs/_drive_msgs_s.ep.rosidl_typesupport_fastrtps_c.c.o[0m
[2.241s] [ 90%] [32mBuilding C object CMakeFiles/drive_msgs__rosidl_typesupport_c__pyext.dir/rosidl_generator_py/drive_msgs/_drive_msgs_s.ep.rosidl_typesupport_c.c.o[0m
[2.305s] [ 96%] [32m[1mLinking C shared library rosidl_generator_py/drive_msgs/drive_msgs_s__rosidl_typesupport_introspection_c.cpython-310-x86_64-linux-gnu.so[0m
[2.305s] [ 96%] [32m[1mLinking C shared library rosidl_generator_py/drive_msgs/drive_msgs_s__rosidl_typesupport_c.cpython-310-x86_64-linux-gnu.so[0m
[2.308s] [100%] [32m[1mLinking C shared library rosidl_generator_py/drive_msgs/drive_msgs_s__rosidl_typesupport_fastrtps_c.cpython-310-x86_64-linux-gnu.so[0m
[2.327s] [100%] Built target drive_msgs__rosidl_typesupport_introspection_c__pyext
[2.328s] [100%] Built target drive_msgs__rosidl_typesupport_c__pyext
[2.332s] [100%] Built target drive_msgs__rosidl_typesupport_fastrtps_c__pyext
[2.339s] Invoked command in '/home/erk/f1tenth-t3/ros2_ws/build/drive_msgs' returned '0': /usr/bin/cmake --build /home/erk/f1tenth-t3/ros2_ws/build/drive_msgs -- -j12 -l12
[2.346s] Invoking command in '/home/erk/f1tenth-t3/ros2_ws/build/drive_msgs': /usr/bin/cmake --install /home/erk/f1tenth-t3/ros2_ws/build/drive_msgs
[2.351s] -- Install configuration: ""
[2.351s] -- Installing: /home/erk/f1tenth-t3/ros2_ws/install/drive_msgs/share/ament_index/resource_index/rosidl_interfaces/drive_msgs
[2.351s] -- Installing: /home/erk/f1tenth-t3/ros2_ws/install/drive_msgs/include/drive_msgs/drive_msgs
[2.351s] -- Installing: /home/erk/f1tenth-t3/ros2_ws/install/drive_msgs/include/drive_msgs/drive_msgs/msg
[2.351s] -- Installing: /home/erk/f1tenth-t3/ros2_ws/install/drive_msgs/include/drive_msgs/drive_msgs/msg/drive_param.h
[2.352s] -- Installing: /home/erk/f1tenth-t3/ros2_ws/install/drive_msgs/include/drive_msgs/drive_msgs/msg/rosidl_generator_c__visibility_control.h
[2.352s] -- Installing: /home/erk/f1tenth-t3/ros2_ws/install/drive_msgs/include/drive_msgs/drive_msgs/msg/detail
[2.352s] -- Installing: /home/erk/f1tenth-t3/ros2_ws/install/drive_msgs/include/drive_msgs/drive_msgs/msg/detail/drive_param__struct.h
[2.352s] -- Installing: /home/erk/f1tenth-t3/ros2_ws/install/drive_msgs/include/drive_msgs/drive_msgs/msg/detail/drive_param__functions.h
[2.352s] -- Installing: /home/erk/f1tenth-t3/ros2_ws/install/drive_msgs/include/drive_msgs/drive_msgs/msg/detail/drive_param__type_support.h
[2.352s] -- Installing: /home/erk/f1tenth-t3/ros2_ws/install/drive_msgs/include/drive_msgs/drive_msgs/msg/detail/drive_param__functions.c
[2.352s] -- Installing: /home/erk/f1tenth-t3/ros2_ws/install/drive_msgs/share/drive_msgs/environment/library_path.sh
[2.352s] -- Installing: /home/erk/f1tenth-t3/ros2_ws/install/drive_msgs/share/drive_msgs/environment/library_path.dsv
[2.352s] -- Installing: /home/erk/f1tenth-t3/ros2_ws/install/drive_msgs/lib/libdrive_msgs__rosidl_generator_c.so
[2.352s] -- Set runtime path of "/home/erk/f1tenth-t3/ros2_ws/install/drive_msgs/lib/libdrive_msgs__rosidl_generator_c.so" to ""
[2.352s] -- Up-to-date: /home/erk/f1tenth-t3/ros2_ws/install/drive_msgs/include/drive_msgs/drive_msgs
[2.353s] -- Up-to-date: /home/erk/f1tenth-t3/ros2_ws/install/drive_msgs/include/drive_msgs/drive_msgs/msg
[2.353s] -- Installing: /home/erk/f1tenth-t3/ros2_ws/install/drive_msgs/include/drive_msgs/drive_msgs/msg/rosidl_typesupport_fastrtps_c__visibility_control.h
[2.353s] -- Up-to-date: /home/erk/f1tenth-t3/ros2_ws/install/drive_msgs/include/drive_msgs/drive_msgs/msg/detail
[2.353s] -- Installing: /home/erk/f1tenth-t3/ros2_ws/install/drive_msgs/include/drive_msgs/drive_msgs/msg/detail/drive_param__rosidl_typesupport_fastrtps_c.h
[2.353s] -- Installing: /home/erk/f1tenth-t3/ros2_ws/install/drive_msgs/lib/libdrive_msgs__rosidl_typesupport_fastrtps_c.so
[2.353s] -- Set runtime path of "/home/erk/f1tenth-t3/ros2_ws/install/drive_msgs/lib/libdrive_msgs__rosidl_typesupport_fastrtps_c.so" to ""
[2.353s] -- Up-to-date: /home/erk/f1tenth-t3/ros2_ws/install/drive_msgs/include/drive_msgs/drive_msgs
[2.353s] -- Up-to-date: /home/erk/f1tenth-t3/ros2_ws/install/drive_msgs/include/drive_msgs/drive_msgs/msg
[2.353s] -- Installing: /home/erk/f1tenth-t3/ros2_ws/install/drive_msgs/include/drive_msgs/drive_msgs/msg/rosidl_typesupport_introspection_c__visibility_control.h
[2.353s] -- Up-to-date: /home/erk/f1tenth-t3/ros2_ws/install/drive_msgs/include/drive_msgs/drive_msgs/msg/detail
[2.353s] -- Installing: /home/erk/f1tenth-t3/ros2_ws/install/drive_msgs/include/drive_msgs/drive_msgs/msg/detail/drive_param__type_support.c
[2.353s] -- Installing: /home/erk/f1tenth-t3/ros2_ws/install/drive_msgs/include/drive_msgs/drive_msgs/msg/detail/drive_param__rosidl_typesupport_introspection_c.h
[2.354s] -- Installing: /home/erk/f1tenth-t3/ros2_ws/install/drive_msgs/lib/libdrive_msgs__rosidl_typesupport_introspection_c.so
[2.354s] -- Set runtime path of "/home/erk/f1tenth-t3/ros2_ws/install/drive_msgs/lib/libdrive_msgs__rosidl_typesupport_introspection_c.so" to ""
[2.354s] -- Installing: /home/erk/f1tenth-t3/ros2_ws/install/drive_msgs/lib/libdrive_msgs__rosidl_typesupport_c.so
[2.354s] -- Set runtime path of "/home/erk/f1tenth-t3/ros2_ws/install/drive_msgs/lib/libdrive_msgs__rosidl_typesupport_c.so" to ""
[2.354s] -- Up-to-date: /home/erk/f1tenth-t3/ros2_ws/install/drive_msgs/include/drive_msgs/drive_msgs
[2.354s] -- Up-to-date: /home/erk/f1tenth-t3/ros2_ws/install/drive_msgs/include/drive_msgs/drive_msgs/msg
[2.354s] -- Up-to-date: /home/erk/f1tenth-t3/ros2_ws/install/drive_msgs/include/drive_msgs/drive_msgs/msg/detail
[2.354s] -- Installing: /home/erk/f1tenth-t3/ros2_ws/install/drive_msgs/include/drive_msgs/drive_msgs/msg/detail/drive_param__type_support.hpp
[2.354s] -- Installing: /home/erk/f1tenth-t3/ros2_ws/install/drive_msgs/include/drive_msgs/drive_msgs/msg/detail/drive_param__builder.hpp
[2.354s] -- Installing: /home/erk/f1tenth-t3/ros2_ws/install/drive_msgs/include/drive_msgs/drive_msgs/msg/detail/drive_param__traits.hpp
[2.355s] -- Installing: /home/erk/f1tenth-t3/ros2_ws/install/drive_msgs/include/drive_msgs/drive_msgs/msg/detail/drive_param__struct.hpp
[2.355s] -- Installing: /home/erk/f1tenth-t3/ros2_ws/install/drive_msgs/include/drive_msgs/drive_msgs/msg/drive_param.hpp
[2.355s] -- Installing: /home/erk/f1tenth-t3/ros2_ws/install/drive_msgs/include/drive_msgs/drive_msgs/msg/rosidl_generator_cpp__visibility_control.hpp
[2.355s] -- Up-to-date: /home/erk/f1tenth-t3/ros2_ws/install/drive_msgs/include/drive_msgs/drive_msgs
[2.355s] -- Up-to-date: /home/erk/f1tenth-t3/ros2_ws/install/drive_msgs/include/drive_msgs/drive_msgs/msg
[2.355s] -- Up-to-date: /home/erk/f1tenth-t3/ros2_ws/install/drive_msgs/include/drive_msgs/drive_msgs/msg/detail
[2.355s] -- Installing: /home/erk/f1tenth-t3/ros2_ws/install/drive_msgs/include/drive_msgs/drive_msgs/msg/detail/dds_fastrtps
[2.355s] -- Installing: /home/erk/f1tenth-t3/ros2_ws/install/drive_msgs/include/drive_msgs/drive_msgs/msg/detail/drive_param__rosidl_typesupport_fastrtps_cpp.hpp
[2.355s] -- Installing: /home/erk/f1tenth-t3/ros2_ws/install/drive_msgs/include/drive_msgs/drive_msgs/msg/rosidl_typesupport_fastrtps_cpp__visibility_control.h
[2.355s] -- Installing: /home/erk/f1tenth-t3/ros2_ws/install/drive_msgs/lib/libdrive_msgs__rosidl_typesupport_fastrtps_cpp.so
[2.355s] -- Set runtime path of "/home/erk/f1tenth-t3/ros2_ws/install/drive_msgs/lib/libdrive_msgs__rosidl_typesupport_fastrtps_cpp.so" to ""
[2.355s] -- Up-to-date: /home/erk/f1tenth-t3/ros2_ws/install/drive_msgs/include/drive_msgs/drive_msgs
[2.356s] -- Up-to-date: /home/erk/f1tenth-t3/ros2_ws/install/drive_msgs/include/drive_msgs/drive_msgs/msg
[2.356s] -- Up-to-date: /home/erk/f1tenth-t3/ros2_ws/install/drive_msgs/include/drive_msgs/drive_msgs/msg/detail
[2.356s] -- Installing: /home/erk/f1tenth-t3/ros2_ws/install/drive_msgs/include/drive_msgs/drive_msgs/msg/detail/drive_param__type_support.cpp
[2.356s] -- Installing: /home/erk/f1tenth-t3/ros2_ws/install/drive_msgs/include/drive_msgs/drive_msgs/msg/detail/drive_param__rosidl_typesupport_introspection_cpp.hpp
[2.356s] -- Installing: /home/erk/f1tenth-t3/ros2_ws/install/drive_msgs/lib/libdrive_msgs__rosidl_typesupport_introspection_cpp.so
[2.356s] -- Set runtime path of "/home/erk/f1tenth-t3/ros2_ws/install/drive_msgs/lib/libdrive_msgs__rosidl_typesupport_introspection_cpp.so" to ""
[2.356s] -- Installing: /home/erk/f1tenth-t3/ros2_ws/install/drive_msgs/lib/libdrive_msgs__rosidl_typesupport_cpp.so
[2.356s] -- Set runtime path of "/home/erk/f1tenth-t3/ros2_ws/install/drive_msgs/lib/libdrive_msgs__rosidl_typesupport_cpp.so" to ""
[2.356s] -- Installing: /home/erk/f1tenth-t3/ros2_ws/install/drive_msgs/share/drive_msgs/environment/pythonpath.sh
[2.356s] -- Installing: /home/erk/f1tenth-t3/ros2_ws/install/drive_msgs/share/drive_msgs/environment/pythonpath.dsv
[2.356s] -- Installing: /home/erk/f1tenth-t3/ros2_ws/install/drive_msgs/local/lib/python3.10/dist-packages/drive_msgs-0.1.0-py3.10.egg-info
[2.356s] -- Installing: /home/erk/f1tenth-t3/ros2_ws/install/drive_msgs/local/lib/python3.10/dist-packages/drive_msgs-0.1.0-py3.10.egg-info/PKG-INFO
[2.356s] -- Installing: /home/erk/f1tenth-t3/ros2_ws/install/drive_msgs/local/lib/python3.10/dist-packages/drive_msgs-0.1.0-py3.10.egg-info/SOURCES.txt
[2.357s] -- Installing: /home/erk/f1tenth-t3/ros2_ws/install/drive_msgs/local/lib/python3.10/dist-packages/drive_msgs-0.1.0-py3.10.egg-info/top_level.txt
[2.357s] -- Installing: /home/erk/f1tenth-t3/ros2_ws/install/drive_msgs/local/lib/python3.10/dist-packages/drive_msgs-0.1.0-py3.10.egg-info/dependency_links.txt
[2.357s] -- Installing: /home/erk/f1tenth-t3/ros2_ws/install/drive_msgs/local/lib/python3.10/dist-packages/drive_msgs
[2.357s] -- Installing: /home/erk/f1tenth-t3/ros2_ws/install/drive_msgs/local/lib/python3.10/dist-packages/drive_msgs/__init__.py
[2.357s] -- Installing: /home/erk/f1tenth-t3/ros2_ws/install/drive_msgs/local/lib/python3.10/dist-packages/drive_msgs/_drive_msgs_s.ep.rosidl_typesupport_introspection_c.c
[2.357s] -- Installing: /home/erk/f1tenth-t3/ros2_ws/install/drive_msgs/local/lib/python3.10/dist-packages/drive_msgs/drive_msgs_s__rosidl_typesupport_c.cpython-310-x86_64-linux-gnu.so
[2.357s] -- Installing: /home/erk/f1tenth-t3/ros2_ws/install/drive_msgs/local/lib/python3.10/dist-packages/drive_msgs/drive_msgs_s__rosidl_typesupport_fastrtps_c.cpython-310-x86_64-linux-gnu.so
[2.357s] -- Installing: /home/erk/f1tenth-t3/ros2_ws/install/drive_msgs/local/lib/python3.10/dist-packages/drive_msgs/msg
[2.357s] -- Installing: /home/erk/f1tenth-t3/ros2_ws/install/drive_msgs/local/lib/python3.10/dist-packages/drive_msgs/msg/__init__.py
[2.357s] -- Installing: /home/erk/f1tenth-t3/ros2_ws/install/drive_msgs/local/lib/python3.10/dist-packages/drive_msgs/msg/_drive_param.py
[2.357s] -- Installing: /home/erk/f1tenth-t3/ros2_ws/install/drive_msgs/local/lib/python3.10/dist-packages/drive_msgs/msg/_drive_param_s.c
[2.358s] -- Installing: /home/erk/f1tenth-t3/ros2_ws/install/drive_msgs/local/lib/python3.10/dist-packages/drive_msgs/_drive_msgs_s.ep.rosidl_typesupport_c.c
[2.358s] -- Installing: /home/erk/f1tenth-t3/ros2_ws/install/drive_msgs/local/lib/python3.10/dist-packages/drive_msgs/drive_msgs_s__rosidl_typesupport_introspection_c.cpython-310-x86_64-linux-gnu.so
[2.358s] -- Installing: /home/erk/f1tenth-t3/ros2_ws/install/drive_msgs/local/lib/python3.10/dist-packages/drive_msgs/libdrive_msgs__rosidl_generator_py.so
[2.358s] -- Installing: /home/erk/f1tenth-t3/ros2_ws/install/drive_msgs/local/lib/python3.10/dist-packages/drive_msgs/_drive_msgs_s.ep.rosidl_typesupport_fastrtps_c.c
[2.382s] Listing '/home/erk/f1tenth-t3/ros2_ws/install/drive_msgs/local/lib/python3.10/dist-packages/drive_msgs'...
[2.382s] Compiling '/home/erk/f1tenth-t3/ros2_ws/install/drive_msgs/local/lib/python3.10/dist-packages/drive_msgs/__init__.py'...
[2.382s] Listing '/home/erk/f1tenth-t3/ros2_ws/install/drive_msgs/local/lib/python3.10/dist-packages/drive_msgs/msg'...
[2.382s] Compiling '/home/erk/f1tenth-t3/ros2_ws/install/drive_msgs/local/lib/python3.10/dist-packages/drive_msgs/msg/__init__.py'...
[2.382s] Compiling '/home/erk/f1tenth-t3/ros2_ws/install/drive_msgs/local/lib/python3.10/dist-packages/drive_msgs/msg/_drive_param.py'...
[2.385s] -- Installing: /home/erk/f1tenth-t3/ros2_ws/install/drive_msgs/local/lib/python3.10/dist-packages/drive_msgs/drive_msgs_s__rosidl_typesupport_fastrtps_c.cpython-310-x86_64-linux-gnu.so
[2.386s] -- Set runtime path of "/home/erk/f1tenth-t3/ros2_ws/install/drive_msgs/local/lib/python3.10/dist-packages/drive_msgs/drive_msgs_s__rosidl_typesupport_fastrtps_c.cpython-310-x86_64-linux-gnu.so" to ""
[2.386s] -- Installing: /home/erk/f1tenth-t3/ros2_ws/install/drive_msgs/local/lib/python3.10/dist-packages/drive_msgs/drive_msgs_s__rosidl_typesupport_introspection_c.cpython-310-x86_64-linux-gnu.so
[2.386s] -- Set runtime path of "/home/erk/f1tenth-t3/ros2_ws/install/drive_msgs/local/lib/python3.10/dist-packages/drive_msgs/drive_msgs_s__rosidl_typesupport_introspection_c.cpython-310-x86_64-linux-gnu.so" to ""
[2.386s] -- Installing: /home/erk/f1tenth-t3/ros2_ws/install/drive_msgs/local/lib/python3.10/dist-packages/drive_msgs/drive_msgs_s__rosidl_typesupport_c.cpython-310-x86_64-linux-gnu.so
[2.386s] -- Set runtime path of "/home/erk/f1tenth-t3/ros2_ws/install/drive_msgs/local/lib/python3.10/dist-packages/drive_msgs/drive_msgs_s__rosidl_typesupport_c.cpython-310-x86_64-linux-gnu.so" to ""
[2.387s] -- Installing: /home/erk/f1tenth-t3/ros2_ws/install/drive_msgs/lib/libdrive_msgs__rosidl_generator_py.so
[2.387s] -- Set runtime path of "/home/erk/f1tenth-t3/ros2_ws/install/drive_msgs/lib/libdrive_msgs__rosidl_generator_py.so" to ""
[2.387s] -- Installing: /home/erk/f1tenth-t3/ros2_ws/install/drive_msgs/share/drive_msgs/msg/DriveParam.idl
[2.387s] -- Installing: /home/erk/f1tenth-t3/ros2_ws/install/drive_msgs/share/drive_msgs/msg/DriveParam.msg
[2.387s] -- Installing: /home/erk/f1tenth-t3/ros2_ws/install/drive_msgs/share/ament_index/resource_index/package_run_dependencies/drive_msgs
[2.387s] -- Installing: /home/erk/f1tenth-t3/ros2_ws/install/drive_msgs/share/ament_index/resource_index/parent_prefix_path/drive_msgs
[2.387s] -- Installing: /home/erk/f1tenth-t3/ros2_ws/install/drive_msgs/share/drive_msgs/environment/ament_prefix_path.sh
[2.387s] -- Installing: /home/erk/f1tenth-t3/ros2_ws/install/drive_msgs/share/drive_msgs/environment/ament_prefix_path.dsv
[2.388s] -- Installing: /home/erk/f1tenth-t3/ros2_ws/install/drive_msgs/share/drive_msgs/environment/path.sh
[2.388s] -- Installing: /home/erk/f1tenth-t3/ros2_ws/install/drive_msgs/share/drive_msgs/environment/path.dsv
[2.388s] -- Installing: /home/erk/f1tenth-t3/ros2_ws/install/drive_msgs/share/drive_msgs/local_setup.bash
[2.388s] -- Installing: /home/erk/f1tenth-t3/ros2_ws/install/drive_msgs/share/drive_msgs/local_setup.sh
[2.388s] -- Installing: /home/erk/f1tenth-t3/ros2_ws/install/drive_msgs/share/drive_msgs/local_setup.zsh
[2.388s] -- Installing: /home/erk/f1tenth-t3/ros2_ws/install/drive_msgs/share/drive_msgs/local_setup.dsv
[2.388s] -- Installing: /home/erk/f1tenth-t3/ros2_ws/install/drive_msgs/share/drive_msgs/package.dsv
[2.388s] -- Installing: /home/erk/f1tenth-t3/ros2_ws/install/drive_msgs/share/ament_index/resource_index/packages/drive_msgs
[2.388s] -- Installing: /home/erk/f1tenth-t3/ros2_ws/install/drive_msgs/share/drive_msgs/cmake/export_drive_msgs__rosidl_generator_cExport.cmake
[2.388s] -- Installing: /home/erk/f1tenth-t3/ros2_ws/install/drive_msgs/share/drive_msgs/cmake/export_drive_msgs__rosidl_generator_cExport-noconfig.cmake
[2.389s] -- Installing: /home/erk/f1tenth-t3/ros2_ws/install/drive_msgs/share/drive_msgs/cmake/export_drive_msgs__rosidl_typesupport_fastrtps_cExport.cmake
[2.389s] -- Installing: /home/erk/f1tenth-t3/ros2_ws/install/drive_msgs/share/drive_msgs/cmake/export_drive_msgs__rosidl_typesupport_fastrtps_cExport-noconfig.cmake
[2.389s] -- Installing: /home/erk/f1tenth-t3/ros2_ws/install/drive_msgs/share/drive_msgs/cmake/drive_msgs__rosidl_typesupport_introspection_cExport.cmake
[2.389s] -- Installing: /home/erk/f1tenth-t3/ros2_ws/install/drive_msgs/share/drive_msgs/cmake/drive_msgs__rosidl_typesupport_introspection_cExport-noconfig.cmake
[2.389s] -- Installing: /home/erk/f1tenth-t3/ros2_ws/install/drive_msgs/share/drive_msgs/cmake/drive_msgs__rosidl_typesupport_cExport.cmake
[2.389s] -- Installing: /home/erk/f1tenth-t3/ros2_ws/install/drive_msgs/share/drive_msgs/cmake/drive_msgs__rosidl_typesupport_cExport-noconfig.cmake
[2.389s] -- Installing: /home/erk/f1tenth-t3/ros2_ws/install/drive_msgs/share/drive_msgs/cmake/export_drive_msgs__rosidl_generator_cppExport.cmake
[2.389s] -- Installing: /home/erk/f1tenth-t3/ros2_ws/install/drive_msgs/share/drive_msgs/cmake/export_drive_msgs__rosidl_typesupport_fastrtps_cppExport.cmake
[2.389s] -- Installing: /home/erk/f1tenth-t3/ros2_ws/install/drive_msgs/share/drive_msgs/cmake/export_drive_msgs__rosidl_typesupport_fastrtps_cppExport-noconfig.cmake
[2.389s] -- Installing: /home/erk/f1tenth-t3/ros2_ws/install/drive_msgs/share/drive_msgs/cmake/drive_msgs__rosidl_typesupport_introspection_cppExport.cmake
[2.390s] -- Installing: /home/erk/f1tenth-t3/ros2_ws/install/drive_msgs/share/drive_msgs/cmake/drive_msgs__rosidl_typesupport_introspection_cppExport-noconfig.cmake
[2.390s] -- Installing: /home/erk/f1tenth-t3/ros2_ws/install/drive_msgs/share/drive_msgs/cmake/drive_msgs__rosidl_typesupport_cppExport.cmake
[2.390s] -- Installing: /home/erk/f1tenth-t3/ros2_ws/install/drive_msgs/share/drive_msgs/cmake/drive_msgs__rosidl_typesupport_cppExport-noconfig.cmake
[2.390s] -- Installing: /home/erk/f1tenth-t3/ros2_ws/install/drive_msgs/share/drive_msgs/cmake/export_drive_msgs__rosidl_generator_pyExport.cmake
[2.390s] -- Installing: /home/erk/f1tenth-t3/ros2_ws/install/drive_msgs/share/drive_msgs/cmake/export_drive_msgs__rosidl_generator_pyExport-noconfig.cmake
[2.390s] -- Installing: /home/erk/f1tenth-t3/ros2_ws/install/drive_msgs/share/drive_msgs/cmake/rosidl_cmake-extras.cmake
[2.390s] -- Installing: /home/erk/f1tenth-t3/ros2_ws/install/drive_msgs/share/drive_msgs/cmake/ament_cmake_export_include_directories-extras.cmake
[2.390s] -- Installing: /home/erk/f1tenth-t3/ros2_ws/install/drive_msgs/share/drive_msgs/cmake/ament_cmake_export_libraries-extras.cmake
[2.390s] -- Installing: /home/erk/f1tenth-t3/ros2_ws/install/drive_msgs/share/drive_msgs/cmake/ament_cmake_export_targets-extras.cmake
[2.390s] -- Installing: /home/erk/f1tenth-t3/ros2_ws/install/drive_msgs/share/drive_msgs/cmake/rosidl_cmake_export_typesupport_targets-extras.cmake
[2.391s] -- Installing: /home/erk/f1tenth-t3/ros2_ws/install/drive_msgs/share/drive_msgs/cmake/ament_cmake_export_dependencies-extras.cmake
[2.391s] -- Installing: /home/erk/f1tenth-t3/ros2_ws/install/drive_msgs/share/drive_msgs/cmake/rosidl_cmake_export_typesupport_libraries-extras.cmake
[2.391s] -- Installing: /home/erk/f1tenth-t3/ros2_ws/install/drive_msgs/share/drive_msgs/cmake/drive_msgsConfig.cmake
[2.391s] -- Installing: /home/erk/f1tenth-t3/ros2_ws/install/drive_msgs/share/drive_msgs/cmake/drive_msgsConfig-version.cmake
[2.391s] -- Installing: /home/erk/f1tenth-t3/ros2_ws/install/drive_msgs/share/drive_msgs/package.xml
[2.393s] Invoked command in '/home/erk/f1tenth-t3/ros2_ws/build/drive_msgs' returned '0': /usr/bin/cmake --install /home/erk/f1tenth-t3/ros2_ws/build/drive_msgs
