[0.007s] Invoking command in '/home/erk/f1tenth-t3/ros2_ws/build/drive_msgs': /usr/bin/cmake --build /home/erk/f1tenth-t3/ros2_ws/build/drive_msgs -- -j12 -l12
[0.039s] [  3%] Built target drive_msgs__cpp
[0.039s] [ 12%] Built target drive_msgs__rosidl_generator_c
[0.046s] [ 12%] Built target ament_cmake_python_copy_drive_msgs
[0.053s] [ 22%] Built target drive_msgs__rosidl_typesupport_cpp
[0.053s] [ 32%] Built target drive_msgs__rosidl_typesupport_fastrtps_cpp
[0.055s] [ 41%] Built target drive_msgs__rosidl_typesupport_introspection_cpp
[0.060s] [ 54%] Built target drive_msgs__rosidl_typesupport_introspection_c
[0.060s] [ 61%] Built target drive_msgs__rosidl_typesupport_fastrtps_c
[0.061s] [ 70%] Built target drive_msgs__rosidl_typesupport_c
[0.075s] [ 70%] Built target drive_msgs
[0.088s] [ 74%] Built target drive_msgs__py
[0.102s] [ 80%] Built target drive_msgs__rosidl_generator_py
[0.117s] [100%] Built target drive_msgs__rosidl_typesupport_c__pyext
[0.118s] [100%] Built target drive_msgs__rosidl_typesupport_fastrtps_c__pyext
[0.118s] [100%] Built target drive_msgs__rosidl_typesupport_introspection_c__pyext
[0.217s] running egg_info
[0.217s] writing drive_msgs.egg-info/PKG-INFO
[0.217s] writing dependency_links to drive_msgs.egg-info/dependency_links.txt
[0.217s] writing top-level names to drive_msgs.egg-info/top_level.txt
[0.219s] reading manifest file 'drive_msgs.egg-info/SOURCES.txt'
[0.219s] writing manifest file 'drive_msgs.egg-info/SOURCES.txt'
[0.235s] [100%] Built target ament_cmake_python_build_drive_msgs_egg
[0.243s] Invoked command in '/home/erk/f1tenth-t3/ros2_ws/build/drive_msgs' returned '0': /usr/bin/cmake --build /home/erk/f1tenth-t3/ros2_ws/build/drive_msgs -- -j12 -l12
[0.250s] Invoking command in '/home/erk/f1tenth-t3/ros2_ws/build/drive_msgs': /usr/bin/cmake --install /home/erk/f1tenth-t3/ros2_ws/build/drive_msgs
[0.255s] -- Install configuration: ""
[0.256s] -- Up-to-date: /home/erk/f1tenth-t3/ros2_ws/install/drive_msgs/share/ament_index/resource_index/rosidl_interfaces/drive_msgs
[0.256s] -- Up-to-date: /home/erk/f1tenth-t3/ros2_ws/install/drive_msgs/include/drive_msgs/drive_msgs
[0.256s] -- Up-to-date: /home/erk/f1tenth-t3/ros2_ws/install/drive_msgs/include/drive_msgs/drive_msgs/msg
[0.256s] -- Up-to-date: /home/erk/f1tenth-t3/ros2_ws/install/drive_msgs/include/drive_msgs/drive_msgs/msg/drive_param.h
[0.256s] -- Up-to-date: /home/erk/f1tenth-t3/ros2_ws/install/drive_msgs/include/drive_msgs/drive_msgs/msg/rosidl_generator_c__visibility_control.h
[0.256s] -- Up-to-date: /home/erk/f1tenth-t3/ros2_ws/install/drive_msgs/include/drive_msgs/drive_msgs/msg/detail
[0.256s] -- Up-to-date: /home/erk/f1tenth-t3/ros2_ws/install/drive_msgs/include/drive_msgs/drive_msgs/msg/detail/drive_param__struct.h
[0.256s] -- Up-to-date: /home/erk/f1tenth-t3/ros2_ws/install/drive_msgs/include/drive_msgs/drive_msgs/msg/detail/drive_param__functions.h
[0.256s] -- Up-to-date: /home/erk/f1tenth-t3/ros2_ws/install/drive_msgs/include/drive_msgs/drive_msgs/msg/detail/drive_param__type_support.h
[0.256s] -- Up-to-date: /home/erk/f1tenth-t3/ros2_ws/install/drive_msgs/include/drive_msgs/drive_msgs/msg/detail/drive_param__functions.c
[0.256s] -- Up-to-date: /home/erk/f1tenth-t3/ros2_ws/install/drive_msgs/share/drive_msgs/environment/library_path.sh
[0.256s] -- Up-to-date: /home/erk/f1tenth-t3/ros2_ws/install/drive_msgs/share/drive_msgs/environment/library_path.dsv
[0.256s] -- Up-to-date: /home/erk/f1tenth-t3/ros2_ws/install/drive_msgs/lib/libdrive_msgs__rosidl_generator_c.so
[0.256s] -- Up-to-date: /home/erk/f1tenth-t3/ros2_ws/install/drive_msgs/include/drive_msgs/drive_msgs
[0.256s] -- Up-to-date: /home/erk/f1tenth-t3/ros2_ws/install/drive_msgs/include/drive_msgs/drive_msgs/msg
[0.256s] -- Up-to-date: /home/erk/f1tenth-t3/ros2_ws/install/drive_msgs/include/drive_msgs/drive_msgs/msg/rosidl_typesupport_fastrtps_c__visibility_control.h
[0.256s] -- Up-to-date: /home/erk/f1tenth-t3/ros2_ws/install/drive_msgs/include/drive_msgs/drive_msgs/msg/detail
[0.256s] -- Up-to-date: /home/erk/f1tenth-t3/ros2_ws/install/drive_msgs/include/drive_msgs/drive_msgs/msg/detail/drive_param__rosidl_typesupport_fastrtps_c.h
[0.256s] -- Up-to-date: /home/erk/f1tenth-t3/ros2_ws/install/drive_msgs/lib/libdrive_msgs__rosidl_typesupport_fastrtps_c.so
[0.256s] -- Up-to-date: /home/erk/f1tenth-t3/ros2_ws/install/drive_msgs/include/drive_msgs/drive_msgs
[0.257s] -- Up-to-date: /home/erk/f1tenth-t3/ros2_ws/install/drive_msgs/include/drive_msgs/drive_msgs/msg
[0.257s] -- Up-to-date: /home/erk/f1tenth-t3/ros2_ws/install/drive_msgs/include/drive_msgs/drive_msgs/msg/rosidl_typesupport_introspection_c__visibility_control.h
[0.257s] -- Up-to-date: /home/erk/f1tenth-t3/ros2_ws/install/drive_msgs/include/drive_msgs/drive_msgs/msg/detail
[0.257s] -- Up-to-date: /home/erk/f1tenth-t3/ros2_ws/install/drive_msgs/include/drive_msgs/drive_msgs/msg/detail/drive_param__type_support.c
[0.257s] -- Up-to-date: /home/erk/f1tenth-t3/ros2_ws/install/drive_msgs/include/drive_msgs/drive_msgs/msg/detail/drive_param__rosidl_typesupport_introspection_c.h
[0.257s] -- Up-to-date: /home/erk/f1tenth-t3/ros2_ws/install/drive_msgs/lib/libdrive_msgs__rosidl_typesupport_introspection_c.so
[0.257s] -- Up-to-date: /home/erk/f1tenth-t3/ros2_ws/install/drive_msgs/lib/libdrive_msgs__rosidl_typesupport_c.so
[0.257s] -- Up-to-date: /home/erk/f1tenth-t3/ros2_ws/install/drive_msgs/include/drive_msgs/drive_msgs
[0.257s] -- Up-to-date: /home/erk/f1tenth-t3/ros2_ws/install/drive_msgs/include/drive_msgs/drive_msgs/msg
[0.257s] -- Up-to-date: /home/erk/f1tenth-t3/ros2_ws/install/drive_msgs/include/drive_msgs/drive_msgs/msg/detail
[0.257s] -- Up-to-date: /home/erk/f1tenth-t3/ros2_ws/install/drive_msgs/include/drive_msgs/drive_msgs/msg/detail/drive_param__type_support.hpp
[0.257s] -- Up-to-date: /home/erk/f1tenth-t3/ros2_ws/install/drive_msgs/include/drive_msgs/drive_msgs/msg/detail/drive_param__builder.hpp
[0.257s] -- Up-to-date: /home/erk/f1tenth-t3/ros2_ws/install/drive_msgs/include/drive_msgs/drive_msgs/msg/detail/drive_param__traits.hpp
[0.257s] -- Up-to-date: /home/erk/f1tenth-t3/ros2_ws/install/drive_msgs/include/drive_msgs/drive_msgs/msg/detail/drive_param__struct.hpp
[0.257s] -- Up-to-date: /home/erk/f1tenth-t3/ros2_ws/install/drive_msgs/include/drive_msgs/drive_msgs/msg/drive_param.hpp
[0.257s] -- Up-to-date: /home/erk/f1tenth-t3/ros2_ws/install/drive_msgs/include/drive_msgs/drive_msgs/msg/rosidl_generator_cpp__visibility_control.hpp
[0.257s] -- Up-to-date: /home/erk/f1tenth-t3/ros2_ws/install/drive_msgs/include/drive_msgs/drive_msgs
[0.258s] -- Up-to-date: /home/erk/f1tenth-t3/ros2_ws/install/drive_msgs/include/drive_msgs/drive_msgs/msg
[0.258s] -- Up-to-date: /home/erk/f1tenth-t3/ros2_ws/install/drive_msgs/include/drive_msgs/drive_msgs/msg/detail
[0.258s] -- Up-to-date: /home/erk/f1tenth-t3/ros2_ws/install/drive_msgs/include/drive_msgs/drive_msgs/msg/detail/dds_fastrtps
[0.258s] -- Up-to-date: /home/erk/f1tenth-t3/ros2_ws/install/drive_msgs/include/drive_msgs/drive_msgs/msg/detail/drive_param__rosidl_typesupport_fastrtps_cpp.hpp
[0.258s] -- Up-to-date: /home/erk/f1tenth-t3/ros2_ws/install/drive_msgs/include/drive_msgs/drive_msgs/msg/rosidl_typesupport_fastrtps_cpp__visibility_control.h
[0.258s] -- Up-to-date: /home/erk/f1tenth-t3/ros2_ws/install/drive_msgs/lib/libdrive_msgs__rosidl_typesupport_fastrtps_cpp.so
[0.258s] -- Up-to-date: /home/erk/f1tenth-t3/ros2_ws/install/drive_msgs/include/drive_msgs/drive_msgs
[0.258s] -- Up-to-date: /home/erk/f1tenth-t3/ros2_ws/install/drive_msgs/include/drive_msgs/drive_msgs/msg
[0.258s] -- Up-to-date: /home/erk/f1tenth-t3/ros2_ws/install/drive_msgs/include/drive_msgs/drive_msgs/msg/detail
[0.258s] -- Up-to-date: /home/erk/f1tenth-t3/ros2_ws/install/drive_msgs/include/drive_msgs/drive_msgs/msg/detail/drive_param__type_support.cpp
[0.258s] -- Up-to-date: /home/erk/f1tenth-t3/ros2_ws/install/drive_msgs/include/drive_msgs/drive_msgs/msg/detail/drive_param__rosidl_typesupport_introspection_cpp.hpp
[0.258s] -- Up-to-date: /home/erk/f1tenth-t3/ros2_ws/install/drive_msgs/lib/libdrive_msgs__rosidl_typesupport_introspection_cpp.so
[0.258s] -- Up-to-date: /home/erk/f1tenth-t3/ros2_ws/install/drive_msgs/lib/libdrive_msgs__rosidl_typesupport_cpp.so
[0.258s] -- Up-to-date: /home/erk/f1tenth-t3/ros2_ws/install/drive_msgs/share/drive_msgs/environment/pythonpath.sh
[0.258s] -- Up-to-date: /home/erk/f1tenth-t3/ros2_ws/install/drive_msgs/share/drive_msgs/environment/pythonpath.dsv
[0.258s] -- Up-to-date: /home/erk/f1tenth-t3/ros2_ws/install/drive_msgs/local/lib/python3.10/dist-packages/drive_msgs-0.1.0-py3.10.egg-info
[0.258s] -- Installing: /home/erk/f1tenth-t3/ros2_ws/install/drive_msgs/local/lib/python3.10/dist-packages/drive_msgs-0.1.0-py3.10.egg-info/PKG-INFO
[0.258s] -- Installing: /home/erk/f1tenth-t3/ros2_ws/install/drive_msgs/local/lib/python3.10/dist-packages/drive_msgs-0.1.0-py3.10.egg-info/SOURCES.txt
[0.258s] -- Installing: /home/erk/f1tenth-t3/ros2_ws/install/drive_msgs/local/lib/python3.10/dist-packages/drive_msgs-0.1.0-py3.10.egg-info/top_level.txt
[0.259s] -- Installing: /home/erk/f1tenth-t3/ros2_ws/install/drive_msgs/local/lib/python3.10/dist-packages/drive_msgs-0.1.0-py3.10.egg-info/dependency_links.txt
[0.259s] -- Up-to-date: /home/erk/f1tenth-t3/ros2_ws/install/drive_msgs/local/lib/python3.10/dist-packages/drive_msgs
[0.259s] -- Up-to-date: /home/erk/f1tenth-t3/ros2_ws/install/drive_msgs/local/lib/python3.10/dist-packages/drive_msgs/__init__.py
[0.259s] -- Up-to-date: /home/erk/f1tenth-t3/ros2_ws/install/drive_msgs/local/lib/python3.10/dist-packages/drive_msgs/_drive_msgs_s.ep.rosidl_typesupport_introspection_c.c
[0.259s] -- Up-to-date: /home/erk/f1tenth-t3/ros2_ws/install/drive_msgs/local/lib/python3.10/dist-packages/drive_msgs/drive_msgs_s__rosidl_typesupport_c.cpython-310-x86_64-linux-gnu.so
[0.259s] -- Up-to-date: /home/erk/f1tenth-t3/ros2_ws/install/drive_msgs/local/lib/python3.10/dist-packages/drive_msgs/drive_msgs_s__rosidl_typesupport_fastrtps_c.cpython-310-x86_64-linux-gnu.so
[0.259s] -- Up-to-date: /home/erk/f1tenth-t3/ros2_ws/install/drive_msgs/local/lib/python3.10/dist-packages/drive_msgs/msg
[0.259s] -- Up-to-date: /home/erk/f1tenth-t3/ros2_ws/install/drive_msgs/local/lib/python3.10/dist-packages/drive_msgs/msg/__init__.py
[0.259s] -- Up-to-date: /home/erk/f1tenth-t3/ros2_ws/install/drive_msgs/local/lib/python3.10/dist-packages/drive_msgs/msg/_drive_param.py
[0.259s] -- Up-to-date: /home/erk/f1tenth-t3/ros2_ws/install/drive_msgs/local/lib/python3.10/dist-packages/drive_msgs/msg/_drive_param_s.c
[0.259s] -- Up-to-date: /home/erk/f1tenth-t3/ros2_ws/install/drive_msgs/local/lib/python3.10/dist-packages/drive_msgs/_drive_msgs_s.ep.rosidl_typesupport_c.c
[0.259s] -- Up-to-date: /home/erk/f1tenth-t3/ros2_ws/install/drive_msgs/local/lib/python3.10/dist-packages/drive_msgs/drive_msgs_s__rosidl_typesupport_introspection_c.cpython-310-x86_64-linux-gnu.so
[0.259s] -- Up-to-date: /home/erk/f1tenth-t3/ros2_ws/install/drive_msgs/local/lib/python3.10/dist-packages/drive_msgs/libdrive_msgs__rosidl_generator_py.so
[0.259s] -- Up-to-date: /home/erk/f1tenth-t3/ros2_ws/install/drive_msgs/local/lib/python3.10/dist-packages/drive_msgs/_drive_msgs_s.ep.rosidl_typesupport_fastrtps_c.c
[0.280s] Listing '/home/erk/f1tenth-t3/ros2_ws/install/drive_msgs/local/lib/python3.10/dist-packages/drive_msgs'...
[0.280s] Listing '/home/erk/f1tenth-t3/ros2_ws/install/drive_msgs/local/lib/python3.10/dist-packages/drive_msgs/msg'...
[0.283s] -- Up-to-date: /home/erk/f1tenth-t3/ros2_ws/install/drive_msgs/local/lib/python3.10/dist-packages/drive_msgs/drive_msgs_s__rosidl_typesupport_fastrtps_c.cpython-310-x86_64-linux-gnu.so
[0.283s] -- Up-to-date: /home/erk/f1tenth-t3/ros2_ws/install/drive_msgs/local/lib/python3.10/dist-packages/drive_msgs/drive_msgs_s__rosidl_typesupport_introspection_c.cpython-310-x86_64-linux-gnu.so
[0.283s] -- Up-to-date: /home/erk/f1tenth-t3/ros2_ws/install/drive_msgs/local/lib/python3.10/dist-packages/drive_msgs/drive_msgs_s__rosidl_typesupport_c.cpython-310-x86_64-linux-gnu.so
[0.283s] -- Up-to-date: /home/erk/f1tenth-t3/ros2_ws/install/drive_msgs/lib/libdrive_msgs__rosidl_generator_py.so
[0.283s] -- Up-to-date: /home/erk/f1tenth-t3/ros2_ws/install/drive_msgs/share/drive_msgs/msg/DriveParam.idl
[0.284s] -- Up-to-date: /home/erk/f1tenth-t3/ros2_ws/install/drive_msgs/share/drive_msgs/msg/DriveParam.msg
[0.284s] -- Up-to-date: /home/erk/f1tenth-t3/ros2_ws/install/drive_msgs/share/ament_index/resource_index/package_run_dependencies/drive_msgs
[0.284s] -- Up-to-date: /home/erk/f1tenth-t3/ros2_ws/install/drive_msgs/share/ament_index/resource_index/parent_prefix_path/drive_msgs
[0.284s] -- Up-to-date: /home/erk/f1tenth-t3/ros2_ws/install/drive_msgs/share/drive_msgs/environment/ament_prefix_path.sh
[0.284s] -- Up-to-date: /home/erk/f1tenth-t3/ros2_ws/install/drive_msgs/share/drive_msgs/environment/ament_prefix_path.dsv
[0.284s] -- Up-to-date: /home/erk/f1tenth-t3/ros2_ws/install/drive_msgs/share/drive_msgs/environment/path.sh
[0.284s] -- Up-to-date: /home/erk/f1tenth-t3/ros2_ws/install/drive_msgs/share/drive_msgs/environment/path.dsv
[0.284s] -- Up-to-date: /home/erk/f1tenth-t3/ros2_ws/install/drive_msgs/share/drive_msgs/local_setup.bash
[0.284s] -- Up-to-date: /home/erk/f1tenth-t3/ros2_ws/install/drive_msgs/share/drive_msgs/local_setup.sh
[0.284s] -- Up-to-date: /home/erk/f1tenth-t3/ros2_ws/install/drive_msgs/share/drive_msgs/local_setup.zsh
[0.284s] -- Up-to-date: /home/erk/f1tenth-t3/ros2_ws/install/drive_msgs/share/drive_msgs/local_setup.dsv
[0.284s] -- Installing: /home/erk/f1tenth-t3/ros2_ws/install/drive_msgs/share/drive_msgs/package.dsv
[0.284s] -- Up-to-date: /home/erk/f1tenth-t3/ros2_ws/install/drive_msgs/share/ament_index/resource_index/packages/drive_msgs
[0.284s] -- Up-to-date: /home/erk/f1tenth-t3/ros2_ws/install/drive_msgs/share/drive_msgs/cmake/export_drive_msgs__rosidl_generator_cExport.cmake
[0.284s] -- Up-to-date: /home/erk/f1tenth-t3/ros2_ws/install/drive_msgs/share/drive_msgs/cmake/export_drive_msgs__rosidl_generator_cExport-noconfig.cmake
[0.284s] -- Up-to-date: /home/erk/f1tenth-t3/ros2_ws/install/drive_msgs/share/drive_msgs/cmake/export_drive_msgs__rosidl_typesupport_fastrtps_cExport.cmake
[0.284s] -- Up-to-date: /home/erk/f1tenth-t3/ros2_ws/install/drive_msgs/share/drive_msgs/cmake/export_drive_msgs__rosidl_typesupport_fastrtps_cExport-noconfig.cmake
[0.284s] -- Up-to-date: /home/erk/f1tenth-t3/ros2_ws/install/drive_msgs/share/drive_msgs/cmake/drive_msgs__rosidl_typesupport_introspection_cExport.cmake
[0.284s] -- Up-to-date: /home/erk/f1tenth-t3/ros2_ws/install/drive_msgs/share/drive_msgs/cmake/drive_msgs__rosidl_typesupport_introspection_cExport-noconfig.cmake
[0.284s] -- Up-to-date: /home/erk/f1tenth-t3/ros2_ws/install/drive_msgs/share/drive_msgs/cmake/drive_msgs__rosidl_typesupport_cExport.cmake
[0.285s] -- Up-to-date: /home/erk/f1tenth-t3/ros2_ws/install/drive_msgs/share/drive_msgs/cmake/drive_msgs__rosidl_typesupport_cExport-noconfig.cmake
[0.285s] -- Up-to-date: /home/erk/f1tenth-t3/ros2_ws/install/drive_msgs/share/drive_msgs/cmake/export_drive_msgs__rosidl_generator_cppExport.cmake
[0.285s] -- Up-to-date: /home/erk/f1tenth-t3/ros2_ws/install/drive_msgs/share/drive_msgs/cmake/export_drive_msgs__rosidl_typesupport_fastrtps_cppExport.cmake
[0.285s] -- Up-to-date: /home/erk/f1tenth-t3/ros2_ws/install/drive_msgs/share/drive_msgs/cmake/export_drive_msgs__rosidl_typesupport_fastrtps_cppExport-noconfig.cmake
[0.285s] -- Up-to-date: /home/erk/f1tenth-t3/ros2_ws/install/drive_msgs/share/drive_msgs/cmake/drive_msgs__rosidl_typesupport_introspection_cppExport.cmake
[0.285s] -- Up-to-date: /home/erk/f1tenth-t3/ros2_ws/install/drive_msgs/share/drive_msgs/cmake/drive_msgs__rosidl_typesupport_introspection_cppExport-noconfig.cmake
[0.285s] -- Up-to-date: /home/erk/f1tenth-t3/ros2_ws/install/drive_msgs/share/drive_msgs/cmake/drive_msgs__rosidl_typesupport_cppExport.cmake
[0.285s] -- Up-to-date: /home/erk/f1tenth-t3/ros2_ws/install/drive_msgs/share/drive_msgs/cmake/drive_msgs__rosidl_typesupport_cppExport-noconfig.cmake
[0.285s] -- Up-to-date: /home/erk/f1tenth-t3/ros2_ws/install/drive_msgs/share/drive_msgs/cmake/export_drive_msgs__rosidl_generator_pyExport.cmake
[0.285s] -- Up-to-date: /home/erk/f1tenth-t3/ros2_ws/install/drive_msgs/share/drive_msgs/cmake/export_drive_msgs__rosidl_generator_pyExport-noconfig.cmake
[0.285s] -- Up-to-date: /home/erk/f1tenth-t3/ros2_ws/install/drive_msgs/share/drive_msgs/cmake/rosidl_cmake-extras.cmake
[0.285s] -- Up-to-date: /home/erk/f1tenth-t3/ros2_ws/install/drive_msgs/share/drive_msgs/cmake/ament_cmake_export_include_directories-extras.cmake
[0.285s] -- Up-to-date: /home/erk/f1tenth-t3/ros2_ws/install/drive_msgs/share/drive_msgs/cmake/ament_cmake_export_libraries-extras.cmake
[0.285s] -- Up-to-date: /home/erk/f1tenth-t3/ros2_ws/install/drive_msgs/share/drive_msgs/cmake/ament_cmake_export_targets-extras.cmake
[0.285s] -- Up-to-date: /home/erk/f1tenth-t3/ros2_ws/install/drive_msgs/share/drive_msgs/cmake/rosidl_cmake_export_typesupport_targets-extras.cmake
[0.285s] -- Up-to-date: /home/erk/f1tenth-t3/ros2_ws/install/drive_msgs/share/drive_msgs/cmake/ament_cmake_export_dependencies-extras.cmake
[0.285s] -- Up-to-date: /home/erk/f1tenth-t3/ros2_ws/install/drive_msgs/share/drive_msgs/cmake/rosidl_cmake_export_typesupport_libraries-extras.cmake
[0.285s] -- Up-to-date: /home/erk/f1tenth-t3/ros2_ws/install/drive_msgs/share/drive_msgs/cmake/drive_msgsConfig.cmake
[0.285s] -- Up-to-date: /home/erk/f1tenth-t3/ros2_ws/install/drive_msgs/share/drive_msgs/cmake/drive_msgsConfig-version.cmake
[0.285s] -- Up-to-date: /home/erk/f1tenth-t3/ros2_ws/install/drive_msgs/share/drive_msgs/package.xml
[0.287s] Invoked command in '/home/erk/f1tenth-t3/ros2_ws/build/drive_msgs' returned '0': /usr/bin/cmake --install /home/erk/f1tenth-t3/ros2_ws/build/drive_msgs
