[0.000000] (-) TimerEvent: {}
[0.000174] (-) JobUnselected: {'identifier': 'drive_msgs'}
[0.000201] (-) JobUnselected: {'identifier': 'racer_bringup'}
[0.000223] (-) JobUnselected: {'identifier': 'wallfollowing2'}
[0.000244] (car_control) JobQueued: {'identifier': 'car_control', 'dependencies': OrderedDict([('drive_msgs', '/home/erk/f1tenth-t3/ros2_ws/install/drive_msgs')])}
[0.000268] (car_control) JobStarted: {'identifier': 'car_control'}
[0.006627] (car_control) JobProgress: {'identifier': 'car_control', 'progress': 'cmake'}
[0.007014] (car_control) JobProgress: {'identifier': 'car_control', 'progress': 'build'}
[0.007451] (car_control) Command: {'cmd': ['/usr/bin/cmake', '--build', '/home/erk/f1tenth-t3/ros2_ws/build/car_control', '--', '-j12', '-l12'], 'cwd': '/home/erk/f1tenth-t3/ros2_ws/build/car_control', 'env': OrderedDict([('USER', 'erk'), ('XDG_SESSION_TYPE', 'wayland'), ('ROS_PACKAGE_PATH', '/home/erk/f1tenth-t3/ros2_ws/install/drive_msgs/share:/home/erk/f1tenth-t3/ros2_ws/install/car_control/share'), ('SHLVL', '1'), ('LD_LIBRARY_PATH', '/home/erk/f1tenth-t3/ros2_ws/install/drive_msgs/lib:/opt/ros/humble/opt/rviz_ogre_vendor/lib:/opt/ros/humble/lib/x86_64-linux-gnu:/opt/ros/humble/lib'), ('OLDPWD', '/home/erk'), ('HOME', '/home/erk'), ('DESKTOP_SESSION', 'ubuntu'), ('GTK_MODULES', 'gail:atk-bridge'), ('GNOME_SHELL_SESSION_MODE', 'ubuntu'), ('ROS_PYTHON_VERSION', '3'), ('SYSTEMD_EXEC_PID', '1877'), ('DBUS_SESSION_BUS_ADDRESS', 'unix:path=/run/user/1000/bus'), ('COLORTERM', 'truecolor'), ('WAYLAND_DISPLAY', 'wayland-0'), ('ROS_DISTRO', 'humble'), ('COLCON_PREFIX_PATH', '/home/erk/f1tenth-t3/ros2_ws/install'), ('LOGNAME', 'erk'), ('_', '/usr/bin/colcon'), ('XDG_SESSION_CLASS', 'user'), ('ROS_VERSION', '2'), ('PKG_CONFIG_PATH', '/home/erk/f1tenth-t3/ros2_ws/install/drive_msgs/lib/x86_64-linux-gnu/pkgconfig:/home/erk/f1tenth-t3/ros2_ws/install/drive_msgs/lib/pkgconfig:/home/erk/f1tenth-t3/ros2_ws/install/car_control/lib/x86_64-linux-gnu/pkgconfig:/home/erk/f1tenth-t3/ros2_ws/install/car_control/lib/pkgconfig'), ('USERNAME', 'erk'), ('TERM', 'xterm-256color'), ('GNOME_DESKTOP_SESSION_ID', 'this-is-deprecated'), ('ROS_LOCALHOST_ONLY', '0'), ('PATH', '/opt/ros/humble/bin:/usr/local/sbin:/usr/local/bin:/usr/sbin:/usr/bin:/sbin:/bin:/usr/games:/usr/local/games:/snap/bin:/snap/bin'), ('SESSION_MANAGER', 'local/erk-MS-7B48:@/tmp/.ICE-unix/1847,unix/erk-MS-7B48:/tmp/.ICE-unix/1847'), ('GNOME_TERMINAL_SCREEN', '/org/gnome/Terminal/screen/49e440ce_cd5b_4187_bfb5_9a9e8f7267af'), ('XDG_MENU_PREFIX', 'gnome-'), ('GNOME_SETUP_DISPLAY', ':1'), ('XDG_RUNTIME_DIR', '/run/user/1000'), ('DISPLAY', ':0'), ('LANG', 'en_US.UTF-8'), ('XDG_CURRENT_DESKTOP', 'ubuntu:GNOME'), ('XDG_SESSION_DESKTOP', 'ubuntu'), ('GNOME_TERMINAL_SERVICE', ':1.207'), ('XMODIFIERS', '@im=ibus'), ('XAUTHORITY', '/run/user/1000/.mutter-Xwaylandauth.2252J3'), ('SSH_AUTH_SOCK', '/run/user/1000/keyring/ssh'), ('SSH_AGENT_LAUNCHER', 'gnome-keyring'), ('AMENT_PREFIX_PATH', '/home/erk/f1tenth-t3/ros2_ws/install/racer_bringup:/home/erk/f1tenth-t3/ros2_ws/install/wallfollowing2:/opt/ros/humble'), ('SHELL', '/usr/bin/zsh'), ('QT_ACCESSIBILITY', '1'), ('GDMSESSION', 'ubuntu'), ('QT_IM_MODULE', 'ibus'), ('PWD', '/home/erk/f1tenth-t3/ros2_ws/build/car_control'), ('XDG_DATA_DIRS', '/usr/local/share/:/usr/share/:/var/lib/snapd/desktop'), ('PYTHONPATH', '/home/erk/f1tenth-t3/ros2_ws/install/drive_msgs/local/lib/python3.10/dist-packages:/home/erk/f1tenth-t3/ros2_ws/install/racer_bringup/lib/python3.10/site-packages:/home/erk/f1tenth-t3/ros2_ws/install/wallfollowing2/lib/python3.10/site-packages:/opt/ros/humble/lib/python3.10/site-packages:/opt/ros/humble/local/lib/python3.10/dist-packages'), ('COLCON', '1'), ('VTE_VERSION', '6800'), ('CMAKE_PREFIX_PATH', '/home/erk/f1tenth-t3/ros2_ws/install/drive_msgs:/home/erk/f1tenth-t3/ros2_ws/install/car_control')]), 'shell': False}
[0.045384] (car_control) StdoutLine: {'line': b'[ 80%] Built target car_controller\n'}
[0.045523] (car_control) StdoutLine: {'line': b'[100%] Built target drive_parameters_multiplexer\n'}
[0.052594] (car_control) CommandEnded: {'returncode': 0}
[0.053107] (car_control) JobProgress: {'identifier': 'car_control', 'progress': 'install'}
[0.059089] (car_control) Command: {'cmd': ['/usr/bin/cmake', '--install', '/home/erk/f1tenth-t3/ros2_ws/build/car_control'], 'cwd': '/home/erk/f1tenth-t3/ros2_ws/build/car_control', 'env': OrderedDict([('USER', 'erk'), ('XDG_SESSION_TYPE', 'wayland'), ('ROS_PACKAGE_PATH', '/home/erk/f1tenth-t3/ros2_ws/install/drive_msgs/share:/home/erk/f1tenth-t3/ros2_ws/install/car_control/share'), ('SHLVL', '1'), ('LD_LIBRARY_PATH', '/home/erk/f1tenth-t3/ros2_ws/install/drive_msgs/lib:/opt/ros/humble/opt/rviz_ogre_vendor/lib:/opt/ros/humble/lib/x86_64-linux-gnu:/opt/ros/humble/lib'), ('OLDPWD', '/home/erk'), ('HOME', '/home/erk'), ('DESKTOP_SESSION', 'ubuntu'), ('GTK_MODULES', 'gail:atk-bridge'), ('GNOME_SHELL_SESSION_MODE', 'ubuntu'), ('ROS_PYTHON_VERSION', '3'), ('SYSTEMD_EXEC_PID', '1877'), ('DBUS_SESSION_BUS_ADDRESS', 'unix:path=/run/user/1000/bus'), ('COLORTERM', 'truecolor'), ('WAYLAND_DISPLAY', 'wayland-0'), ('ROS_DISTRO', 'humble'), ('COLCON_PREFIX_PATH', '/home/erk/f1tenth-t3/ros2_ws/install'), ('LOGNAME', 'erk'), ('_', '/usr/bin/colcon'), ('XDG_SESSION_CLASS', 'user'), ('ROS_VERSION', '2'), ('PKG_CONFIG_PATH', '/home/erk/f1tenth-t3/ros2_ws/install/drive_msgs/lib/x86_64-linux-gnu/pkgconfig:/home/erk/f1tenth-t3/ros2_ws/install/drive_msgs/lib/pkgconfig:/home/erk/f1tenth-t3/ros2_ws/install/car_control/lib/x86_64-linux-gnu/pkgconfig:/home/erk/f1tenth-t3/ros2_ws/install/car_control/lib/pkgconfig'), ('USERNAME', 'erk'), ('TERM', 'xterm-256color'), ('GNOME_DESKTOP_SESSION_ID', 'this-is-deprecated'), ('ROS_LOCALHOST_ONLY', '0'), ('PATH', '/opt/ros/humble/bin:/usr/local/sbin:/usr/local/bin:/usr/sbin:/usr/bin:/sbin:/bin:/usr/games:/usr/local/games:/snap/bin:/snap/bin'), ('SESSION_MANAGER', 'local/erk-MS-7B48:@/tmp/.ICE-unix/1847,unix/erk-MS-7B48:/tmp/.ICE-unix/1847'), ('GNOME_TERMINAL_SCREEN', '/org/gnome/Terminal/screen/49e440ce_cd5b_4187_bfb5_9a9e8f7267af'), ('XDG_MENU_PREFIX', 'gnome-'), ('GNOME_SETUP_DISPLAY', ':1'), ('XDG_RUNTIME_DIR', '/run/user/1000'), ('DISPLAY', ':0'), ('LANG', 'en_US.UTF-8'), ('XDG_CURRENT_DESKTOP', 'ubuntu:GNOME'), ('XDG_SESSION_DESKTOP', 'ubuntu'), ('GNOME_TERMINAL_SERVICE', ':1.207'), ('XMODIFIERS', '@im=ibus'), ('XAUTHORITY', '/run/user/1000/.mutter-Xwaylandauth.2252J3'), ('SSH_AUTH_SOCK', '/run/user/1000/keyring/ssh'), ('SSH_AGENT_LAUNCHER', 'gnome-keyring'), ('AMENT_PREFIX_PATH', '/home/erk/f1tenth-t3/ros2_ws/install/racer_bringup:/home/erk/f1tenth-t3/ros2_ws/install/wallfollowing2:/opt/ros/humble'), ('SHELL', '/usr/bin/zsh'), ('QT_ACCESSIBILITY', '1'), ('GDMSESSION', 'ubuntu'), ('QT_IM_MODULE', 'ibus'), ('PWD', '/home/erk/f1tenth-t3/ros2_ws/build/car_control'), ('XDG_DATA_DIRS', '/usr/local/share/:/usr/share/:/var/lib/snapd/desktop'), ('PYTHONPATH', '/home/erk/f1tenth-t3/ros2_ws/install/drive_msgs/local/lib/python3.10/dist-packages:/home/erk/f1tenth-t3/ros2_ws/install/racer_bringup/lib/python3.10/site-packages:/home/erk/f1tenth-t3/ros2_ws/install/wallfollowing2/lib/python3.10/site-packages:/opt/ros/humble/lib/python3.10/site-packages:/opt/ros/humble/local/lib/python3.10/dist-packages'), ('COLCON', '1'), ('VTE_VERSION', '6800'), ('CMAKE_PREFIX_PATH', '/home/erk/f1tenth-t3/ros2_ws/install/drive_msgs:/home/erk/f1tenth-t3/ros2_ws/install/car_control')]), 'shell': False}
[0.063849] (car_control) StdoutLine: {'line': b'-- Install configuration: ""\n'}
[0.064035] (car_control) StdoutLine: {'line': b'-- Up-to-date: /home/erk/f1tenth-t3/ros2_ws/install/car_control/lib/car_control/drive_parameters_multiplexer\n'}
[0.064305] (car_control) StdoutLine: {'line': b'-- Up-to-date: /home/erk/f1tenth-t3/ros2_ws/install/car_control/lib/car_control/car_controller\n'}
[0.064463] (car_control) StdoutLine: {'line': b'-- Up-to-date: /home/erk/f1tenth-t3/ros2_ws/install/car_control/include/\n'}
[0.064641] (car_control) StdoutLine: {'line': b'-- Up-to-date: /home/erk/f1tenth-t3/ros2_ws/install/car_control/include//car_control\n'}
[0.064746] (car_control) StdoutLine: {'line': b'-- Up-to-date: /home/erk/f1tenth-t3/ros2_ws/install/car_control/include//car_control/car_config.hpp\n'}
[0.064803] (car_control) StdoutLine: {'line': b'-- Up-to-date: /home/erk/f1tenth-t3/ros2_ws/install/car_control/include//car_control/drive_mode.hpp\n'}
[0.064851] (car_control) StdoutLine: {'line': b'-- Up-to-date: /home/erk/f1tenth-t3/ros2_ws/install/car_control/include//car_control/drive_parameters_source.hpp\n'}
[0.064897] (car_control) StdoutLine: {'line': b'-- Up-to-date: /home/erk/f1tenth-t3/ros2_ws/install/car_control/include//car_control/car_controller.hpp\n'}
[0.064970] (car_control) StdoutLine: {'line': b'-- Up-to-date: /home/erk/f1tenth-t3/ros2_ws/install/car_control/include//car_control/drive_parameters_multiplexer.hpp\n'}
[0.065014] (car_control) StdoutLine: {'line': b'-- Up-to-date: /home/erk/f1tenth-t3/ros2_ws/install/car_control/share/ament_index/resource_index/package_run_dependencies/car_control\n'}
[0.065069] (car_control) StdoutLine: {'line': b'-- Up-to-date: /home/erk/f1tenth-t3/ros2_ws/install/car_control/share/ament_index/resource_index/parent_prefix_path/car_control\n'}
[0.065113] (car_control) StdoutLine: {'line': b'-- Up-to-date: /home/erk/f1tenth-t3/ros2_ws/install/car_control/share/car_control/environment/ament_prefix_path.sh\n'}
[0.065157] (car_control) StdoutLine: {'line': b'-- Up-to-date: /home/erk/f1tenth-t3/ros2_ws/install/car_control/share/car_control/environment/ament_prefix_path.dsv\n'}
[0.065201] (car_control) StdoutLine: {'line': b'-- Up-to-date: /home/erk/f1tenth-t3/ros2_ws/install/car_control/share/car_control/environment/path.sh\n'}
[0.065244] (car_control) StdoutLine: {'line': b'-- Up-to-date: /home/erk/f1tenth-t3/ros2_ws/install/car_control/share/car_control/environment/path.dsv\n'}
[0.065288] (car_control) StdoutLine: {'line': b'-- Up-to-date: /home/erk/f1tenth-t3/ros2_ws/install/car_control/share/car_control/local_setup.bash\n'}
[0.065331] (car_control) StdoutLine: {'line': b'-- Up-to-date: /home/erk/f1tenth-t3/ros2_ws/install/car_control/share/car_control/local_setup.sh\n'}
[0.065375] (car_control) StdoutLine: {'line': b'-- Up-to-date: /home/erk/f1tenth-t3/ros2_ws/install/car_control/share/car_control/local_setup.zsh\n'}
[0.065418] (car_control) StdoutLine: {'line': b'-- Up-to-date: /home/erk/f1tenth-t3/ros2_ws/install/car_control/share/car_control/local_setup.dsv\n'}
[0.065493] (car_control) StdoutLine: {'line': b'-- Installing: /home/erk/f1tenth-t3/ros2_ws/install/car_control/share/car_control/package.dsv\n'}
[0.065537] (car_control) StdoutLine: {'line': b'-- Up-to-date: /home/erk/f1tenth-t3/ros2_ws/install/car_control/share/ament_index/resource_index/packages/car_control\n'}
[0.065577] (car_control) StdoutLine: {'line': b'-- Up-to-date: /home/erk/f1tenth-t3/ros2_ws/install/car_control/share/car_control/cmake/car_controlConfig.cmake\n'}
[0.065618] (car_control) StdoutLine: {'line': b'-- Up-to-date: /home/erk/f1tenth-t3/ros2_ws/install/car_control/share/car_control/cmake/car_controlConfig-version.cmake\n'}
[0.065658] (car_control) StdoutLine: {'line': b'-- Up-to-date: /home/erk/f1tenth-t3/ros2_ws/install/car_control/share/car_control/package.xml\n'}
[0.066134] (car_control) CommandEnded: {'returncode': 0}
[0.077429] (car_control) JobEnded: {'identifier': 'car_control', 'rc': 0}
[0.077893] (-) EventReactorShutdown: {}
