[0.023s] Invoking command in '/home/f1tt3/f1tenth-t3/ros2_ws/build/car_control': CMAKE_PREFIX_PATH=/home/f1tt3/f1tenth-t3/ros2_ws/install/drive_msgs:/home/f1tt3/f1tenth-t3/ros2_ws/install/car_control PKG_CONFIG_PATH=/home/f1tt3/f1tenth-t3/ros2_ws/install/drive_msgs/lib/aarch64-linux-gnu/pkgconfig:/home/f1tt3/f1tenth-t3/ros2_ws/install/drive_msgs/lib/pkgconfig:/home/f1tt3/f1tenth-t3/ros2_ws/install/car_control/lib/aarch64-linux-gnu/pkgconfig:/home/f1tt3/f1tenth-t3/ros2_ws/install/car_control/lib/x86_64-linux-gnu/pkgconfig:/home/f1tt3/f1tenth-t3/ros2_ws/install/car_control/lib/pkgconfig:/home/f1tt3/f1tenth-t3/ros2_ws/install/drive_msgs/lib/x86_64-linux-gnu/pkgconfig PYTHONPATH=/home/f1tt3/f1tenth-t3/ros2_ws/install/drive_msgs/local/lib/python3.10/dist-packages:/home/f1tt3/f1tenth-t3/ros2_ws/install/racer_bringup/lib/python3.10/site-packages:/home/f1tt3/f1tenth-t3/ros2_ws/install/wallfollowing2/lib/python3.10/site-packages:/opt/ros/humble/lib/python3.10/site-packages:/opt/ros/humble/local/lib/python3.10/dist-packages ROS_PACKAGE_PATH=/home/f1tt3/f1tenth-t3/ros2_ws/install/drive_msgs/share:/home/f1tt3/f1tenth-t3/ros2_ws/install/car_control/share /usr/bin/cmake --build /home/f1tt3/f1tenth-t3/ros2_ws/build/car_control -- -j6 -l6
[0.124s] [35m[1mConsolidate compiler generated dependencies of target car_controller[0m
[0.124s] [35m[1mConsolidate compiler generated dependencies of target drive_parameters_multiplexer[0m
[0.178s] [ 60%] Built target drive_parameters_multiplexer
[0.179s] [100%] Built target car_controller
[0.568s] Invoked command in '/home/f1tt3/f1tenth-t3/ros2_ws/build/car_control' returned '0': CMAKE_PREFIX_PATH=/home/f1tt3/f1tenth-t3/ros2_ws/install/drive_msgs:/home/f1tt3/f1tenth-t3/ros2_ws/install/car_control PKG_CONFIG_PATH=/home/f1tt3/f1tenth-t3/ros2_ws/install/drive_msgs/lib/aarch64-linux-gnu/pkgconfig:/home/f1tt3/f1tenth-t3/ros2_ws/install/drive_msgs/lib/pkgconfig:/home/f1tt3/f1tenth-t3/ros2_ws/install/car_control/lib/aarch64-linux-gnu/pkgconfig:/home/f1tt3/f1tenth-t3/ros2_ws/install/car_control/lib/x86_64-linux-gnu/pkgconfig:/home/f1tt3/f1tenth-t3/ros2_ws/install/car_control/lib/pkgconfig:/home/f1tt3/f1tenth-t3/ros2_ws/install/drive_msgs/lib/x86_64-linux-gnu/pkgconfig PYTHONPATH=/home/f1tt3/f1tenth-t3/ros2_ws/install/drive_msgs/local/lib/python3.10/dist-packages:/home/f1tt3/f1tenth-t3/ros2_ws/install/racer_bringup/lib/python3.10/site-packages:/home/f1tt3/f1tenth-t3/ros2_ws/install/wallfollowing2/lib/python3.10/site-packages:/opt/ros/humble/lib/python3.10/site-packages:/opt/ros/humble/local/lib/python3.10/dist-packages ROS_PACKAGE_PATH=/home/f1tt3/f1tenth-t3/ros2_ws/install/drive_msgs/share:/home/f1tt3/f1tenth-t3/ros2_ws/install/car_control/share /usr/bin/cmake --build /home/f1tt3/f1tenth-t3/ros2_ws/build/car_control -- -j6 -l6
[0.573s] Invoking command in '/home/f1tt3/f1tenth-t3/ros2_ws/build/car_control': CMAKE_PREFIX_PATH=/home/f1tt3/f1tenth-t3/ros2_ws/install/drive_msgs:/home/f1tt3/f1tenth-t3/ros2_ws/install/car_control PKG_CONFIG_PATH=/home/f1tt3/f1tenth-t3/ros2_ws/install/drive_msgs/lib/aarch64-linux-gnu/pkgconfig:/home/f1tt3/f1tenth-t3/ros2_ws/install/drive_msgs/lib/pkgconfig:/home/f1tt3/f1tenth-t3/ros2_ws/install/car_control/lib/aarch64-linux-gnu/pkgconfig:/home/f1tt3/f1tenth-t3/ros2_ws/install/car_control/lib/x86_64-linux-gnu/pkgconfig:/home/f1tt3/f1tenth-t3/ros2_ws/install/car_control/lib/pkgconfig:/home/f1tt3/f1tenth-t3/ros2_ws/install/drive_msgs/lib/x86_64-linux-gnu/pkgconfig PYTHONPATH=/home/f1tt3/f1tenth-t3/ros2_ws/install/drive_msgs/local/lib/python3.10/dist-packages:/home/f1tt3/f1tenth-t3/ros2_ws/install/racer_bringup/lib/python3.10/site-packages:/home/f1tt3/f1tenth-t3/ros2_ws/install/wallfollowing2/lib/python3.10/site-packages:/opt/ros/humble/lib/python3.10/site-packages:/opt/ros/humble/local/lib/python3.10/dist-packages ROS_PACKAGE_PATH=/home/f1tt3/f1tenth-t3/ros2_ws/install/drive_msgs/share:/home/f1tt3/f1tenth-t3/ros2_ws/install/car_control/share /usr/bin/cmake --install /home/f1tt3/f1tenth-t3/ros2_ws/build/car_control
[0.589s] -- Install configuration: ""
[0.589s] -- Up-to-date: /home/f1tt3/f1tenth-t3/ros2_ws/install/car_control/lib/car_control/drive_parameters_multiplexer
[0.591s] -- Up-to-date: /home/f1tt3/f1tenth-t3/ros2_ws/install/car_control/lib/car_control/car_controller
[0.591s] -- Up-to-date: /home/f1tt3/f1tenth-t3/ros2_ws/install/car_control/include/
[0.591s] -- Up-to-date: /home/f1tt3/f1tenth-t3/ros2_ws/install/car_control/include//car_control
[0.591s] -- Up-to-date: /home/f1tt3/f1tenth-t3/ros2_ws/install/car_control/include//car_control/drive_mode.hpp
[0.591s] -- Up-to-date: /home/f1tt3/f1tenth-t3/ros2_ws/install/car_control/include//car_control/drive_parameters_source.hpp
[0.592s] -- Up-to-date: /home/f1tt3/f1tenth-t3/ros2_ws/install/car_control/include//car_control/drive_parameters_multiplexer.hpp
[0.592s] -- Up-to-date: /home/f1tt3/f1tenth-t3/ros2_ws/install/car_control/include//car_control/car_config.hpp
[0.592s] -- Up-to-date: /home/f1tt3/f1tenth-t3/ros2_ws/install/car_control/include//car_control/car_controller.hpp
[0.592s] -- Up-to-date: /home/f1tt3/f1tenth-t3/ros2_ws/install/car_control/share/ament_index/resource_index/package_run_dependencies/car_control
[0.592s] -- Up-to-date: /home/f1tt3/f1tenth-t3/ros2_ws/install/car_control/share/ament_index/resource_index/parent_prefix_path/car_control
[0.592s] -- Up-to-date: /home/f1tt3/f1tenth-t3/ros2_ws/install/car_control/share/car_control/environment/ament_prefix_path.sh
[0.592s] -- Up-to-date: /home/f1tt3/f1tenth-t3/ros2_ws/install/car_control/share/car_control/environment/ament_prefix_path.dsv
[0.592s] -- Up-to-date: /home/f1tt3/f1tenth-t3/ros2_ws/install/car_control/share/car_control/environment/path.sh
[0.592s] -- Up-to-date: /home/f1tt3/f1tenth-t3/ros2_ws/install/car_control/share/car_control/environment/path.dsv
[0.593s] -- Up-to-date: /home/f1tt3/f1tenth-t3/ros2_ws/install/car_control/share/car_control/local_setup.bash
[0.593s] -- Up-to-date: /home/f1tt3/f1tenth-t3/ros2_ws/install/car_control/share/car_control/local_setup.sh
[0.593s] -- Up-to-date: /home/f1tt3/f1tenth-t3/ros2_ws/install/car_control/share/car_control/local_setup.zsh
[0.593s] -- Up-to-date: /home/f1tt3/f1tenth-t3/ros2_ws/install/car_control/share/car_control/local_setup.dsv
[0.593s] -- Installing: /home/f1tt3/f1tenth-t3/ros2_ws/install/car_control/share/car_control/package.dsv
[0.595s] -- Up-to-date: /home/f1tt3/f1tenth-t3/ros2_ws/install/car_control/share/ament_index/resource_index/packages/car_control
[0.595s] -- Up-to-date: /home/f1tt3/f1tenth-t3/ros2_ws/install/car_control/share/car_control/cmake/car_controlConfig.cmake
[0.595s] -- Up-to-date: /home/f1tt3/f1tenth-t3/ros2_ws/install/car_control/share/car_control/cmake/car_controlConfig-version.cmake
[0.595s] -- Up-to-date: /home/f1tt3/f1tenth-t3/ros2_ws/install/car_control/share/car_control/package.xml
[0.597s] Invoked command in '/home/f1tt3/f1tenth-t3/ros2_ws/build/car_control' returned '0': CMAKE_PREFIX_PATH=/home/f1tt3/f1tenth-t3/ros2_ws/install/drive_msgs:/home/f1tt3/f1tenth-t3/ros2_ws/install/car_control PKG_CONFIG_PATH=/home/f1tt3/f1tenth-t3/ros2_ws/install/drive_msgs/lib/aarch64-linux-gnu/pkgconfig:/home/f1tt3/f1tenth-t3/ros2_ws/install/drive_msgs/lib/pkgconfig:/home/f1tt3/f1tenth-t3/ros2_ws/install/car_control/lib/aarch64-linux-gnu/pkgconfig:/home/f1tt3/f1tenth-t3/ros2_ws/install/car_control/lib/x86_64-linux-gnu/pkgconfig:/home/f1tt3/f1tenth-t3/ros2_ws/install/car_control/lib/pkgconfig:/home/f1tt3/f1tenth-t3/ros2_ws/install/drive_msgs/lib/x86_64-linux-gnu/pkgconfig PYTHONPATH=/home/f1tt3/f1tenth-t3/ros2_ws/install/drive_msgs/local/lib/python3.10/dist-packages:/home/f1tt3/f1tenth-t3/ros2_ws/install/racer_bringup/lib/python3.10/site-packages:/home/f1tt3/f1tenth-t3/ros2_ws/install/wallfollowing2/lib/python3.10/site-packages:/opt/ros/humble/lib/python3.10/site-packages:/opt/ros/humble/local/lib/python3.10/dist-packages ROS_PACKAGE_PATH=/home/f1tt3/f1tenth-t3/ros2_ws/install/drive_msgs/share:/home/f1tt3/f1tenth-t3/ros2_ws/install/car_control/share /usr/bin/cmake --install /home/f1tt3/f1tenth-t3/ros2_ws/build/car_control
