[1.673s] Invoking command in '/home/f1tt3/f1tenth-t3/ros2_ws/src/wallfollowing2': CMAKE_PREFIX_PATH=/home/f1tt3/f1tenth-t3/ros2_ws/install/drive_msgs LD_LIBRARY_PATH=/home/f1tt3/f1tenth-t3/ros2_ws/install/drive_msgs/lib:${LD_LIBRARY_PATH} PKG_CONFIG_PATH=/home/f1tt3/f1tenth-t3/ros2_ws/install/drive_msgs/lib/aarch64-linux-gnu/pkgconfig:/home/f1tt3/f1tenth-t3/ros2_ws/install/drive_msgs/lib/pkgconfig PYTHONPATH=/home/f1tt3/f1tenth-t3/ros2_ws/build/wallfollowing2/prefix_override:/usr/lib/python3/dist-packages/colcon_core/task/python/colcon_distutils_commands:/home/f1tt3/f1tenth-t3/ros2_ws/install/wallfollowing2/lib/python3.10/site-packages:/home/f1tt3/f1tenth-t3/ros2_ws/install/drive_msgs/local/lib/python3.10/dist-packages:${PYTHONPATH} ROS_PACKAGE_PATH=/home/f1tt3/f1tenth-t3/ros2_ws/install/drive_msgs/share /usr/bin/python3 -W ignore:setup.py install is deprecated -W ignore:easy_install command is deprecated setup.py egg_info --egg-base ../../build/wallfollowing2 build --build-base /home/f1tt3/f1tenth-t3/ros2_ws/build/wallfollowing2/build install --record /home/f1tt3/f1tenth-t3/ros2_ws/build/wallfollowing2/install.log --single-version-externally-managed install_data
[2.304s] running egg_info
[2.306s] creating ../../build/wallfollowing2/wallfollowing2.egg-info
[2.308s] writing ../../build/wallfollowing2/wallfollowing2.egg-info/PKG-INFO
[2.311s] writing dependency_links to ../../build/wallfollowing2/wallfollowing2.egg-info/dependency_links.txt
[2.313s] writing entry points to ../../build/wallfollowing2/wallfollowing2.egg-info/entry_points.txt
[2.315s] writing requirements to ../../build/wallfollowing2/wallfollowing2.egg-info/requires.txt
[2.316s] writing top-level names to ../../build/wallfollowing2/wallfollowing2.egg-info/top_level.txt
[2.318s] writing manifest file '../../build/wallfollowing2/wallfollowing2.egg-info/SOURCES.txt'
[2.324s] reading manifest file '../../build/wallfollowing2/wallfollowing2.egg-info/SOURCES.txt'
[2.327s] writing manifest file '../../build/wallfollowing2/wallfollowing2.egg-info/SOURCES.txt'
[2.329s] running build
[2.329s] running build_py
[2.331s] creating /home/f1tt3/f1tenth-t3/ros2_ws/build/wallfollowing2/build
[2.332s] creating /home/f1tt3/f1tenth-t3/ros2_ws/build/wallfollowing2/build/lib
[2.333s] creating /home/f1tt3/f1tenth-t3/ros2_ws/build/wallfollowing2/build/lib/wallfollowing2
[2.335s] copying wallfollowing2/wallfollowing_node.py -> /home/f1tt3/f1tenth-t3/ros2_ws/build/wallfollowing2/build/lib/wallfollowing2
[2.337s] copying wallfollowing2/circle.py -> /home/f1tt3/f1tenth-t3/ros2_ws/build/wallfollowing2/build/lib/wallfollowing2
[2.339s] copying wallfollowing2/__init__.py -> /home/f1tt3/f1tenth-t3/ros2_ws/build/wallfollowing2/build/lib/wallfollowing2
[2.340s] copying wallfollowing2/follow_the_gap_node.py -> /home/f1tt3/f1tenth-t3/ros2_ws/build/wallfollowing2/build/lib/wallfollowing2
[2.342s] copying wallfollowing2/rviz_geometry.py -> /home/f1tt3/f1tenth-t3/ros2_ws/build/wallfollowing2/build/lib/wallfollowing2
[2.344s] copying wallfollowing2/scan_stop_reverse_test_node.py -> /home/f1tt3/f1tenth-t3/ros2_ws/build/wallfollowing2/build/lib/wallfollowing2
[2.347s] running install
[2.349s] running install_lib
[2.357s] creating /home/f1tt3/f1tenth-t3/ros2_ws/install/wallfollowing2/lib/python3.10/site-packages/wallfollowing2
[2.358s] copying /home/f1tt3/f1tenth-t3/ros2_ws/build/wallfollowing2/build/lib/wallfollowing2/wallfollowing_node.py -> /home/f1tt3/f1tenth-t3/ros2_ws/install/wallfollowing2/lib/python3.10/site-packages/wallfollowing2
[2.360s] copying /home/f1tt3/f1tenth-t3/ros2_ws/build/wallfollowing2/build/lib/wallfollowing2/circle.py -> /home/f1tt3/f1tenth-t3/ros2_ws/install/wallfollowing2/lib/python3.10/site-packages/wallfollowing2
[2.361s] copying /home/f1tt3/f1tenth-t3/ros2_ws/build/wallfollowing2/build/lib/wallfollowing2/__init__.py -> /home/f1tt3/f1tenth-t3/ros2_ws/install/wallfollowing2/lib/python3.10/site-packages/wallfollowing2
[2.362s] copying /home/f1tt3/f1tenth-t3/ros2_ws/build/wallfollowing2/build/lib/wallfollowing2/follow_the_gap_node.py -> /home/f1tt3/f1tenth-t3/ros2_ws/install/wallfollowing2/lib/python3.10/site-packages/wallfollowing2
[2.363s] copying /home/f1tt3/f1tenth-t3/ros2_ws/build/wallfollowing2/build/lib/wallfollowing2/rviz_geometry.py -> /home/f1tt3/f1tenth-t3/ros2_ws/install/wallfollowing2/lib/python3.10/site-packages/wallfollowing2
[2.363s] copying /home/f1tt3/f1tenth-t3/ros2_ws/build/wallfollowing2/build/lib/wallfollowing2/scan_stop_reverse_test_node.py -> /home/f1tt3/f1tenth-t3/ros2_ws/install/wallfollowing2/lib/python3.10/site-packages/wallfollowing2
[2.364s] byte-compiling /home/f1tt3/f1tenth-t3/ros2_ws/install/wallfollowing2/lib/python3.10/site-packages/wallfollowing2/wallfollowing_node.py to wallfollowing_node.cpython-310.pyc
[2.371s] byte-compiling /home/f1tt3/f1tenth-t3/ros2_ws/install/wallfollowing2/lib/python3.10/site-packages/wallfollowing2/circle.py to circle.cpython-310.pyc
[2.373s] byte-compiling /home/f1tt3/f1tenth-t3/ros2_ws/install/wallfollowing2/lib/python3.10/site-packages/wallfollowing2/__init__.py to __init__.cpython-310.pyc
[2.376s] byte-compiling /home/f1tt3/f1tenth-t3/ros2_ws/install/wallfollowing2/lib/python3.10/site-packages/wallfollowing2/follow_the_gap_node.py to follow_the_gap_node.cpython-310.pyc
[2.379s] byte-compiling /home/f1tt3/f1tenth-t3/ros2_ws/install/wallfollowing2/lib/python3.10/site-packages/wallfollowing2/rviz_geometry.py to rviz_geometry.cpython-310.pyc
[2.382s] byte-compiling /home/f1tt3/f1tenth-t3/ros2_ws/install/wallfollowing2/lib/python3.10/site-packages/wallfollowing2/scan_stop_reverse_test_node.py to scan_stop_reverse_test_node.cpython-310.pyc
[2.385s] running install_data
[2.387s] creating /home/f1tt3/f1tenth-t3/ros2_ws/install/wallfollowing2/share/ament_index
[2.388s] creating /home/f1tt3/f1tenth-t3/ros2_ws/install/wallfollowing2/share/ament_index/resource_index
[2.389s] creating /home/f1tt3/f1tenth-t3/ros2_ws/install/wallfollowing2/share/ament_index/resource_index/packages
[2.390s] copying resource/wallfollowing2 -> /home/f1tt3/f1tenth-t3/ros2_ws/install/wallfollowing2/share/ament_index/resource_index/packages
[2.390s] copying package.xml -> /home/f1tt3/f1tenth-t3/ros2_ws/install/wallfollowing2/share/wallfollowing2
[2.392s] running install_egg_info
[2.399s] Copying ../../build/wallfollowing2/wallfollowing2.egg-info to /home/f1tt3/f1tenth-t3/ros2_ws/install/wallfollowing2/lib/python3.10/site-packages/wallfollowing2-0.1.0-py3.10.egg-info
[2.402s] running install_scripts
[2.464s] Installing follow_the_gap_node script to /home/f1tt3/f1tenth-t3/ros2_ws/install/wallfollowing2/lib/wallfollowing2
[2.464s] Installing scan_stop_reverse_test_node script to /home/f1tt3/f1tenth-t3/ros2_ws/install/wallfollowing2/lib/wallfollowing2
[2.464s] Installing wallfollowing_node script to /home/f1tt3/f1tenth-t3/ros2_ws/install/wallfollowing2/lib/wallfollowing2
[2.465s] writing list of installed files to '/home/f1tt3/f1tenth-t3/ros2_ws/build/wallfollowing2/install.log'
[2.564s] Invoked command in '/home/f1tt3/f1tenth-t3/ros2_ws/src/wallfollowing2' returned '0': CMAKE_PREFIX_PATH=/home/f1tt3/f1tenth-t3/ros2_ws/install/drive_msgs LD_LIBRARY_PATH=/home/f1tt3/f1tenth-t3/ros2_ws/install/drive_msgs/lib:${LD_LIBRARY_PATH} PKG_CONFIG_PATH=/home/f1tt3/f1tenth-t3/ros2_ws/install/drive_msgs/lib/aarch64-linux-gnu/pkgconfig:/home/f1tt3/f1tenth-t3/ros2_ws/install/drive_msgs/lib/pkgconfig PYTHONPATH=/home/f1tt3/f1tenth-t3/ros2_ws/build/wallfollowing2/prefix_override:/usr/lib/python3/dist-packages/colcon_core/task/python/colcon_distutils_commands:/home/f1tt3/f1tenth-t3/ros2_ws/install/wallfollowing2/lib/python3.10/site-packages:/home/f1tt3/f1tenth-t3/ros2_ws/install/drive_msgs/local/lib/python3.10/dist-packages:${PYTHONPATH} ROS_PACKAGE_PATH=/home/f1tt3/f1tenth-t3/ros2_ws/install/drive_msgs/share /usr/bin/python3 -W ignore:setup.py install is deprecated -W ignore:easy_install command is deprecated setup.py egg_info --egg-base ../../build/wallfollowing2 build --build-base /home/f1tt3/f1tenth-t3/ros2_ws/build/wallfollowing2/build install --record /home/f1tt3/f1tenth-t3/ros2_ws/build/wallfollowing2/install.log --single-version-externally-managed install_data
