[0.029s] Invoking command in '/home/f1tt3/f1tenth-t3/ros2_ws/build/car_control': CMAKE_PREFIX_PATH=/home/f1tt3/f1tenth-t3/ros2_ws/install/drive_msgs LD_LIBRARY_PATH=/home/f1tt3/f1tenth-t3/ros2_ws/install/drive_msgs/lib:${LD_LIBRARY_PATH} PKG_CONFIG_PATH=/home/f1tt3/f1tenth-t3/ros2_ws/install/drive_msgs/lib/aarch64-linux-gnu/pkgconfig:/home/f1tt3/f1tenth-t3/ros2_ws/install/drive_msgs/lib/pkgconfig PYTHONPATH=/home/f1tt3/f1tenth-t3/ros2_ws/install/drive_msgs/local/lib/python3.10/dist-packages:${PYTHONPATH} ROS_PACKAGE_PATH=/home/f1tt3/f1tenth-t3/ros2_ws/install/drive_msgs/share /usr/bin/cmake --build /home/f1tt3/f1tenth-t3/ros2_ws/build/car_control -- -j6 -l6
[0.162s] [ 40%] Built target car_controller
[0.165s] [100%] Built target drive_parameters_multiplexer
[0.538s] Invoked command in '/home/f1tt3/f1tenth-t3/ros2_ws/build/car_control' returned '0': CMAKE_PREFIX_PATH=/home/f1tt3/f1tenth-t3/ros2_ws/install/drive_msgs LD_LIBRARY_PATH=/home/f1tt3/f1tenth-t3/ros2_ws/install/drive_msgs/lib:${LD_LIBRARY_PATH} PKG_CONFIG_PATH=/home/f1tt3/f1tenth-t3/ros2_ws/install/drive_msgs/lib/aarch64-linux-gnu/pkgconfig:/home/f1tt3/f1tenth-t3/ros2_ws/install/drive_msgs/lib/pkgconfig PYTHONPATH=/home/f1tt3/f1tenth-t3/ros2_ws/install/drive_msgs/local/lib/python3.10/dist-packages:${PYTHONPATH} ROS_PACKAGE_PATH=/home/f1tt3/f1tenth-t3/ros2_ws/install/drive_msgs/share /usr/bin/cmake --build /home/f1tt3/f1tenth-t3/ros2_ws/build/car_control -- -j6 -l6
[0.544s] Invoking command in '/home/f1tt3/f1tenth-t3/ros2_ws/build/car_control': CMAKE_PREFIX_PATH=/home/f1tt3/f1tenth-t3/ros2_ws/install/drive_msgs LD_LIBRARY_PATH=/home/f1tt3/f1tenth-t3/ros2_ws/install/drive_msgs/lib:${LD_LIBRARY_PATH} PKG_CONFIG_PATH=/home/f1tt3/f1tenth-t3/ros2_ws/install/drive_msgs/lib/aarch64-linux-gnu/pkgconfig:/home/f1tt3/f1tenth-t3/ros2_ws/install/drive_msgs/lib/pkgconfig PYTHONPATH=/home/f1tt3/f1tenth-t3/ros2_ws/install/drive_msgs/local/lib/python3.10/dist-packages:${PYTHONPATH} ROS_PACKAGE_PATH=/home/f1tt3/f1tenth-t3/ros2_ws/install/drive_msgs/share /usr/bin/cmake --install /home/f1tt3/f1tenth-t3/ros2_ws/build/car_control
[0.564s] -- Install configuration: ""
[0.565s] -- Up-to-date: /home/f1tt3/f1tenth-t3/ros2_ws/install/car_control/lib/car_control/drive_parameters_multiplexer
[0.567s] -- Up-to-date: /home/f1tt3/f1tenth-t3/ros2_ws/install/car_control/lib/car_control/car_controller
[0.567s] -- Up-to-date: /home/f1tt3/f1tenth-t3/ros2_ws/install/car_control/include/
[0.567s] -- Up-to-date: /home/f1tt3/f1tenth-t3/ros2_ws/install/car_control/include//car_control
[0.568s] -- Up-to-date: /home/f1tt3/f1tenth-t3/ros2_ws/install/car_control/include//car_control/drive_mode.hpp
[0.568s] -- Up-to-date: /home/f1tt3/f1tenth-t3/ros2_ws/install/car_control/include//car_control/drive_parameters_source.hpp
[0.568s] -- Up-to-date: /home/f1tt3/f1tenth-t3/ros2_ws/install/car_control/include//car_control/drive_parameters_multiplexer.hpp
[0.568s] -- Up-to-date: /home/f1tt3/f1tenth-t3/ros2_ws/install/car_control/include//car_control/car_config.hpp
[0.569s] -- Up-to-date: /home/f1tt3/f1tenth-t3/ros2_ws/install/car_control/include//car_control/car_controller.hpp
[0.569s] -- Up-to-date: /home/f1tt3/f1tenth-t3/ros2_ws/install/car_control/share/ament_index/resource_index/package_run_dependencies/car_control
[0.569s] -- Up-to-date: /home/f1tt3/f1tenth-t3/ros2_ws/install/car_control/share/ament_index/resource_index/parent_prefix_path/car_control
[0.569s] -- Up-to-date: /home/f1tt3/f1tenth-t3/ros2_ws/install/car_control/share/car_control/environment/ament_prefix_path.sh
[0.569s] -- Up-to-date: /home/f1tt3/f1tenth-t3/ros2_ws/install/car_control/share/car_control/environment/ament_prefix_path.dsv
[0.569s] -- Up-to-date: /home/f1tt3/f1tenth-t3/ros2_ws/install/car_control/share/car_control/environment/path.sh
[0.570s] -- Up-to-date: /home/f1tt3/f1tenth-t3/ros2_ws/install/car_control/share/car_control/environment/path.dsv
[0.570s] -- Up-to-date: /home/f1tt3/f1tenth-t3/ros2_ws/install/car_control/share/car_control/local_setup.bash
[0.570s] -- Up-to-date: /home/f1tt3/f1tenth-t3/ros2_ws/install/car_control/share/car_control/local_setup.sh
[0.570s] -- Up-to-date: /home/f1tt3/f1tenth-t3/ros2_ws/install/car_control/share/car_control/local_setup.zsh
[0.570s] -- Up-to-date: /home/f1tt3/f1tenth-t3/ros2_ws/install/car_control/share/car_control/local_setup.dsv
[0.570s] -- Installing: /home/f1tt3/f1tenth-t3/ros2_ws/install/car_control/share/car_control/package.dsv
[0.571s] -- Up-to-date: /home/f1tt3/f1tenth-t3/ros2_ws/install/car_control/share/ament_index/resource_index/packages/car_control
[0.571s] -- Up-to-date: /home/f1tt3/f1tenth-t3/ros2_ws/install/car_control/share/car_control/cmake/car_controlConfig.cmake
[0.571s] -- Up-to-date: /home/f1tt3/f1tenth-t3/ros2_ws/install/car_control/share/car_control/cmake/car_controlConfig-version.cmake
[0.571s] -- Up-to-date: /home/f1tt3/f1tenth-t3/ros2_ws/install/car_control/share/car_control/package.xml
[0.574s] Invoked command in '/home/f1tt3/f1tenth-t3/ros2_ws/build/car_control' returned '0': CMAKE_PREFIX_PATH=/home/f1tt3/f1tenth-t3/ros2_ws/install/drive_msgs LD_LIBRARY_PATH=/home/f1tt3/f1tenth-t3/ros2_ws/install/drive_msgs/lib:${LD_LIBRARY_PATH} PKG_CONFIG_PATH=/home/f1tt3/f1tenth-t3/ros2_ws/install/drive_msgs/lib/aarch64-linux-gnu/pkgconfig:/home/f1tt3/f1tenth-t3/ros2_ws/install/drive_msgs/lib/pkgconfig PYTHONPATH=/home/f1tt3/f1tenth-t3/ros2_ws/install/drive_msgs/local/lib/python3.10/dist-packages:${PYTHONPATH} ROS_PACKAGE_PATH=/home/f1tt3/f1tenth-t3/ros2_ws/install/drive_msgs/share /usr/bin/cmake --install /home/f1tt3/f1tenth-t3/ros2_ws/build/car_control
