[0.000000] (-) TimerEvent: {}
[0.000174] (-) JobUnselected: {'identifier': 'car_control'}
[0.000197] (-) JobUnselected: {'identifier': 'drive_msgs'}
[0.000223] (wallfollowing2) JobQueued: {'identifier': 'wallfollowing2', 'dependencies': OrderedDict([('drive_msgs', '/home/erk/f1tenth-t3/ros2_ws/install/drive_msgs')])}
[0.000242] (racer_bringup) JobQueued: {'identifier': 'racer_bringup', 'dependencies': OrderedDict([('drive_msgs', '/home/erk/f1tenth-t3/ros2_ws/install/drive_msgs'), ('car_control', '/home/erk/f1tenth-t3/ros2_ws/install/car_control'), ('wallfollowing2', '/home/erk/f1tenth-t3/ros2_ws/install/wallfollowing2')])}
[0.000258] (wallfollowing2) JobStarted: {'identifier': 'wallfollowing2'}
[0.099585] (-) TimerEvent: {}
[0.199753] (-) TimerEvent: {}
[0.299919] (-) TimerEvent: {}
[0.400130] (-) TimerEvent: {}
[0.414753] (wallfollowing2) Command: {'cmd': ['/usr/bin/python3', '-W', 'ignore:setup.py install is deprecated', '-W', 'ignore:easy_install command is deprecated', 'setup.py', 'egg_info', '--egg-base', '../../build/wallfollowing2', 'build', '--build-base', '/home/erk/f1tenth-t3/ros2_ws/build/wallfollowing2/build', 'install', '--record', '/home/erk/f1tenth-t3/ros2_ws/build/wallfollowing2/install.log', '--single-version-externally-managed', 'install_data'], 'cwd': '/home/erk/f1tenth-t3/ros2_ws/src/wallfollowing2', 'env': {'USER': 'erk', 'XDG_SESSION_TYPE': 'wayland', 'ROS_PACKAGE_PATH': '/home/erk/f1tenth-t3/ros2_ws/install/drive_msgs/share:/home/erk/f1tenth-t3/ros2_ws/install/car_control/share', 'SHLVL': '1', 'LD_LIBRARY_PATH': '/home/erk/f1tenth-t3/ros2_ws/install/drive_msgs/lib:/opt/ros/humble/opt/rviz_ogre_vendor/lib:/opt/ros/humble/lib/x86_64-linux-gnu:/opt/ros/humble/lib', 'OLDPWD': '/home/erk', 'HOME': '/home/erk', 'DESKTOP_SESSION': 'ubuntu', 'GTK_MODULES': 'gail:atk-bridge', 'GNOME_SHELL_SESSION_MODE': 'ubuntu', 'ROS_PYTHON_VERSION': '3', 'SYSTEMD_EXEC_PID': '1877', 'DBUS_SESSION_BUS_ADDRESS': 'unix:path=/run/user/1000/bus', 'COLORTERM': 'truecolor', 'WAYLAND_DISPLAY': 'wayland-0', 'ROS_DISTRO': 'humble', 'COLCON_PREFIX_PATH': '/home/erk/f1tenth-t3/ros2_ws/install', 'LOGNAME': 'erk', '_': '/usr/bin/colcon', 'XDG_SESSION_CLASS': 'user', 'ROS_VERSION': '2', 'PKG_CONFIG_PATH': '/home/erk/f1tenth-t3/ros2_ws/install/drive_msgs/lib/x86_64-linux-gnu/pkgconfig:/home/erk/f1tenth-t3/ros2_ws/install/drive_msgs/lib/pkgconfig:/home/erk/f1tenth-t3/ros2_ws/install/car_control/lib/x86_64-linux-gnu/pkgconfig:/home/erk/f1tenth-t3/ros2_ws/install/car_control/lib/pkgconfig', 'USERNAME': 'erk', 'TERM': 'xterm-256color', 'GNOME_DESKTOP_SESSION_ID': 'this-is-deprecated', 'ROS_LOCALHOST_ONLY': '0', 'PATH': '/opt/ros/humble/bin:/usr/local/sbin:/usr/local/bin:/usr/sbin:/usr/bin:/sbin:/bin:/usr/games:/usr/local/games:/snap/bin:/snap/bin', 'SESSION_MANAGER': 'local/erk-MS-7B48:@/tmp/.ICE-unix/1847,unix/erk-MS-7B48:/tmp/.ICE-unix/1847', 'GNOME_TERMINAL_SCREEN': '/org/gnome/Terminal/screen/1e1008ab_55be_4d8b_8164_ecd590a2f5e9', 'XDG_MENU_PREFIX': 'gnome-', 'GNOME_SETUP_DISPLAY': ':1', 'XDG_RUNTIME_DIR': '/run/user/1000', 'DISPLAY': ':0', 'LANG': 'en_US.UTF-8', 'XDG_CURRENT_DESKTOP': 'ubuntu:GNOME', 'XDG_SESSION_DESKTOP': 'ubuntu', 'GNOME_TERMINAL_SERVICE': ':1.799', 'XMODIFIERS': '@im=ibus', 'XAUTHORITY': '/run/user/1000/.mutter-Xwaylandauth.2252J3', 'SSH_AUTH_SOCK': '/run/user/1000/keyring/ssh', 'SSH_AGENT_LAUNCHER': 'gnome-keyring', 'AMENT_PREFIX_PATH': '/home/erk/f1tenth-t3/ros2_ws/install/racer_bringup:/home/erk/f1tenth-t3/ros2_ws/install/wallfollowing2:/opt/ros/humble', 'SHELL': '/usr/bin/zsh', 'QT_ACCESSIBILITY': '1', 'GDMSESSION': 'ubuntu', 'QT_IM_MODULE': 'ibus', 'PWD': '/home/erk/f1tenth-t3/ros2_ws/build/wallfollowing2', 'XDG_DATA_DIRS': '/usr/local/share/:/usr/share/:/var/lib/snapd/desktop', 'PYTHONPATH': '/home/erk/f1tenth-t3/ros2_ws/build/wallfollowing2/prefix_override:/usr/lib/python3/dist-packages/colcon_core/task/python/colcon_distutils_commands:/home/erk/f1tenth-t3/ros2_ws/install/wallfollowing2/lib/python3.10/site-packages:/home/erk/f1tenth-t3/ros2_ws/install/drive_msgs/local/lib/python3.10/dist-packages:/home/erk/f1tenth-t3/ros2_ws/install/racer_bringup/lib/python3.10/site-packages:/home/erk/f1tenth-t3/ros2_ws/install/wallfollowing2/lib/python3.10/site-packages:/opt/ros/humble/lib/python3.10/site-packages:/opt/ros/humble/local/lib/python3.10/dist-packages', 'COLCON': '1', 'VTE_VERSION': '6800', 'CMAKE_PREFIX_PATH': '/home/erk/f1tenth-t3/ros2_ws/install/drive_msgs:/home/erk/f1tenth-t3/ros2_ws/install/car_control'}, 'shell': False}
[0.500221] (-) TimerEvent: {}
[0.587107] (wallfollowing2) StdoutLine: {'line': b'running egg_info\n'}
[0.587579] (wallfollowing2) StdoutLine: {'line': b'writing ../../build/wallfollowing2/wallfollowing2.egg-info/PKG-INFO\n'}
[0.587712] (wallfollowing2) StdoutLine: {'line': b'writing dependency_links to ../../build/wallfollowing2/wallfollowing2.egg-info/dependency_links.txt\n'}
[0.587813] (wallfollowing2) StdoutLine: {'line': b'writing entry points to ../../build/wallfollowing2/wallfollowing2.egg-info/entry_points.txt\n'}
[0.587935] (wallfollowing2) StdoutLine: {'line': b'writing requirements to ../../build/wallfollowing2/wallfollowing2.egg-info/requires.txt\n'}
[0.588062] (wallfollowing2) StdoutLine: {'line': b'writing top-level names to ../../build/wallfollowing2/wallfollowing2.egg-info/top_level.txt\n'}
[0.588998] (wallfollowing2) StdoutLine: {'line': b"reading manifest file '../../build/wallfollowing2/wallfollowing2.egg-info/SOURCES.txt'\n"}
[0.589600] (wallfollowing2) StdoutLine: {'line': b"writing manifest file '../../build/wallfollowing2/wallfollowing2.egg-info/SOURCES.txt'\n"}
[0.589736] (wallfollowing2) StdoutLine: {'line': b'running build\n'}
[0.589800] (wallfollowing2) StdoutLine: {'line': b'running build_py\n'}
[0.589979] (wallfollowing2) StdoutLine: {'line': b'running install\n'}
[0.590180] (wallfollowing2) StdoutLine: {'line': b'running install_lib\n'}
[0.590982] (wallfollowing2) StdoutLine: {'line': b'running install_data\n'}
[0.591075] (wallfollowing2) StdoutLine: {'line': b'running install_egg_info\n'}
[0.592588] (wallfollowing2) StdoutLine: {'line': b"removing '/home/erk/f1tenth-t3/ros2_ws/install/wallfollowing2/lib/python3.10/site-packages/wallfollowing2-0.1.0-py3.10.egg-info' (and everything under it)\n"}
[0.592800] (wallfollowing2) StdoutLine: {'line': b'Copying ../../build/wallfollowing2/wallfollowing2.egg-info to /home/erk/f1tenth-t3/ros2_ws/install/wallfollowing2/lib/python3.10/site-packages/wallfollowing2-0.1.0-py3.10.egg-info\n'}
[0.593393] (wallfollowing2) StdoutLine: {'line': b'running install_scripts\n'}
[0.600302] (-) TimerEvent: {}
[0.607007] (wallfollowing2) StdoutLine: {'line': b'Installing scan_stop_reverse_test_node script to /home/erk/f1tenth-t3/ros2_ws/install/wallfollowing2/lib/wallfollowing2\n'}
[0.607153] (wallfollowing2) StdoutLine: {'line': b'Installing wallfollowing_node script to /home/erk/f1tenth-t3/ros2_ws/install/wallfollowing2/lib/wallfollowing2\n'}
[0.607349] (wallfollowing2) StdoutLine: {'line': b"writing list of installed files to '/home/erk/f1tenth-t3/ros2_ws/build/wallfollowing2/install.log'\n"}
[0.620985] (wallfollowing2) CommandEnded: {'returncode': 0}
[0.628443] (wallfollowing2) JobEnded: {'identifier': 'wallfollowing2', 'rc': 0}
[0.628821] (racer_bringup) JobStarted: {'identifier': 'racer_bringup'}
[0.700401] (-) TimerEvent: {}
[0.800582] (-) TimerEvent: {}
[0.900777] (-) TimerEvent: {}
[1.000979] (-) TimerEvent: {}
[1.044492] (racer_bringup) Command: {'cmd': ['/usr/bin/python3', '-W', 'ignore:setup.py install is deprecated', '-W', 'ignore:easy_install command is deprecated', 'setup.py', 'egg_info', '--egg-base', '../../build/racer_bringup', 'build', '--build-base', '/home/erk/f1tenth-t3/ros2_ws/build/racer_bringup/build', 'install', '--record', '/home/erk/f1tenth-t3/ros2_ws/build/racer_bringup/install.log', '--single-version-externally-managed', 'install_data'], 'cwd': '/home/erk/f1tenth-t3/ros2_ws/src/racer_bringup', 'env': {'USER': 'erk', 'XDG_SESSION_TYPE': 'wayland', 'ROS_PACKAGE_PATH': '/home/erk/f1tenth-t3/ros2_ws/install/car_control/share:/home/erk/f1tenth-t3/ros2_ws/install/drive_msgs/share', 'SHLVL': '1', 'LD_LIBRARY_PATH': '/home/erk/f1tenth-t3/ros2_ws/install/drive_msgs/lib:/opt/ros/humble/opt/rviz_ogre_vendor/lib:/opt/ros/humble/lib/x86_64-linux-gnu:/opt/ros/humble/lib', 'OLDPWD': '/home/erk', 'HOME': '/home/erk', 'DESKTOP_SESSION': 'ubuntu', 'GTK_MODULES': 'gail:atk-bridge', 'GNOME_SHELL_SESSION_MODE': 'ubuntu', 'ROS_PYTHON_VERSION': '3', 'SYSTEMD_EXEC_PID': '1877', 'DBUS_SESSION_BUS_ADDRESS': 'unix:path=/run/user/1000/bus', 'COLORTERM': 'truecolor', 'WAYLAND_DISPLAY': 'wayland-0', 'ROS_DISTRO': 'humble', 'COLCON_PREFIX_PATH': '/home/erk/f1tenth-t3/ros2_ws/install', 'LOGNAME': 'erk', '_': '/usr/bin/colcon', 'XDG_SESSION_CLASS': 'user', 'ROS_VERSION': '2', 'PKG_CONFIG_PATH': '/home/erk/f1tenth-t3/ros2_ws/install/car_control/lib/x86_64-linux-gnu/pkgconfig:/home/erk/f1tenth-t3/ros2_ws/install/car_control/lib/pkgconfig:/home/erk/f1tenth-t3/ros2_ws/install/drive_msgs/lib/x86_64-linux-gnu/pkgconfig:/home/erk/f1tenth-t3/ros2_ws/install/drive_msgs/lib/pkgconfig', 'USERNAME': 'erk', 'TERM': 'xterm-256color', 'GNOME_DESKTOP_SESSION_ID': 'this-is-deprecated', 'ROS_LOCALHOST_ONLY': '0', 'PATH': '/opt/ros/humble/bin:/usr/local/sbin:/usr/local/bin:/usr/sbin:/usr/bin:/sbin:/bin:/usr/games:/usr/local/games:/snap/bin:/snap/bin', 'SESSION_MANAGER': 'local/erk-MS-7B48:@/tmp/.ICE-unix/1847,unix/erk-MS-7B48:/tmp/.ICE-unix/1847', 'GNOME_TERMINAL_SCREEN': '/org/gnome/Terminal/screen/1e1008ab_55be_4d8b_8164_ecd590a2f5e9', 'XDG_MENU_PREFIX': 'gnome-', 'GNOME_SETUP_DISPLAY': ':1', 'XDG_RUNTIME_DIR': '/run/user/1000', 'DISPLAY': ':0', 'LANG': 'en_US.UTF-8', 'XDG_CURRENT_DESKTOP': 'ubuntu:GNOME', 'XDG_SESSION_DESKTOP': 'ubuntu', 'GNOME_TERMINAL_SERVICE': ':1.799', 'XMODIFIERS': '@im=ibus', 'XAUTHORITY': '/run/user/1000/.mutter-Xwaylandauth.2252J3', 'SSH_AUTH_SOCK': '/run/user/1000/keyring/ssh', 'SSH_AGENT_LAUNCHER': 'gnome-keyring', 'AMENT_PREFIX_PATH': '/home/erk/f1tenth-t3/ros2_ws/install/wallfollowing2:/home/erk/f1tenth-t3/ros2_ws/install/racer_bringup:/opt/ros/humble', 'SHELL': '/usr/bin/zsh', 'QT_ACCESSIBILITY': '1', 'GDMSESSION': 'ubuntu', 'QT_IM_MODULE': 'ibus', 'PWD': '/home/erk/f1tenth-t3/ros2_ws/build/racer_bringup', 'XDG_DATA_DIRS': '/usr/local/share/:/usr/share/:/var/lib/snapd/desktop', 'PYTHONPATH': '/home/erk/f1tenth-t3/ros2_ws/build/racer_bringup/prefix_override:/usr/lib/python3/dist-packages/colcon_core/task/python/colcon_distutils_commands:/home/erk/f1tenth-t3/ros2_ws/install/racer_bringup/lib/python3.10/site-packages:/home/erk/f1tenth-t3/ros2_ws/install/wallfollowing2/lib/python3.10/site-packages:/home/erk/f1tenth-t3/ros2_ws/install/drive_msgs/local/lib/python3.10/dist-packages:/home/erk/f1tenth-t3/ros2_ws/install/racer_bringup/lib/python3.10/site-packages:/opt/ros/humble/lib/python3.10/site-packages:/opt/ros/humble/local/lib/python3.10/dist-packages', 'COLCON': '1', 'VTE_VERSION': '6800', 'CMAKE_PREFIX_PATH': '/home/erk/f1tenth-t3/ros2_ws/install/car_control:/home/erk/f1tenth-t3/ros2_ws/install/drive_msgs'}, 'shell': False}
[1.101072] (-) TimerEvent: {}
[1.201266] (-) TimerEvent: {}
[1.217287] (racer_bringup) StdoutLine: {'line': b'running egg_info\n'}
[1.217803] (racer_bringup) StdoutLine: {'line': b'writing ../../build/racer_bringup/racer_bringup.egg-info/PKG-INFO\n'}
[1.217937] (racer_bringup) StdoutLine: {'line': b'writing dependency_links to ../../build/racer_bringup/racer_bringup.egg-info/dependency_links.txt\n'}
[1.218057] (racer_bringup) StdoutLine: {'line': b'writing requirements to ../../build/racer_bringup/racer_bringup.egg-info/requires.txt\n'}
[1.218164] (racer_bringup) StdoutLine: {'line': b'writing top-level names to ../../build/racer_bringup/racer_bringup.egg-info/top_level.txt\n'}
[1.218580] (racer_bringup) StdoutLine: {'line': b"reading manifest file '../../build/racer_bringup/racer_bringup.egg-info/SOURCES.txt'\n"}
[1.219161] (racer_bringup) StdoutLine: {'line': b"writing manifest file '../../build/racer_bringup/racer_bringup.egg-info/SOURCES.txt'\n"}
[1.219295] (racer_bringup) StdoutLine: {'line': b'running build\n'}
[1.219360] (racer_bringup) StdoutLine: {'line': b'running install\n'}
[1.219428] (racer_bringup) StdoutLine: {'line': b'running install_data\n'}
[1.219540] (racer_bringup) StdoutLine: {'line': b'running install_egg_info\n'}
[1.221445] (racer_bringup) StdoutLine: {'line': b"removing '/home/erk/f1tenth-t3/ros2_ws/install/racer_bringup/lib/python3.10/site-packages/racer_bringup-0.1.0-py3.10.egg-info' (and everything under it)\n"}
[1.221657] (racer_bringup) StdoutLine: {'line': b'Copying ../../build/racer_bringup/racer_bringup.egg-info to /home/erk/f1tenth-t3/ros2_ws/install/racer_bringup/lib/python3.10/site-packages/racer_bringup-0.1.0-py3.10.egg-info\n'}
[1.222171] (racer_bringup) StdoutLine: {'line': b'running install_scripts\n'}
[1.235922] (racer_bringup) StdoutLine: {'line': b"writing list of installed files to '/home/erk/f1tenth-t3/ros2_ws/build/racer_bringup/install.log'\n"}
[1.249743] (racer_bringup) CommandEnded: {'returncode': 0}
[1.254104] (racer_bringup) JobEnded: {'identifier': 'racer_bringup', 'rc': 0}
[1.254558] (-) EventReactorShutdown: {}
