-- The C compiler identification is GNU 11.4.0
-- The CXX compiler identification is GNU 11.4.0
-- Detecting C compiler ABI info
-- Detecting C compiler ABI info - done
-- Check for working C compiler: /usr/bin/cc - skipped
-- Detecting C compile features
-- Detecting C compile features - done
-- Detecting CXX compiler ABI info
-- Detecting CXX compiler ABI info - done
-- Check for working CXX compiler: /usr/bin/c++ - skipped
-- Detecting CXX compile features
-- Detecting CXX compile features - done
-- Found ament_cmake: 1.3.12 (/opt/ros/humble/share/ament_cmake/cmake)
-- Found Python3: /usr/bin/python3 (found version "3.10.12") found components: Interpreter 
-- Found rclcpp: 16.0.17 (/opt/ros/humble/share/rclcpp/cmake)
-- Found rosidl_generator_c: 3.1.8 (/opt/ros/humble/share/rosidl_generator_c/cmake)
-- Found rosidl_adapter: 3.1.8 (/opt/ros/humble/share/rosidl_adapter/cmake)
-- Found rosidl_generator_cpp: 3.1.8 (/opt/ros/humble/share/rosidl_generator_cpp/cmake)
-- Using all available rosidl_typesupport_c: rosidl_typesupport_fastrtps_c;rosidl_typesupport_introspection_c
-- Using all available rosidl_typesupport_cpp: rosidl_typesupport_fastrtps_cpp;rosidl_typesupport_introspection_cpp
-- Found rmw_implementation_cmake: 6.1.2 (/opt/ros/humble/share/rmw_implementation_cmake/cmake)
-- Found rmw_fastrtps_cpp: 6.2.9 (/opt/ros/humble/share/rmw_fastrtps_cpp/cmake)
-- Found OpenSSL: /usr/lib/aarch64-linux-gnu/libcrypto.so (found version "3.0.2")  
-- Found FastRTPS: /opt/ros/humble/include  
-- Using RMW implementation 'rmw_fastrtps_cpp' as default
-- Looking for pthread.h
-- Looking for pthread.h - found
-- Performing Test CMAKE_HAVE_LIBC_PTHREAD
-- Performing Test CMAKE_HAVE_LIBC_PTHREAD - Success
-- Found Threads: TRUE  
-- Found geometry_msgs: 4.9.0 (/opt/ros/humble/share/geometry_msgs/cmake)
-- Found drive_msgs: 0.1.0 (/home/f1tt3/f1tenth-t3/ros2_ws/install/drive_msgs/share/drive_msgs/cmake)
-- Configuring done
-- Generating done
-- Build files have been written to: /home/f1tt3/f1tenth-t3/ros2_ws/build/car_control
[ 20%] Building CXX object CMakeFiles/drive_parameters_multiplexer.dir/src/drive_parameters_source.cpp.o
[ 40%] Building CXX object CMakeFiles/drive_parameters_multiplexer.dir/src/drive_parameters_multiplexer.cpp.o
[ 60%] Linking CXX executable drive_parameters_multiplexer
[ 60%] Built target drive_parameters_multiplexer
[ 80%] Building CXX object CMakeFiles/car_controller.dir/src/car_controller.cpp.o
[100%] Linking CXX executable car_controller
[100%] Built target car_controller
-- Install configuration: ""
-- Installing: /home/f1tt3/f1tenth-t3/ros2_ws/install/car_control/lib/car_control/drive_parameters_multiplexer
-- Set runtime path of "/home/f1tt3/f1tenth-t3/ros2_ws/install/car_control/lib/car_control/drive_parameters_multiplexer" to ""
-- Installing: /home/f1tt3/f1tenth-t3/ros2_ws/install/car_control/lib/car_control/car_controller
-- Set runtime path of "/home/f1tt3/f1tenth-t3/ros2_ws/install/car_control/lib/car_control/car_controller" to ""
-- Installing: /home/f1tt3/f1tenth-t3/ros2_ws/install/car_control/include/
-- Installing: /home/f1tt3/f1tenth-t3/ros2_ws/install/car_control/include//car_control
-- Installing: /home/f1tt3/f1tenth-t3/ros2_ws/install/car_control/include//car_control/drive_mode.hpp
-- Installing: /home/f1tt3/f1tenth-t3/ros2_ws/install/car_control/include//car_control/drive_parameters_source.hpp
-- Installing: /home/f1tt3/f1tenth-t3/ros2_ws/install/car_control/include//car_control/drive_parameters_multiplexer.hpp
-- Installing: /home/f1tt3/f1tenth-t3/ros2_ws/install/car_control/include//car_control/car_config.hpp
-- Installing: /home/f1tt3/f1tenth-t3/ros2_ws/install/car_control/include//car_control/car_controller.hpp
-- Installing: /home/f1tt3/f1tenth-t3/ros2_ws/install/car_control/share/ament_index/resource_index/package_run_dependencies/car_control
-- Installing: /home/f1tt3/f1tenth-t3/ros2_ws/install/car_control/share/ament_index/resource_index/parent_prefix_path/car_control
-- Installing: /home/f1tt3/f1tenth-t3/ros2_ws/install/car_control/share/car_control/environment/ament_prefix_path.sh
-- Installing: /home/f1tt3/f1tenth-t3/ros2_ws/install/car_control/share/car_control/environment/ament_prefix_path.dsv
-- Installing: /home/f1tt3/f1tenth-t3/ros2_ws/install/car_control/share/car_control/environment/path.sh
-- Installing: /home/f1tt3/f1tenth-t3/ros2_ws/install/car_control/share/car_control/environment/path.dsv
-- Installing: /home/f1tt3/f1tenth-t3/ros2_ws/install/car_control/share/car_control/local_setup.bash
-- Installing: /home/f1tt3/f1tenth-t3/ros2_ws/install/car_control/share/car_control/local_setup.sh
-- Installing: /home/f1tt3/f1tenth-t3/ros2_ws/install/car_control/share/car_control/local_setup.zsh
-- Installing: /home/f1tt3/f1tenth-t3/ros2_ws/install/car_control/share/car_control/local_setup.dsv
-- Installing: /home/f1tt3/f1tenth-t3/ros2_ws/install/car_control/share/car_control/package.dsv
-- Installing: /home/f1tt3/f1tenth-t3/ros2_ws/install/car_control/share/ament_index/resource_index/packages/car_control
-- Installing: /home/f1tt3/f1tenth-t3/ros2_ws/install/car_control/share/car_control/cmake/car_controlConfig.cmake
-- Installing: /home/f1tt3/f1tenth-t3/ros2_ws/install/car_control/share/car_control/cmake/car_controlConfig-version.cmake
-- Installing: /home/f1tt3/f1tenth-t3/ros2_ws/install/car_control/share/car_control/package.xml
