[0.035s] Invoking command in '/home/f1tt3/f1tenth-t3/ros2_ws/build/car_control': CMAKE_PREFIX_PATH=/home/f1tt3/f1tenth-t3/ros2_ws/install/drive_msgs LD_LIBRARY_PATH=/home/f1tt3/f1tenth-t3/ros2_ws/install/drive_msgs/lib:${LD_LIBRARY_PATH} PKG_CONFIG_PATH=/home/f1tt3/f1tenth-t3/ros2_ws/install/drive_msgs/lib/aarch64-linux-gnu/pkgconfig:/home/f1tt3/f1tenth-t3/ros2_ws/install/drive_msgs/lib/pkgconfig PYTHONPATH=/home/f1tt3/f1tenth-t3/ros2_ws/install/drive_msgs/local/lib/python3.10/dist-packages:${PYTHONPATH} ROS_PACKAGE_PATH=/home/f1tt3/f1tenth-t3/ros2_ws/install/drive_msgs/share /usr/bin/cmake /home/f1tt3/f1tenth-t3/ros2_ws/src/car_control -DCATKIN_INSTALL_INTO_PREFIX_ROOT=0 -DCMAKE_INSTALL_PREFIX=/home/f1tt3/f1tenth-t3/ros2_ws/install/car_control
[0.758s] -- The C compiler identification is GNU 11.4.0
[0.760s] -- The CXX compiler identification is GNU 11.4.0
[0.760s] -- Detecting C compiler ABI info
[0.760s] -- Detecting C compiler ABI info - done
[0.760s] -- Check for working C compiler: /usr/bin/cc - skipped
[0.761s] -- Detecting C compile features
[0.761s] -- Detecting C compile features - done
[0.762s] -- Detecting CXX compiler ABI info
[0.762s] -- Detecting CXX compiler ABI info - done
[0.762s] -- Check for working CXX compiler: /usr/bin/c++ - skipped
[0.762s] -- Detecting CXX compile features
[0.762s] -- Detecting CXX compile features - done
[0.762s] -- Found ament_cmake: 1.3.12 (/opt/ros/humble/share/ament_cmake/cmake)
[1.094s] -- Found Python3: /usr/bin/python3 (found version "3.10.12") found components: Interpreter 
[1.306s] -- Found rclcpp: 16.0.17 (/opt/ros/humble/share/rclcpp/cmake)
[1.391s] -- Found rosidl_generator_c: 3.1.8 (/opt/ros/humble/share/rosidl_generator_c/cmake)
[1.401s] -- Found rosidl_adapter: 3.1.8 (/opt/ros/humble/share/rosidl_adapter/cmake)
[1.417s] -- Found rosidl_generator_cpp: 3.1.8 (/opt/ros/humble/share/rosidl_generator_cpp/cmake)
[1.451s] -- Using all available rosidl_typesupport_c: rosidl_typesupport_fastrtps_c;rosidl_typesupport_introspection_c
[1.492s] -- Using all available rosidl_typesupport_cpp: rosidl_typesupport_fastrtps_cpp;rosidl_typesupport_introspection_cpp
[1.643s] -- Found rmw_implementation_cmake: 6.1.2 (/opt/ros/humble/share/rmw_implementation_cmake/cmake)
[1.657s] -- Found rmw_fastrtps_cpp: 6.2.9 (/opt/ros/humble/share/rmw_fastrtps_cpp/cmake)
[1.989s] -- Found OpenSSL: /usr/lib/aarch64-linux-gnu/libcrypto.so (found version "3.0.2")  
[2.101s] -- Found FastRTPS: /opt/ros/humble/include  
[2.229s] -- Using RMW implementation 'rmw_fastrtps_cpp' as default
[2.257s] -- Looking for pthread.h
[2.460s] -- Looking for pthread.h - found
[2.460s] -- Performing Test CMAKE_HAVE_LIBC_PTHREAD
[2.669s] -- Performing Test CMAKE_HAVE_LIBC_PTHREAD - Success
[2.672s] -- Found Threads: TRUE  
[2.814s] -- Found geometry_msgs: 4.9.0 (/opt/ros/humble/share/geometry_msgs/cmake)
[2.843s] -- Found drive_msgs: 0.1.0 (/home/f1tt3/f1tenth-t3/ros2_ws/install/drive_msgs/share/drive_msgs/cmake)
[3.036s] -- Configuring done
[3.070s] -- Generating done
[3.072s] CMake Warning:
[3.072s]   Manually-specified variables were not used by the project:
[3.072s] 
[3.072s]     CATKIN_INSTALL_INTO_PREFIX_ROOT
[3.072s] 
[3.073s] 
[3.082s] -- Build files have been written to: /home/f1tt3/f1tenth-t3/ros2_ws/build/car_control
[3.113s] Invoked command in '/home/f1tt3/f1tenth-t3/ros2_ws/build/car_control' returned '0': CMAKE_PREFIX_PATH=/home/f1tt3/f1tenth-t3/ros2_ws/install/drive_msgs LD_LIBRARY_PATH=/home/f1tt3/f1tenth-t3/ros2_ws/install/drive_msgs/lib:${LD_LIBRARY_PATH} PKG_CONFIG_PATH=/home/f1tt3/f1tenth-t3/ros2_ws/install/drive_msgs/lib/aarch64-linux-gnu/pkgconfig:/home/f1tt3/f1tenth-t3/ros2_ws/install/drive_msgs/lib/pkgconfig PYTHONPATH=/home/f1tt3/f1tenth-t3/ros2_ws/install/drive_msgs/local/lib/python3.10/dist-packages:${PYTHONPATH} ROS_PACKAGE_PATH=/home/f1tt3/f1tenth-t3/ros2_ws/install/drive_msgs/share /usr/bin/cmake /home/f1tt3/f1tenth-t3/ros2_ws/src/car_control -DCATKIN_INSTALL_INTO_PREFIX_ROOT=0 -DCMAKE_INSTALL_PREFIX=/home/f1tt3/f1tenth-t3/ros2_ws/install/car_control
[3.114s] Invoking command in '/home/f1tt3/f1tenth-t3/ros2_ws/build/car_control': CMAKE_PREFIX_PATH=/home/f1tt3/f1tenth-t3/ros2_ws/install/drive_msgs LD_LIBRARY_PATH=/home/f1tt3/f1tenth-t3/ros2_ws/install/drive_msgs/lib:${LD_LIBRARY_PATH} PKG_CONFIG_PATH=/home/f1tt3/f1tenth-t3/ros2_ws/install/drive_msgs/lib/aarch64-linux-gnu/pkgconfig:/home/f1tt3/f1tenth-t3/ros2_ws/install/drive_msgs/lib/pkgconfig PYTHONPATH=/home/f1tt3/f1tenth-t3/ros2_ws/install/drive_msgs/local/lib/python3.10/dist-packages:${PYTHONPATH} ROS_PACKAGE_PATH=/home/f1tt3/f1tenth-t3/ros2_ws/install/drive_msgs/share /usr/bin/cmake --build /home/f1tt3/f1tenth-t3/ros2_ws/build/car_control -- -j6 -l6
[3.241s] [ 20%] Building CXX object CMakeFiles/drive_parameters_multiplexer.dir/src/drive_parameters_source.cpp.o
[22.328s] [ 40%] Building CXX object CMakeFiles/drive_parameters_multiplexer.dir/src/drive_parameters_multiplexer.cpp.o
[43.196s] [ 60%] Linking CXX executable drive_parameters_multiplexer
[44.656s] [ 60%] Built target drive_parameters_multiplexer
[44.705s] [ 80%] Building CXX object CMakeFiles/car_controller.dir/src/car_controller.cpp.o
[79.594s] [100%] Linking CXX executable car_controller
[81.387s] [100%] Built target car_controller
[81.415s] Invoked command in '/home/f1tt3/f1tenth-t3/ros2_ws/build/car_control' returned '0': CMAKE_PREFIX_PATH=/home/f1tt3/f1tenth-t3/ros2_ws/install/drive_msgs LD_LIBRARY_PATH=/home/f1tt3/f1tenth-t3/ros2_ws/install/drive_msgs/lib:${LD_LIBRARY_PATH} PKG_CONFIG_PATH=/home/f1tt3/f1tenth-t3/ros2_ws/install/drive_msgs/lib/aarch64-linux-gnu/pkgconfig:/home/f1tt3/f1tenth-t3/ros2_ws/install/drive_msgs/lib/pkgconfig PYTHONPATH=/home/f1tt3/f1tenth-t3/ros2_ws/install/drive_msgs/local/lib/python3.10/dist-packages:${PYTHONPATH} ROS_PACKAGE_PATH=/home/f1tt3/f1tenth-t3/ros2_ws/install/drive_msgs/share /usr/bin/cmake --build /home/f1tt3/f1tenth-t3/ros2_ws/build/car_control -- -j6 -l6
[81.419s] Invoking command in '/home/f1tt3/f1tenth-t3/ros2_ws/build/car_control': CMAKE_PREFIX_PATH=/home/f1tt3/f1tenth-t3/ros2_ws/install/drive_msgs LD_LIBRARY_PATH=/home/f1tt3/f1tenth-t3/ros2_ws/install/drive_msgs/lib:${LD_LIBRARY_PATH} PKG_CONFIG_PATH=/home/f1tt3/f1tenth-t3/ros2_ws/install/drive_msgs/lib/aarch64-linux-gnu/pkgconfig:/home/f1tt3/f1tenth-t3/ros2_ws/install/drive_msgs/lib/pkgconfig PYTHONPATH=/home/f1tt3/f1tenth-t3/ros2_ws/install/drive_msgs/local/lib/python3.10/dist-packages:${PYTHONPATH} ROS_PACKAGE_PATH=/home/f1tt3/f1tenth-t3/ros2_ws/install/drive_msgs/share /usr/bin/cmake --install /home/f1tt3/f1tenth-t3/ros2_ws/build/car_control
[81.439s] -- Install configuration: ""
[81.439s] -- Installing: /home/f1tt3/f1tenth-t3/ros2_ws/install/car_control/lib/car_control/drive_parameters_multiplexer
[81.462s] -- Set runtime path of "/home/f1tt3/f1tenth-t3/ros2_ws/install/car_control/lib/car_control/drive_parameters_multiplexer" to ""
[81.462s] -- Installing: /home/f1tt3/f1tenth-t3/ros2_ws/install/car_control/lib/car_control/car_controller
[81.481s] -- Set runtime path of "/home/f1tt3/f1tenth-t3/ros2_ws/install/car_control/lib/car_control/car_controller" to ""
[81.481s] -- Installing: /home/f1tt3/f1tenth-t3/ros2_ws/install/car_control/include/
[81.481s] -- Installing: /home/f1tt3/f1tenth-t3/ros2_ws/install/car_control/include//car_control
[81.481s] -- Installing: /home/f1tt3/f1tenth-t3/ros2_ws/install/car_control/include//car_control/drive_mode.hpp
[81.484s] -- Installing: /home/f1tt3/f1tenth-t3/ros2_ws/install/car_control/include//car_control/drive_parameters_source.hpp
[81.484s] -- Installing: /home/f1tt3/f1tenth-t3/ros2_ws/install/car_control/include//car_control/drive_parameters_multiplexer.hpp
[81.484s] -- Installing: /home/f1tt3/f1tenth-t3/ros2_ws/install/car_control/include//car_control/car_config.hpp
[81.484s] -- Installing: /home/f1tt3/f1tenth-t3/ros2_ws/install/car_control/include//car_control/car_controller.hpp
[81.484s] -- Installing: /home/f1tt3/f1tenth-t3/ros2_ws/install/car_control/share/ament_index/resource_index/package_run_dependencies/car_control
[81.484s] -- Installing: /home/f1tt3/f1tenth-t3/ros2_ws/install/car_control/share/ament_index/resource_index/parent_prefix_path/car_control
[81.485s] -- Installing: /home/f1tt3/f1tenth-t3/ros2_ws/install/car_control/share/car_control/environment/ament_prefix_path.sh
[81.486s] -- Installing: /home/f1tt3/f1tenth-t3/ros2_ws/install/car_control/share/car_control/environment/ament_prefix_path.dsv
[81.486s] -- Installing: /home/f1tt3/f1tenth-t3/ros2_ws/install/car_control/share/car_control/environment/path.sh
[81.487s] -- Installing: /home/f1tt3/f1tenth-t3/ros2_ws/install/car_control/share/car_control/environment/path.dsv
[81.487s] -- Installing: /home/f1tt3/f1tenth-t3/ros2_ws/install/car_control/share/car_control/local_setup.bash
[81.487s] -- Installing: /home/f1tt3/f1tenth-t3/ros2_ws/install/car_control/share/car_control/local_setup.sh
[81.487s] -- Installing: /home/f1tt3/f1tenth-t3/ros2_ws/install/car_control/share/car_control/local_setup.zsh
[81.489s] -- Installing: /home/f1tt3/f1tenth-t3/ros2_ws/install/car_control/share/car_control/local_setup.dsv
[81.490s] -- Installing: /home/f1tt3/f1tenth-t3/ros2_ws/install/car_control/share/car_control/package.dsv
[81.491s] -- Installing: /home/f1tt3/f1tenth-t3/ros2_ws/install/car_control/share/ament_index/resource_index/packages/car_control
[81.491s] -- Installing: /home/f1tt3/f1tenth-t3/ros2_ws/install/car_control/share/car_control/cmake/car_controlConfig.cmake
[81.492s] -- Installing: /home/f1tt3/f1tenth-t3/ros2_ws/install/car_control/share/car_control/cmake/car_controlConfig-version.cmake
[81.492s] -- Installing: /home/f1tt3/f1tenth-t3/ros2_ws/install/car_control/share/car_control/package.xml
[81.498s] Invoked command in '/home/f1tt3/f1tenth-t3/ros2_ws/build/car_control' returned '0': CMAKE_PREFIX_PATH=/home/f1tt3/f1tenth-t3/ros2_ws/install/drive_msgs LD_LIBRARY_PATH=/home/f1tt3/f1tenth-t3/ros2_ws/install/drive_msgs/lib:${LD_LIBRARY_PATH} PKG_CONFIG_PATH=/home/f1tt3/f1tenth-t3/ros2_ws/install/drive_msgs/lib/aarch64-linux-gnu/pkgconfig:/home/f1tt3/f1tenth-t3/ros2_ws/install/drive_msgs/lib/pkgconfig PYTHONPATH=/home/f1tt3/f1tenth-t3/ros2_ws/install/drive_msgs/local/lib/python3.10/dist-packages:${PYTHONPATH} ROS_PACKAGE_PATH=/home/f1tt3/f1tenth-t3/ros2_ws/install/drive_msgs/share /usr/bin/cmake --install /home/f1tt3/f1tenth-t3/ros2_ws/build/car_control
