[0.413s] Invoking command in '/home/erk/f1tenth-t3/ros2_ws/src/racer_bringup': AMENT_PREFIX_PATH=/home/erk/f1tenth-t3/ros2_ws/install/wallfollowing2:${AMENT_PREFIX_PATH} CMAKE_PREFIX_PATH=/home/erk/f1tenth-t3/ros2_ws/install/car_control:/home/erk/f1tenth-t3/ros2_ws/install/drive_msgs LD_LIBRARY_PATH=/home/erk/f1tenth-t3/ros2_ws/install/drive_msgs/lib:${LD_LIBRARY_PATH} PKG_CONFIG_PATH=/home/erk/f1tenth-t3/ros2_ws/install/car_control/lib/x86_64-linux-gnu/pkgconfig:/home/erk/f1tenth-t3/ros2_ws/install/car_control/lib/pkgconfig:/home/erk/f1tenth-t3/ros2_ws/install/drive_msgs/lib/x86_64-linux-gnu/pkgconfig:/home/erk/f1tenth-t3/ros2_ws/install/drive_msgs/lib/pkgconfig PYTHONPATH=/home/erk/f1tenth-t3/ros2_ws/build/racer_bringup/prefix_override:/usr/lib/python3/dist-packages/colcon_core/task/python/colcon_distutils_commands:/home/erk/f1tenth-t3/ros2_ws/install/racer_bringup/lib/python3.10/site-packages:/home/erk/f1tenth-t3/ros2_ws/install/wallfollowing2/lib/python3.10/site-packages:/home/erk/f1tenth-t3/ros2_ws/install/drive_msgs/local/lib/python3.10/dist-packages:${PYTHONPATH} ROS_PACKAGE_PATH=/home/erk/f1tenth-t3/ros2_ws/install/car_control/share:/home/erk/f1tenth-t3/ros2_ws/install/drive_msgs/share /usr/bin/python3 -W ignore:setup.py install is deprecated -W ignore:easy_install command is deprecated setup.py egg_info --egg-base ../../build/racer_bringup build --build-base /home/erk/f1tenth-t3/ros2_ws/build/racer_bringup/build install --record /home/erk/f1tenth-t3/ros2_ws/build/racer_bringup/install.log --single-version-externally-managed install_data
[0.584s] running egg_info
[0.585s] creating ../../build/racer_bringup/racer_bringup.egg-info
[0.585s] writing ../../build/racer_bringup/racer_bringup.egg-info/PKG-INFO
[0.585s] writing dependency_links to ../../build/racer_bringup/racer_bringup.egg-info/dependency_links.txt
[0.585s] writing requirements to ../../build/racer_bringup/racer_bringup.egg-info/requires.txt
[0.585s] writing top-level names to ../../build/racer_bringup/racer_bringup.egg-info/top_level.txt
[0.585s] writing manifest file '../../build/racer_bringup/racer_bringup.egg-info/SOURCES.txt'
[0.586s] reading manifest file '../../build/racer_bringup/racer_bringup.egg-info/SOURCES.txt'
[0.586s] writing manifest file '../../build/racer_bringup/racer_bringup.egg-info/SOURCES.txt'
[0.586s] running build
[0.586s] running install
[0.586s] running install_data
[0.586s] creating /home/erk/f1tenth-t3/ros2_ws/install/racer_bringup/share/ament_index
[0.586s] creating /home/erk/f1tenth-t3/ros2_ws/install/racer_bringup/share/ament_index/resource_index
[0.586s] creating /home/erk/f1tenth-t3/ros2_ws/install/racer_bringup/share/ament_index/resource_index/packages
[0.586s] copying resource/racer_bringup -> /home/erk/f1tenth-t3/ros2_ws/install/racer_bringup/share/ament_index/resource_index/packages
[0.587s] copying package.xml -> /home/erk/f1tenth-t3/ros2_ws/install/racer_bringup/share/racer_bringup
[0.587s] creating /home/erk/f1tenth-t3/ros2_ws/install/racer_bringup/share/racer_bringup/launch
[0.587s] copying launch/fortress_sim.launch.py -> /home/erk/f1tenth-t3/ros2_ws/install/racer_bringup/share/racer_bringup/launch
[0.587s] running install_egg_info
[0.589s] Copying ../../build/racer_bringup/racer_bringup.egg-info to /home/erk/f1tenth-t3/ros2_ws/install/racer_bringup/lib/python3.10/site-packages/racer_bringup-0.1.0-py3.10.egg-info
[0.589s] running install_scripts
[0.603s] writing list of installed files to '/home/erk/f1tenth-t3/ros2_ws/build/racer_bringup/install.log'
[0.617s] Invoked command in '/home/erk/f1tenth-t3/ros2_ws/src/racer_bringup' returned '0': AMENT_PREFIX_PATH=/home/erk/f1tenth-t3/ros2_ws/install/wallfollowing2:${AMENT_PREFIX_PATH} CMAKE_PREFIX_PATH=/home/erk/f1tenth-t3/ros2_ws/install/car_control:/home/erk/f1tenth-t3/ros2_ws/install/drive_msgs LD_LIBRARY_PATH=/home/erk/f1tenth-t3/ros2_ws/install/drive_msgs/lib:${LD_LIBRARY_PATH} PKG_CONFIG_PATH=/home/erk/f1tenth-t3/ros2_ws/install/car_control/lib/x86_64-linux-gnu/pkgconfig:/home/erk/f1tenth-t3/ros2_ws/install/car_control/lib/pkgconfig:/home/erk/f1tenth-t3/ros2_ws/install/drive_msgs/lib/x86_64-linux-gnu/pkgconfig:/home/erk/f1tenth-t3/ros2_ws/install/drive_msgs/lib/pkgconfig PYTHONPATH=/home/erk/f1tenth-t3/ros2_ws/build/racer_bringup/prefix_override:/usr/lib/python3/dist-packages/colcon_core/task/python/colcon_distutils_commands:/home/erk/f1tenth-t3/ros2_ws/install/racer_bringup/lib/python3.10/site-packages:/home/erk/f1tenth-t3/ros2_ws/install/wallfollowing2/lib/python3.10/site-packages:/home/erk/f1tenth-t3/ros2_ws/install/drive_msgs/local/lib/python3.10/dist-packages:${PYTHONPATH} ROS_PACKAGE_PATH=/home/erk/f1tenth-t3/ros2_ws/install/car_control/share:/home/erk/f1tenth-t3/ros2_ws/install/drive_msgs/share /usr/bin/python3 -W ignore:setup.py install is deprecated -W ignore:easy_install command is deprecated setup.py egg_info --egg-base ../../build/racer_bringup build --build-base /home/erk/f1tenth-t3/ros2_ws/build/racer_bringup/build install --record /home/erk/f1tenth-t3/ros2_ws/build/racer_bringup/install.log --single-version-externally-managed install_data
